---------------------------------------------------------------
[ 2018-04-06T09:20:52+08:00 ] 172.17.245.113 117.179.5.224 POST /admin/index/clear.html
[ info ] www.hrbkcwl.com/admin/index/clear.html [运行时间：0.231145s][吞吐率：4.33req/s] [内存消耗：1,719.73kb] [文件加载：47]
[ info ] [ LANG ] /www/wwwroot/hrbkcwl.com/think/lang/zh-cn.php
[ info ] [ ROUTE ] array (
  'type' => 'module',
  'module' => 
  array (
    0 => 'admin',
    1 => 'index',
    2 => 'clear',
  ),
)
[ info ] [ HEADER ] array (
  'cookie' => 'keystr=abca8730dac419feca37b700e6fbfc6a; PHPSESSID=qngl3uhrm2l8mguh56j8pcut20',
  'accept-language' => 'zh-CN,zh;q=0.9',
  'accept-encoding' => 'gzip, deflate',
  'referer' => 'http://www.hrbkcwl.com/admin/index/index.html',
  'user-agent' => 'Mozilla/5.0 (Windows NT 10.0; Win64; x64) AppleWebKit/537.36 (KHTML, like Gecko) Chrome/63.0.3239.132 Safari/537.36',
  'x-requested-with' => 'XMLHttpRequest',
  'origin' => 'http://www.hrbkcwl.com',
  'accept' => '*/*',
  'content-length' => '0',
  'connection' => 'keep-alive',
  'host' => 'www.hrbkcwl.com',
  'content-type' => '',
)
[ info ] [ PARAM ] array (
)
[ info ] [ LANG ] /www/wwwroot/hrbkcwl.com/app/admin/lang/zh-cn.php
[ info ] [ SESSION ] INIT array (
  'id' => '',
  'var_session_id' => '',
  'prefix' => 'think',
  'type' => '',
  'auto_start' => true,
)
[ info ] [ RUN ] app\admin\controller\Index->clear[ /www/wwwroot/hrbkcwl.com/app/admin/controller/Index.php ]
[ info ] [ LOG ] INIT File
---------------------------------------------------------------
[ 2018-04-06T09:20:55+08:00 ] 172.17.245.113 117.179.5.224 GET /admin/index/index.html
[ info ] www.hrbkcwl.com/admin/index/index.html [运行时间：0.060559s][吞吐率：16.51req/s] [内存消耗：2,663.18kb] [文件加载：55]
[ info ] [ LANG ] /www/wwwroot/hrbkcwl.com/think/lang/zh-cn.php
[ info ] [ ROUTE ] array (
  'type' => 'module',
  'module' => 
  array (
    0 => 'admin',
    1 => 'index',
    2 => 'index',
  ),
)
[ info ] [ HEADER ] array (
  'cookie' => 'keystr=abca8730dac419feca37b700e6fbfc6a; PHPSESSID=qngl3uhrm2l8mguh56j8pcut20',
  'accept-language' => 'zh-CN,zh;q=0.9',
  'accept-encoding' => 'gzip, deflate',
  'referer' => 'http://www.hrbkcwl.com/admin/index/index.html',
  'accept' => 'text/html,application/xhtml+xml,application/xml;q=0.9,image/webp,image/apng,*/*;q=0.8',
  'user-agent' => 'Mozilla/5.0 (Windows NT 10.0; Win64; x64) AppleWebKit/537.36 (KHTML, like Gecko) Chrome/63.0.3239.132 Safari/537.36',
  'upgrade-insecure-requests' => '1',
  'connection' => 'keep-alive',
  'host' => 'www.hrbkcwl.com',
  'content-type' => '',
  'content-length' => '',
)
[ info ] [ PARAM ] array (
)
[ info ] [ LANG ] /www/wwwroot/hrbkcwl.com/app/admin/lang/zh-cn.php
[ info ] [ SESSION ] INIT array (
  'id' => '',
  'var_session_id' => '',
  'prefix' => 'think',
  'type' => '',
  'auto_start' => true,
)
[ info ] [ DB ] INIT mysql
[ info ] [ RUN ] app\admin\controller\Index->index[ /www/wwwroot/hrbkcwl.com/app/admin/controller/Index.php ]
[ info ] [ CACHE ] INIT File
[ info ] [ VIEW ] /www/wwwroot/hrbkcwl.com/app/admin/view/index/index.html [ array (
  0 => 'menus',
) ]
[ info ] [ LOG ] INIT File
[ sql ] [ DB ] CONNECT:[ UseTime:0.000379s ] mysql:dbname=hrbkcwl_com;host=127.0.0.1;port=3306;charset=utf8
[ sql ] [ SQL ] SHOW COLUMNS FROM `cool_module` [ RunTime:0.001665s ]
[ sql ] [ SQL ] SELECT * FROM `cool_module` ORDER BY `listorder` [ RunTime:0.000867s ]
[ sql ] [ SQL ] SHOW COLUMNS FROM `cool_role` [ RunTime:0.002068s ]
[ sql ] [ SQL ] SELECT * FROM `cool_role` ORDER BY `listorder` [ RunTime:0.001226s ]
[ sql ] [ SQL ] SHOW COLUMNS FROM `cool_category` [ RunTime:0.000814s ]
[ sql ] [ SQL ] SELECT * FROM `cool_category` ORDER BY `listorder` [ RunTime:0.000452s ]
[ sql ] [ SQL ] SHOW COLUMNS FROM `cool_posid` [ RunTime:0.000537s ]
[ sql ] [ SQL ] SELECT * FROM `cool_posid` ORDER BY `listorder` [ RunTime:0.000286s ]
[ sql ] [ SQL ] SHOW COLUMNS FROM `cool_field` [ RunTime:0.001960s ]
[ sql ] [ SQL ] SELECT * FROM `cool_field` WHERE  (  moduleid=1 ) ORDER BY `listorder` [ RunTime:0.001141s ]
[ sql ] [ SQL ] SELECT * FROM `cool_field` WHERE  (  moduleid=2 ) ORDER BY `listorder` [ RunTime:0.000388s ]
[ sql ] [ SQL ] SELECT * FROM `cool_field` WHERE  (  moduleid=3 ) ORDER BY `listorder` [ RunTime:0.000398s ]
[ sql ] [ SQL ] SELECT * FROM `cool_field` WHERE  (  moduleid=4 ) ORDER BY `listorder` [ RunTime:0.000365s ]
[ sql ] [ SQL ] SELECT * FROM `cool_field` WHERE  (  moduleid=10 ) ORDER BY `listorder` [ RunTime:0.000373s ]
[ sql ] [ SQL ] SELECT * FROM `cool_field` WHERE  (  moduleid=9 ) ORDER BY `listorder` [ RunTime:0.000452s ]
[ sql ] [ SQL ] SELECT * FROM `cool_field` WHERE  (  moduleid=11 ) ORDER BY `listorder` [ RunTime:0.000419s ]
[ sql ] [ SQL ] SELECT * FROM `cool_field` WHERE  (  moduleid=13 ) ORDER BY `listorder` [ RunTime:0.000391s ]
[ sql ] [ SQL ] SHOW COLUMNS FROM `cool_system` [ RunTime:0.001205s ]
[ sql ] [ SQL ] SELECT * FROM `cool_system` WHERE  `id` = 1 LIMIT 1 [ RunTime:0.000893s ]
[ sql ] [ SQL ] SHOW COLUMNS FROM `cool_auth_rule` [ RunTime:0.000604s ]
[ sql ] [ SQL ] SELECT * FROM `cool_auth_rule` WHERE  (  menustatus=1 ) ORDER BY `sort` [ RunTime:0.000264s ]
---------------------------------------------------------------
[ 2018-04-06T09:20:56+08:00 ] 172.17.245.113 117.179.5.224 GET /admin/index/main.html
[ info ] www.hrbkcwl.com/admin/index/main.html [运行时间：0.042482s][吞吐率：23.54req/s] [内存消耗：2,573.02kb] [文件加载：55]
[ info ] [ LANG ] /www/wwwroot/hrbkcwl.com/think/lang/zh-cn.php
[ info ] [ ROUTE ] array (
  'type' => 'module',
  'module' => 
  array (
    0 => 'admin',
    1 => 'index',
    2 => 'main',
  ),
)
[ info ] [ HEADER ] array (
  'cookie' => 'keystr=abca8730dac419feca37b700e6fbfc6a; PHPSESSID=qngl3uhrm2l8mguh56j8pcut20',
  'accept-language' => 'zh-CN,zh;q=0.9',
  'accept-encoding' => 'gzip, deflate',
  'referer' => 'http://www.hrbkcwl.com/admin/index/index.html',
  'accept' => 'text/html,application/xhtml+xml,application/xml;q=0.9,image/webp,image/apng,*/*;q=0.8',
  'user-agent' => 'Mozilla/5.0 (Windows NT 10.0; Win64; x64) AppleWebKit/537.36 (KHTML, like Gecko) Chrome/63.0.3239.132 Safari/537.36',
  'upgrade-insecure-requests' => '1',
  'connection' => 'keep-alive',
  'host' => 'www.hrbkcwl.com',
  'content-type' => '',
  'content-length' => '',
)
[ info ] [ PARAM ] array (
)
[ info ] [ LANG ] /www/wwwroot/hrbkcwl.com/app/admin/lang/zh-cn.php
[ info ] [ SESSION ] INIT array (
  'id' => '',
  'var_session_id' => '',
  'prefix' => 'think',
  'type' => '',
  'auto_start' => true,
)
[ info ] [ RUN ] app\admin\controller\Index->main[ /www/wwwroot/hrbkcwl.com/app/admin/controller/Index.php ]
[ info ] [ DB ] INIT mysql
[ info ] [ VIEW ] /www/wwwroot/hrbkcwl.com/app/admin/view/index/main.html [ array (
  0 => 'pv',
  1 => 'uv',
  2 => 'ip',
  3 => 'fwzdlist',
  4 => 'fwzslist',
  5 => 'totlenum',
  6 => 'riqistr',
  7 => 'pvstr',
  8 => 'uvstr',
  9 => 'ipstr',
  10 => 'config',
) ]
[ info ] [ LOG ] INIT File
[ sql ] [ DB ] CONNECT:[ UseTime:0.000416s ] mysql:dbname=hrbkcwl_com;host=127.0.0.1;port=3306;charset=utf8
[ sql ] [ SQL ] SELECT VERSION() AS ver [ RunTime:0.000302s ]
[ sql ] [ SQL ] SHOW COLUMNS FROM `cool_visit_detail` [ RunTime:0.000737s ]
[ sql ] [ SQL ] SELECT SUM(pv) AS tp_sum FROM `cool_visit_detail` WHERE  (  stattime = 1522944000 ) LIMIT 1 [ RunTime:0.000567s ]
[ sql ] [ SQL ] SHOW COLUMNS FROM `cool_visit_day` [ RunTime:0.000642s ]
[ sql ] [ SQL ] SELECT COUNT(*) AS tp_count FROM ( SELECT count(keystr) FROM `cool_visit_day` WHERE  (  acctime > 1522944000 ) GROUP BY `keystr` ) `_group_count_` LIMIT 1 [ RunTime:0.001820s ]
[ sql ] [ SQL ] SELECT COUNT(*) AS tp_count FROM ( SELECT count(ip) FROM `cool_visit_day` WHERE  (  acctime > 1522944000 ) GROUP BY `ip` ) `_group_count_` LIMIT 1 [ RunTime:0.002355s ]
[ sql ] [ SQL ] SELECT * FROM `cool_visit_detail` WHERE  (  stattime > 1515168000 ) ORDER BY pv desc LIMIT 1 [ RunTime:0.000699s ]
[ sql ] [ SQL ] SELECT * FROM `cool_visit_detail` WHERE  (  stattime > 1515168000 ) ORDER BY pv asc LIMIT 1 [ RunTime:0.000597s ]
[ sql ] [ SQL ] SELECT SUM(pv) AS tp_sum FROM `cool_visit_detail` WHERE  (  stattime > 1515168000 ) LIMIT 1 [ RunTime:0.000527s ]
[ sql ] [ SQL ] select date(from_unixtime(stattime)) as riqi, sum(pv)as pvnum,sum(uv)as uvnum,sum(ip)as ipnum   from cool_visit_detail where from_unixtime(stattime) >= date(now()) - interval 7 day group by day(from_unixtime(stattime)); [ RunTime:0.001407s ]
---------------------------------------------------------------
[ 2018-04-06T09:20:56+08:00 ] 172.17.245.113 117.179.5.224 GET /admin/index/seo
[ info ] www.hrbkcwl.com/admin/index/seo [运行时间：0.027637s][吞吐率：36.18req/s] [内存消耗：2,318.51kb] [文件加载：51]
[ info ] [ LANG ] /www/wwwroot/hrbkcwl.com/think/lang/zh-cn.php
[ info ] [ ROUTE ] array (
  'type' => 'module',
  'module' => 
  array (
    0 => 'admin',
    1 => 'index',
    2 => 'seo',
  ),
)
[ info ] [ HEADER ] array (
  'cookie' => 'keystr=abca8730dac419feca37b700e6fbfc6a; PHPSESSID=qngl3uhrm2l8mguh56j8pcut20',
  'accept-language' => 'zh-CN,zh;q=0.9',
  'accept-encoding' => 'gzip, deflate',
  'referer' => 'http://www.hrbkcwl.com/admin/index/main.html',
  'user-agent' => 'Mozilla/5.0 (Windows NT 10.0; Win64; x64) AppleWebKit/537.36 (KHTML, like Gecko) Chrome/63.0.3239.132 Safari/537.36',
  'x-requested-with' => 'XMLHttpRequest',
  'accept' => 'application/json, text/javascript, */*; q=0.01',
  'connection' => 'keep-alive',
  'host' => 'www.hrbkcwl.com',
  'content-type' => '',
  'content-length' => '',
)
[ info ] [ PARAM ] array (
)
[ info ] [ LANG ] /www/wwwroot/hrbkcwl.com/app/admin/lang/zh-cn.php
[ info ] [ SESSION ] INIT array (
  'id' => '',
  'var_session_id' => '',
  'prefix' => 'think',
  'type' => '',
  'auto_start' => true,
)
[ info ] [ RUN ] app\admin\controller\Index->seo[ /www/wwwroot/hrbkcwl.com/app/admin/controller/Index.php ]
[ info ] [ DB ] INIT mysql
[ info ] [ LOG ] INIT File
[ sql ] [ DB ] CONNECT:[ UseTime:0.000275s ] mysql:dbname=hrbkcwl_com;host=127.0.0.1;port=3306;charset=utf8
[ sql ] [ SQL ] SHOW COLUMNS FROM `cool_plus_seoinfo` [ RunTime:0.000765s ]
[ sql ] [ SQL ] SELECT * FROM `cool_plus_seoinfo` ORDER BY id desc LIMIT 1 [ RunTime:0.000166s ]
---------------------------------------------------------------
[ 2018-04-06T09:20:59+08:00 ] 172.17.245.113 117.179.5.224 GET /index.html
[ info ] www.hrbkcwl.com/index.html [运行时间：0.081832s][吞吐率：12.22req/s] [内存消耗：2,866.71kb] [文件加载：59]
[ info ] [ LANG ] /www/wwwroot/hrbkcwl.com/think/lang/zh-cn.php
[ info ] [ ROUTE ] array (
  'type' => 'module',
  'module' => 
  array (
    0 => 'home',
    1 => 'index',
    2 => 'index',
  ),
  'convert' => false,
)
[ info ] [ HEADER ] array (
  'cookie' => 'keystr=abca8730dac419feca37b700e6fbfc6a; PHPSESSID=qngl3uhrm2l8mguh56j8pcut20',
  'accept-language' => 'zh-CN,zh;q=0.9',
  'accept-encoding' => 'gzip, deflate',
  'referer' => 'http://www.hrbkcwl.com/admin/index/index.html',
  'accept' => 'text/html,application/xhtml+xml,application/xml;q=0.9,image/webp,image/apng,*/*;q=0.8',
  'user-agent' => 'Mozilla/5.0 (Windows NT 10.0; Win64; x64) AppleWebKit/537.36 (KHTML, like Gecko) Chrome/63.0.3239.132 Safari/537.36',
  'upgrade-insecure-requests' => '1',
  'connection' => 'keep-alive',
  'host' => 'www.hrbkcwl.com',
  'content-type' => '',
  'content-length' => '',
)
[ info ] [ PARAM ] array (
)
[ info ] [ DB ] INIT mysql
[ info ] [ CACHE ] INIT File
[ info ] [ RUN ] app\home\controller\Index->index[ /www/wwwroot/hrbkcwl.com/app/home/controller/Index.php ]
[ info ] [ VIEW ] /www/wwwroot/hrbkcwl.com/app/home/view/index_index.html [ array (
  0 => 'sys',
  1 => 'action',
  2 => 'controller',
  3 => 'title',
  4 => 'keywords',
  5 => 'description',
  6 => 'category',
  7 => 'adList',
  8 => 'linkList',
  9 => 'module',
) ]
[ info ] [ LOG ] INIT File
[ sql ] [ DB ] CONNECT:[ UseTime:0.000331s ] mysql:dbname=hrbkcwl_com;host=127.0.0.1;port=3306;charset=utf8
[ sql ] [ SQL ] SHOW COLUMNS FROM `cool_category` [ RunTime:0.000992s ]
[ sql ] [ SQL ] SELECT * FROM `cool_category` WHERE  `id` IS NULL LIMIT 1 [ RunTime:0.000307s ]
[ sql ] [ SQL ] SELECT * FROM `cool_category` WHERE  `parentid` = 0  AND `ismenu` = 1 ORDER BY `listorder` [ RunTime:0.000360s ]
[ sql ] [ SQL ] SELECT * FROM `cool_category` WHERE  `ismenu` = 1 ORDER BY `listorder` [ RunTime:0.000282s ]
[ sql ] [ SQL ] SHOW COLUMNS FROM `cool_ad` [ RunTime:0.000711s ]
[ sql ] [ SQL ] SELECT * FROM `cool_ad` WHERE  `type_id` = 1  AND `open` = 1 ORDER BY sort asc LIMIT 4 [ RunTime:0.000691s ]
[ sql ] [ SQL ] SHOW COLUMNS FROM `cool_link` [ RunTime:0.000623s ]
[ sql ] [ SQL ] SELECT * FROM `cool_link` WHERE  `open` = 1 ORDER BY sort asc [ RunTime:0.000182s ]
[ sql ] [ SQL ] SHOW COLUMNS FROM `cool_page` [ RunTime:0.001703s ]
[ sql ] [ SQL ] SELECT `content` FROM `cool_page` WHERE  `id` = 2 LIMIT 1 [ RunTime:0.000270s ]
[ sql ] [ SQL ] SHOW COLUMNS FROM `cool_debris` [ RunTime:0.000589s ]
[ sql ] [ SQL ] SELECT * FROM `cool_debris` WHERE  (  type_id = 6 ) LIMIT 3 [ RunTime:0.000168s ]
[ sql ] [ SQL ] SELECT * FROM `cool_debris` WHERE  (  type_id = 6 ) LIMIT 3 [ RunTime:0.000158s ]
[ sql ] [ SQL ] SELECT * FROM `cool_debris` WHERE  (  type_id = 7 ) LIMIT 3 [ RunTime:0.000176s ]
[ sql ] [ SQL ] SELECT * FROM `cool_category` WHERE  (  parentid = 10 ) LIMIT 3 [ RunTime:0.000485s ]
[ sql ] [ SQL ] SHOW COLUMNS FROM `cool_case` [ RunTime:0.000811s ]
[ sql ] [ SQL ] SELECT `a`.*,`c`.`catdir` FROM `cool_case` `a` LEFT JOIN `cool_category` `c` ON `a`.`catid`=`c`.`id` ORDER BY listorder asc,createtime desc LIMIT 8 [ RunTime:0.000253s ]
[ sql ] [ SQL ] SELECT `catname` FROM `cool_category` WHERE  `id` = 28 LIMIT 1 [ RunTime:0.000194s ]
[ sql ] [ SQL ] SELECT `catname` FROM `cool_category` WHERE  `id` = 27 LIMIT 1 [ RunTime:0.000209s ]
[ sql ] [ SQL ] SELECT `catname` FROM `cool_category` WHERE  `id` = 27 LIMIT 1 [ RunTime:0.000263s ]
[ sql ] [ SQL ] SELECT `catname` FROM `cool_category` WHERE  `id` = 27 LIMIT 1 [ RunTime:0.000147s ]
[ sql ] [ SQL ] SELECT `catname` FROM `cool_category` WHERE  `id` = 27 LIMIT 1 [ RunTime:0.000144s ]
[ sql ] [ SQL ] SELECT `catname` FROM `cool_category` WHERE  `id` = 27 LIMIT 1 [ RunTime:0.000220s ]
[ sql ] [ SQL ] SELECT `catname` FROM `cool_category` WHERE  `id` = 27 LIMIT 1 [ RunTime:0.000199s ]
[ sql ] [ SQL ] SELECT `catname` FROM `cool_category` WHERE  `id` = 27 LIMIT 1 [ RunTime:0.000146s ]
[ sql ] [ SQL ] SHOW COLUMNS FROM `cool_fuwukehu` [ RunTime:0.000697s ]
[ sql ] [ SQL ] SELECT `a`.*,`c`.`catdir` FROM `cool_fuwukehu` `a` LEFT JOIN `cool_category` `c` ON `a`.`catid`=`c`.`id` WHERE  (  catid=22  ) ORDER BY listorder
                            asc,createtime desc LIMIT 10 [ RunTime:0.000316s ]
[ sql ] [ SQL ] SHOW COLUMNS FROM `cool_blog` [ RunTime:0.000711s ]
[ sql ] [ SQL ] SELECT `a`.*,`c`.`catdir` FROM `cool_blog` `a` LEFT JOIN `cool_category` `c` ON `a`.`catid`=`c`.`id` WHERE  (  catid in(17,18,19,20,21,30)  ) ORDER BY listorder
                asc,createtime desc LIMIT 3 [ RunTime:0.003751s ]
[ sql ] [ SQL ] SELECT `catname` FROM `cool_category` WHERE  `id` = 30 LIMIT 1 [ RunTime:0.009264s ]
[ sql ] [ SQL ] SELECT `catname` FROM `cool_category` WHERE  `id` = 30 LIMIT 1 [ RunTime:0.002022s ]
[ sql ] [ SQL ] SELECT `catname` FROM `cool_category` WHERE  `id` = 17 LIMIT 1 [ RunTime:0.000331s ]
[ error ] [8]未定义数组索引: key[/www/wwwroot/hrbkcwl.com/app/common/taglib/Clt.php:30]
[ error ] [8]未定义数组索引: key[/www/wwwroot/hrbkcwl.com/app/common/taglib/Clt.php:30]
[ error ] [8]未定义数组索引: where[/www/wwwroot/hrbkcwl.com/app/common/taglib/Clt.php:25]
[ error ] [8]未定义数组索引: key[/www/wwwroot/hrbkcwl.com/app/common/taglib/Clt.php:30]
[ error ] [8]未定义数组索引: order[/www/wwwroot/hrbkcwl.com/app/common/taglib/Clt.php:50]
[ error ] [8]未定义数组索引: key[/www/wwwroot/hrbkcwl.com/app/common/taglib/Clt.php:54]
[ error ] [8]未定义数组索引: order[/www/wwwroot/hrbkcwl.com/app/common/taglib/Clt.php:50]
[ error ] [8]未定义数组索引: order[/www/wwwroot/hrbkcwl.com/app/common/taglib/Clt.php:50]
[ error ] [8]未定义数组索引: order[/www/wwwroot/hrbkcwl.com/app/common/taglib/Clt.php:50]
[ error ] [8]未定义变量: info[/www/wwwroot/hrbkcwl.com/runtime/temp/b7cddf57d828ff6298de58f2b8853259.php:10]
[ error ] [8]未定义变量: info[/www/wwwroot/hrbkcwl.com/runtime/temp/b7cddf57d828ff6298de58f2b8853259.php:11]
[ error ] [8]未定义变量: info[/www/wwwroot/hrbkcwl.com/runtime/temp/b7cddf57d828ff6298de58f2b8853259.php:12]
---------------------------------------------------------------
[ 2018-04-06T09:20:59+08:00 ] 172.17.245.113 117.179.5.224 POST /datastatistics
[ info ] www.hrbkcwl.com/datastatistics [运行时间：0.027994s][吞吐率：35.72req/s] [内存消耗：2,118.52kb] [文件加载：44]
[ info ] [ LANG ] /www/wwwroot/hrbkcwl.com/think/lang/zh-cn.php
[ info ] [ ROUTE ] array (
  'type' => 'module',
  'module' => 
  array (
    0 => 'home',
    1 => 'datastatistics',
    2 => 'index',
  ),
  'convert' => false,
)
[ info ] [ HEADER ] array (
  'cookie' => 'keystr=abca8730dac419feca37b700e6fbfc6a; PHPSESSID=qngl3uhrm2l8mguh56j8pcut20',
  'accept-language' => 'zh-CN,zh;q=0.9',
  'accept-encoding' => 'gzip, deflate',
  'referer' => 'http://www.hrbkcwl.com/index.html',
  'accept' => '*/*',
  'content-type' => 'application/x-www-form-urlencoded',
  'user-agent' => 'Mozilla/5.0 (Windows NT 10.0; Win64; x64) AppleWebKit/537.36 (KHTML, like Gecko) Chrome/63.0.3239.132 Safari/537.36',
  'origin' => 'http://www.hrbkcwl.com',
  'content-length' => '166',
  'connection' => 'keep-alive',
  'host' => 'www.hrbkcwl.com',
)
[ info ] [ PARAM ] array (
  'screen_height' => '1080',
  'screen_width' => '1920',
  'os' => 'Win10',
  'browser' => 'chrome63.0.3239.132',
  'referrer' => 'http://www.hrbkcwl.com/admin/index/index.html',
  'url' => 'http://www.hrbkcwl.com/index.html',
)
[ info ] [ DB ] INIT mysql
[ info ] [ RUN ] app\home\controller\Datastatistics->index[ /www/wwwroot/hrbkcwl.com/app/home/controller/Datastatistics.php ]
[ info ] [ LOG ] INIT File
[ sql ] [ DB ] CONNECT:[ UseTime:0.000428s ] mysql:dbname=hrbkcwl_com;host=127.0.0.1;port=3306;charset=utf8
[ sql ] [ SQL ] SHOW COLUMNS FROM `cool_visit_day` [ RunTime:0.000774s ]
[ sql ] [ SQL ] DELETE FROM `cool_visit_day`    WHERE  `acctime` < 1515168000 [ RunTime:0.001310s ]
---------------------------------------------------------------
[ 2018-04-06T09:20:59+08:00 ] 172.17.245.113 117.179.5.224 POST /datastatistics/dostatistics
[ info ] www.hrbkcwl.com/datastatistics/dostatistics [运行时间：0.036041s][吞吐率：27.75req/s] [内存消耗：2,266.30kb] [文件加载：49]
[ info ] [ LANG ] /www/wwwroot/hrbkcwl.com/think/lang/zh-cn.php
[ info ] [ ROUTE ] array (
  'type' => 'module',
  'module' => 
  array (
    0 => 'home',
    1 => 'datastatistics',
    2 => 'dostatistics',
  ),
  'convert' => false,
)
[ info ] [ HEADER ] array (
  'cookie' => 'keystr=abca8730dac419feca37b700e6fbfc6a; PHPSESSID=qngl3uhrm2l8mguh56j8pcut20',
  'accept-language' => 'zh-CN,zh;q=0.9',
  'accept-encoding' => 'gzip, deflate',
  'referer' => 'http://www.hrbkcwl.com/index.html',
  'accept' => '*/*',
  'content-type' => 'application/x-www-form-urlencoded',
  'user-agent' => 'Mozilla/5.0 (Windows NT 10.0; Win64; x64) AppleWebKit/537.36 (KHTML, like Gecko) Chrome/63.0.3239.132 Safari/537.36',
  'origin' => 'http://www.hrbkcwl.com',
  'content-length' => '98',
  'connection' => 'keep-alive',
  'host' => 'www.hrbkcwl.com',
)
[ info ] [ PARAM ] array (
  'antepage' => 'http://www.hrbkcwl.com/admin/index/index.html',
  'visitpage' => 'http://www.hrbkcwl.com/index.html',
)
[ info ] [ DB ] INIT mysql
[ info ] [ RUN ] app\home\controller\Datastatistics->dostatistics[ /www/wwwroot/hrbkcwl.com/app/home/controller/Datastatistics.php ]
[ info ] [ LOG ] INIT File
[ sql ] [ DB ] CONNECT:[ UseTime:0.000386s ] mysql:dbname=hrbkcwl_com;host=127.0.0.1;port=3306;charset=utf8
[ sql ] [ SQL ] SHOW COLUMNS FROM `cool_visit_day` [ RunTime:0.000745s ]
[ sql ] [ SQL ] DELETE FROM `cool_visit_day`    WHERE  `acctime` < 1515168000 [ RunTime:0.001310s ]
[ sql ] [ SQL ] SHOW COLUMNS FROM `cool_visit_detail` [ RunTime:0.000644s ]
[ sql ] [ SQL ] SELECT * FROM `cool_visit_detail` WHERE  (  name ="http://www.hrbkcwl.com/index.html" and stattime = 1522944000 ) LIMIT 1 [ RunTime:0.000653s ]
[ sql ] [ SQL ] SELECT * FROM `cool_visit_day` WHERE  (  visitpage ="http://www.hrbkcwl.com/index.html"  and acctime >= 1522944000 and ip ="117.179.5.224" ) [ RunTime:0.001846s ]
[ sql ] [ SQL ] SELECT * FROM `cool_visit_day` WHERE  (  visitpage ="http://www.hrbkcwl.com/index.html"  and acctime >= 1522944000 and ip = "117.179.5.224" and keystr  = "abca8730dac419feca37b700e6fbfc6a" ) [ RunTime:0.001836s ]
[ sql ] [ SQL ] UPDATE `cool_visit_detail`  SET `pv`=6,`ip`=2  WHERE  (  id = 614 ) [ RunTime:0.000302s ]
[ sql ] [ SQL ] INSERT INTO `cool_visit_day` (`antepage` , `visitpage` , `browser` , `ip` , `acctime` , `keystr`) VALUES ('http://www.hrbkcwl.com/admin/index/index.html' , 'http://www.hrbkcwl.com/index.html' , 'Chrome' , '117.179.5.224' , 1522977659 , 'abca8730dac419feca37b700e6fbfc6a') [ RunTime:0.000255s ]
[ error ] [8]未定义变量: ip[/www/wwwroot/hrbkcwl.com/app/common.php:801]
[ error ] [8]未定义变量: ips[/www/wwwroot/hrbkcwl.com/app/common.php:805]
[ error ] [8]未定义变量: ip[/www/wwwroot/hrbkcwl.com/app/common.php:801]
[ error ] [8]未定义变量: ips[/www/wwwroot/hrbkcwl.com/app/common.php:805]
[ error ] [8]未定义变量: ip[/www/wwwroot/hrbkcwl.com/app/common.php:801]
[ error ] [8]未定义变量: ips[/www/wwwroot/hrbkcwl.com/app/common.php:805]
---------------------------------------------------------------
[ 2018-04-06T09:21:03+08:00 ] 172.17.245.113 117.179.5.224 GET /case_10.html
[ info ] www.hrbkcwl.com/case_10.html [运行时间：0.050785s][吞吐率：19.69req/s] [内存消耗：2,819.61kb] [文件加载：61]
[ info ] [ LANG ] /www/wwwroot/hrbkcwl.com/think/lang/zh-cn.php
[ info ] [ ROUTE ] array (
  'type' => 'module',
  'module' => 
  array (
    0 => 'home',
    1 => 'case',
    2 => 'index',
  ),
  'convert' => false,
)
[ info ] [ HEADER ] array (
  'cookie' => 'keystr=abca8730dac419feca37b700e6fbfc6a; PHPSESSID=qngl3uhrm2l8mguh56j8pcut20',
  'accept-language' => 'zh-CN,zh;q=0.9',
  'accept-encoding' => 'gzip, deflate',
  'referer' => 'http://www.hrbkcwl.com/index.html',
  'accept' => 'text/html,application/xhtml+xml,application/xml;q=0.9,image/webp,image/apng,*/*;q=0.8',
  'user-agent' => 'Mozilla/5.0 (Windows NT 10.0; Win64; x64) AppleWebKit/537.36 (KHTML, like Gecko) Chrome/63.0.3239.132 Safari/537.36',
  'upgrade-insecure-requests' => '1',
  'connection' => 'keep-alive',
  'host' => 'www.hrbkcwl.com',
  'content-type' => '',
  'content-length' => '',
)
[ info ] [ PARAM ] array (
  'catId' => '10',
)
[ info ] [ DB ] INIT mysql
[ info ] [ CACHE ] INIT File
[ info ] [ RUN ] app\home\controller\EmptyController->index[ /www/wwwroot/hrbkcwl.com/app/home/controller/EmptyController.php ]
[ info ] [ VIEW ] /www/wwwroot/hrbkcwl.com/app/home/view/case_list.html [ array (
  0 => 'sys',
  1 => 'action',
  2 => 'controller',
  3 => 'title',
  4 => 'keywords',
  5 => 'description',
  6 => 'category',
  7 => 'adList',
  8 => 'linkList',
  9 => 'module',
  10 => 'listnav',
  11 => 'list',
  12 => 'page',
) ]
[ info ] [ LOG ] INIT File
[ sql ] [ DB ] CONNECT:[ UseTime:0.000458s ] mysql:dbname=hrbkcwl_com;host=127.0.0.1;port=3306;charset=utf8
[ sql ] [ SQL ] SHOW COLUMNS FROM `cool_category` [ RunTime:0.000970s ]
[ sql ] [ SQL ] SELECT * FROM `cool_category` WHERE  `id` = 10 LIMIT 1 [ RunTime:0.000396s ]
[ sql ] [ SQL ] SHOW COLUMNS FROM `cool_ad` [ RunTime:0.000654s ]
[ sql ] [ SQL ] SELECT * FROM `cool_ad` WHERE  `type_id` = 1  AND `open` = 1 ORDER BY sort asc LIMIT 4 [ RunTime:0.000276s ]
[ sql ] [ SQL ] SHOW COLUMNS FROM `cool_link` [ RunTime:0.000625s ]
[ sql ] [ SQL ] SELECT * FROM `cool_link` WHERE  `open` = 1 ORDER BY sort asc [ RunTime:0.000255s ]
[ sql ] [ SQL ] SELECT `id`,`catname` FROM `cool_category` WHERE  `parentid` = 10 [ RunTime:0.000260s ]
[ sql ] [ SQL ] SHOW COLUMNS FROM `cool_blog` [ RunTime:0.000673s ]
[ sql ] [ SQL ] SELECT COUNT(*) AS tp_count FROM `cool_blog` WHERE  `catid` = 23 LIMIT 1 [ RunTime:0.000243s ]
[ sql ] [ SQL ] SELECT COUNT(*) AS tp_count FROM `cool_blog` WHERE  `catid` = 27 LIMIT 1 [ RunTime:0.000243s ]
[ sql ] [ SQL ] SELECT COUNT(*) AS tp_count FROM `cool_blog` WHERE  `catid` = 28 LIMIT 1 [ RunTime:0.000244s ]
[ sql ] [ SQL ] SELECT COUNT(*) AS tp_count FROM `cool_blog` WHERE  `catid` = 29 LIMIT 1 [ RunTime:0.000241s ]
[ sql ] [ SQL ] SHOW COLUMNS FROM `cool_case` [ RunTime:0.000732s ]
[ sql ] [ SQL ] SELECT COUNT(*) AS tp_count FROM `cool_case` `a` LEFT JOIN `cool_category` `c` ON `a`.`catid`=`c`.`id` WHERE  (  catid in(23,27,28,29) ) LIMIT 1 [ RunTime:0.000352s ]
[ sql ] [ SQL ] SELECT `a`.*,`c`.`catdir` FROM `cool_case` `a` LEFT JOIN `cool_category` `c` ON `a`.`catid`=`c`.`id` WHERE  (  catid in(23,27,28,29) ) ORDER BY listorder asc,createtime desc LIMIT 0,8 [ RunTime:0.000522s ]
[ sql ] [ SQL ] SELECT `template_list` FROM `cool_category` WHERE  `id` = 10 LIMIT 1 [ RunTime:0.000243s ]
[ sql ] [ SQL ] SELECT `catname` FROM `cool_category` WHERE  `id` = 28 LIMIT 1 [ RunTime:0.000608s ]
[ sql ] [ SQL ] SELECT `catname` FROM `cool_category` WHERE  `id` = 27 LIMIT 1 [ RunTime:0.000166s ]
[ sql ] [ SQL ] SELECT `catname` FROM `cool_category` WHERE  `id` = 27 LIMIT 1 [ RunTime:0.000152s ]
[ sql ] [ SQL ] SELECT `catname` FROM `cool_category` WHERE  `id` = 27 LIMIT 1 [ RunTime:0.000177s ]
[ sql ] [ SQL ] SELECT `catname` FROM `cool_category` WHERE  `id` = 27 LIMIT 1 [ RunTime:0.000152s ]
[ sql ] [ SQL ] SELECT `catname` FROM `cool_category` WHERE  `id` = 27 LIMIT 1 [ RunTime:0.000145s ]
[ sql ] [ SQL ] SELECT `catname` FROM `cool_category` WHERE  `id` = 27 LIMIT 1 [ RunTime:0.000164s ]
[ sql ] [ SQL ] SELECT `catname` FROM `cool_category` WHERE  `id` = 27 LIMIT 1 [ RunTime:0.000147s ]
[ error ] [8]未定义变量: str[/www/wwwroot/hrbkcwl.com/app/home/controller/EmptyController.php:64]
[ error ] [8]未定义变量: info[/www/wwwroot/hrbkcwl.com/runtime/temp/5e2444b0c4803bdbb60e14f42535de84.php:10]
[ error ] [8]未定义变量: info[/www/wwwroot/hrbkcwl.com/runtime/temp/5e2444b0c4803bdbb60e14f42535de84.php:11]
[ error ] [8]未定义变量: info[/www/wwwroot/hrbkcwl.com/runtime/temp/5e2444b0c4803bdbb60e14f42535de84.php:12]
---------------------------------------------------------------
[ 2018-04-06T09:21:04+08:00 ] 172.17.245.113 117.179.5.224 POST /datastatistics
[ info ] www.hrbkcwl.com/datastatistics [运行时间：0.027395s][吞吐率：36.50req/s] [内存消耗：2,118.52kb] [文件加载：44]
[ info ] [ LANG ] /www/wwwroot/hrbkcwl.com/think/lang/zh-cn.php
[ info ] [ ROUTE ] array (
  'type' => 'module',
  'module' => 
  array (
    0 => 'home',
    1 => 'datastatistics',
    2 => 'index',
  ),
  'convert' => false,
)
[ info ] [ HEADER ] array (
  'cookie' => 'keystr=abca8730dac419feca37b700e6fbfc6a; PHPSESSID=qngl3uhrm2l8mguh56j8pcut20',
  'accept-language' => 'zh-CN,zh;q=0.9',
  'accept-encoding' => 'gzip, deflate',
  'referer' => 'http://www.hrbkcwl.com/case_10.html',
  'accept' => '*/*',
  'content-type' => 'application/x-www-form-urlencoded',
  'user-agent' => 'Mozilla/5.0 (Windows NT 10.0; Win64; x64) AppleWebKit/537.36 (KHTML, like Gecko) Chrome/63.0.3239.132 Safari/537.36',
  'origin' => 'http://www.hrbkcwl.com',
  'content-length' => '156',
  'connection' => 'keep-alive',
  'host' => 'www.hrbkcwl.com',
)
[ info ] [ PARAM ] array (
  'screen_height' => '1080',
  'screen_width' => '1920',
  'os' => 'Win10',
  'browser' => 'chrome63.0.3239.132',
  'referrer' => 'http://www.hrbkcwl.com/index.html',
  'url' => 'http://www.hrbkcwl.com/case_10.html',
)
[ info ] [ DB ] INIT mysql
[ info ] [ RUN ] app\home\controller\Datastatistics->index[ /www/wwwroot/hrbkcwl.com/app/home/controller/Datastatistics.php ]
[ info ] [ LOG ] INIT File
[ sql ] [ DB ] CONNECT:[ UseTime:0.000425s ] mysql:dbname=hrbkcwl_com;host=127.0.0.1;port=3306;charset=utf8
[ sql ] [ SQL ] SHOW COLUMNS FROM `cool_visit_day` [ RunTime:0.000801s ]
[ sql ] [ SQL ] DELETE FROM `cool_visit_day`    WHERE  `acctime` < 1515168000 [ RunTime:0.001339s ]
---------------------------------------------------------------
[ 2018-04-06T09:21:04+08:00 ] 172.17.245.113 117.179.5.224 POST /datastatistics/dostatistics
[ info ] www.hrbkcwl.com/datastatistics/dostatistics [运行时间：0.040062s][吞吐率：24.96req/s] [内存消耗：2,266.19kb] [文件加载：49]
[ info ] [ LANG ] /www/wwwroot/hrbkcwl.com/think/lang/zh-cn.php
[ info ] [ ROUTE ] array (
  'type' => 'module',
  'module' => 
  array (
    0 => 'home',
    1 => 'datastatistics',
    2 => 'dostatistics',
  ),
  'convert' => false,
)
[ info ] [ HEADER ] array (
  'cookie' => 'keystr=abca8730dac419feca37b700e6fbfc6a; PHPSESSID=qngl3uhrm2l8mguh56j8pcut20',
  'accept-language' => 'zh-CN,zh;q=0.9',
  'accept-encoding' => 'gzip, deflate',
  'referer' => 'http://www.hrbkcwl.com/case_10.html',
  'accept' => '*/*',
  'content-type' => 'application/x-www-form-urlencoded',
  'user-agent' => 'Mozilla/5.0 (Windows NT 10.0; Win64; x64) AppleWebKit/537.36 (KHTML, like Gecko) Chrome/63.0.3239.132 Safari/537.36',
  'origin' => 'http://www.hrbkcwl.com',
  'content-length' => '88',
  'connection' => 'keep-alive',
  'host' => 'www.hrbkcwl.com',
)
[ info ] [ PARAM ] array (
  'antepage' => 'http://www.hrbkcwl.com/index.html',
  'visitpage' => 'http://www.hrbkcwl.com/case_10.html',
)
[ info ] [ DB ] INIT mysql
[ info ] [ RUN ] app\home\controller\Datastatistics->dostatistics[ /www/wwwroot/hrbkcwl.com/app/home/controller/Datastatistics.php ]
[ info ] [ LOG ] INIT File
[ sql ] [ DB ] CONNECT:[ UseTime:0.001935s ] mysql:dbname=hrbkcwl_com;host=127.0.0.1;port=3306;charset=utf8
[ sql ] [ SQL ] SHOW COLUMNS FROM `cool_visit_day` [ RunTime:0.000822s ]
[ sql ] [ SQL ] DELETE FROM `cool_visit_day`    WHERE  `acctime` < 1515168000 [ RunTime:0.001474s ]
[ sql ] [ SQL ] SHOW COLUMNS FROM `cool_visit_detail` [ RunTime:0.000728s ]
[ sql ] [ SQL ] SELECT * FROM `cool_visit_detail` WHERE  (  name ="http://www.hrbkcwl.com/case_10.html" and stattime = 1522944000 ) LIMIT 1 [ RunTime:0.000619s ]
[ sql ] [ SQL ] SELECT * FROM `cool_visit_day` WHERE  (  visitpage ="http://www.hrbkcwl.com/case_10.html"  and acctime >= 1522944000 and ip ="117.179.5.224" ) [ RunTime:0.001863s ]
[ sql ] [ SQL ] SELECT * FROM `cool_visit_day` WHERE  (  visitpage ="http://www.hrbkcwl.com/case_10.html"  and acctime >= 1522944000 and ip = "117.179.5.224" and keystr  = "abca8730dac419feca37b700e6fbfc6a" ) [ RunTime:0.001823s ]
[ sql ] [ SQL ] UPDATE `cool_visit_detail`  SET `pv`=3,`ip`=1  WHERE  (  id = 613 ) [ RunTime:0.000514s ]
[ sql ] [ SQL ] INSERT INTO `cool_visit_day` (`antepage` , `visitpage` , `browser` , `ip` , `acctime` , `keystr`) VALUES ('http://www.hrbkcwl.com/index.html' , 'http://www.hrbkcwl.com/case_10.html' , 'Chrome' , '117.179.5.224' , 1522977664 , 'abca8730dac419feca37b700e6fbfc6a') [ RunTime:0.000371s ]
[ error ] [8]未定义变量: ip[/www/wwwroot/hrbkcwl.com/app/common.php:801]
[ error ] [8]未定义变量: ips[/www/wwwroot/hrbkcwl.com/app/common.php:805]
[ error ] [8]未定义变量: ip[/www/wwwroot/hrbkcwl.com/app/common.php:801]
[ error ] [8]未定义变量: ips[/www/wwwroot/hrbkcwl.com/app/common.php:805]
[ error ] [8]未定义变量: ip[/www/wwwroot/hrbkcwl.com/app/common.php:801]
[ error ] [8]未定义变量: ips[/www/wwwroot/hrbkcwl.com/app/common.php:805]
---------------------------------------------------------------
[ 2018-04-06T09:22:16+08:00 ] 172.17.245.113 112.103.97.250 GET /about_2.html
[ info ] www.hrbkcwl.com/about_2.html [运行时间：0.043590s][吞吐率：22.94req/s] [内存消耗：2,725.79kb] [文件加载：58]
[ info ] [ LANG ] /www/wwwroot/hrbkcwl.com/think/lang/zh-cn.php
[ info ] [ ROUTE ] array (
  'type' => 'module',
  'module' => 
  array (
    0 => 'home',
    1 => 'about',
    2 => 'index',
  ),
  'convert' => false,
)
[ info ] [ HEADER ] array (
  'cookie' => 'cna=q5ApE8MW634CAXBn0uhKRqvD; isg=BF5e5fjriD7ZZ9zbfekAWhtSr_RgtyL_VqTFggjnyqGcK_4FcK9yqYTqJzcnExqx; keystr=61c7954fc8d81538b10f4051c084eddb; PHPSESSID=94vo5i2kppp13j7h55th370t90',
  'accept-language' => 'zh-CN,zh;q=0.8',
  'accept-encoding' => 'gzip, deflate, sdch',
  'referer' => 'http://www.hrbkcwl.com/index.html',
  'accept' => 'text/html,application/xhtml+xml,application/xml;q=0.9,image/webp,*/*;q=0.8',
  'user-agent' => 'Mozilla/5.0 (Windows NT 10.0; WOW64) AppleWebKit/537.36 (KHTML, like Gecko) Chrome/55.0.2883.87 Safari/537.36',
  'upgrade-insecure-requests' => '1',
  'connection' => 'keep-alive',
  'host' => 'www.hrbkcwl.com',
  'content-type' => '',
  'content-length' => '',
)
[ info ] [ PARAM ] array (
  'catId' => '2',
)
[ info ] [ DB ] INIT mysql
[ info ] [ CACHE ] INIT File
[ info ] [ RUN ] app\home\controller\EmptyController->index[ /www/wwwroot/hrbkcwl.com/app/home/controller/EmptyController.php ]
[ info ] [ VIEW ] /www/wwwroot/hrbkcwl.com/app/home/view/page_show.html [ array (
  0 => 'sys',
  1 => 'action',
  2 => 'controller',
  3 => 'title',
  4 => 'keywords',
  5 => 'description',
  6 => 'category',
  7 => 'adList',
  8 => 'linkList',
  9 => 'module',
  10 => 'info',
) ]
[ info ] [ LOG ] INIT File
[ sql ] [ DB ] CONNECT:[ UseTime:0.000476s ] mysql:dbname=hrbkcwl_com;host=127.0.0.1;port=3306;charset=utf8
[ sql ] [ SQL ] SHOW COLUMNS FROM `cool_category` [ RunTime:0.000934s ]
[ sql ] [ SQL ] SELECT * FROM `cool_category` WHERE  `id` = 2 LIMIT 1 [ RunTime:0.000276s ]
[ sql ] [ SQL ] SHOW COLUMNS FROM `cool_ad` [ RunTime:0.000645s ]
[ sql ] [ SQL ] SELECT * FROM `cool_ad` WHERE  `type_id` = 1  AND `open` = 1 ORDER BY sort asc LIMIT 4 [ RunTime:0.000189s ]
[ sql ] [ SQL ] SHOW COLUMNS FROM `cool_link` [ RunTime:0.000627s ]
[ sql ] [ SQL ] SELECT * FROM `cool_link` WHERE  `open` = 1 ORDER BY sort asc [ RunTime:0.000208s ]
[ sql ] [ SQL ] SHOW COLUMNS FROM `cool_page` [ RunTime:0.000626s ]
[ sql ] [ SQL ] SELECT * FROM `cool_page` WHERE  `id` = 2 LIMIT 1 [ RunTime:0.000205s ]
[ sql ] [ SQL ] SELECT `template_show` FROM `cool_category` WHERE  `id` = 2 LIMIT 1 [ RunTime:0.000157s ]
[ sql ] [ SQL ] SHOW COLUMNS FROM `cool_debris` [ RunTime:0.000622s ]
[ sql ] [ SQL ] SELECT * FROM `cool_debris` WHERE  (  type_id = 6 ) LIMIT 3 [ RunTime:0.000189s ]
[ sql ] [ SQL ] SELECT * FROM `cool_debris` WHERE  (  type_id = 6 ) LIMIT 3 [ RunTime:0.000152s ]
[ sql ] [ SQL ] SELECT * FROM `cool_debris` WHERE  (  type_id = 7 ) LIMIT 3 [ RunTime:0.000141s ]
[ sql ] [ SQL ] SELECT * FROM `cool_ad` WHERE  (  type_id = 10 ) LIMIT 999 [ RunTime:0.000148s ]
[ error ] [8]未定义数组索引: template[/www/wwwroot/hrbkcwl.com/app/home/controller/EmptyController.php:17]
[ error ] [8]未定义数组索引: order[/www/wwwroot/hrbkcwl.com/app/common/taglib/Clt.php:50]
[ error ] [8]未定义数组索引: order[/www/wwwroot/hrbkcwl.com/app/common/taglib/Clt.php:50]
[ error ] [8]未定义数组索引: order[/www/wwwroot/hrbkcwl.com/app/common/taglib/Clt.php:50]
[ error ] [8]未定义数组索引: order[/www/wwwroot/hrbkcwl.com/app/common/taglib/Clt.php:50]
[ error ] [8]未定义数组索引: keywords[/www/wwwroot/hrbkcwl.com/runtime/temp/ace6d727b025fb9cfdca07d35b7d3d11.php:11]
[ error ] [8]未定义数组索引: description[/www/wwwroot/hrbkcwl.com/runtime/temp/ace6d727b025fb9cfdca07d35b7d3d11.php:12]
---------------------------------------------------------------
[ 2018-04-06T09:22:16+08:00 ] 172.17.245.113 112.103.97.250 POST /datastatistics
[ info ] www.hrbkcwl.com/datastatistics [运行时间：0.061281s][吞吐率：16.32req/s] [内存消耗：2,118.64kb] [文件加载：44]
[ info ] [ LANG ] /www/wwwroot/hrbkcwl.com/think/lang/zh-cn.php
[ info ] [ ROUTE ] array (
  'type' => 'module',
  'module' => 
  array (
    0 => 'home',
    1 => 'datastatistics',
    2 => 'index',
  ),
  'convert' => false,
)
[ info ] [ HEADER ] array (
  'cookie' => 'cna=q5ApE8MW634CAXBn0uhKRqvD; isg=BF5e5fjriD7ZZ9zbfekAWhtSr_RgtyL_VqTFggjnyqGcK_4FcK9yqYTqJzcnExqx; keystr=61c7954fc8d81538b10f4051c084eddb; PHPSESSID=94vo5i2kppp13j7h55th370t90',
  'accept-language' => 'zh-CN,zh;q=0.8',
  'accept-encoding' => 'gzip, deflate',
  'referer' => 'http://www.hrbkcwl.com/about_2.html',
  'accept' => '*/*',
  'content-type' => 'application/x-www-form-urlencoded',
  'user-agent' => 'Mozilla/5.0 (Windows NT 10.0; WOW64) AppleWebKit/537.36 (KHTML, like Gecko) Chrome/55.0.2883.87 Safari/537.36',
  'origin' => 'http://www.hrbkcwl.com',
  'content-length' => '154',
  'connection' => 'keep-alive',
  'host' => 'www.hrbkcwl.com',
)
[ info ] [ PARAM ] array (
  'screen_height' => '900',
  'screen_width' => '1600',
  'os' => 'Win10',
  'browser' => 'chrome55.0.2883.87',
  'referrer' => 'http://www.hrbkcwl.com/index.html',
  'url' => 'http://www.hrbkcwl.com/about_2.html',
)
[ info ] [ DB ] INIT mysql
[ info ] [ RUN ] app\home\controller\Datastatistics->index[ /www/wwwroot/hrbkcwl.com/app/home/controller/Datastatistics.php ]
[ info ] [ LOG ] INIT File
[ sql ] [ DB ] CONNECT:[ UseTime:0.013158s ] mysql:dbname=hrbkcwl_com;host=127.0.0.1;port=3306;charset=utf8
[ sql ] [ SQL ] SHOW COLUMNS FROM `cool_visit_day` [ RunTime:0.000910s ]
[ sql ] [ SQL ] DELETE FROM `cool_visit_day`    WHERE  `acctime` < 1515168000 [ RunTime:0.001360s ]
---------------------------------------------------------------
[ 2018-04-06T09:22:16+08:00 ] 172.17.245.113 112.103.97.250 POST /datastatistics/dostatistics
[ info ] www.hrbkcwl.com/datastatistics/dostatistics [运行时间：0.035233s][吞吐率：28.38req/s] [内存消耗：2,267.34kb] [文件加载：49]
[ info ] [ LANG ] /www/wwwroot/hrbkcwl.com/think/lang/zh-cn.php
[ info ] [ ROUTE ] array (
  'type' => 'module',
  'module' => 
  array (
    0 => 'home',
    1 => 'datastatistics',
    2 => 'dostatistics',
  ),
  'convert' => false,
)
[ info ] [ HEADER ] array (
  'cookie' => 'cna=q5ApE8MW634CAXBn0uhKRqvD; isg=BF5e5fjriD7ZZ9zbfekAWhtSr_RgtyL_VqTFggjnyqGcK_4FcK9yqYTqJzcnExqx; keystr=61c7954fc8d81538b10f4051c084eddb; PHPSESSID=94vo5i2kppp13j7h55th370t90',
  'accept-language' => 'zh-CN,zh;q=0.8',
  'accept-encoding' => 'gzip, deflate',
  'referer' => 'http://www.hrbkcwl.com/about_2.html',
  'accept' => '*/*',
  'content-type' => 'application/x-www-form-urlencoded',
  'user-agent' => 'Mozilla/5.0 (Windows NT 10.0; WOW64) AppleWebKit/537.36 (KHTML, like Gecko) Chrome/55.0.2883.87 Safari/537.36',
  'origin' => 'http://www.hrbkcwl.com',
  'content-length' => '88',
  'connection' => 'keep-alive',
  'host' => 'www.hrbkcwl.com',
)
[ info ] [ PARAM ] array (
  'antepage' => 'http://www.hrbkcwl.com/index.html',
  'visitpage' => 'http://www.hrbkcwl.com/about_2.html',
)
[ info ] [ DB ] INIT mysql
[ info ] [ RUN ] app\home\controller\Datastatistics->dostatistics[ /www/wwwroot/hrbkcwl.com/app/home/controller/Datastatistics.php ]
[ info ] [ LOG ] INIT File
[ sql ] [ DB ] CONNECT:[ UseTime:0.000285s ] mysql:dbname=hrbkcwl_com;host=127.0.0.1;port=3306;charset=utf8
[ sql ] [ SQL ] SHOW COLUMNS FROM `cool_visit_day` [ RunTime:0.000738s ]
[ sql ] [ SQL ] DELETE FROM `cool_visit_day`    WHERE  `acctime` < 1515168000 [ RunTime:0.001255s ]
[ sql ] [ SQL ] SHOW COLUMNS FROM `cool_visit_detail` [ RunTime:0.000660s ]
[ sql ] [ SQL ] SELECT * FROM `cool_visit_detail` WHERE  (  name ="http://www.hrbkcwl.com/about_2.html" and stattime = 1522944000 ) LIMIT 1 [ RunTime:0.000660s ]
[ sql ] [ SQL ] SELECT * FROM `cool_visit_day` WHERE  (  visitpage ="http://www.hrbkcwl.com/about_2.html"  and acctime >= 1522944000 and ip ="112.103.97.250" ) [ RunTime:0.001861s ]
[ sql ] [ SQL ] SELECT * FROM `cool_visit_day` WHERE  (  visitpage ="http://www.hrbkcwl.com/about_2.html"  and acctime >= 1522944000 and ip = "112.103.97.250" and keystr  = "61c7954fc8d81538b10f4051c084eddb" ) [ RunTime:0.001775s ]
[ sql ] [ SQL ] UPDATE `cool_visit_detail`  SET `pv`=4,`ip`=2,`uv`=2  WHERE  (  id = 612 ) [ RunTime:0.000237s ]
[ sql ] [ SQL ] INSERT INTO `cool_visit_day` (`antepage` , `visitpage` , `browser` , `ip` , `acctime` , `keystr`) VALUES ('http://www.hrbkcwl.com/index.html' , 'http://www.hrbkcwl.com/about_2.html' , 'Chrome' , '112.103.97.250' , 1522977736 , '61c7954fc8d81538b10f4051c084eddb') [ RunTime:0.000259s ]
[ error ] [8]未定义变量: ip[/www/wwwroot/hrbkcwl.com/app/common.php:801]
[ error ] [8]未定义变量: ips[/www/wwwroot/hrbkcwl.com/app/common.php:805]
[ error ] [8]未定义变量: ip[/www/wwwroot/hrbkcwl.com/app/common.php:801]
[ error ] [8]未定义变量: ips[/www/wwwroot/hrbkcwl.com/app/common.php:805]
[ error ] [8]未定义变量: ip[/www/wwwroot/hrbkcwl.com/app/common.php:801]
[ error ] [8]未定义变量: ips[/www/wwwroot/hrbkcwl.com/app/common.php:805]
