---------------------------------------------------------------
[ 2017-11-06T01:14:16+08:00 ] 172.17.245.113 220.181.108.168 GET /
[ info ] www.hrbkcwl.com/ [运行时间：0.021800s][吞吐率：45.87req/s] [内存消耗：777.36kb] [文件加载：56]
[ info ] [ LANG ] /data/wwwroot/www.hrbkcwl.com/think/lang/zh-cn.php
[ info ] [ ROUTE ] array (
  'type' => 'module',
  'module' => 
  array (
    0 => '',
    1 => NULL,
    2 => NULL,
  ),
)
[ info ] [ HEADER ] array (
  'host' => 'www.hrbkcwl.com',
  'connection' => 'close',
  'user-agent' => 'Mozilla/5.0 (compatible; Baiduspider/2.0; +http://www.baidu.com/search/spider.html)',
  'accept-language' => 'zh-cn,zh-tw',
  'if-none-match' => '"@NULL@"',
  'accept-encoding' => 'gzip',
  'accept' => '*/*',
  'content-type' => '',
  'content-length' => '',
)
[ info ] [ PARAM ] array (
)
[ info ] [ DB ] INIT mysql
[ info ] [ CACHE ] INIT File
[ info ] [ RUN ] app\home\controller\Index->index[ /data/wwwroot/www.hrbkcwl.com/app/home/controller/Index.php ]
[ info ] [ VIEW ] /data/wwwroot/www.hrbkcwl.com/app/home/view/index_index.html [ array (
  0 => 'sys',
  1 => 'action',
  2 => 'controller',
  3 => 'title',
  4 => 'keywords',
  5 => 'description',
  6 => 'category',
  7 => 'adList',
  8 => 'linkList',
) ]
[ info ] [ LOG ] INIT File
[ sql ] [ DB ] CONNECT:[ UseTime:0.000359s ] mysql:dbname=db_cool;host=127.0.0.1;port=3306;charset=utf8
[ sql ] [ SQL ] SHOW COLUMNS FROM `cool_category` [ RunTime:0.000826s ]
[ sql ] [ SQL ] SELECT * FROM `cool_category` WHERE  `id` IS NULL LIMIT 1 [ RunTime:0.000240s ]
[ sql ] [ SQL ] SELECT * FROM `cool_category` WHERE  `parentid` = 0  AND `ismenu` = 1 ORDER BY `listorder` [ RunTime:0.000296s ]
[ sql ] [ SQL ] SELECT * FROM `cool_category` WHERE  `ismenu` = 1 ORDER BY `listorder` [ RunTime:0.000242s ]
[ sql ] [ SQL ] SHOW COLUMNS FROM `cool_ad` [ RunTime:0.000478s ]
[ sql ] [ SQL ] SELECT * FROM `cool_ad` WHERE  `type_id` = 1  AND `open` = 1 ORDER BY sort asc LIMIT 4 [ RunTime:0.000169s ]
[ sql ] [ SQL ] SHOW COLUMNS FROM `cool_link` [ RunTime:0.000513s ]
[ sql ] [ SQL ] SELECT * FROM `cool_link` WHERE  `open` = 1 ORDER BY sort asc [ RunTime:0.000170s ]
[ sql ] [ SQL ] SHOW COLUMNS FROM `cool_page` [ RunTime:0.000518s ]
[ sql ] [ SQL ] SELECT `content` FROM `cool_page` WHERE  `id` = 2 LIMIT 1 [ RunTime:0.000161s ]
[ sql ] [ SQL ] SHOW COLUMNS FROM `cool_debris` [ RunTime:0.000434s ]
[ sql ] [ SQL ] SELECT * FROM `cool_debris` WHERE  (  type_id = 6 ) LIMIT 3 [ RunTime:0.000183s ]
[ sql ] [ SQL ] SELECT * FROM `cool_debris` WHERE  (  type_id = 6 ) LIMIT 3 [ RunTime:0.000178s ]
[ sql ] [ SQL ] SELECT * FROM `cool_debris` WHERE  (  type_id = 7 ) LIMIT 3 [ RunTime:0.000147s ]
[ sql ] [ SQL ] SELECT * FROM `cool_category` WHERE  (  parentid = 10 ) LIMIT 3 [ RunTime:0.000169s ]
[ sql ] [ SQL ] SHOW COLUMNS FROM `cool_case` [ RunTime:0.000540s ]
[ sql ] [ SQL ] SELECT `a`.*,`c`.`catdir` FROM `cool_case` `a` LEFT JOIN `cool_category` `c` ON `a`.`catid`=`c`.`id` ORDER BY listorder asc,createtime desc LIMIT 8 [ RunTime:0.000203s ]
[ sql ] [ SQL ] SELECT `catname` FROM `cool_category` WHERE  `id` = 23 LIMIT 1 [ RunTime:0.000144s ]
[ sql ] [ SQL ] SELECT `catname` FROM `cool_category` WHERE  `id` = 23 LIMIT 1 [ RunTime:0.000168s ]
[ sql ] [ SQL ] SELECT `catname` FROM `cool_category` WHERE  `id` = 23 LIMIT 1 [ RunTime:0.000137s ]
[ sql ] [ SQL ] SELECT `catname` FROM `cool_category` WHERE  `id` = 23 LIMIT 1 [ RunTime:0.000141s ]
[ sql ] [ SQL ] SELECT `catname` FROM `cool_category` WHERE  `id` = 23 LIMIT 1 [ RunTime:0.000142s ]
[ sql ] [ SQL ] SELECT `catname` FROM `cool_category` WHERE  `id` = 23 LIMIT 1 [ RunTime:0.000167s ]
[ sql ] [ SQL ] SELECT `catname` FROM `cool_category` WHERE  `id` = 23 LIMIT 1 [ RunTime:0.000180s ]
[ sql ] [ SQL ] SELECT `catname` FROM `cool_category` WHERE  `id` = 23 LIMIT 1 [ RunTime:0.000141s ]
[ sql ] [ SQL ] SHOW COLUMNS FROM `cool_fuwukehu` [ RunTime:0.000548s ]
[ sql ] [ SQL ] SELECT `a`.*,`c`.`catdir` FROM `cool_fuwukehu` `a` LEFT JOIN `cool_category` `c` ON `a`.`catid`=`c`.`id` WHERE  (  catid=22  ) ORDER BY listorder
                            asc,createtime desc LIMIT 10 [ RunTime:0.000198s ]
[ sql ] [ SQL ] SHOW COLUMNS FROM `cool_blog` [ RunTime:0.000512s ]
[ sql ] [ SQL ] SELECT `a`.*,`c`.`catdir` FROM `cool_blog` `a` LEFT JOIN `cool_category` `c` ON `a`.`catid`=`c`.`id` WHERE  (  catid in(17,18,19,20,21)  ) ORDER BY listorder
                asc,createtime desc LIMIT 3 [ RunTime:0.000263s ]
[ sql ] [ SQL ] SELECT `catname` FROM `cool_category` WHERE  `id` = 18 LIMIT 1 [ RunTime:0.000170s ]
[ sql ] [ SQL ] SELECT `catname` FROM `cool_category` WHERE  `id` = 17 LIMIT 1 [ RunTime:0.000166s ]
[ sql ] [ SQL ] SELECT `catname` FROM `cool_category` WHERE  `id` = 17 LIMIT 1 [ RunTime:0.000149s ]
[ error ] [8]未定义变量: info[/data/wwwroot/www.hrbkcwl.com/runtime/temp/c48b970f7d9a96c92da5129398a8e2a2.php:10]
[ error ] [8]未定义变量: info[/data/wwwroot/www.hrbkcwl.com/runtime/temp/c48b970f7d9a96c92da5129398a8e2a2.php:11]
[ error ] [8]未定义变量: info[/data/wwwroot/www.hrbkcwl.com/runtime/temp/c48b970f7d9a96c92da5129398a8e2a2.php:12]
---------------------------------------------------------------
[ 2017-11-06T01:33:50+08:00 ] 172.17.245.113 123.125.67.165 GET /robots.txt
[ info ] www.hrbkcwl.com/robots.txt [运行时间：0.002995s][吞吐率：333.89req/s] [内存消耗：315.41kb] [文件加载：33]
[ info ] [ LANG ] /data/wwwroot/www.hrbkcwl.com/think/lang/zh-cn.php
[ info ] [ ROUTE ] array (
  'type' => 'module',
  'module' => 
  array (
    0 => 'robots.txt',
    1 => NULL,
    2 => NULL,
  ),
)
[ info ] [ HEADER ] array (
  'host' => 'www.hrbkcwl.com',
  'connection' => 'close',
  'user-agent' => 'Mozilla/5.0 (compatible; Baiduspider/2.0; +http://www.baidu.com/search/spider.html)',
  'accept-encoding' => 'gzip',
  'accept-language' => 'zh-cn,zh-tw',
  'accept' => '*/*',
  'content-type' => '',
  'content-length' => '',
)
[ info ] [ PARAM ] array (
)
[ info ] [ LOG ] INIT File
---------------------------------------------------------------
[ 2017-11-06T07:40:59+08:00 ] 172.17.245.113 178.159.100.115 GET /caseInfo_14_23.html
[ info ] www.hrbkcwl.com/caseInfo_14_23.html [运行时间：0.011034s][吞吐率：90.63req/s] [内存消耗：728.88kb] [文件加载：55]
[ info ] [ LANG ] /data/wwwroot/www.hrbkcwl.com/think/lang/zh-cn.php
[ info ] [ ROUTE ] array (
  'type' => 'module',
  'module' => 
  array (
    0 => 'home',
    1 => 'case',
    2 => 'info',
  ),
  'convert' => false,
)
[ info ] [ HEADER ] array (
  'accept' => 'text/html,application/xhtml+xml,application/xml;q=0.9,*/*;q=0.8',
  'accept-encoding' => 'gzip, deflate',
  'accept-language' => 'en-US,en;q=0.8,ru;q=0.6',
  'connection' => 'keep-alive',
  'dnt' => '1',
  'host' => 'www.hrbkcwl.com',
  'user-agent' => 'Mozilla/4.0 (compatible; MSIE 6.0; Windows NT 5.1; SV1)',
  'content-type' => '',
  'content-length' => '',
)
[ info ] [ PARAM ] array (
  'id' => '14',
  'catId' => '23',
)
[ info ] [ DB ] INIT mysql
[ info ] [ CACHE ] INIT File
[ info ] [ RUN ] app\home\controller\EmptyController->info[ /data/wwwroot/www.hrbkcwl.com/app/home/controller/EmptyController.php ]
[ info ] [ VIEW ] /data/wwwroot/www.hrbkcwl.com/app/home/view/case_show.html [ array (
  0 => 'sys',
  1 => 'action',
  2 => 'controller',
  3 => 'title',
  4 => 'keywords',
  5 => 'description',
  6 => 'category',
  7 => 'adList',
  8 => 'linkList',
  9 => 'info',
) ]
[ info ] [ LOG ] INIT File
[ sql ] [ DB ] CONNECT:[ UseTime:0.000336s ] mysql:dbname=db_cool;host=127.0.0.1;port=3306;charset=utf8
[ sql ] [ SQL ] SHOW COLUMNS FROM `cool_category` [ RunTime:0.000817s ]
[ sql ] [ SQL ] SELECT * FROM `cool_category` WHERE  `id` = 23 LIMIT 1 [ RunTime:0.000263s ]
[ sql ] [ SQL ] SELECT * FROM `cool_category` WHERE  `parentid` = 0  AND `ismenu` = 1 ORDER BY `listorder` [ RunTime:0.000214s ]
[ sql ] [ SQL ] SELECT * FROM `cool_category` WHERE  `ismenu` = 1 ORDER BY `listorder` [ RunTime:0.000195s ]
[ sql ] [ SQL ] SHOW COLUMNS FROM `cool_ad` [ RunTime:0.000501s ]
[ sql ] [ SQL ] SELECT * FROM `cool_ad` WHERE  `type_id` = 1  AND `open` = 1 ORDER BY sort asc LIMIT 4 [ RunTime:0.000187s ]
[ sql ] [ SQL ] SHOW COLUMNS FROM `cool_link` [ RunTime:0.000441s ]
[ sql ] [ SQL ] SELECT * FROM `cool_link` WHERE  `open` = 1 ORDER BY sort asc [ RunTime:0.000166s ]
[ sql ] [ SQL ] SHOW COLUMNS FROM `cool_case` [ RunTime:0.000567s ]
[ sql ] [ SQL ] UPDATE `cool_case`  SET `hits`=hits+1  WHERE  `id` = 14 [ RunTime:0.000345s ]
[ sql ] [ SQL ] SELECT * FROM `cool_case` WHERE  `id` = 14 LIMIT 1 [ RunTime:0.000318s ]
[ sql ] [ SQL ] SELECT `template_show` FROM `cool_category` WHERE  `id` = 23 LIMIT 1 [ RunTime:0.000159s ]
[ error ] [8]未定义数组索引: pic[/data/wwwroot/www.hrbkcwl.com/app/home/controller/EmptyController.php:117]
[ error ] [8]Use of undefined constant __HOME__ - assumed '__HOME__'[/data/wwwroot/www.hrbkcwl.com/app/home/controller/EmptyController.php:117]
---------------------------------------------------------------
[ 2017-11-06T08:50:53+08:00 ] 172.17.245.113 123.165.241.141 GET /
[ info ] www.hrbkcwl.com/ [运行时间：0.022003s][吞吐率：45.45req/s] [内存消耗：777.63kb] [文件加载：56]
[ info ] [ LANG ] /data/wwwroot/www.hrbkcwl.com/think/lang/zh-cn.php
[ info ] [ ROUTE ] array (
  'type' => 'module',
  'module' => 
  array (
    0 => '',
    1 => NULL,
    2 => NULL,
  ),
)
[ info ] [ HEADER ] array (
  'host' => 'www.hrbkcwl.com',
  'connection' => 'keep-alive',
  'accept' => 'text/html,application/xhtml+xml,application/xml;q=0.9,image/webp,*/*;q=0.8',
  'upgrade-insecure-requests' => '1',
  'user-agent' => 'Mozilla/5.0 (Windows NT 6.1; WOW64) AppleWebKit/537.36 (KHTML, like Gecko) Chrome/50.0.2661.102 Safari/537.36',
  'accept-encoding' => 'gzip, deflate, sdch',
  'accept-language' => 'zh-CN,zh;q=0.8',
  'content-type' => '',
  'content-length' => '',
)
[ info ] [ PARAM ] array (
)
[ info ] [ DB ] INIT mysql
[ info ] [ CACHE ] INIT File
[ info ] [ RUN ] app\home\controller\Index->index[ /data/wwwroot/www.hrbkcwl.com/app/home/controller/Index.php ]
[ info ] [ VIEW ] /data/wwwroot/www.hrbkcwl.com/app/home/view/index_index.html [ array (
  0 => 'sys',
  1 => 'action',
  2 => 'controller',
  3 => 'title',
  4 => 'keywords',
  5 => 'description',
  6 => 'category',
  7 => 'adList',
  8 => 'linkList',
) ]
[ info ] [ LOG ] INIT File
[ sql ] [ DB ] CONNECT:[ UseTime:0.000374s ] mysql:dbname=db_cool;host=127.0.0.1;port=3306;charset=utf8
[ sql ] [ SQL ] SHOW COLUMNS FROM `cool_category` [ RunTime:0.000798s ]
[ sql ] [ SQL ] SELECT * FROM `cool_category` WHERE  `id` IS NULL LIMIT 1 [ RunTime:0.000231s ]
[ sql ] [ SQL ] SELECT * FROM `cool_category` WHERE  `parentid` = 0  AND `ismenu` = 1 ORDER BY `listorder` [ RunTime:0.000248s ]
[ sql ] [ SQL ] SELECT * FROM `cool_category` WHERE  `ismenu` = 1 ORDER BY `listorder` [ RunTime:0.000200s ]
[ sql ] [ SQL ] SHOW COLUMNS FROM `cool_ad` [ RunTime:0.000453s ]
[ sql ] [ SQL ] SELECT * FROM `cool_ad` WHERE  `type_id` = 1  AND `open` = 1 ORDER BY sort asc LIMIT 4 [ RunTime:0.000179s ]
[ sql ] [ SQL ] SHOW COLUMNS FROM `cool_link` [ RunTime:0.000495s ]
[ sql ] [ SQL ] SELECT * FROM `cool_link` WHERE  `open` = 1 ORDER BY sort asc [ RunTime:0.000175s ]
[ sql ] [ SQL ] SHOW COLUMNS FROM `cool_page` [ RunTime:0.000501s ]
[ sql ] [ SQL ] SELECT `content` FROM `cool_page` WHERE  `id` = 2 LIMIT 1 [ RunTime:0.000200s ]
[ sql ] [ SQL ] SHOW COLUMNS FROM `cool_debris` [ RunTime:0.000427s ]
[ sql ] [ SQL ] SELECT * FROM `cool_debris` WHERE  (  type_id = 6 ) LIMIT 3 [ RunTime:0.000182s ]
[ sql ] [ SQL ] SELECT * FROM `cool_debris` WHERE  (  type_id = 6 ) LIMIT 3 [ RunTime:0.000143s ]
[ sql ] [ SQL ] SELECT * FROM `cool_debris` WHERE  (  type_id = 7 ) LIMIT 3 [ RunTime:0.000132s ]
[ sql ] [ SQL ] SELECT * FROM `cool_category` WHERE  (  parentid = 10 ) LIMIT 3 [ RunTime:0.000166s ]
[ sql ] [ SQL ] SHOW COLUMNS FROM `cool_case` [ RunTime:0.000525s ]
[ sql ] [ SQL ] SELECT `a`.*,`c`.`catdir` FROM `cool_case` `a` LEFT JOIN `cool_category` `c` ON `a`.`catid`=`c`.`id` ORDER BY listorder asc,createtime desc LIMIT 8 [ RunTime:0.000367s ]
[ sql ] [ SQL ] SELECT `catname` FROM `cool_category` WHERE  `id` = 23 LIMIT 1 [ RunTime:0.000164s ]
[ sql ] [ SQL ] SELECT `catname` FROM `cool_category` WHERE  `id` = 23 LIMIT 1 [ RunTime:0.000150s ]
[ sql ] [ SQL ] SELECT `catname` FROM `cool_category` WHERE  `id` = 23 LIMIT 1 [ RunTime:0.000162s ]
[ sql ] [ SQL ] SELECT `catname` FROM `cool_category` WHERE  `id` = 23 LIMIT 1 [ RunTime:0.000143s ]
[ sql ] [ SQL ] SELECT `catname` FROM `cool_category` WHERE  `id` = 23 LIMIT 1 [ RunTime:0.000137s ]
[ sql ] [ SQL ] SELECT `catname` FROM `cool_category` WHERE  `id` = 23 LIMIT 1 [ RunTime:0.000139s ]
[ sql ] [ SQL ] SELECT `catname` FROM `cool_category` WHERE  `id` = 23 LIMIT 1 [ RunTime:0.000142s ]
[ sql ] [ SQL ] SELECT `catname` FROM `cool_category` WHERE  `id` = 23 LIMIT 1 [ RunTime:0.000135s ]
[ sql ] [ SQL ] SHOW COLUMNS FROM `cool_fuwukehu` [ RunTime:0.000516s ]
[ sql ] [ SQL ] SELECT `a`.*,`c`.`catdir` FROM `cool_fuwukehu` `a` LEFT JOIN `cool_category` `c` ON `a`.`catid`=`c`.`id` WHERE  (  catid=22  ) ORDER BY listorder
                            asc,createtime desc LIMIT 10 [ RunTime:0.000268s ]
[ sql ] [ SQL ] SHOW COLUMNS FROM `cool_blog` [ RunTime:0.000562s ]
[ sql ] [ SQL ] SELECT `a`.*,`c`.`catdir` FROM `cool_blog` `a` LEFT JOIN `cool_category` `c` ON `a`.`catid`=`c`.`id` WHERE  (  catid in(17,18,19,20,21)  ) ORDER BY listorder
                asc,createtime desc LIMIT 3 [ RunTime:0.000237s ]
[ sql ] [ SQL ] SELECT `catname` FROM `cool_category` WHERE  `id` = 18 LIMIT 1 [ RunTime:0.000147s ]
[ sql ] [ SQL ] SELECT `catname` FROM `cool_category` WHERE  `id` = 17 LIMIT 1 [ RunTime:0.000135s ]
[ sql ] [ SQL ] SELECT `catname` FROM `cool_category` WHERE  `id` = 17 LIMIT 1 [ RunTime:0.000162s ]
[ error ] [8]未定义变量: info[/data/wwwroot/www.hrbkcwl.com/runtime/temp/c48b970f7d9a96c92da5129398a8e2a2.php:10]
[ error ] [8]未定义变量: info[/data/wwwroot/www.hrbkcwl.com/runtime/temp/c48b970f7d9a96c92da5129398a8e2a2.php:11]
[ error ] [8]未定义变量: info[/data/wwwroot/www.hrbkcwl.com/runtime/temp/c48b970f7d9a96c92da5129398a8e2a2.php:12]
---------------------------------------------------------------
[ 2017-11-06T08:50:58+08:00 ] 172.17.245.113 123.165.241.141 GET /
[ info ] www.hrbkcwl.com/ [运行时间：0.022225s][吞吐率：44.99req/s] [内存消耗：774.59kb] [文件加载：55]
[ info ] [ LANG ] /data/wwwroot/www.hrbkcwl.com/think/lang/zh-cn.php
[ info ] [ ROUTE ] array (
  'type' => 'module',
  'module' => 
  array (
    0 => '',
    1 => NULL,
    2 => NULL,
  ),
)
[ info ] [ HEADER ] array (
  'host' => 'www.hrbkcwl.com',
  'connection' => 'keep-alive',
  'cache-control' => 'max-age=0',
  'accept' => 'text/html,application/xhtml+xml,application/xml;q=0.9,image/webp,*/*;q=0.8',
  'upgrade-insecure-requests' => '1',
  'user-agent' => 'Mozilla/5.0 (Windows NT 6.1; WOW64) AppleWebKit/537.36 (KHTML, like Gecko) Chrome/50.0.2661.102 Safari/537.36',
  'accept-encoding' => 'gzip, deflate, sdch',
  'accept-language' => 'zh-CN,zh;q=0.8',
  'content-type' => '',
  'content-length' => '',
)
[ info ] [ PARAM ] array (
)
[ info ] [ DB ] INIT mysql
[ info ] [ CACHE ] INIT File
[ info ] [ RUN ] app\home\controller\Index->index[ /data/wwwroot/www.hrbkcwl.com/app/home/controller/Index.php ]
[ info ] [ VIEW ] /data/wwwroot/www.hrbkcwl.com/app/home/view/index_index.html [ array (
  0 => 'sys',
  1 => 'action',
  2 => 'controller',
  3 => 'title',
  4 => 'keywords',
  5 => 'description',
  6 => 'category',
  7 => 'adList',
  8 => 'linkList',
) ]
[ info ] [ LOG ] INIT File
[ sql ] [ DB ] CONNECT:[ UseTime:0.000399s ] mysql:dbname=db_cool;host=127.0.0.1;port=3306;charset=utf8
[ sql ] [ SQL ] SHOW COLUMNS FROM `cool_category` [ RunTime:0.002360s ]
[ sql ] [ SQL ] SELECT * FROM `cool_category` WHERE  `id` IS NULL LIMIT 1 [ RunTime:0.000246s ]
[ sql ] [ SQL ] SHOW COLUMNS FROM `cool_ad` [ RunTime:0.000493s ]
[ sql ] [ SQL ] SELECT * FROM `cool_ad` WHERE  `type_id` = 1  AND `open` = 1 ORDER BY sort asc LIMIT 4 [ RunTime:0.000212s ]
[ sql ] [ SQL ] SHOW COLUMNS FROM `cool_link` [ RunTime:0.000459s ]
[ sql ] [ SQL ] SELECT * FROM `cool_link` WHERE  `open` = 1 ORDER BY sort asc [ RunTime:0.000167s ]
[ sql ] [ SQL ] SHOW COLUMNS FROM `cool_page` [ RunTime:0.000516s ]
[ sql ] [ SQL ] SELECT `content` FROM `cool_page` WHERE  `id` = 2 LIMIT 1 [ RunTime:0.000158s ]
[ sql ] [ SQL ] SHOW COLUMNS FROM `cool_debris` [ RunTime:0.000470s ]
[ sql ] [ SQL ] SELECT * FROM `cool_debris` WHERE  (  type_id = 6 ) LIMIT 3 [ RunTime:0.000217s ]
[ sql ] [ SQL ] SELECT * FROM `cool_debris` WHERE  (  type_id = 6 ) LIMIT 3 [ RunTime:0.000150s ]
[ sql ] [ SQL ] SELECT * FROM `cool_debris` WHERE  (  type_id = 7 ) LIMIT 3 [ RunTime:0.000218s ]
[ sql ] [ SQL ] SELECT * FROM `cool_category` WHERE  (  parentid = 10 ) LIMIT 3 [ RunTime:0.000170s ]
[ sql ] [ SQL ] SHOW COLUMNS FROM `cool_case` [ RunTime:0.000494s ]
[ sql ] [ SQL ] SELECT `a`.*,`c`.`catdir` FROM `cool_case` `a` LEFT JOIN `cool_category` `c` ON `a`.`catid`=`c`.`id` ORDER BY listorder asc,createtime desc LIMIT 8 [ RunTime:0.000247s ]
[ sql ] [ SQL ] SELECT `catname` FROM `cool_category` WHERE  `id` = 23 LIMIT 1 [ RunTime:0.000159s ]
[ sql ] [ SQL ] SELECT `catname` FROM `cool_category` WHERE  `id` = 23 LIMIT 1 [ RunTime:0.000143s ]
[ sql ] [ SQL ] SELECT `catname` FROM `cool_category` WHERE  `id` = 23 LIMIT 1 [ RunTime:0.000138s ]
[ sql ] [ SQL ] SELECT `catname` FROM `cool_category` WHERE  `id` = 23 LIMIT 1 [ RunTime:0.000152s ]
[ sql ] [ SQL ] SELECT `catname` FROM `cool_category` WHERE  `id` = 23 LIMIT 1 [ RunTime:0.000163s ]
[ sql ] [ SQL ] SELECT `catname` FROM `cool_category` WHERE  `id` = 23 LIMIT 1 [ RunTime:0.000136s ]
[ sql ] [ SQL ] SELECT `catname` FROM `cool_category` WHERE  `id` = 23 LIMIT 1 [ RunTime:0.000132s ]
[ sql ] [ SQL ] SELECT `catname` FROM `cool_category` WHERE  `id` = 23 LIMIT 1 [ RunTime:0.000180s ]
[ sql ] [ SQL ] SHOW COLUMNS FROM `cool_fuwukehu` [ RunTime:0.000567s ]
[ sql ] [ SQL ] SELECT `a`.*,`c`.`catdir` FROM `cool_fuwukehu` `a` LEFT JOIN `cool_category` `c` ON `a`.`catid`=`c`.`id` WHERE  (  catid=22  ) ORDER BY listorder
                            asc,createtime desc LIMIT 10 [ RunTime:0.000213s ]
[ sql ] [ SQL ] SHOW COLUMNS FROM `cool_blog` [ RunTime:0.000555s ]
[ sql ] [ SQL ] SELECT `a`.*,`c`.`catdir` FROM `cool_blog` `a` LEFT JOIN `cool_category` `c` ON `a`.`catid`=`c`.`id` WHERE  (  catid in(17,18,19,20,21)  ) ORDER BY listorder
                asc,createtime desc LIMIT 3 [ RunTime:0.000221s ]
[ sql ] [ SQL ] SELECT `catname` FROM `cool_category` WHERE  `id` = 18 LIMIT 1 [ RunTime:0.000146s ]
[ sql ] [ SQL ] SELECT `catname` FROM `cool_category` WHERE  `id` = 17 LIMIT 1 [ RunTime:0.000158s ]
[ sql ] [ SQL ] SELECT `catname` FROM `cool_category` WHERE  `id` = 17 LIMIT 1 [ RunTime:0.000141s ]
[ error ] [8]未定义变量: info[/data/wwwroot/www.hrbkcwl.com/runtime/temp/c48b970f7d9a96c92da5129398a8e2a2.php:10]
[ error ] [8]未定义变量: info[/data/wwwroot/www.hrbkcwl.com/runtime/temp/c48b970f7d9a96c92da5129398a8e2a2.php:11]
[ error ] [8]未定义变量: info[/data/wwwroot/www.hrbkcwl.com/runtime/temp/c48b970f7d9a96c92da5129398a8e2a2.php:12]
---------------------------------------------------------------
[ 2017-11-06T08:51:03+08:00 ] 172.17.245.113 61.151.178.174 GET /
[ info ] www.hrbkcwl.com/ [运行时间：0.019775s][吞吐率：50.57req/s] [内存消耗：774.12kb] [文件加载：55]
[ info ] [ LANG ] /data/wwwroot/www.hrbkcwl.com/think/lang/zh-cn.php
[ info ] [ ROUTE ] array (
  'type' => 'module',
  'module' => 
  array (
    0 => '',
    1 => NULL,
    2 => NULL,
  ),
)
[ info ] [ HEADER ] array (
  'user-agent' => 'Mozilla/5.0 (Windows NT 6.1; WOW64) AppleWebKit/537.36 (KHTML, like Gecko) Chrome/53.0.2785.104 Safari/537.36 Core/1.53.2141.400 QQBrowser/9.5.10219.400',
  'accept' => '*/*',
  'accept-encoding' => 'gzip, deflate, sdch, br',
  'accept-language' => 'zh-CN,zh;q=0.8,en-US;q=0.6,en;q=0.4',
  'host' => 'www.hrbkcwl.com',
  'connection' => 'keep-alive',
  'content-type' => '',
  'content-length' => '',
)
[ info ] [ PARAM ] array (
)
[ info ] [ DB ] INIT mysql
[ info ] [ CACHE ] INIT File
[ info ] [ RUN ] app\home\controller\Index->index[ /data/wwwroot/www.hrbkcwl.com/app/home/controller/Index.php ]
[ info ] [ VIEW ] /data/wwwroot/www.hrbkcwl.com/app/home/view/index_index.html [ array (
  0 => 'sys',
  1 => 'action',
  2 => 'controller',
  3 => 'title',
  4 => 'keywords',
  5 => 'description',
  6 => 'category',
  7 => 'adList',
  8 => 'linkList',
) ]
[ info ] [ LOG ] INIT File
[ sql ] [ DB ] CONNECT:[ UseTime:0.000342s ] mysql:dbname=db_cool;host=127.0.0.1;port=3306;charset=utf8
[ sql ] [ SQL ] SHOW COLUMNS FROM `cool_category` [ RunTime:0.000791s ]
[ sql ] [ SQL ] SELECT * FROM `cool_category` WHERE  `id` IS NULL LIMIT 1 [ RunTime:0.000253s ]
[ sql ] [ SQL ] SHOW COLUMNS FROM `cool_ad` [ RunTime:0.000513s ]
[ sql ] [ SQL ] SELECT * FROM `cool_ad` WHERE  `type_id` = 1  AND `open` = 1 ORDER BY sort asc LIMIT 4 [ RunTime:0.000202s ]
[ sql ] [ SQL ] SHOW COLUMNS FROM `cool_link` [ RunTime:0.000477s ]
[ sql ] [ SQL ] SELECT * FROM `cool_link` WHERE  `open` = 1 ORDER BY sort asc [ RunTime:0.000160s ]
[ sql ] [ SQL ] SHOW COLUMNS FROM `cool_page` [ RunTime:0.000440s ]
[ sql ] [ SQL ] SELECT `content` FROM `cool_page` WHERE  `id` = 2 LIMIT 1 [ RunTime:0.000146s ]
[ sql ] [ SQL ] SHOW COLUMNS FROM `cool_debris` [ RunTime:0.000434s ]
[ sql ] [ SQL ] SELECT * FROM `cool_debris` WHERE  (  type_id = 6 ) LIMIT 3 [ RunTime:0.000147s ]
[ sql ] [ SQL ] SELECT * FROM `cool_debris` WHERE  (  type_id = 6 ) LIMIT 3 [ RunTime:0.000146s ]
[ sql ] [ SQL ] SELECT * FROM `cool_debris` WHERE  (  type_id = 7 ) LIMIT 3 [ RunTime:0.000137s ]
[ sql ] [ SQL ] SELECT * FROM `cool_category` WHERE  (  parentid = 10 ) LIMIT 3 [ RunTime:0.000166s ]
[ sql ] [ SQL ] SHOW COLUMNS FROM `cool_case` [ RunTime:0.000512s ]
[ sql ] [ SQL ] SELECT `a`.*,`c`.`catdir` FROM `cool_case` `a` LEFT JOIN `cool_category` `c` ON `a`.`catid`=`c`.`id` ORDER BY listorder asc,createtime desc LIMIT 8 [ RunTime:0.000200s ]
[ sql ] [ SQL ] SELECT `catname` FROM `cool_category` WHERE  `id` = 23 LIMIT 1 [ RunTime:0.000144s ]
[ sql ] [ SQL ] SELECT `catname` FROM `cool_category` WHERE  `id` = 23 LIMIT 1 [ RunTime:0.000139s ]
[ sql ] [ SQL ] SELECT `catname` FROM `cool_category` WHERE  `id` = 23 LIMIT 1 [ RunTime:0.000171s ]
[ sql ] [ SQL ] SELECT `catname` FROM `cool_category` WHERE  `id` = 23 LIMIT 1 [ RunTime:0.000128s ]
[ sql ] [ SQL ] SELECT `catname` FROM `cool_category` WHERE  `id` = 23 LIMIT 1 [ RunTime:0.000130s ]
[ sql ] [ SQL ] SELECT `catname` FROM `cool_category` WHERE  `id` = 23 LIMIT 1 [ RunTime:0.000159s ]
[ sql ] [ SQL ] SELECT `catname` FROM `cool_category` WHERE  `id` = 23 LIMIT 1 [ RunTime:0.000132s ]
[ sql ] [ SQL ] SELECT `catname` FROM `cool_category` WHERE  `id` = 23 LIMIT 1 [ RunTime:0.000217s ]
[ sql ] [ SQL ] SHOW COLUMNS FROM `cool_fuwukehu` [ RunTime:0.000519s ]
[ sql ] [ SQL ] SELECT `a`.*,`c`.`catdir` FROM `cool_fuwukehu` `a` LEFT JOIN `cool_category` `c` ON `a`.`catid`=`c`.`id` WHERE  (  catid=22  ) ORDER BY listorder
                            asc,createtime desc LIMIT 10 [ RunTime:0.000191s ]
[ sql ] [ SQL ] SHOW COLUMNS FROM `cool_blog` [ RunTime:0.000508s ]
[ sql ] [ SQL ] SELECT `a`.*,`c`.`catdir` FROM `cool_blog` `a` LEFT JOIN `cool_category` `c` ON `a`.`catid`=`c`.`id` WHERE  (  catid in(17,18,19,20,21)  ) ORDER BY listorder
                asc,createtime desc LIMIT 3 [ RunTime:0.000194s ]
[ sql ] [ SQL ] SELECT `catname` FROM `cool_category` WHERE  `id` = 18 LIMIT 1 [ RunTime:0.000147s ]
[ sql ] [ SQL ] SELECT `catname` FROM `cool_category` WHERE  `id` = 17 LIMIT 1 [ RunTime:0.000136s ]
[ sql ] [ SQL ] SELECT `catname` FROM `cool_category` WHERE  `id` = 17 LIMIT 1 [ RunTime:0.000139s ]
[ error ] [8]未定义变量: info[/data/wwwroot/www.hrbkcwl.com/runtime/temp/c48b970f7d9a96c92da5129398a8e2a2.php:10]
[ error ] [8]未定义变量: info[/data/wwwroot/www.hrbkcwl.com/runtime/temp/c48b970f7d9a96c92da5129398a8e2a2.php:11]
[ error ] [8]未定义变量: info[/data/wwwroot/www.hrbkcwl.com/runtime/temp/c48b970f7d9a96c92da5129398a8e2a2.php:12]
---------------------------------------------------------------
[ 2017-11-06T09:13:50+08:00 ] 172.17.245.113 123.125.71.56 GET /
[ info ] www.hrbkcwl.com/ [运行时间：0.021730s][吞吐率：46.02req/s] [内存消耗：774.19kb] [文件加载：55]
[ info ] [ LANG ] /data/wwwroot/www.hrbkcwl.com/think/lang/zh-cn.php
[ info ] [ ROUTE ] array (
  'type' => 'module',
  'module' => 
  array (
    0 => '',
    1 => NULL,
    2 => NULL,
  ),
)
[ info ] [ HEADER ] array (
  'host' => 'www.hrbkcwl.com',
  'connection' => 'close',
  'user-agent' => 'Mozilla/5.0 (compatible; Baiduspider/2.0; +http://www.baidu.com/search/spider.html)',
  'accept-language' => 'zh-cn,zh-tw',
  'if-none-match' => '"@NULL@"',
  'accept-encoding' => 'gzip',
  'accept' => '*/*',
  'content-type' => '',
  'content-length' => '',
)
[ info ] [ PARAM ] array (
)
[ info ] [ DB ] INIT mysql
[ info ] [ CACHE ] INIT File
[ info ] [ RUN ] app\home\controller\Index->index[ /data/wwwroot/www.hrbkcwl.com/app/home/controller/Index.php ]
[ info ] [ VIEW ] /data/wwwroot/www.hrbkcwl.com/app/home/view/index_index.html [ array (
  0 => 'sys',
  1 => 'action',
  2 => 'controller',
  3 => 'title',
  4 => 'keywords',
  5 => 'description',
  6 => 'category',
  7 => 'adList',
  8 => 'linkList',
) ]
[ info ] [ LOG ] INIT File
[ sql ] [ DB ] CONNECT:[ UseTime:0.000385s ] mysql:dbname=db_cool;host=127.0.0.1;port=3306;charset=utf8
[ sql ] [ SQL ] SHOW COLUMNS FROM `cool_category` [ RunTime:0.000865s ]
[ sql ] [ SQL ] SELECT * FROM `cool_category` WHERE  `id` IS NULL LIMIT 1 [ RunTime:0.000263s ]
[ sql ] [ SQL ] SHOW COLUMNS FROM `cool_ad` [ RunTime:0.000469s ]
[ sql ] [ SQL ] SELECT * FROM `cool_ad` WHERE  `type_id` = 1  AND `open` = 1 ORDER BY sort asc LIMIT 4 [ RunTime:0.000208s ]
[ sql ] [ SQL ] SHOW COLUMNS FROM `cool_link` [ RunTime:0.000442s ]
[ sql ] [ SQL ] SELECT * FROM `cool_link` WHERE  `open` = 1 ORDER BY sort asc [ RunTime:0.000174s ]
[ sql ] [ SQL ] SHOW COLUMNS FROM `cool_page` [ RunTime:0.000474s ]
[ sql ] [ SQL ] SELECT `content` FROM `cool_page` WHERE  `id` = 2 LIMIT 1 [ RunTime:0.000199s ]
[ sql ] [ SQL ] SHOW COLUMNS FROM `cool_debris` [ RunTime:0.000523s ]
[ sql ] [ SQL ] SELECT * FROM `cool_debris` WHERE  (  type_id = 6 ) LIMIT 3 [ RunTime:0.000148s ]
[ sql ] [ SQL ] SELECT * FROM `cool_debris` WHERE  (  type_id = 6 ) LIMIT 3 [ RunTime:0.000147s ]
[ sql ] [ SQL ] SELECT * FROM `cool_debris` WHERE  (  type_id = 7 ) LIMIT 3 [ RunTime:0.000154s ]
[ sql ] [ SQL ] SELECT * FROM `cool_category` WHERE  (  parentid = 10 ) LIMIT 3 [ RunTime:0.000169s ]
[ sql ] [ SQL ] SHOW COLUMNS FROM `cool_case` [ RunTime:0.000562s ]
[ sql ] [ SQL ] SELECT `a`.*,`c`.`catdir` FROM `cool_case` `a` LEFT JOIN `cool_category` `c` ON `a`.`catid`=`c`.`id` ORDER BY listorder asc,createtime desc LIMIT 8 [ RunTime:0.000268s ]
[ sql ] [ SQL ] SELECT `catname` FROM `cool_category` WHERE  `id` = 23 LIMIT 1 [ RunTime:0.000155s ]
[ sql ] [ SQL ] SELECT `catname` FROM `cool_category` WHERE  `id` = 23 LIMIT 1 [ RunTime:0.000152s ]
[ sql ] [ SQL ] SELECT `catname` FROM `cool_category` WHERE  `id` = 23 LIMIT 1 [ RunTime:0.000197s ]
[ sql ] [ SQL ] SELECT `catname` FROM `cool_category` WHERE  `id` = 23 LIMIT 1 [ RunTime:0.000213s ]
[ sql ] [ SQL ] SELECT `catname` FROM `cool_category` WHERE  `id` = 23 LIMIT 1 [ RunTime:0.000162s ]
[ sql ] [ SQL ] SELECT `catname` FROM `cool_category` WHERE  `id` = 23 LIMIT 1 [ RunTime:0.000160s ]
[ sql ] [ SQL ] SELECT `catname` FROM `cool_category` WHERE  `id` = 23 LIMIT 1 [ RunTime:0.000140s ]
[ sql ] [ SQL ] SELECT `catname` FROM `cool_category` WHERE  `id` = 23 LIMIT 1 [ RunTime:0.000140s ]
[ sql ] [ SQL ] SHOW COLUMNS FROM `cool_fuwukehu` [ RunTime:0.000556s ]
[ sql ] [ SQL ] SELECT `a`.*,`c`.`catdir` FROM `cool_fuwukehu` `a` LEFT JOIN `cool_category` `c` ON `a`.`catid`=`c`.`id` WHERE  (  catid=22  ) ORDER BY listorder
                            asc,createtime desc LIMIT 10 [ RunTime:0.000239s ]
[ sql ] [ SQL ] SHOW COLUMNS FROM `cool_blog` [ RunTime:0.000547s ]
[ sql ] [ SQL ] SELECT `a`.*,`c`.`catdir` FROM `cool_blog` `a` LEFT JOIN `cool_category` `c` ON `a`.`catid`=`c`.`id` WHERE  (  catid in(17,18,19,20,21)  ) ORDER BY listorder
                asc,createtime desc LIMIT 3 [ RunTime:0.000222s ]
[ sql ] [ SQL ] SELECT `catname` FROM `cool_category` WHERE  `id` = 18 LIMIT 1 [ RunTime:0.000150s ]
[ sql ] [ SQL ] SELECT `catname` FROM `cool_category` WHERE  `id` = 17 LIMIT 1 [ RunTime:0.000156s ]
[ sql ] [ SQL ] SELECT `catname` FROM `cool_category` WHERE  `id` = 17 LIMIT 1 [ RunTime:0.000142s ]
[ error ] [8]未定义变量: info[/data/wwwroot/www.hrbkcwl.com/runtime/temp/c48b970f7d9a96c92da5129398a8e2a2.php:10]
[ error ] [8]未定义变量: info[/data/wwwroot/www.hrbkcwl.com/runtime/temp/c48b970f7d9a96c92da5129398a8e2a2.php:11]
[ error ] [8]未定义变量: info[/data/wwwroot/www.hrbkcwl.com/runtime/temp/c48b970f7d9a96c92da5129398a8e2a2.php:12]
---------------------------------------------------------------
[ 2017-11-06T10:46:45+08:00 ] 172.17.245.113 106.11.225.157 GET /
[ info ] www.hrbkcwl.com/ [运行时间：0.022518s][吞吐率：44.41req/s] [内存消耗：777.44kb] [文件加载：56]
[ info ] [ LANG ] /data/wwwroot/www.hrbkcwl.com/think/lang/zh-cn.php
[ info ] [ ROUTE ] array (
  'type' => 'module',
  'module' => 
  array (
    0 => '',
    1 => NULL,
    2 => NULL,
  ),
)
[ info ] [ HEADER ] array (
  'accept-encoding' => 'gzip',
  'user-agent' => 'Mozilla/5.0 (iPad; CPU OS 9_1 like Mac OS X) AppleWebKit/601.1.46 (KHTML, like Gecko) Version/9.0 Mobile/13B143 Safari/601.1',
  'cache-control' => 'no-cache',
  'pragma' => 'no-cache',
  'host' => 'www.hrbkcwl.com',
  'accept' => 'text/html, image/gif, image/jpeg, *; q=.2, */*; q=.2',
  'connection' => 'keep-alive',
  'content-type' => '',
  'content-length' => '',
)
[ info ] [ PARAM ] array (
)
[ info ] [ DB ] INIT mysql
[ info ] [ CACHE ] INIT File
[ info ] [ RUN ] app\home\controller\Index->index[ /data/wwwroot/www.hrbkcwl.com/app/home/controller/Index.php ]
[ info ] [ VIEW ] /data/wwwroot/www.hrbkcwl.com/app/home/view/index_index.html [ array (
  0 => 'sys',
  1 => 'action',
  2 => 'controller',
  3 => 'title',
  4 => 'keywords',
  5 => 'description',
  6 => 'category',
  7 => 'adList',
  8 => 'linkList',
) ]
[ info ] [ LOG ] INIT File
[ sql ] [ DB ] CONNECT:[ UseTime:0.000343s ] mysql:dbname=db_cool;host=127.0.0.1;port=3306;charset=utf8
[ sql ] [ SQL ] SHOW COLUMNS FROM `cool_category` [ RunTime:0.000828s ]
[ sql ] [ SQL ] SELECT * FROM `cool_category` WHERE  `id` IS NULL LIMIT 1 [ RunTime:0.000241s ]
[ sql ] [ SQL ] SELECT * FROM `cool_category` WHERE  `parentid` = 0  AND `ismenu` = 1 ORDER BY `listorder` [ RunTime:0.000899s ]
[ sql ] [ SQL ] SELECT * FROM `cool_category` WHERE  `ismenu` = 1 ORDER BY `listorder` [ RunTime:0.000247s ]
[ sql ] [ SQL ] SHOW COLUMNS FROM `cool_ad` [ RunTime:0.000481s ]
[ sql ] [ SQL ] SELECT * FROM `cool_ad` WHERE  `type_id` = 1  AND `open` = 1 ORDER BY sort asc LIMIT 4 [ RunTime:0.000177s ]
[ sql ] [ SQL ] SHOW COLUMNS FROM `cool_link` [ RunTime:0.000439s ]
[ sql ] [ SQL ] SELECT * FROM `cool_link` WHERE  `open` = 1 ORDER BY sort asc [ RunTime:0.000167s ]
[ sql ] [ SQL ] SHOW COLUMNS FROM `cool_page` [ RunTime:0.000451s ]
[ sql ] [ SQL ] SELECT `content` FROM `cool_page` WHERE  `id` = 2 LIMIT 1 [ RunTime:0.000157s ]
[ sql ] [ SQL ] SHOW COLUMNS FROM `cool_debris` [ RunTime:0.000409s ]
[ sql ] [ SQL ] SELECT * FROM `cool_debris` WHERE  (  type_id = 6 ) LIMIT 3 [ RunTime:0.000149s ]
[ sql ] [ SQL ] SELECT * FROM `cool_debris` WHERE  (  type_id = 6 ) LIMIT 3 [ RunTime:0.000139s ]
[ sql ] [ SQL ] SELECT * FROM `cool_debris` WHERE  (  type_id = 7 ) LIMIT 3 [ RunTime:0.000133s ]
[ sql ] [ SQL ] SELECT * FROM `cool_category` WHERE  (  parentid = 10 ) LIMIT 3 [ RunTime:0.000162s ]
[ sql ] [ SQL ] SHOW COLUMNS FROM `cool_case` [ RunTime:0.000484s ]
[ sql ] [ SQL ] SELECT `a`.*,`c`.`catdir` FROM `cool_case` `a` LEFT JOIN `cool_category` `c` ON `a`.`catid`=`c`.`id` ORDER BY listorder asc,createtime desc LIMIT 8 [ RunTime:0.000222s ]
[ sql ] [ SQL ] SELECT `catname` FROM `cool_category` WHERE  `id` = 23 LIMIT 1 [ RunTime:0.000158s ]
[ sql ] [ SQL ] SELECT `catname` FROM `cool_category` WHERE  `id` = 23 LIMIT 1 [ RunTime:0.000136s ]
[ sql ] [ SQL ] SELECT `catname` FROM `cool_category` WHERE  `id` = 23 LIMIT 1 [ RunTime:0.000134s ]
[ sql ] [ SQL ] SELECT `catname` FROM `cool_category` WHERE  `id` = 23 LIMIT 1 [ RunTime:0.000141s ]
[ sql ] [ SQL ] SELECT `catname` FROM `cool_category` WHERE  `id` = 23 LIMIT 1 [ RunTime:0.000138s ]
[ sql ] [ SQL ] SELECT `catname` FROM `cool_category` WHERE  `id` = 23 LIMIT 1 [ RunTime:0.000132s ]
[ sql ] [ SQL ] SELECT `catname` FROM `cool_category` WHERE  `id` = 23 LIMIT 1 [ RunTime:0.000135s ]
[ sql ] [ SQL ] SELECT `catname` FROM `cool_category` WHERE  `id` = 23 LIMIT 1 [ RunTime:0.000160s ]
[ sql ] [ SQL ] SHOW COLUMNS FROM `cool_fuwukehu` [ RunTime:0.000525s ]
[ sql ] [ SQL ] SELECT `a`.*,`c`.`catdir` FROM `cool_fuwukehu` `a` LEFT JOIN `cool_category` `c` ON `a`.`catid`=`c`.`id` WHERE  (  catid=22  ) ORDER BY listorder
                            asc,createtime desc LIMIT 10 [ RunTime:0.000209s ]
[ sql ] [ SQL ] SHOW COLUMNS FROM `cool_blog` [ RunTime:0.000497s ]
[ sql ] [ SQL ] SELECT `a`.*,`c`.`catdir` FROM `cool_blog` `a` LEFT JOIN `cool_category` `c` ON `a`.`catid`=`c`.`id` WHERE  (  catid in(17,18,19,20,21)  ) ORDER BY listorder
                asc,createtime desc LIMIT 3 [ RunTime:0.000215s ]
[ sql ] [ SQL ] SELECT `catname` FROM `cool_category` WHERE  `id` = 18 LIMIT 1 [ RunTime:0.000159s ]
[ sql ] [ SQL ] SELECT `catname` FROM `cool_category` WHERE  `id` = 17 LIMIT 1 [ RunTime:0.000134s ]
[ sql ] [ SQL ] SELECT `catname` FROM `cool_category` WHERE  `id` = 17 LIMIT 1 [ RunTime:0.000137s ]
[ error ] [8]未定义变量: info[/data/wwwroot/www.hrbkcwl.com/runtime/temp/c48b970f7d9a96c92da5129398a8e2a2.php:10]
[ error ] [8]未定义变量: info[/data/wwwroot/www.hrbkcwl.com/runtime/temp/c48b970f7d9a96c92da5129398a8e2a2.php:11]
[ error ] [8]未定义变量: info[/data/wwwroot/www.hrbkcwl.com/runtime/temp/c48b970f7d9a96c92da5129398a8e2a2.php:12]
---------------------------------------------------------------
[ 2017-11-06T11:02:56+08:00 ] 172.17.245.113 61.135.165.10 GET /
[ info ] www.hrbkcwl.com/ [运行时间：0.019592s][吞吐率：51.04req/s] [内存消耗：773.55kb] [文件加载：55]
[ info ] [ LANG ] /data/wwwroot/www.hrbkcwl.com/think/lang/zh-cn.php
[ info ] [ ROUTE ] array (
  'type' => 'module',
  'module' => 
  array (
    0 => '',
    1 => NULL,
    2 => NULL,
  ),
)
[ info ] [ HEADER ] array (
  'user-agent' => 'Mozilla/5.0 (Macintosh; Intel Mac OS X 10_11_2) AppleWebKit/537.36 (KHTML, like Gecko) Chrome/47.0.2526.80 Safari/537.36',
  'host' => 'www.hrbkcwl.com',
  'connection' => 'close',
  'content-type' => '',
  'content-length' => '',
)
[ info ] [ PARAM ] array (
)
[ info ] [ DB ] INIT mysql
[ info ] [ CACHE ] INIT File
[ info ] [ RUN ] app\home\controller\Index->index[ /data/wwwroot/www.hrbkcwl.com/app/home/controller/Index.php ]
[ info ] [ VIEW ] /data/wwwroot/www.hrbkcwl.com/app/home/view/index_index.html [ array (
  0 => 'sys',
  1 => 'action',
  2 => 'controller',
  3 => 'title',
  4 => 'keywords',
  5 => 'description',
  6 => 'category',
  7 => 'adList',
  8 => 'linkList',
) ]
[ info ] [ LOG ] INIT File
[ sql ] [ DB ] CONNECT:[ UseTime:0.000327s ] mysql:dbname=db_cool;host=127.0.0.1;port=3306;charset=utf8
[ sql ] [ SQL ] SHOW COLUMNS FROM `cool_category` [ RunTime:0.000825s ]
[ sql ] [ SQL ] SELECT * FROM `cool_category` WHERE  `id` IS NULL LIMIT 1 [ RunTime:0.000242s ]
[ sql ] [ SQL ] SHOW COLUMNS FROM `cool_ad` [ RunTime:0.000461s ]
[ sql ] [ SQL ] SELECT * FROM `cool_ad` WHERE  `type_id` = 1  AND `open` = 1 ORDER BY sort asc LIMIT 4 [ RunTime:0.000210s ]
[ sql ] [ SQL ] SHOW COLUMNS FROM `cool_link` [ RunTime:0.000470s ]
[ sql ] [ SQL ] SELECT * FROM `cool_link` WHERE  `open` = 1 ORDER BY sort asc [ RunTime:0.000252s ]
[ sql ] [ SQL ] SHOW COLUMNS FROM `cool_page` [ RunTime:0.000553s ]
[ sql ] [ SQL ] SELECT `content` FROM `cool_page` WHERE  `id` = 2 LIMIT 1 [ RunTime:0.000164s ]
[ sql ] [ SQL ] SHOW COLUMNS FROM `cool_debris` [ RunTime:0.000488s ]
[ sql ] [ SQL ] SELECT * FROM `cool_debris` WHERE  (  type_id = 6 ) LIMIT 3 [ RunTime:0.000227s ]
[ sql ] [ SQL ] SELECT * FROM `cool_debris` WHERE  (  type_id = 6 ) LIMIT 3 [ RunTime:0.000200s ]
[ sql ] [ SQL ] SELECT * FROM `cool_debris` WHERE  (  type_id = 7 ) LIMIT 3 [ RunTime:0.000200s ]
[ sql ] [ SQL ] SELECT * FROM `cool_category` WHERE  (  parentid = 10 ) LIMIT 3 [ RunTime:0.000185s ]
[ sql ] [ SQL ] SHOW COLUMNS FROM `cool_case` [ RunTime:0.000551s ]
[ sql ] [ SQL ] SELECT `a`.*,`c`.`catdir` FROM `cool_case` `a` LEFT JOIN `cool_category` `c` ON `a`.`catid`=`c`.`id` ORDER BY listorder asc,createtime desc LIMIT 8 [ RunTime:0.000234s ]
[ sql ] [ SQL ] SELECT `catname` FROM `cool_category` WHERE  `id` = 23 LIMIT 1 [ RunTime:0.000178s ]
[ sql ] [ SQL ] SELECT `catname` FROM `cool_category` WHERE  `id` = 23 LIMIT 1 [ RunTime:0.000143s ]
[ sql ] [ SQL ] SELECT `catname` FROM `cool_category` WHERE  `id` = 23 LIMIT 1 [ RunTime:0.000156s ]
[ sql ] [ SQL ] SELECT `catname` FROM `cool_category` WHERE  `id` = 23 LIMIT 1 [ RunTime:0.000144s ]
[ sql ] [ SQL ] SELECT `catname` FROM `cool_category` WHERE  `id` = 23 LIMIT 1 [ RunTime:0.000168s ]
[ sql ] [ SQL ] SELECT `catname` FROM `cool_category` WHERE  `id` = 23 LIMIT 1 [ RunTime:0.000155s ]
[ sql ] [ SQL ] SELECT `catname` FROM `cool_category` WHERE  `id` = 23 LIMIT 1 [ RunTime:0.000148s ]
[ sql ] [ SQL ] SELECT `catname` FROM `cool_category` WHERE  `id` = 23 LIMIT 1 [ RunTime:0.000152s ]
[ sql ] [ SQL ] SHOW COLUMNS FROM `cool_fuwukehu` [ RunTime:0.000519s ]
[ sql ] [ SQL ] SELECT `a`.*,`c`.`catdir` FROM `cool_fuwukehu` `a` LEFT JOIN `cool_category` `c` ON `a`.`catid`=`c`.`id` WHERE  (  catid=22  ) ORDER BY listorder
                            asc,createtime desc LIMIT 10 [ RunTime:0.000197s ]
[ sql ] [ SQL ] SHOW COLUMNS FROM `cool_blog` [ RunTime:0.000486s ]
[ sql ] [ SQL ] SELECT `a`.*,`c`.`catdir` FROM `cool_blog` `a` LEFT JOIN `cool_category` `c` ON `a`.`catid`=`c`.`id` WHERE  (  catid in(17,18,19,20,21)  ) ORDER BY listorder
                asc,createtime desc LIMIT 3 [ RunTime:0.000205s ]
[ sql ] [ SQL ] SELECT `catname` FROM `cool_category` WHERE  `id` = 18 LIMIT 1 [ RunTime:0.000172s ]
[ sql ] [ SQL ] SELECT `catname` FROM `cool_category` WHERE  `id` = 17 LIMIT 1 [ RunTime:0.000161s ]
[ sql ] [ SQL ] SELECT `catname` FROM `cool_category` WHERE  `id` = 17 LIMIT 1 [ RunTime:0.000144s ]
[ error ] [8]未定义变量: info[/data/wwwroot/www.hrbkcwl.com/runtime/temp/c48b970f7d9a96c92da5129398a8e2a2.php:10]
[ error ] [8]未定义变量: info[/data/wwwroot/www.hrbkcwl.com/runtime/temp/c48b970f7d9a96c92da5129398a8e2a2.php:11]
[ error ] [8]未定义变量: info[/data/wwwroot/www.hrbkcwl.com/runtime/temp/c48b970f7d9a96c92da5129398a8e2a2.php:12]
---------------------------------------------------------------
[ 2017-11-06T11:02:59+08:00 ] 172.17.245.113 111.206.36.145 GET /
[ info ] www.hrbkcwl.com/ [运行时间：0.018867s][吞吐率：53.00req/s] [内存消耗：773.54kb] [文件加载：55]
[ info ] [ LANG ] /data/wwwroot/www.hrbkcwl.com/think/lang/zh-cn.php
[ info ] [ ROUTE ] array (
  'type' => 'module',
  'module' => 
  array (
    0 => '',
    1 => NULL,
    2 => NULL,
  ),
)
[ info ] [ HEADER ] array (
  'user-agent' => 'Mozilla/5.0 (Macintosh; Intel Mac OS X 10_11_2) AppleWebKit/537.36 (KHTML, like Gecko) Chrome/47.0.2526.80 Safari/537.36',
  'host' => 'www.hrbkcwl.com',
  'connection' => 'close',
  'content-type' => '',
  'content-length' => '',
)
[ info ] [ PARAM ] array (
)
[ info ] [ DB ] INIT mysql
[ info ] [ CACHE ] INIT File
[ info ] [ RUN ] app\home\controller\Index->index[ /data/wwwroot/www.hrbkcwl.com/app/home/controller/Index.php ]
[ info ] [ VIEW ] /data/wwwroot/www.hrbkcwl.com/app/home/view/index_index.html [ array (
  0 => 'sys',
  1 => 'action',
  2 => 'controller',
  3 => 'title',
  4 => 'keywords',
  5 => 'description',
  6 => 'category',
  7 => 'adList',
  8 => 'linkList',
) ]
[ info ] [ LOG ] INIT File
[ sql ] [ DB ] CONNECT:[ UseTime:0.000332s ] mysql:dbname=db_cool;host=127.0.0.1;port=3306;charset=utf8
[ sql ] [ SQL ] SHOW COLUMNS FROM `cool_category` [ RunTime:0.000803s ]
[ sql ] [ SQL ] SELECT * FROM `cool_category` WHERE  `id` IS NULL LIMIT 1 [ RunTime:0.000270s ]
[ sql ] [ SQL ] SHOW COLUMNS FROM `cool_ad` [ RunTime:0.000483s ]
[ sql ] [ SQL ] SELECT * FROM `cool_ad` WHERE  `type_id` = 1  AND `open` = 1 ORDER BY sort asc LIMIT 4 [ RunTime:0.000225s ]
[ sql ] [ SQL ] SHOW COLUMNS FROM `cool_link` [ RunTime:0.000532s ]
[ sql ] [ SQL ] SELECT * FROM `cool_link` WHERE  `open` = 1 ORDER BY sort asc [ RunTime:0.000184s ]
[ sql ] [ SQL ] SHOW COLUMNS FROM `cool_page` [ RunTime:0.000558s ]
[ sql ] [ SQL ] SELECT `content` FROM `cool_page` WHERE  `id` = 2 LIMIT 1 [ RunTime:0.000163s ]
[ sql ] [ SQL ] SHOW COLUMNS FROM `cool_debris` [ RunTime:0.000450s ]
[ sql ] [ SQL ] SELECT * FROM `cool_debris` WHERE  (  type_id = 6 ) LIMIT 3 [ RunTime:0.000158s ]
[ sql ] [ SQL ] SELECT * FROM `cool_debris` WHERE  (  type_id = 6 ) LIMIT 3 [ RunTime:0.000160s ]
[ sql ] [ SQL ] SELECT * FROM `cool_debris` WHERE  (  type_id = 7 ) LIMIT 3 [ RunTime:0.000136s ]
[ sql ] [ SQL ] SELECT * FROM `cool_category` WHERE  (  parentid = 10 ) LIMIT 3 [ RunTime:0.000165s ]
[ sql ] [ SQL ] SHOW COLUMNS FROM `cool_case` [ RunTime:0.000539s ]
[ sql ] [ SQL ] SELECT `a`.*,`c`.`catdir` FROM `cool_case` `a` LEFT JOIN `cool_category` `c` ON `a`.`catid`=`c`.`id` ORDER BY listorder asc,createtime desc LIMIT 8 [ RunTime:0.000204s ]
[ sql ] [ SQL ] SELECT `catname` FROM `cool_category` WHERE  `id` = 23 LIMIT 1 [ RunTime:0.000146s ]
[ sql ] [ SQL ] SELECT `catname` FROM `cool_category` WHERE  `id` = 23 LIMIT 1 [ RunTime:0.000145s ]
[ sql ] [ SQL ] SELECT `catname` FROM `cool_category` WHERE  `id` = 23 LIMIT 1 [ RunTime:0.000158s ]
[ sql ] [ SQL ] SELECT `catname` FROM `cool_category` WHERE  `id` = 23 LIMIT 1 [ RunTime:0.000161s ]
[ sql ] [ SQL ] SELECT `catname` FROM `cool_category` WHERE  `id` = 23 LIMIT 1 [ RunTime:0.000145s ]
[ sql ] [ SQL ] SELECT `catname` FROM `cool_category` WHERE  `id` = 23 LIMIT 1 [ RunTime:0.000185s ]
[ sql ] [ SQL ] SELECT `catname` FROM `cool_category` WHERE  `id` = 23 LIMIT 1 [ RunTime:0.000185s ]
[ sql ] [ SQL ] SELECT `catname` FROM `cool_category` WHERE  `id` = 23 LIMIT 1 [ RunTime:0.000142s ]
[ sql ] [ SQL ] SHOW COLUMNS FROM `cool_fuwukehu` [ RunTime:0.000529s ]
[ sql ] [ SQL ] SELECT `a`.*,`c`.`catdir` FROM `cool_fuwukehu` `a` LEFT JOIN `cool_category` `c` ON `a`.`catid`=`c`.`id` WHERE  (  catid=22  ) ORDER BY listorder
                            asc,createtime desc LIMIT 10 [ RunTime:0.000204s ]
[ sql ] [ SQL ] SHOW COLUMNS FROM `cool_blog` [ RunTime:0.000490s ]
[ sql ] [ SQL ] SELECT `a`.*,`c`.`catdir` FROM `cool_blog` `a` LEFT JOIN `cool_category` `c` ON `a`.`catid`=`c`.`id` WHERE  (  catid in(17,18,19,20,21)  ) ORDER BY listorder
                asc,createtime desc LIMIT 3 [ RunTime:0.000194s ]
[ sql ] [ SQL ] SELECT `catname` FROM `cool_category` WHERE  `id` = 18 LIMIT 1 [ RunTime:0.000139s ]
[ sql ] [ SQL ] SELECT `catname` FROM `cool_category` WHERE  `id` = 17 LIMIT 1 [ RunTime:0.000145s ]
[ sql ] [ SQL ] SELECT `catname` FROM `cool_category` WHERE  `id` = 17 LIMIT 1 [ RunTime:0.000158s ]
[ error ] [8]未定义变量: info[/data/wwwroot/www.hrbkcwl.com/runtime/temp/c48b970f7d9a96c92da5129398a8e2a2.php:10]
[ error ] [8]未定义变量: info[/data/wwwroot/www.hrbkcwl.com/runtime/temp/c48b970f7d9a96c92da5129398a8e2a2.php:11]
[ error ] [8]未定义变量: info[/data/wwwroot/www.hrbkcwl.com/runtime/temp/c48b970f7d9a96c92da5129398a8e2a2.php:12]
---------------------------------------------------------------
[ 2017-11-06T12:02:27+08:00 ] 172.17.245.113 202.108.211.56 GET /
[ info ] www.hrbkcwl.com/ [运行时间：0.022884s][吞吐率：43.70req/s] [内存消耗：777.91kb] [文件加载：56]
[ info ] [ LANG ] /data/wwwroot/www.hrbkcwl.com/think/lang/zh-cn.php
[ info ] [ ROUTE ] array (
  'type' => 'module',
  'module' => 
  array (
    0 => '',
    1 => NULL,
    2 => NULL,
  ),
)
[ info ] [ HEADER ] array (
  'user-agent' => 'Mozilla/5.0 (X11; Linux x86_64) AppleWebKit/535.21 (KHTML, like Gecko) Chrome/19.0.1042.0 Safari/535.21',
  'accept' => 'text/html,application/xhtml+xml,application/xml;q=0.9,image/webp,*/*;q=0.8',
  'accept-encoding' => 'gzip, deflate, sdch',
  'accept-language' => 'zh-CN,zh;q=0.8,en-US;q=0.6,en;q=0.4',
  'cache-control' => 'no-cache',
  'pragma' => 'no-cache',
  'upgrade-insecure-requests' => '1',
  'host' => 'www.hrbkcwl.com',
  'connection' => 'keep-alive',
  'content-type' => '',
  'content-length' => '',
)
[ info ] [ PARAM ] array (
)
[ info ] [ DB ] INIT mysql
[ info ] [ CACHE ] INIT File
[ info ] [ RUN ] app\home\controller\Index->index[ /data/wwwroot/www.hrbkcwl.com/app/home/controller/Index.php ]
[ info ] [ VIEW ] /data/wwwroot/www.hrbkcwl.com/app/home/view/index_index.html [ array (
  0 => 'sys',
  1 => 'action',
  2 => 'controller',
  3 => 'title',
  4 => 'keywords',
  5 => 'description',
  6 => 'category',
  7 => 'adList',
  8 => 'linkList',
) ]
[ info ] [ LOG ] INIT File
[ sql ] [ DB ] CONNECT:[ UseTime:0.000344s ] mysql:dbname=db_cool;host=127.0.0.1;port=3306;charset=utf8
[ sql ] [ SQL ] SHOW COLUMNS FROM `cool_category` [ RunTime:0.000877s ]
[ sql ] [ SQL ] SELECT * FROM `cool_category` WHERE  `id` IS NULL LIMIT 1 [ RunTime:0.000254s ]
[ sql ] [ SQL ] SELECT * FROM `cool_category` WHERE  `parentid` = 0  AND `ismenu` = 1 ORDER BY `listorder` [ RunTime:0.000299s ]
[ sql ] [ SQL ] SELECT * FROM `cool_category` WHERE  `ismenu` = 1 ORDER BY `listorder` [ RunTime:0.000229s ]
[ sql ] [ SQL ] SHOW COLUMNS FROM `cool_ad` [ RunTime:0.000517s ]
[ sql ] [ SQL ] SELECT * FROM `cool_ad` WHERE  `type_id` = 1  AND `open` = 1 ORDER BY sort asc LIMIT 4 [ RunTime:0.000195s ]
[ sql ] [ SQL ] SHOW COLUMNS FROM `cool_link` [ RunTime:0.000504s ]
[ sql ] [ SQL ] SELECT * FROM `cool_link` WHERE  `open` = 1 ORDER BY sort asc [ RunTime:0.000193s ]
[ sql ] [ SQL ] SHOW COLUMNS FROM `cool_page` [ RunTime:0.000532s ]
[ sql ] [ SQL ] SELECT `content` FROM `cool_page` WHERE  `id` = 2 LIMIT 1 [ RunTime:0.000151s ]
[ sql ] [ SQL ] SHOW COLUMNS FROM `cool_debris` [ RunTime:0.000451s ]
[ sql ] [ SQL ] SELECT * FROM `cool_debris` WHERE  (  type_id = 6 ) LIMIT 3 [ RunTime:0.000143s ]
[ sql ] [ SQL ] SELECT * FROM `cool_debris` WHERE  (  type_id = 6 ) LIMIT 3 [ RunTime:0.000149s ]
[ sql ] [ SQL ] SELECT * FROM `cool_debris` WHERE  (  type_id = 7 ) LIMIT 3 [ RunTime:0.000160s ]
[ sql ] [ SQL ] SELECT * FROM `cool_category` WHERE  (  parentid = 10 ) LIMIT 3 [ RunTime:0.000180s ]
[ sql ] [ SQL ] SHOW COLUMNS FROM `cool_case` [ RunTime:0.000539s ]
[ sql ] [ SQL ] SELECT `a`.*,`c`.`catdir` FROM `cool_case` `a` LEFT JOIN `cool_category` `c` ON `a`.`catid`=`c`.`id` ORDER BY listorder asc,createtime desc LIMIT 8 [ RunTime:0.000215s ]
[ sql ] [ SQL ] SELECT `catname` FROM `cool_category` WHERE  `id` = 23 LIMIT 1 [ RunTime:0.000156s ]
[ sql ] [ SQL ] SELECT `catname` FROM `cool_category` WHERE  `id` = 23 LIMIT 1 [ RunTime:0.000141s ]
[ sql ] [ SQL ] SELECT `catname` FROM `cool_category` WHERE  `id` = 23 LIMIT 1 [ RunTime:0.000193s ]
[ sql ] [ SQL ] SELECT `catname` FROM `cool_category` WHERE  `id` = 23 LIMIT 1 [ RunTime:0.000142s ]
[ sql ] [ SQL ] SELECT `catname` FROM `cool_category` WHERE  `id` = 23 LIMIT 1 [ RunTime:0.000142s ]
[ sql ] [ SQL ] SELECT `catname` FROM `cool_category` WHERE  `id` = 23 LIMIT 1 [ RunTime:0.000162s ]
[ sql ] [ SQL ] SELECT `catname` FROM `cool_category` WHERE  `id` = 23 LIMIT 1 [ RunTime:0.000141s ]
[ sql ] [ SQL ] SELECT `catname` FROM `cool_category` WHERE  `id` = 23 LIMIT 1 [ RunTime:0.000167s ]
[ sql ] [ SQL ] SHOW COLUMNS FROM `cool_fuwukehu` [ RunTime:0.000536s ]
[ sql ] [ SQL ] SELECT `a`.*,`c`.`catdir` FROM `cool_fuwukehu` `a` LEFT JOIN `cool_category` `c` ON `a`.`catid`=`c`.`id` WHERE  (  catid=22  ) ORDER BY listorder
                            asc,createtime desc LIMIT 10 [ RunTime:0.000247s ]
[ sql ] [ SQL ] SHOW COLUMNS FROM `cool_blog` [ RunTime:0.000570s ]
[ sql ] [ SQL ] SELECT `a`.*,`c`.`catdir` FROM `cool_blog` `a` LEFT JOIN `cool_category` `c` ON `a`.`catid`=`c`.`id` WHERE  (  catid in(17,18,19,20,21)  ) ORDER BY listorder
                asc,createtime desc LIMIT 3 [ RunTime:0.000227s ]
[ sql ] [ SQL ] SELECT `catname` FROM `cool_category` WHERE  `id` = 18 LIMIT 1 [ RunTime:0.000163s ]
[ sql ] [ SQL ] SELECT `catname` FROM `cool_category` WHERE  `id` = 17 LIMIT 1 [ RunTime:0.000141s ]
[ sql ] [ SQL ] SELECT `catname` FROM `cool_category` WHERE  `id` = 17 LIMIT 1 [ RunTime:0.000154s ]
[ error ] [8]未定义变量: info[/data/wwwroot/www.hrbkcwl.com/runtime/temp/c48b970f7d9a96c92da5129398a8e2a2.php:10]
[ error ] [8]未定义变量: info[/data/wwwroot/www.hrbkcwl.com/runtime/temp/c48b970f7d9a96c92da5129398a8e2a2.php:11]
[ error ] [8]未定义变量: info[/data/wwwroot/www.hrbkcwl.com/runtime/temp/c48b970f7d9a96c92da5129398a8e2a2.php:12]
---------------------------------------------------------------
[ 2017-11-06T12:27:55+08:00 ] 172.17.245.113 106.11.227.227 GET /
[ info ] www.hrbkcwl.com/ [运行时间：0.022365s][吞吐率：44.71req/s] [内存消耗：774.30kb] [文件加载：55]
[ info ] [ LANG ] /data/wwwroot/www.hrbkcwl.com/think/lang/zh-cn.php
[ info ] [ ROUTE ] array (
  'type' => 'module',
  'module' => 
  array (
    0 => '',
    1 => NULL,
    2 => NULL,
  ),
)
[ info ] [ HEADER ] array (
  'accept-encoding' => 'gzip',
  'user-agent' => 'Mozilla/5.0 (iPad; CPU OS 9_1 like Mac OS X) AppleWebKit/601.1.46 (KHTML, like Gecko) Version/9.0 Mobile/13B143 Safari/601.1',
  'cache-control' => 'no-cache',
  'pragma' => 'no-cache',
  'host' => 'www.hrbkcwl.com',
  'accept' => 'text/html, image/gif, image/jpeg, *; q=.2, */*; q=.2',
  'connection' => 'keep-alive',
  'content-type' => '',
  'content-length' => '',
)
[ info ] [ PARAM ] array (
)
[ info ] [ DB ] INIT mysql
[ info ] [ CACHE ] INIT File
[ info ] [ RUN ] app\home\controller\Index->index[ /data/wwwroot/www.hrbkcwl.com/app/home/controller/Index.php ]
[ info ] [ VIEW ] /data/wwwroot/www.hrbkcwl.com/app/home/view/index_index.html [ array (
  0 => 'sys',
  1 => 'action',
  2 => 'controller',
  3 => 'title',
  4 => 'keywords',
  5 => 'description',
  6 => 'category',
  7 => 'adList',
  8 => 'linkList',
) ]
[ info ] [ LOG ] INIT File
[ sql ] [ DB ] CONNECT:[ UseTime:0.000336s ] mysql:dbname=db_cool;host=127.0.0.1;port=3306;charset=utf8
[ sql ] [ SQL ] SHOW COLUMNS FROM `cool_category` [ RunTime:0.000805s ]
[ sql ] [ SQL ] SELECT * FROM `cool_category` WHERE  `id` IS NULL LIMIT 1 [ RunTime:0.000244s ]
[ sql ] [ SQL ] SHOW COLUMNS FROM `cool_ad` [ RunTime:0.000437s ]
[ sql ] [ SQL ] SELECT * FROM `cool_ad` WHERE  `type_id` = 1  AND `open` = 1 ORDER BY sort asc LIMIT 4 [ RunTime:0.000227s ]
[ sql ] [ SQL ] SHOW COLUMNS FROM `cool_link` [ RunTime:0.000480s ]
[ sql ] [ SQL ] SELECT * FROM `cool_link` WHERE  `open` = 1 ORDER BY sort asc [ RunTime:0.000180s ]
[ sql ] [ SQL ] SHOW COLUMNS FROM `cool_page` [ RunTime:0.000527s ]
[ sql ] [ SQL ] SELECT `content` FROM `cool_page` WHERE  `id` = 2 LIMIT 1 [ RunTime:0.000171s ]
[ sql ] [ SQL ] SHOW COLUMNS FROM `cool_debris` [ RunTime:0.000568s ]
[ sql ] [ SQL ] SELECT * FROM `cool_debris` WHERE  (  type_id = 6 ) LIMIT 3 [ RunTime:0.000202s ]
[ sql ] [ SQL ] SELECT * FROM `cool_debris` WHERE  (  type_id = 6 ) LIMIT 3 [ RunTime:0.000154s ]
[ sql ] [ SQL ] SELECT * FROM `cool_debris` WHERE  (  type_id = 7 ) LIMIT 3 [ RunTime:0.000178s ]
[ sql ] [ SQL ] SELECT * FROM `cool_category` WHERE  (  parentid = 10 ) LIMIT 3 [ RunTime:0.000206s ]
[ sql ] [ SQL ] SHOW COLUMNS FROM `cool_case` [ RunTime:0.000541s ]
[ sql ] [ SQL ] SELECT `a`.*,`c`.`catdir` FROM `cool_case` `a` LEFT JOIN `cool_category` `c` ON `a`.`catid`=`c`.`id` ORDER BY listorder asc,createtime desc LIMIT 8 [ RunTime:0.000247s ]
[ sql ] [ SQL ] SELECT `catname` FROM `cool_category` WHERE  `id` = 23 LIMIT 1 [ RunTime:0.000174s ]
[ sql ] [ SQL ] SELECT `catname` FROM `cool_category` WHERE  `id` = 23 LIMIT 1 [ RunTime:0.000151s ]
[ sql ] [ SQL ] SELECT `catname` FROM `cool_category` WHERE  `id` = 23 LIMIT 1 [ RunTime:0.000172s ]
[ sql ] [ SQL ] SELECT `catname` FROM `cool_category` WHERE  `id` = 23 LIMIT 1 [ RunTime:0.000184s ]
[ sql ] [ SQL ] SELECT `catname` FROM `cool_category` WHERE  `id` = 23 LIMIT 1 [ RunTime:0.000183s ]
[ sql ] [ SQL ] SELECT `catname` FROM `cool_category` WHERE  `id` = 23 LIMIT 1 [ RunTime:0.000193s ]
[ sql ] [ SQL ] SELECT `catname` FROM `cool_category` WHERE  `id` = 23 LIMIT 1 [ RunTime:0.000164s ]
[ sql ] [ SQL ] SELECT `catname` FROM `cool_category` WHERE  `id` = 23 LIMIT 1 [ RunTime:0.000177s ]
[ sql ] [ SQL ] SHOW COLUMNS FROM `cool_fuwukehu` [ RunTime:0.000626s ]
[ sql ] [ SQL ] SELECT `a`.*,`c`.`catdir` FROM `cool_fuwukehu` `a` LEFT JOIN `cool_category` `c` ON `a`.`catid`=`c`.`id` WHERE  (  catid=22  ) ORDER BY listorder
                            asc,createtime desc LIMIT 10 [ RunTime:0.000235s ]
[ sql ] [ SQL ] SHOW COLUMNS FROM `cool_blog` [ RunTime:0.000512s ]
[ sql ] [ SQL ] SELECT `a`.*,`c`.`catdir` FROM `cool_blog` `a` LEFT JOIN `cool_category` `c` ON `a`.`catid`=`c`.`id` WHERE  (  catid in(17,18,19,20,21)  ) ORDER BY listorder
                asc,createtime desc LIMIT 3 [ RunTime:0.000267s ]
[ sql ] [ SQL ] SELECT `catname` FROM `cool_category` WHERE  `id` = 18 LIMIT 1 [ RunTime:0.000183s ]
[ sql ] [ SQL ] SELECT `catname` FROM `cool_category` WHERE  `id` = 17 LIMIT 1 [ RunTime:0.000183s ]
[ sql ] [ SQL ] SELECT `catname` FROM `cool_category` WHERE  `id` = 17 LIMIT 1 [ RunTime:0.000170s ]
[ error ] [8]未定义变量: info[/data/wwwroot/www.hrbkcwl.com/runtime/temp/c48b970f7d9a96c92da5129398a8e2a2.php:10]
[ error ] [8]未定义变量: info[/data/wwwroot/www.hrbkcwl.com/runtime/temp/c48b970f7d9a96c92da5129398a8e2a2.php:11]
[ error ] [8]未定义变量: info[/data/wwwroot/www.hrbkcwl.com/runtime/temp/c48b970f7d9a96c92da5129398a8e2a2.php:12]
---------------------------------------------------------------
[ 2017-11-06T12:36:08+08:00 ] 172.17.245.113 66.45.243.203 HEAD /
[ info ] www.hrbkcwl.com/ [运行时间：0.020016s][吞吐率：49.96req/s] [内存消耗：773.55kb] [文件加载：55]
[ info ] [ LANG ] /data/wwwroot/www.hrbkcwl.com/think/lang/zh-cn.php
[ info ] [ ROUTE ] array (
  'type' => 'module',
  'module' => 
  array (
    0 => '',
    1 => NULL,
    2 => NULL,
  ),
)
[ info ] [ HEADER ] array (
  'host' => 'www.hrbkcwl.com',
  'user-agent' => 'Mozilla/5.0 (compatible; Uptimebot/1.0; +http://www.uptime.com/uptimebot)',
  'referer' => 'http://uptime-alpha.net/www.hrbkcwl.com',
  'connection' => 'close',
  'content-type' => '',
  'content-length' => '',
)
[ info ] [ PARAM ] array (
)
[ info ] [ DB ] INIT mysql
[ info ] [ CACHE ] INIT File
[ info ] [ RUN ] app\home\controller\Index->index[ /data/wwwroot/www.hrbkcwl.com/app/home/controller/Index.php ]
[ info ] [ VIEW ] /data/wwwroot/www.hrbkcwl.com/app/home/view/index_index.html [ array (
  0 => 'sys',
  1 => 'action',
  2 => 'controller',
  3 => 'title',
  4 => 'keywords',
  5 => 'description',
  6 => 'category',
  7 => 'adList',
  8 => 'linkList',
) ]
[ info ] [ LOG ] INIT File
[ sql ] [ DB ] CONNECT:[ UseTime:0.000366s ] mysql:dbname=db_cool;host=127.0.0.1;port=3306;charset=utf8
[ sql ] [ SQL ] SHOW COLUMNS FROM `cool_category` [ RunTime:0.000848s ]
[ sql ] [ SQL ] SELECT * FROM `cool_category` WHERE  `id` IS NULL LIMIT 1 [ RunTime:0.000245s ]
[ sql ] [ SQL ] SHOW COLUMNS FROM `cool_ad` [ RunTime:0.000480s ]
[ sql ] [ SQL ] SELECT * FROM `cool_ad` WHERE  `type_id` = 1  AND `open` = 1 ORDER BY sort asc LIMIT 4 [ RunTime:0.000230s ]
[ sql ] [ SQL ] SHOW COLUMNS FROM `cool_link` [ RunTime:0.000448s ]
[ sql ] [ SQL ] SELECT * FROM `cool_link` WHERE  `open` = 1 ORDER BY sort asc [ RunTime:0.000187s ]
[ sql ] [ SQL ] SHOW COLUMNS FROM `cool_page` [ RunTime:0.000493s ]
[ sql ] [ SQL ] SELECT `content` FROM `cool_page` WHERE  `id` = 2 LIMIT 1 [ RunTime:0.000189s ]
[ sql ] [ SQL ] SHOW COLUMNS FROM `cool_debris` [ RunTime:0.000467s ]
[ sql ] [ SQL ] SELECT * FROM `cool_debris` WHERE  (  type_id = 6 ) LIMIT 3 [ RunTime:0.000181s ]
[ sql ] [ SQL ] SELECT * FROM `cool_debris` WHERE  (  type_id = 6 ) LIMIT 3 [ RunTime:0.000176s ]
[ sql ] [ SQL ] SELECT * FROM `cool_debris` WHERE  (  type_id = 7 ) LIMIT 3 [ RunTime:0.000148s ]
[ sql ] [ SQL ] SELECT * FROM `cool_category` WHERE  (  parentid = 10 ) LIMIT 3 [ RunTime:0.000190s ]
[ sql ] [ SQL ] SHOW COLUMNS FROM `cool_case` [ RunTime:0.000548s ]
[ sql ] [ SQL ] SELECT `a`.*,`c`.`catdir` FROM `cool_case` `a` LEFT JOIN `cool_category` `c` ON `a`.`catid`=`c`.`id` ORDER BY listorder asc,createtime desc LIMIT 8 [ RunTime:0.000213s ]
[ sql ] [ SQL ] SELECT `catname` FROM `cool_category` WHERE  `id` = 23 LIMIT 1 [ RunTime:0.000185s ]
[ sql ] [ SQL ] SELECT `catname` FROM `cool_category` WHERE  `id` = 23 LIMIT 1 [ RunTime:0.000149s ]
[ sql ] [ SQL ] SELECT `catname` FROM `cool_category` WHERE  `id` = 23 LIMIT 1 [ RunTime:0.000149s ]
[ sql ] [ SQL ] SELECT `catname` FROM `cool_category` WHERE  `id` = 23 LIMIT 1 [ RunTime:0.000174s ]
[ sql ] [ SQL ] SELECT `catname` FROM `cool_category` WHERE  `id` = 23 LIMIT 1 [ RunTime:0.000164s ]
[ sql ] [ SQL ] SELECT `catname` FROM `cool_category` WHERE  `id` = 23 LIMIT 1 [ RunTime:0.000224s ]
[ sql ] [ SQL ] SELECT `catname` FROM `cool_category` WHERE  `id` = 23 LIMIT 1 [ RunTime:0.000163s ]
[ sql ] [ SQL ] SELECT `catname` FROM `cool_category` WHERE  `id` = 23 LIMIT 1 [ RunTime:0.000177s ]
[ sql ] [ SQL ] SHOW COLUMNS FROM `cool_fuwukehu` [ RunTime:0.000572s ]
[ sql ] [ SQL ] SELECT `a`.*,`c`.`catdir` FROM `cool_fuwukehu` `a` LEFT JOIN `cool_category` `c` ON `a`.`catid`=`c`.`id` WHERE  (  catid=22  ) ORDER BY listorder
                            asc,createtime desc LIMIT 10 [ RunTime:0.000218s ]
[ sql ] [ SQL ] SHOW COLUMNS FROM `cool_blog` [ RunTime:0.000531s ]
[ sql ] [ SQL ] SELECT `a`.*,`c`.`catdir` FROM `cool_blog` `a` LEFT JOIN `cool_category` `c` ON `a`.`catid`=`c`.`id` WHERE  (  catid in(17,18,19,20,21)  ) ORDER BY listorder
                asc,createtime desc LIMIT 3 [ RunTime:0.000245s ]
[ sql ] [ SQL ] SELECT `catname` FROM `cool_category` WHERE  `id` = 18 LIMIT 1 [ RunTime:0.000210s ]
[ sql ] [ SQL ] SELECT `catname` FROM `cool_category` WHERE  `id` = 17 LIMIT 1 [ RunTime:0.000168s ]
[ sql ] [ SQL ] SELECT `catname` FROM `cool_category` WHERE  `id` = 17 LIMIT 1 [ RunTime:0.000212s ]
[ error ] [8]未定义变量: info[/data/wwwroot/www.hrbkcwl.com/runtime/temp/c48b970f7d9a96c92da5129398a8e2a2.php:10]
[ error ] [8]未定义变量: info[/data/wwwroot/www.hrbkcwl.com/runtime/temp/c48b970f7d9a96c92da5129398a8e2a2.php:11]
[ error ] [8]未定义变量: info[/data/wwwroot/www.hrbkcwl.com/runtime/temp/c48b970f7d9a96c92da5129398a8e2a2.php:12]
---------------------------------------------------------------
[ 2017-11-06T17:12:20+08:00 ] 172.17.245.113 220.181.108.102 GET /
[ info ] www.hrbkcwl.com/ [运行时间：0.021886s][吞吐率：45.69req/s] [内存消耗：777.36kb] [文件加载：56]
[ info ] [ LANG ] /data/wwwroot/www.hrbkcwl.com/think/lang/zh-cn.php
[ info ] [ ROUTE ] array (
  'type' => 'module',
  'module' => 
  array (
    0 => '',
    1 => NULL,
    2 => NULL,
  ),
)
[ info ] [ HEADER ] array (
  'host' => 'www.hrbkcwl.com',
  'connection' => 'close',
  'user-agent' => 'Mozilla/5.0 (compatible; Baiduspider/2.0; +http://www.baidu.com/search/spider.html)',
  'accept-language' => 'zh-cn,zh-tw',
  'if-none-match' => '"@NULL@"',
  'accept-encoding' => 'gzip',
  'accept' => '*/*',
  'content-type' => '',
  'content-length' => '',
)
[ info ] [ PARAM ] array (
)
[ info ] [ DB ] INIT mysql
[ info ] [ CACHE ] INIT File
[ info ] [ RUN ] app\home\controller\Index->index[ /data/wwwroot/www.hrbkcwl.com/app/home/controller/Index.php ]
[ info ] [ VIEW ] /data/wwwroot/www.hrbkcwl.com/app/home/view/index_index.html [ array (
  0 => 'sys',
  1 => 'action',
  2 => 'controller',
  3 => 'title',
  4 => 'keywords',
  5 => 'description',
  6 => 'category',
  7 => 'adList',
  8 => 'linkList',
) ]
[ info ] [ LOG ] INIT File
[ sql ] [ DB ] CONNECT:[ UseTime:0.000345s ] mysql:dbname=db_cool;host=127.0.0.1;port=3306;charset=utf8
[ sql ] [ SQL ] SHOW COLUMNS FROM `cool_category` [ RunTime:0.000837s ]
[ sql ] [ SQL ] SELECT * FROM `cool_category` WHERE  `id` IS NULL LIMIT 1 [ RunTime:0.000294s ]
[ sql ] [ SQL ] SELECT * FROM `cool_category` WHERE  `parentid` = 0  AND `ismenu` = 1 ORDER BY `listorder` [ RunTime:0.000271s ]
[ sql ] [ SQL ] SELECT * FROM `cool_category` WHERE  `ismenu` = 1 ORDER BY `listorder` [ RunTime:0.000256s ]
[ sql ] [ SQL ] SHOW COLUMNS FROM `cool_ad` [ RunTime:0.000478s ]
[ sql ] [ SQL ] SELECT * FROM `cool_ad` WHERE  `type_id` = 1  AND `open` = 1 ORDER BY sort asc LIMIT 4 [ RunTime:0.000175s ]
[ sql ] [ SQL ] SHOW COLUMNS FROM `cool_link` [ RunTime:0.000422s ]
[ sql ] [ SQL ] SELECT * FROM `cool_link` WHERE  `open` = 1 ORDER BY sort asc [ RunTime:0.000195s ]
[ sql ] [ SQL ] SHOW COLUMNS FROM `cool_page` [ RunTime:0.000502s ]
[ sql ] [ SQL ] SELECT `content` FROM `cool_page` WHERE  `id` = 2 LIMIT 1 [ RunTime:0.000151s ]
[ sql ] [ SQL ] SHOW COLUMNS FROM `cool_debris` [ RunTime:0.000464s ]
[ sql ] [ SQL ] SELECT * FROM `cool_debris` WHERE  (  type_id = 6 ) LIMIT 3 [ RunTime:0.000162s ]
[ sql ] [ SQL ] SELECT * FROM `cool_debris` WHERE  (  type_id = 6 ) LIMIT 3 [ RunTime:0.000144s ]
[ sql ] [ SQL ] SELECT * FROM `cool_debris` WHERE  (  type_id = 7 ) LIMIT 3 [ RunTime:0.000135s ]
[ sql ] [ SQL ] SELECT * FROM `cool_category` WHERE  (  parentid = 10 ) LIMIT 3 [ RunTime:0.000162s ]
[ sql ] [ SQL ] SHOW COLUMNS FROM `cool_case` [ RunTime:0.000623s ]
[ sql ] [ SQL ] SELECT `a`.*,`c`.`catdir` FROM `cool_case` `a` LEFT JOIN `cool_category` `c` ON `a`.`catid`=`c`.`id` ORDER BY listorder asc,createtime desc LIMIT 8 [ RunTime:0.000228s ]
[ sql ] [ SQL ] SELECT `catname` FROM `cool_category` WHERE  `id` = 23 LIMIT 1 [ RunTime:0.000159s ]
[ sql ] [ SQL ] SELECT `catname` FROM `cool_category` WHERE  `id` = 23 LIMIT 1 [ RunTime:0.000154s ]
[ sql ] [ SQL ] SELECT `catname` FROM `cool_category` WHERE  `id` = 23 LIMIT 1 [ RunTime:0.000170s ]
[ sql ] [ SQL ] SELECT `catname` FROM `cool_category` WHERE  `id` = 23 LIMIT 1 [ RunTime:0.000150s ]
[ sql ] [ SQL ] SELECT `catname` FROM `cool_category` WHERE  `id` = 23 LIMIT 1 [ RunTime:0.000143s ]
[ sql ] [ SQL ] SELECT `catname` FROM `cool_category` WHERE  `id` = 23 LIMIT 1 [ RunTime:0.000150s ]
[ sql ] [ SQL ] SELECT `catname` FROM `cool_category` WHERE  `id` = 23 LIMIT 1 [ RunTime:0.000141s ]
[ sql ] [ SQL ] SELECT `catname` FROM `cool_category` WHERE  `id` = 23 LIMIT 1 [ RunTime:0.000143s ]
[ sql ] [ SQL ] SHOW COLUMNS FROM `cool_fuwukehu` [ RunTime:0.000533s ]
[ sql ] [ SQL ] SELECT `a`.*,`c`.`catdir` FROM `cool_fuwukehu` `a` LEFT JOIN `cool_category` `c` ON `a`.`catid`=`c`.`id` WHERE  (  catid=22  ) ORDER BY listorder
                            asc,createtime desc LIMIT 10 [ RunTime:0.000251s ]
[ sql ] [ SQL ] SHOW COLUMNS FROM `cool_blog` [ RunTime:0.000517s ]
[ sql ] [ SQL ] SELECT `a`.*,`c`.`catdir` FROM `cool_blog` `a` LEFT JOIN `cool_category` `c` ON `a`.`catid`=`c`.`id` WHERE  (  catid in(17,18,19,20,21)  ) ORDER BY listorder
                asc,createtime desc LIMIT 3 [ RunTime:0.000211s ]
[ sql ] [ SQL ] SELECT `catname` FROM `cool_category` WHERE  `id` = 18 LIMIT 1 [ RunTime:0.000155s ]
[ sql ] [ SQL ] SELECT `catname` FROM `cool_category` WHERE  `id` = 17 LIMIT 1 [ RunTime:0.000147s ]
[ sql ] [ SQL ] SELECT `catname` FROM `cool_category` WHERE  `id` = 17 LIMIT 1 [ RunTime:0.000171s ]
[ error ] [8]未定义变量: info[/data/wwwroot/www.hrbkcwl.com/runtime/temp/c48b970f7d9a96c92da5129398a8e2a2.php:10]
[ error ] [8]未定义变量: info[/data/wwwroot/www.hrbkcwl.com/runtime/temp/c48b970f7d9a96c92da5129398a8e2a2.php:11]
[ error ] [8]未定义变量: info[/data/wwwroot/www.hrbkcwl.com/runtime/temp/c48b970f7d9a96c92da5129398a8e2a2.php:12]
---------------------------------------------------------------
[ 2017-11-06T22:26:20+08:00 ] 172.17.245.113 183.136.190.62 GET /
[ info ] www.hrbkcwl.com/ [运行时间：0.019806s][吞吐率：50.49req/s] [内存消耗：777.52kb] [文件加载：56]
[ info ] [ LANG ] /data/wwwroot/www.hrbkcwl.com/think/lang/zh-cn.php
[ info ] [ ROUTE ] array (
  'type' => 'module',
  'module' => 
  array (
    0 => '',
    1 => NULL,
    2 => NULL,
  ),
)
[ info ] [ HEADER ] array (
  'host' => 'www.hrbkcwl.com',
  'user-agent' => 'Mozilla/5.0 (Windows NT 6.1) AppleWebKit/537.36 (KHTML, like Gecko) Chrome/35.0.1916.153 Safari/537.36',
  'accept' => 'text/html,application/xhtml+xml,application/xml;q=0.9,image/webp,*/*;q=0.8',
  'accept-encoding' => '',
  'accept-language' => 'zh-CN,zh;q=0.8',
  'cache-control' => 'max-age=0',
  'connection' => 'close',
  'content-type' => '',
  'content-length' => '',
)
[ info ] [ PARAM ] array (
)
[ info ] [ DB ] INIT mysql
[ info ] [ CACHE ] INIT File
[ info ] [ RUN ] app\home\controller\Index->index[ /data/wwwroot/www.hrbkcwl.com/app/home/controller/Index.php ]
[ info ] [ VIEW ] /data/wwwroot/www.hrbkcwl.com/app/home/view/index_index.html [ array (
  0 => 'sys',
  1 => 'action',
  2 => 'controller',
  3 => 'title',
  4 => 'keywords',
  5 => 'description',
  6 => 'category',
  7 => 'adList',
  8 => 'linkList',
) ]
[ info ] [ LOG ] INIT File
[ sql ] [ DB ] CONNECT:[ UseTime:0.000350s ] mysql:dbname=db_cool;host=127.0.0.1;port=3306;charset=utf8
[ sql ] [ SQL ] SHOW COLUMNS FROM `cool_category` [ RunTime:0.000784s ]
[ sql ] [ SQL ] SELECT * FROM `cool_category` WHERE  `id` IS NULL LIMIT 1 [ RunTime:0.000230s ]
[ sql ] [ SQL ] SELECT * FROM `cool_category` WHERE  `parentid` = 0  AND `ismenu` = 1 ORDER BY `listorder` [ RunTime:0.000255s ]
[ sql ] [ SQL ] SELECT * FROM `cool_category` WHERE  `ismenu` = 1 ORDER BY `listorder` [ RunTime:0.000197s ]
[ sql ] [ SQL ] SHOW COLUMNS FROM `cool_ad` [ RunTime:0.000490s ]
[ sql ] [ SQL ] SELECT * FROM `cool_ad` WHERE  `type_id` = 1  AND `open` = 1 ORDER BY sort asc LIMIT 4 [ RunTime:0.000221s ]
[ sql ] [ SQL ] SHOW COLUMNS FROM `cool_link` [ RunTime:0.000535s ]
[ sql ] [ SQL ] SELECT * FROM `cool_link` WHERE  `open` = 1 ORDER BY sort asc [ RunTime:0.000186s ]
[ sql ] [ SQL ] SHOW COLUMNS FROM `cool_page` [ RunTime:0.000528s ]
[ sql ] [ SQL ] SELECT `content` FROM `cool_page` WHERE  `id` = 2 LIMIT 1 [ RunTime:0.000159s ]
[ sql ] [ SQL ] SHOW COLUMNS FROM `cool_debris` [ RunTime:0.000440s ]
[ sql ] [ SQL ] SELECT * FROM `cool_debris` WHERE  (  type_id = 6 ) LIMIT 3 [ RunTime:0.000137s ]
[ sql ] [ SQL ] SELECT * FROM `cool_debris` WHERE  (  type_id = 6 ) LIMIT 3 [ RunTime:0.000170s ]
[ sql ] [ SQL ] SELECT * FROM `cool_debris` WHERE  (  type_id = 7 ) LIMIT 3 [ RunTime:0.000148s ]
[ sql ] [ SQL ] SELECT * FROM `cool_category` WHERE  (  parentid = 10 ) LIMIT 3 [ RunTime:0.000166s ]
[ sql ] [ SQL ] SHOW COLUMNS FROM `cool_case` [ RunTime:0.000557s ]
[ sql ] [ SQL ] SELECT `a`.*,`c`.`catdir` FROM `cool_case` `a` LEFT JOIN `cool_category` `c` ON `a`.`catid`=`c`.`id` ORDER BY listorder asc,createtime desc LIMIT 8 [ RunTime:0.000204s ]
[ sql ] [ SQL ] SELECT `catname` FROM `cool_category` WHERE  `id` = 23 LIMIT 1 [ RunTime:0.000145s ]
[ sql ] [ SQL ] SELECT `catname` FROM `cool_category` WHERE  `id` = 23 LIMIT 1 [ RunTime:0.000144s ]
[ sql ] [ SQL ] SELECT `catname` FROM `cool_category` WHERE  `id` = 23 LIMIT 1 [ RunTime:0.000145s ]
[ sql ] [ SQL ] SELECT `catname` FROM `cool_category` WHERE  `id` = 23 LIMIT 1 [ RunTime:0.000133s ]
[ sql ] [ SQL ] SELECT `catname` FROM `cool_category` WHERE  `id` = 23 LIMIT 1 [ RunTime:0.000132s ]
[ sql ] [ SQL ] SELECT `catname` FROM `cool_category` WHERE  `id` = 23 LIMIT 1 [ RunTime:0.000132s ]
[ sql ] [ SQL ] SELECT `catname` FROM `cool_category` WHERE  `id` = 23 LIMIT 1 [ RunTime:0.000167s ]
[ sql ] [ SQL ] SELECT `catname` FROM `cool_category` WHERE  `id` = 23 LIMIT 1 [ RunTime:0.000146s ]
[ sql ] [ SQL ] SHOW COLUMNS FROM `cool_fuwukehu` [ RunTime:0.000535s ]
[ sql ] [ SQL ] SELECT `a`.*,`c`.`catdir` FROM `cool_fuwukehu` `a` LEFT JOIN `cool_category` `c` ON `a`.`catid`=`c`.`id` WHERE  (  catid=22  ) ORDER BY listorder
                            asc,createtime desc LIMIT 10 [ RunTime:0.000199s ]
[ sql ] [ SQL ] SHOW COLUMNS FROM `cool_blog` [ RunTime:0.000492s ]
[ sql ] [ SQL ] SELECT `a`.*,`c`.`catdir` FROM `cool_blog` `a` LEFT JOIN `cool_category` `c` ON `a`.`catid`=`c`.`id` WHERE  (  catid in(17,18,19,20,21)  ) ORDER BY listorder
                asc,createtime desc LIMIT 3 [ RunTime:0.000217s ]
[ sql ] [ SQL ] SELECT `catname` FROM `cool_category` WHERE  `id` = 18 LIMIT 1 [ RunTime:0.000148s ]
[ sql ] [ SQL ] SELECT `catname` FROM `cool_category` WHERE  `id` = 17 LIMIT 1 [ RunTime:0.000143s ]
[ sql ] [ SQL ] SELECT `catname` FROM `cool_category` WHERE  `id` = 17 LIMIT 1 [ RunTime:0.000148s ]
[ error ] [8]未定义变量: info[/data/wwwroot/www.hrbkcwl.com/runtime/temp/c48b970f7d9a96c92da5129398a8e2a2.php:10]
[ error ] [8]未定义变量: info[/data/wwwroot/www.hrbkcwl.com/runtime/temp/c48b970f7d9a96c92da5129398a8e2a2.php:11]
[ error ] [8]未定义变量: info[/data/wwwroot/www.hrbkcwl.com/runtime/temp/c48b970f7d9a96c92da5129398a8e2a2.php:12]
---------------------------------------------------------------
[ 2017-11-06T22:56:58+08:00 ] 172.17.245.113 101.226.66.174 GET /
[ info ] www.hrbkcwl.com/ [运行时间：0.020889s][吞吐率：47.87req/s] [内存消耗：773.68kb] [文件加载：55]
[ info ] [ LANG ] /data/wwwroot/www.hrbkcwl.com/think/lang/zh-cn.php
[ info ] [ ROUTE ] array (
  'type' => 'module',
  'module' => 
  array (
    0 => '',
    1 => NULL,
    2 => NULL,
  ),
)
[ info ] [ HEADER ] array (
  'user-agent' => 'Mozilla/5.0 (Windows NT 6.1) AppleWebKit/537.22 (KHTML, like Gecko) Chrome/25.0.1364.97 Safari/537.22',
  'accept-encoding' => 'gzip,deflate',
  'host' => 'www.hrbkcwl.com',
  'connection' => 'keep-alive',
  'content-type' => '',
  'content-length' => '',
)
[ info ] [ PARAM ] array (
)
[ info ] [ DB ] INIT mysql
[ info ] [ CACHE ] INIT File
[ info ] [ RUN ] app\home\controller\Index->index[ /data/wwwroot/www.hrbkcwl.com/app/home/controller/Index.php ]
[ info ] [ VIEW ] /data/wwwroot/www.hrbkcwl.com/app/home/view/index_index.html [ array (
  0 => 'sys',
  1 => 'action',
  2 => 'controller',
  3 => 'title',
  4 => 'keywords',
  5 => 'description',
  6 => 'category',
  7 => 'adList',
  8 => 'linkList',
) ]
[ info ] [ LOG ] INIT File
[ sql ] [ DB ] CONNECT:[ UseTime:0.000338s ] mysql:dbname=db_cool;host=127.0.0.1;port=3306;charset=utf8
[ sql ] [ SQL ] SHOW COLUMNS FROM `cool_category` [ RunTime:0.000790s ]
[ sql ] [ SQL ] SELECT * FROM `cool_category` WHERE  `id` IS NULL LIMIT 1 [ RunTime:0.000238s ]
[ sql ] [ SQL ] SHOW COLUMNS FROM `cool_ad` [ RunTime:0.000433s ]
[ sql ] [ SQL ] SELECT * FROM `cool_ad` WHERE  `type_id` = 1  AND `open` = 1 ORDER BY sort asc LIMIT 4 [ RunTime:0.000201s ]
[ sql ] [ SQL ] SHOW COLUMNS FROM `cool_link` [ RunTime:0.000499s ]
[ sql ] [ SQL ] SELECT * FROM `cool_link` WHERE  `open` = 1 ORDER BY sort asc [ RunTime:0.000181s ]
[ sql ] [ SQL ] SHOW COLUMNS FROM `cool_page` [ RunTime:0.000470s ]
[ sql ] [ SQL ] SELECT `content` FROM `cool_page` WHERE  `id` = 2 LIMIT 1 [ RunTime:0.000150s ]
[ sql ] [ SQL ] SHOW COLUMNS FROM `cool_debris` [ RunTime:0.000458s ]
[ sql ] [ SQL ] SELECT * FROM `cool_debris` WHERE  (  type_id = 6 ) LIMIT 3 [ RunTime:0.000172s ]
[ sql ] [ SQL ] SELECT * FROM `cool_debris` WHERE  (  type_id = 6 ) LIMIT 3 [ RunTime:0.000146s ]
[ sql ] [ SQL ] SELECT * FROM `cool_debris` WHERE  (  type_id = 7 ) LIMIT 3 [ RunTime:0.000200s ]
[ sql ] [ SQL ] SELECT * FROM `cool_category` WHERE  (  parentid = 10 ) LIMIT 3 [ RunTime:0.000226s ]
[ sql ] [ SQL ] SHOW COLUMNS FROM `cool_case` [ RunTime:0.000622s ]
[ sql ] [ SQL ] SELECT `a`.*,`c`.`catdir` FROM `cool_case` `a` LEFT JOIN `cool_category` `c` ON `a`.`catid`=`c`.`id` ORDER BY listorder asc,createtime desc LIMIT 8 [ RunTime:0.000253s ]
[ sql ] [ SQL ] SELECT `catname` FROM `cool_category` WHERE  `id` = 23 LIMIT 1 [ RunTime:0.000237s ]
[ sql ] [ SQL ] SELECT `catname` FROM `cool_category` WHERE  `id` = 23 LIMIT 1 [ RunTime:0.000182s ]
[ sql ] [ SQL ] SELECT `catname` FROM `cool_category` WHERE  `id` = 23 LIMIT 1 [ RunTime:0.000148s ]
[ sql ] [ SQL ] SELECT `catname` FROM `cool_category` WHERE  `id` = 23 LIMIT 1 [ RunTime:0.000161s ]
[ sql ] [ SQL ] SELECT `catname` FROM `cool_category` WHERE  `id` = 23 LIMIT 1 [ RunTime:0.000144s ]
[ sql ] [ SQL ] SELECT `catname` FROM `cool_category` WHERE  `id` = 23 LIMIT 1 [ RunTime:0.000150s ]
[ sql ] [ SQL ] SELECT `catname` FROM `cool_category` WHERE  `id` = 23 LIMIT 1 [ RunTime:0.000145s ]
[ sql ] [ SQL ] SELECT `catname` FROM `cool_category` WHERE  `id` = 23 LIMIT 1 [ RunTime:0.000132s ]
[ sql ] [ SQL ] SHOW COLUMNS FROM `cool_fuwukehu` [ RunTime:0.000604s ]
[ sql ] [ SQL ] SELECT `a`.*,`c`.`catdir` FROM `cool_fuwukehu` `a` LEFT JOIN `cool_category` `c` ON `a`.`catid`=`c`.`id` WHERE  (  catid=22  ) ORDER BY listorder
                            asc,createtime desc LIMIT 10 [ RunTime:0.000208s ]
[ sql ] [ SQL ] SHOW COLUMNS FROM `cool_blog` [ RunTime:0.000494s ]
[ sql ] [ SQL ] SELECT `a`.*,`c`.`catdir` FROM `cool_blog` `a` LEFT JOIN `cool_category` `c` ON `a`.`catid`=`c`.`id` WHERE  (  catid in(17,18,19,20,21)  ) ORDER BY listorder
                asc,createtime desc LIMIT 3 [ RunTime:0.000215s ]
[ sql ] [ SQL ] SELECT `catname` FROM `cool_category` WHERE  `id` = 18 LIMIT 1 [ RunTime:0.000140s ]
[ sql ] [ SQL ] SELECT `catname` FROM `cool_category` WHERE  `id` = 17 LIMIT 1 [ RunTime:0.000141s ]
[ sql ] [ SQL ] SELECT `catname` FROM `cool_category` WHERE  `id` = 17 LIMIT 1 [ RunTime:0.000143s ]
[ error ] [8]未定义变量: info[/data/wwwroot/www.hrbkcwl.com/runtime/temp/c48b970f7d9a96c92da5129398a8e2a2.php:10]
[ error ] [8]未定义变量: info[/data/wwwroot/www.hrbkcwl.com/runtime/temp/c48b970f7d9a96c92da5129398a8e2a2.php:11]
[ error ] [8]未定义变量: info[/data/wwwroot/www.hrbkcwl.com/runtime/temp/c48b970f7d9a96c92da5129398a8e2a2.php:12]
---------------------------------------------------------------
[ 2017-11-06T22:57:48+08:00 ] 172.17.245.113 52.25.55.43 GET /
[ info ] www.hrbkcwl.com/ [运行时间：0.021072s][吞吐率：47.46req/s] [内存消耗：774.00kb] [文件加载：55]
[ info ] [ LANG ] /data/wwwroot/www.hrbkcwl.com/think/lang/zh-cn.php
[ info ] [ ROUTE ] array (
  'type' => 'module',
  'module' => 
  array (
    0 => '',
    1 => NULL,
    2 => NULL,
  ),
)
[ info ] [ HEADER ] array (
  'accept' => 'text/html,application/xhtml+xml,application/xml;q=0.9,*/*;q=0.8',
  'user-agent' => 'Mozilla/5.0 (X11; Linux x86_64) AppleWebKit/534.34 (KHTML, like Gecko) Qt/4.8.2',
  'connection' => 'Keep-Alive',
  'accept-encoding' => 'gzip',
  'accept-language' => 'en-US,*',
  'host' => 'www.hrbkcwl.com',
  'content-type' => '',
  'content-length' => '',
)
[ info ] [ PARAM ] array (
)
[ info ] [ DB ] INIT mysql
[ info ] [ CACHE ] INIT File
[ info ] [ RUN ] app\home\controller\Index->index[ /data/wwwroot/www.hrbkcwl.com/app/home/controller/Index.php ]
[ info ] [ VIEW ] /data/wwwroot/www.hrbkcwl.com/app/home/view/index_index.html [ array (
  0 => 'sys',
  1 => 'action',
  2 => 'controller',
  3 => 'title',
  4 => 'keywords',
  5 => 'description',
  6 => 'category',
  7 => 'adList',
  8 => 'linkList',
) ]
[ info ] [ LOG ] INIT File
[ sql ] [ DB ] CONNECT:[ UseTime:0.000346s ] mysql:dbname=db_cool;host=127.0.0.1;port=3306;charset=utf8
[ sql ] [ SQL ] SHOW COLUMNS FROM `cool_category` [ RunTime:0.000865s ]
[ sql ] [ SQL ] SELECT * FROM `cool_category` WHERE  `id` IS NULL LIMIT 1 [ RunTime:0.000266s ]
[ sql ] [ SQL ] SHOW COLUMNS FROM `cool_ad` [ RunTime:0.000486s ]
[ sql ] [ SQL ] SELECT * FROM `cool_ad` WHERE  `type_id` = 1  AND `open` = 1 ORDER BY sort asc LIMIT 4 [ RunTime:0.000217s ]
[ sql ] [ SQL ] SHOW COLUMNS FROM `cool_link` [ RunTime:0.000543s ]
[ sql ] [ SQL ] SELECT * FROM `cool_link` WHERE  `open` = 1 ORDER BY sort asc [ RunTime:0.000201s ]
[ sql ] [ SQL ] SHOW COLUMNS FROM `cool_page` [ RunTime:0.000532s ]
[ sql ] [ SQL ] SELECT `content` FROM `cool_page` WHERE  `id` = 2 LIMIT 1 [ RunTime:0.000182s ]
[ sql ] [ SQL ] SHOW COLUMNS FROM `cool_debris` [ RunTime:0.000446s ]
[ sql ] [ SQL ] SELECT * FROM `cool_debris` WHERE  (  type_id = 6 ) LIMIT 3 [ RunTime:0.000177s ]
[ sql ] [ SQL ] SELECT * FROM `cool_debris` WHERE  (  type_id = 6 ) LIMIT 3 [ RunTime:0.000156s ]
[ sql ] [ SQL ] SELECT * FROM `cool_debris` WHERE  (  type_id = 7 ) LIMIT 3 [ RunTime:0.000160s ]
[ sql ] [ SQL ] SELECT * FROM `cool_category` WHERE  (  parentid = 10 ) LIMIT 3 [ RunTime:0.000230s ]
[ sql ] [ SQL ] SHOW COLUMNS FROM `cool_case` [ RunTime:0.000613s ]
[ sql ] [ SQL ] SELECT `a`.*,`c`.`catdir` FROM `cool_case` `a` LEFT JOIN `cool_category` `c` ON `a`.`catid`=`c`.`id` ORDER BY listorder asc,createtime desc LIMIT 8 [ RunTime:0.000243s ]
[ sql ] [ SQL ] SELECT `catname` FROM `cool_category` WHERE  `id` = 23 LIMIT 1 [ RunTime:0.000159s ]
[ sql ] [ SQL ] SELECT `catname` FROM `cool_category` WHERE  `id` = 23 LIMIT 1 [ RunTime:0.000167s ]
[ sql ] [ SQL ] SELECT `catname` FROM `cool_category` WHERE  `id` = 23 LIMIT 1 [ RunTime:0.000151s ]
[ sql ] [ SQL ] SELECT `catname` FROM `cool_category` WHERE  `id` = 23 LIMIT 1 [ RunTime:0.000159s ]
[ sql ] [ SQL ] SELECT `catname` FROM `cool_category` WHERE  `id` = 23 LIMIT 1 [ RunTime:0.000137s ]
[ sql ] [ SQL ] SELECT `catname` FROM `cool_category` WHERE  `id` = 23 LIMIT 1 [ RunTime:0.000172s ]
[ sql ] [ SQL ] SELECT `catname` FROM `cool_category` WHERE  `id` = 23 LIMIT 1 [ RunTime:0.000144s ]
[ sql ] [ SQL ] SELECT `catname` FROM `cool_category` WHERE  `id` = 23 LIMIT 1 [ RunTime:0.000134s ]
[ sql ] [ SQL ] SHOW COLUMNS FROM `cool_fuwukehu` [ RunTime:0.000546s ]
[ sql ] [ SQL ] SELECT `a`.*,`c`.`catdir` FROM `cool_fuwukehu` `a` LEFT JOIN `cool_category` `c` ON `a`.`catid`=`c`.`id` WHERE  (  catid=22  ) ORDER BY listorder
                            asc,createtime desc LIMIT 10 [ RunTime:0.000210s ]
[ sql ] [ SQL ] SHOW COLUMNS FROM `cool_blog` [ RunTime:0.000491s ]
[ sql ] [ SQL ] SELECT `a`.*,`c`.`catdir` FROM `cool_blog` `a` LEFT JOIN `cool_category` `c` ON `a`.`catid`=`c`.`id` WHERE  (  catid in(17,18,19,20,21)  ) ORDER BY listorder
                asc,createtime desc LIMIT 3 [ RunTime:0.000223s ]
[ sql ] [ SQL ] SELECT `catname` FROM `cool_category` WHERE  `id` = 18 LIMIT 1 [ RunTime:0.000144s ]
[ sql ] [ SQL ] SELECT `catname` FROM `cool_category` WHERE  `id` = 17 LIMIT 1 [ RunTime:0.000180s ]
[ sql ] [ SQL ] SELECT `catname` FROM `cool_category` WHERE  `id` = 17 LIMIT 1 [ RunTime:0.000156s ]
[ error ] [8]未定义变量: info[/data/wwwroot/www.hrbkcwl.com/runtime/temp/c48b970f7d9a96c92da5129398a8e2a2.php:10]
[ error ] [8]未定义变量: info[/data/wwwroot/www.hrbkcwl.com/runtime/temp/c48b970f7d9a96c92da5129398a8e2a2.php:11]
[ error ] [8]未定义变量: info[/data/wwwroot/www.hrbkcwl.com/runtime/temp/c48b970f7d9a96c92da5129398a8e2a2.php:12]
---------------------------------------------------------------
[ 2017-11-06T22:57:56+08:00 ] 172.17.245.113 52.25.55.43 GET /robots.txt
[ info ] www.hrbkcwl.com/robots.txt [运行时间：0.002759s][吞吐率：362.45req/s] [内存消耗：313.81kb] [文件加载：33]
[ info ] [ LANG ] /data/wwwroot/www.hrbkcwl.com/think/lang/zh-cn.php
[ info ] [ ROUTE ] array (
  'type' => 'module',
  'module' => 
  array (
    0 => 'robots.txt',
    1 => NULL,
    2 => NULL,
  ),
)
[ info ] [ HEADER ] array (
  'host' => 'www.hrbkcwl.com',
  'user-agent' => 'Python-urllib/1.17',
  'content-type' => '',
  'content-length' => '',
)
[ info ] [ PARAM ] array (
)
[ info ] [ LOG ] INIT File
---------------------------------------------------------------
[ 2017-11-06T22:58:03+08:00 ] 172.17.245.113 52.25.55.43 GET /contact_16.html
[ info ] www.hrbkcwl.com/contact_16.html [运行时间：0.009526s][吞吐率：104.98req/s] [内存消耗：720.95kb] [文件加载：55]
[ info ] [ LANG ] /data/wwwroot/www.hrbkcwl.com/think/lang/zh-cn.php
[ info ] [ ROUTE ] array (
  'type' => 'module',
  'module' => 
  array (
    0 => 'home',
    1 => 'contact',
    2 => 'index',
  ),
  'convert' => false,
)
[ info ] [ HEADER ] array (
  'accept' => 'text/html,application/xhtml+xml,application/xml;q=0.9,*/*;q=0.8',
  'user-agent' => 'Mozilla/5.0 (X11; Linux x86_64) AppleWebKit/534.34 (KHTML, like Gecko) Qt/4.8.2',
  'connection' => 'Keep-Alive',
  'accept-encoding' => 'gzip',
  'accept-language' => 'en-US,*',
  'host' => 'www.hrbkcwl.com',
  'content-type' => '',
  'content-length' => '',
)
[ info ] [ PARAM ] array (
  'catId' => '16',
)
[ info ] [ DB ] INIT mysql
[ info ] [ CACHE ] INIT File
[ info ] [ RUN ] app\home\controller\EmptyController->index[ /data/wwwroot/www.hrbkcwl.com/app/home/controller/EmptyController.php ]
[ info ] [ VIEW ] /data/wwwroot/www.hrbkcwl.com/app/home/view/page_show_contace.html [ array (
  0 => 'sys',
  1 => 'action',
  2 => 'controller',
  3 => 'title',
  4 => 'keywords',
  5 => 'description',
  6 => 'category',
  7 => 'adList',
  8 => 'linkList',
  9 => 'info',
) ]
[ info ] [ LOG ] INIT File
[ sql ] [ DB ] CONNECT:[ UseTime:0.000327s ] mysql:dbname=db_cool;host=127.0.0.1;port=3306;charset=utf8
[ sql ] [ SQL ] SHOW COLUMNS FROM `cool_category` [ RunTime:0.000772s ]
[ sql ] [ SQL ] SELECT * FROM `cool_category` WHERE  `id` = 16 LIMIT 1 [ RunTime:0.000248s ]
[ sql ] [ SQL ] SHOW COLUMNS FROM `cool_ad` [ RunTime:0.000436s ]
[ sql ] [ SQL ] SELECT * FROM `cool_ad` WHERE  `type_id` = 1  AND `open` = 1 ORDER BY sort asc LIMIT 4 [ RunTime:0.000195s ]
[ sql ] [ SQL ] SHOW COLUMNS FROM `cool_link` [ RunTime:0.000426s ]
[ sql ] [ SQL ] SELECT * FROM `cool_link` WHERE  `open` = 1 ORDER BY sort asc [ RunTime:0.000176s ]
[ sql ] [ SQL ] SHOW COLUMNS FROM `cool_page` [ RunTime:0.000541s ]
[ sql ] [ SQL ] SELECT * FROM `cool_page` WHERE  `id` = 16 LIMIT 1 [ RunTime:0.000180s ]
[ sql ] [ SQL ] SELECT `template_show` FROM `cool_category` WHERE  `id` = 16 LIMIT 1 [ RunTime:0.000155s ]
[ error ] [8]未定义数组索引: template[/data/wwwroot/www.hrbkcwl.com/app/home/controller/EmptyController.php:17]
[ error ] [8]未定义数组索引: keywords[/data/wwwroot/www.hrbkcwl.com/runtime/temp/03a3d2717ffe0bf33c41812fd06a3f69.php:11]
[ error ] [8]未定义数组索引: description[/data/wwwroot/www.hrbkcwl.com/runtime/temp/03a3d2717ffe0bf33c41812fd06a3f69.php:12]
---------------------------------------------------------------
[ 2017-11-06T22:58:12+08:00 ] 172.17.245.113 52.25.55.43 GET /index.html
[ info ] www.hrbkcwl.com/index.html [运行时间：0.019487s][吞吐率：51.32req/s] [内存消耗：778.35kb] [文件加载：55]
[ info ] [ LANG ] /data/wwwroot/www.hrbkcwl.com/think/lang/zh-cn.php
[ info ] [ ROUTE ] array (
  'type' => 'module',
  'module' => 
  array (
    0 => 'home',
    1 => 'index',
    2 => 'index',
  ),
  'convert' => false,
)
[ info ] [ HEADER ] array (
  'accept' => 'text/html,application/xhtml+xml,application/xml;q=0.9,*/*;q=0.8',
  'user-agent' => 'Mozilla/5.0 (X11; Linux x86_64) AppleWebKit/534.34 (KHTML, like Gecko) Qt/4.8.2',
  'connection' => 'Keep-Alive',
  'accept-encoding' => 'gzip',
  'accept-language' => 'en-US,*',
  'host' => 'www.hrbkcwl.com',
  'content-type' => '',
  'content-length' => '',
)
[ info ] [ PARAM ] array (
)
[ info ] [ DB ] INIT mysql
[ info ] [ CACHE ] INIT File
[ info ] [ RUN ] app\home\controller\Index->index[ /data/wwwroot/www.hrbkcwl.com/app/home/controller/Index.php ]
[ info ] [ VIEW ] /data/wwwroot/www.hrbkcwl.com/app/home/view/index_index.html [ array (
  0 => 'sys',
  1 => 'action',
  2 => 'controller',
  3 => 'title',
  4 => 'keywords',
  5 => 'description',
  6 => 'category',
  7 => 'adList',
  8 => 'linkList',
) ]
[ info ] [ LOG ] INIT File
[ sql ] [ DB ] CONNECT:[ UseTime:0.000342s ] mysql:dbname=db_cool;host=127.0.0.1;port=3306;charset=utf8
[ sql ] [ SQL ] SHOW COLUMNS FROM `cool_category` [ RunTime:0.000795s ]
[ sql ] [ SQL ] SELECT * FROM `cool_category` WHERE  `id` IS NULL LIMIT 1 [ RunTime:0.000287s ]
[ sql ] [ SQL ] SHOW COLUMNS FROM `cool_ad` [ RunTime:0.000430s ]
[ sql ] [ SQL ] SELECT * FROM `cool_ad` WHERE  `type_id` = 1  AND `open` = 1 ORDER BY sort asc LIMIT 4 [ RunTime:0.000206s ]
[ sql ] [ SQL ] SHOW COLUMNS FROM `cool_link` [ RunTime:0.000439s ]
[ sql ] [ SQL ] SELECT * FROM `cool_link` WHERE  `open` = 1 ORDER BY sort asc [ RunTime:0.000160s ]
[ sql ] [ SQL ] SHOW COLUMNS FROM `cool_page` [ RunTime:0.000453s ]
[ sql ] [ SQL ] SELECT `content` FROM `cool_page` WHERE  `id` = 2 LIMIT 1 [ RunTime:0.000146s ]
[ sql ] [ SQL ] SHOW COLUMNS FROM `cool_debris` [ RunTime:0.000414s ]
[ sql ] [ SQL ] SELECT * FROM `cool_debris` WHERE  (  type_id = 6 ) LIMIT 3 [ RunTime:0.000143s ]
[ sql ] [ SQL ] SELECT * FROM `cool_debris` WHERE  (  type_id = 6 ) LIMIT 3 [ RunTime:0.000137s ]
[ sql ] [ SQL ] SELECT * FROM `cool_debris` WHERE  (  type_id = 7 ) LIMIT 3 [ RunTime:0.000143s ]
[ sql ] [ SQL ] SELECT * FROM `cool_category` WHERE  (  parentid = 10 ) LIMIT 3 [ RunTime:0.000157s ]
[ sql ] [ SQL ] SHOW COLUMNS FROM `cool_case` [ RunTime:0.000521s ]
[ sql ] [ SQL ] SELECT `a`.*,`c`.`catdir` FROM `cool_case` `a` LEFT JOIN `cool_category` `c` ON `a`.`catid`=`c`.`id` ORDER BY listorder asc,createtime desc LIMIT 8 [ RunTime:0.000197s ]
[ sql ] [ SQL ] SELECT `catname` FROM `cool_category` WHERE  `id` = 23 LIMIT 1 [ RunTime:0.000150s ]
[ sql ] [ SQL ] SELECT `catname` FROM `cool_category` WHERE  `id` = 23 LIMIT 1 [ RunTime:0.000149s ]
[ sql ] [ SQL ] SELECT `catname` FROM `cool_category` WHERE  `id` = 23 LIMIT 1 [ RunTime:0.000139s ]
[ sql ] [ SQL ] SELECT `catname` FROM `cool_category` WHERE  `id` = 23 LIMIT 1 [ RunTime:0.000127s ]
[ sql ] [ SQL ] SELECT `catname` FROM `cool_category` WHERE  `id` = 23 LIMIT 1 [ RunTime:0.000128s ]
[ sql ] [ SQL ] SELECT `catname` FROM `cool_category` WHERE  `id` = 23 LIMIT 1 [ RunTime:0.000129s ]
[ sql ] [ SQL ] SELECT `catname` FROM `cool_category` WHERE  `id` = 23 LIMIT 1 [ RunTime:0.000123s ]
[ sql ] [ SQL ] SELECT `catname` FROM `cool_category` WHERE  `id` = 23 LIMIT 1 [ RunTime:0.000146s ]
[ sql ] [ SQL ] SHOW COLUMNS FROM `cool_fuwukehu` [ RunTime:0.000513s ]
[ sql ] [ SQL ] SELECT `a`.*,`c`.`catdir` FROM `cool_fuwukehu` `a` LEFT JOIN `cool_category` `c` ON `a`.`catid`=`c`.`id` WHERE  (  catid=22  ) ORDER BY listorder
                            asc,createtime desc LIMIT 10 [ RunTime:0.000196s ]
[ sql ] [ SQL ] SHOW COLUMNS FROM `cool_blog` [ RunTime:0.000482s ]
[ sql ] [ SQL ] SELECT `a`.*,`c`.`catdir` FROM `cool_blog` `a` LEFT JOIN `cool_category` `c` ON `a`.`catid`=`c`.`id` WHERE  (  catid in(17,18,19,20,21)  ) ORDER BY listorder
                asc,createtime desc LIMIT 3 [ RunTime:0.000205s ]
[ sql ] [ SQL ] SELECT `catname` FROM `cool_category` WHERE  `id` = 18 LIMIT 1 [ RunTime:0.000143s ]
[ sql ] [ SQL ] SELECT `catname` FROM `cool_category` WHERE  `id` = 17 LIMIT 1 [ RunTime:0.000147s ]
[ sql ] [ SQL ] SELECT `catname` FROM `cool_category` WHERE  `id` = 17 LIMIT 1 [ RunTime:0.000139s ]
[ error ] [8]未定义变量: info[/data/wwwroot/www.hrbkcwl.com/runtime/temp/c48b970f7d9a96c92da5129398a8e2a2.php:10]
[ error ] [8]未定义变量: info[/data/wwwroot/www.hrbkcwl.com/runtime/temp/c48b970f7d9a96c92da5129398a8e2a2.php:11]
[ error ] [8]未定义变量: info[/data/wwwroot/www.hrbkcwl.com/runtime/temp/c48b970f7d9a96c92da5129398a8e2a2.php:12]
---------------------------------------------------------------
[ 2017-11-06T22:58:24+08:00 ] 172.17.245.113 52.25.55.43 GET /about.html
[ info ] www.hrbkcwl.com/about.html [运行时间：0.003098s][吞吐率：322.79req/s] [内存消耗：315.57kb] [文件加载：33]
[ info ] [ LANG ] /data/wwwroot/www.hrbkcwl.com/think/lang/zh-cn.php
[ info ] [ ROUTE ] array (
  'type' => 'module',
  'module' => 
  array (
    0 => 'about',
    1 => NULL,
    2 => NULL,
  ),
)
[ info ] [ HEADER ] array (
  'accept' => 'text/html,application/xhtml+xml,application/xml;q=0.9,*/*;q=0.8',
  'user-agent' => 'Mozilla/5.0 (X11; Linux x86_64) AppleWebKit/534.34 (KHTML, like Gecko) Qt/4.8.2',
  'connection' => 'Keep-Alive',
  'accept-encoding' => 'gzip',
  'accept-language' => 'en-US,*',
  'host' => 'www.hrbkcwl.com',
  'content-type' => '',
  'content-length' => '',
)
[ info ] [ PARAM ] array (
)
[ info ] [ LOG ] INIT File
---------------------------------------------------------------
[ 2017-11-06T22:58:33+08:00 ] 172.17.245.113 52.25.55.43 GET /about_2.html
[ info ] www.hrbkcwl.com/about_2.html [运行时间：0.011619s][吞吐率：86.07req/s] [内存消耗：741.13kb] [文件加载：55]
[ info ] [ LANG ] /data/wwwroot/www.hrbkcwl.com/think/lang/zh-cn.php
[ info ] [ ROUTE ] array (
  'type' => 'module',
  'module' => 
  array (
    0 => 'home',
    1 => 'about',
    2 => 'index',
  ),
  'convert' => false,
)
[ info ] [ HEADER ] array (
  'accept' => 'text/html,application/xhtml+xml,application/xml;q=0.9,*/*;q=0.8',
  'user-agent' => 'Mozilla/5.0 (X11; Linux x86_64) AppleWebKit/534.34 (KHTML, like Gecko) Qt/4.8.2',
  'connection' => 'Keep-Alive',
  'accept-encoding' => 'gzip',
  'accept-language' => 'en-US,*',
  'host' => 'www.hrbkcwl.com',
  'content-type' => '',
  'content-length' => '',
)
[ info ] [ PARAM ] array (
  'catId' => '2',
)
[ info ] [ DB ] INIT mysql
[ info ] [ CACHE ] INIT File
[ info ] [ RUN ] app\home\controller\EmptyController->index[ /data/wwwroot/www.hrbkcwl.com/app/home/controller/EmptyController.php ]
[ info ] [ VIEW ] /data/wwwroot/www.hrbkcwl.com/app/home/view/page_show.html [ array (
  0 => 'sys',
  1 => 'action',
  2 => 'controller',
  3 => 'title',
  4 => 'keywords',
  5 => 'description',
  6 => 'category',
  7 => 'adList',
  8 => 'linkList',
  9 => 'info',
) ]
[ info ] [ LOG ] INIT File
[ sql ] [ DB ] CONNECT:[ UseTime:0.000518s ] mysql:dbname=db_cool;host=127.0.0.1;port=3306;charset=utf8
[ sql ] [ SQL ] SHOW COLUMNS FROM `cool_category` [ RunTime:0.000871s ]
[ sql ] [ SQL ] SELECT * FROM `cool_category` WHERE  `id` = 2 LIMIT 1 [ RunTime:0.000272s ]
[ sql ] [ SQL ] SHOW COLUMNS FROM `cool_ad` [ RunTime:0.000479s ]
[ sql ] [ SQL ] SELECT * FROM `cool_ad` WHERE  `type_id` = 1  AND `open` = 1 ORDER BY sort asc LIMIT 4 [ RunTime:0.000185s ]
[ sql ] [ SQL ] SHOW COLUMNS FROM `cool_link` [ RunTime:0.000568s ]
[ sql ] [ SQL ] SELECT * FROM `cool_link` WHERE  `open` = 1 ORDER BY sort asc [ RunTime:0.000175s ]
[ sql ] [ SQL ] SHOW COLUMNS FROM `cool_page` [ RunTime:0.000497s ]
[ sql ] [ SQL ] SELECT * FROM `cool_page` WHERE  `id` = 2 LIMIT 1 [ RunTime:0.000179s ]
[ sql ] [ SQL ] SELECT `template_show` FROM `cool_category` WHERE  `id` = 2 LIMIT 1 [ RunTime:0.000151s ]
[ sql ] [ SQL ] SHOW COLUMNS FROM `cool_debris` [ RunTime:0.000432s ]
[ sql ] [ SQL ] SELECT * FROM `cool_debris` WHERE  (  type_id = 6 ) LIMIT 3 [ RunTime:0.000154s ]
[ sql ] [ SQL ] SELECT * FROM `cool_debris` WHERE  (  type_id = 6 ) LIMIT 3 [ RunTime:0.000139s ]
[ sql ] [ SQL ] SELECT * FROM `cool_debris` WHERE  (  type_id = 7 ) LIMIT 3 [ RunTime:0.000144s ]
[ sql ] [ SQL ] SELECT * FROM `cool_ad` WHERE  (  type_id = 10 ) LIMIT 999 [ RunTime:0.000136s ]
[ error ] [8]未定义数组索引: template[/data/wwwroot/www.hrbkcwl.com/app/home/controller/EmptyController.php:17]
[ error ] [8]未定义数组索引: keywords[/data/wwwroot/www.hrbkcwl.com/runtime/temp/0778042751b24d660d03a6e09dc27387.php:11]
[ error ] [8]未定义数组索引: description[/data/wwwroot/www.hrbkcwl.com/runtime/temp/0778042751b24d660d03a6e09dc27387.php:12]
