---------------------------------------------------------------
[ 2017-11-07T01:01:19+08:00 ] 172.17.245.113 123.125.67.219 GET /robots.txt
[ info ] www.hrbkcwl.com/robots.txt [运行时间：0.003001s][吞吐率：333.23req/s] [内存消耗：315.41kb] [文件加载：33]
[ info ] [ LANG ] /data/wwwroot/www.hrbkcwl.com/think/lang/zh-cn.php
[ info ] [ ROUTE ] array (
  'type' => 'module',
  'module' => 
  array (
    0 => 'robots.txt',
    1 => NULL,
    2 => NULL,
  ),
)
[ info ] [ HEADER ] array (
  'host' => 'www.hrbkcwl.com',
  'connection' => 'close',
  'user-agent' => 'Mozilla/5.0 (compatible; Baiduspider/2.0; +http://www.baidu.com/search/spider.html)',
  'accept-encoding' => 'gzip',
  'accept-language' => 'zh-cn,zh-tw',
  'accept' => '*/*',
  'content-type' => '',
  'content-length' => '',
)
[ info ] [ PARAM ] array (
)
[ info ] [ LOG ] INIT File
---------------------------------------------------------------
[ 2017-11-07T01:16:03+08:00 ] 172.17.245.113 220.181.108.159 GET /
[ info ] www.hrbkcwl.com/ [运行时间：0.021607s][吞吐率：46.28req/s] [内存消耗：777.36kb] [文件加载：56]
[ info ] [ LANG ] /data/wwwroot/www.hrbkcwl.com/think/lang/zh-cn.php
[ info ] [ ROUTE ] array (
  'type' => 'module',
  'module' => 
  array (
    0 => '',
    1 => NULL,
    2 => NULL,
  ),
)
[ info ] [ HEADER ] array (
  'host' => 'www.hrbkcwl.com',
  'connection' => 'close',
  'user-agent' => 'Mozilla/5.0 (compatible; Baiduspider/2.0; +http://www.baidu.com/search/spider.html)',
  'accept-language' => 'zh-cn,zh-tw',
  'if-none-match' => '"@NULL@"',
  'accept-encoding' => 'gzip',
  'accept' => '*/*',
  'content-type' => '',
  'content-length' => '',
)
[ info ] [ PARAM ] array (
)
[ info ] [ DB ] INIT mysql
[ info ] [ CACHE ] INIT File
[ info ] [ RUN ] app\home\controller\Index->index[ /data/wwwroot/www.hrbkcwl.com/app/home/controller/Index.php ]
[ info ] [ VIEW ] /data/wwwroot/www.hrbkcwl.com/app/home/view/index_index.html [ array (
  0 => 'sys',
  1 => 'action',
  2 => 'controller',
  3 => 'title',
  4 => 'keywords',
  5 => 'description',
  6 => 'category',
  7 => 'adList',
  8 => 'linkList',
) ]
[ info ] [ LOG ] INIT File
[ sql ] [ DB ] CONNECT:[ UseTime:0.000352s ] mysql:dbname=db_cool;host=127.0.0.1;port=3306;charset=utf8
[ sql ] [ SQL ] SHOW COLUMNS FROM `cool_category` [ RunTime:0.000866s ]
[ sql ] [ SQL ] SELECT * FROM `cool_category` WHERE  `id` IS NULL LIMIT 1 [ RunTime:0.000327s ]
[ sql ] [ SQL ] SELECT * FROM `cool_category` WHERE  `parentid` = 0  AND `ismenu` = 1 ORDER BY `listorder` [ RunTime:0.000269s ]
[ sql ] [ SQL ] SELECT * FROM `cool_category` WHERE  `ismenu` = 1 ORDER BY `listorder` [ RunTime:0.000247s ]
[ sql ] [ SQL ] SHOW COLUMNS FROM `cool_ad` [ RunTime:0.000561s ]
[ sql ] [ SQL ] SELECT * FROM `cool_ad` WHERE  `type_id` = 1  AND `open` = 1 ORDER BY sort asc LIMIT 4 [ RunTime:0.000207s ]
[ sql ] [ SQL ] SHOW COLUMNS FROM `cool_link` [ RunTime:0.000537s ]
[ sql ] [ SQL ] SELECT * FROM `cool_link` WHERE  `open` = 1 ORDER BY sort asc [ RunTime:0.000186s ]
[ sql ] [ SQL ] SHOW COLUMNS FROM `cool_page` [ RunTime:0.000473s ]
[ sql ] [ SQL ] SELECT `content` FROM `cool_page` WHERE  `id` = 2 LIMIT 1 [ RunTime:0.000149s ]
[ sql ] [ SQL ] SHOW COLUMNS FROM `cool_debris` [ RunTime:0.000404s ]
[ sql ] [ SQL ] SELECT * FROM `cool_debris` WHERE  (  type_id = 6 ) LIMIT 3 [ RunTime:0.000155s ]
[ sql ] [ SQL ] SELECT * FROM `cool_debris` WHERE  (  type_id = 6 ) LIMIT 3 [ RunTime:0.000135s ]
[ sql ] [ SQL ] SELECT * FROM `cool_debris` WHERE  (  type_id = 7 ) LIMIT 3 [ RunTime:0.000126s ]
[ sql ] [ SQL ] SELECT * FROM `cool_category` WHERE  (  parentid = 10 ) LIMIT 3 [ RunTime:0.000171s ]
[ sql ] [ SQL ] SHOW COLUMNS FROM `cool_case` [ RunTime:0.000485s ]
[ sql ] [ SQL ] SELECT `a`.*,`c`.`catdir` FROM `cool_case` `a` LEFT JOIN `cool_category` `c` ON `a`.`catid`=`c`.`id` ORDER BY listorder asc,createtime desc LIMIT 8 [ RunTime:0.000217s ]
[ sql ] [ SQL ] SELECT `catname` FROM `cool_category` WHERE  `id` = 23 LIMIT 1 [ RunTime:0.000139s ]
[ sql ] [ SQL ] SELECT `catname` FROM `cool_category` WHERE  `id` = 23 LIMIT 1 [ RunTime:0.000139s ]
[ sql ] [ SQL ] SELECT `catname` FROM `cool_category` WHERE  `id` = 23 LIMIT 1 [ RunTime:0.000132s ]
[ sql ] [ SQL ] SELECT `catname` FROM `cool_category` WHERE  `id` = 23 LIMIT 1 [ RunTime:0.000128s ]
[ sql ] [ SQL ] SELECT `catname` FROM `cool_category` WHERE  `id` = 23 LIMIT 1 [ RunTime:0.000148s ]
[ sql ] [ SQL ] SELECT `catname` FROM `cool_category` WHERE  `id` = 23 LIMIT 1 [ RunTime:0.000128s ]
[ sql ] [ SQL ] SELECT `catname` FROM `cool_category` WHERE  `id` = 23 LIMIT 1 [ RunTime:0.000121s ]
[ sql ] [ SQL ] SELECT `catname` FROM `cool_category` WHERE  `id` = 23 LIMIT 1 [ RunTime:0.000148s ]
[ sql ] [ SQL ] SHOW COLUMNS FROM `cool_fuwukehu` [ RunTime:0.000513s ]
[ sql ] [ SQL ] SELECT `a`.*,`c`.`catdir` FROM `cool_fuwukehu` `a` LEFT JOIN `cool_category` `c` ON `a`.`catid`=`c`.`id` WHERE  (  catid=22  ) ORDER BY listorder
                            asc,createtime desc LIMIT 10 [ RunTime:0.000195s ]
[ sql ] [ SQL ] SHOW COLUMNS FROM `cool_blog` [ RunTime:0.000581s ]
[ sql ] [ SQL ] SELECT `a`.*,`c`.`catdir` FROM `cool_blog` `a` LEFT JOIN `cool_category` `c` ON `a`.`catid`=`c`.`id` WHERE  (  catid in(17,18,19,20,21)  ) ORDER BY listorder
                asc,createtime desc LIMIT 3 [ RunTime:0.000243s ]
[ sql ] [ SQL ] SELECT `catname` FROM `cool_category` WHERE  `id` = 18 LIMIT 1 [ RunTime:0.000236s ]
[ sql ] [ SQL ] SELECT `catname` FROM `cool_category` WHERE  `id` = 17 LIMIT 1 [ RunTime:0.000146s ]
[ sql ] [ SQL ] SELECT `catname` FROM `cool_category` WHERE  `id` = 17 LIMIT 1 [ RunTime:0.000198s ]
[ error ] [8]未定义变量: info[/data/wwwroot/www.hrbkcwl.com/runtime/temp/c48b970f7d9a96c92da5129398a8e2a2.php:10]
[ error ] [8]未定义变量: info[/data/wwwroot/www.hrbkcwl.com/runtime/temp/c48b970f7d9a96c92da5129398a8e2a2.php:11]
[ error ] [8]未定义变量: info[/data/wwwroot/www.hrbkcwl.com/runtime/temp/c48b970f7d9a96c92da5129398a8e2a2.php:12]
---------------------------------------------------------------
[ 2017-11-07T09:14:03+08:00 ] 172.17.245.113 220.181.108.167 GET /
[ info ] www.hrbkcwl.com/ [运行时间：0.022056s][吞吐率：45.34req/s] [内存消耗：777.36kb] [文件加载：56]
[ info ] [ LANG ] /data/wwwroot/www.hrbkcwl.com/think/lang/zh-cn.php
[ info ] [ ROUTE ] array (
  'type' => 'module',
  'module' => 
  array (
    0 => '',
    1 => NULL,
    2 => NULL,
  ),
)
[ info ] [ HEADER ] array (
  'host' => 'www.hrbkcwl.com',
  'connection' => 'close',
  'user-agent' => 'Mozilla/5.0 (compatible; Baiduspider/2.0; +http://www.baidu.com/search/spider.html)',
  'accept-language' => 'zh-cn,zh-tw',
  'if-none-match' => '"@NULL@"',
  'accept-encoding' => 'gzip',
  'accept' => '*/*',
  'content-type' => '',
  'content-length' => '',
)
[ info ] [ PARAM ] array (
)
[ info ] [ DB ] INIT mysql
[ info ] [ CACHE ] INIT File
[ info ] [ RUN ] app\home\controller\Index->index[ /data/wwwroot/www.hrbkcwl.com/app/home/controller/Index.php ]
[ info ] [ VIEW ] /data/wwwroot/www.hrbkcwl.com/app/home/view/index_index.html [ array (
  0 => 'sys',
  1 => 'action',
  2 => 'controller',
  3 => 'title',
  4 => 'keywords',
  5 => 'description',
  6 => 'category',
  7 => 'adList',
  8 => 'linkList',
) ]
[ info ] [ LOG ] INIT File
[ sql ] [ DB ] CONNECT:[ UseTime:0.000348s ] mysql:dbname=db_cool;host=127.0.0.1;port=3306;charset=utf8
[ sql ] [ SQL ] SHOW COLUMNS FROM `cool_category` [ RunTime:0.000800s ]
[ sql ] [ SQL ] SELECT * FROM `cool_category` WHERE  `id` IS NULL LIMIT 1 [ RunTime:0.000308s ]
[ sql ] [ SQL ] SELECT * FROM `cool_category` WHERE  `parentid` = 0  AND `ismenu` = 1 ORDER BY `listorder` [ RunTime:0.000244s ]
[ sql ] [ SQL ] SELECT * FROM `cool_category` WHERE  `ismenu` = 1 ORDER BY `listorder` [ RunTime:0.000262s ]
[ sql ] [ SQL ] SHOW COLUMNS FROM `cool_ad` [ RunTime:0.000475s ]
[ sql ] [ SQL ] SELECT * FROM `cool_ad` WHERE  `type_id` = 1  AND `open` = 1 ORDER BY sort asc LIMIT 4 [ RunTime:0.000182s ]
[ sql ] [ SQL ] SHOW COLUMNS FROM `cool_link` [ RunTime:0.000434s ]
[ sql ] [ SQL ] SELECT * FROM `cool_link` WHERE  `open` = 1 ORDER BY sort asc [ RunTime:0.000156s ]
[ sql ] [ SQL ] SHOW COLUMNS FROM `cool_page` [ RunTime:0.000475s ]
[ sql ] [ SQL ] SELECT `content` FROM `cool_page` WHERE  `id` = 2 LIMIT 1 [ RunTime:0.000174s ]
[ sql ] [ SQL ] SHOW COLUMNS FROM `cool_debris` [ RunTime:0.000488s ]
[ sql ] [ SQL ] SELECT * FROM `cool_debris` WHERE  (  type_id = 6 ) LIMIT 3 [ RunTime:0.000193s ]
[ sql ] [ SQL ] SELECT * FROM `cool_debris` WHERE  (  type_id = 6 ) LIMIT 3 [ RunTime:0.000149s ]
[ sql ] [ SQL ] SELECT * FROM `cool_debris` WHERE  (  type_id = 7 ) LIMIT 3 [ RunTime:0.000193s ]
[ sql ] [ SQL ] SELECT * FROM `cool_category` WHERE  (  parentid = 10 ) LIMIT 3 [ RunTime:0.000221s ]
[ sql ] [ SQL ] SHOW COLUMNS FROM `cool_case` [ RunTime:0.000569s ]
[ sql ] [ SQL ] SELECT `a`.*,`c`.`catdir` FROM `cool_case` `a` LEFT JOIN `cool_category` `c` ON `a`.`catid`=`c`.`id` ORDER BY listorder asc,createtime desc LIMIT 8 [ RunTime:0.000232s ]
[ sql ] [ SQL ] SELECT `catname` FROM `cool_category` WHERE  `id` = 23 LIMIT 1 [ RunTime:0.000199s ]
[ sql ] [ SQL ] SELECT `catname` FROM `cool_category` WHERE  `id` = 23 LIMIT 1 [ RunTime:0.000143s ]
[ sql ] [ SQL ] SELECT `catname` FROM `cool_category` WHERE  `id` = 23 LIMIT 1 [ RunTime:0.000274s ]
[ sql ] [ SQL ] SELECT `catname` FROM `cool_category` WHERE  `id` = 23 LIMIT 1 [ RunTime:0.000169s ]
[ sql ] [ SQL ] SELECT `catname` FROM `cool_category` WHERE  `id` = 23 LIMIT 1 [ RunTime:0.000152s ]
[ sql ] [ SQL ] SELECT `catname` FROM `cool_category` WHERE  `id` = 23 LIMIT 1 [ RunTime:0.000176s ]
[ sql ] [ SQL ] SELECT `catname` FROM `cool_category` WHERE  `id` = 23 LIMIT 1 [ RunTime:0.000143s ]
[ sql ] [ SQL ] SELECT `catname` FROM `cool_category` WHERE  `id` = 23 LIMIT 1 [ RunTime:0.000148s ]
[ sql ] [ SQL ] SHOW COLUMNS FROM `cool_fuwukehu` [ RunTime:0.000557s ]
[ sql ] [ SQL ] SELECT `a`.*,`c`.`catdir` FROM `cool_fuwukehu` `a` LEFT JOIN `cool_category` `c` ON `a`.`catid`=`c`.`id` WHERE  (  catid=22  ) ORDER BY listorder
                            asc,createtime desc LIMIT 10 [ RunTime:0.000202s ]
[ sql ] [ SQL ] SHOW COLUMNS FROM `cool_blog` [ RunTime:0.000494s ]
[ sql ] [ SQL ] SELECT `a`.*,`c`.`catdir` FROM `cool_blog` `a` LEFT JOIN `cool_category` `c` ON `a`.`catid`=`c`.`id` WHERE  (  catid in(17,18,19,20,21)  ) ORDER BY listorder
                asc,createtime desc LIMIT 3 [ RunTime:0.000207s ]
[ sql ] [ SQL ] SELECT `catname` FROM `cool_category` WHERE  `id` = 18 LIMIT 1 [ RunTime:0.000145s ]
[ sql ] [ SQL ] SELECT `catname` FROM `cool_category` WHERE  `id` = 17 LIMIT 1 [ RunTime:0.000137s ]
[ sql ] [ SQL ] SELECT `catname` FROM `cool_category` WHERE  `id` = 17 LIMIT 1 [ RunTime:0.000140s ]
[ error ] [8]未定义变量: info[/data/wwwroot/www.hrbkcwl.com/runtime/temp/c48b970f7d9a96c92da5129398a8e2a2.php:10]
[ error ] [8]未定义变量: info[/data/wwwroot/www.hrbkcwl.com/runtime/temp/c48b970f7d9a96c92da5129398a8e2a2.php:11]
[ error ] [8]未定义变量: info[/data/wwwroot/www.hrbkcwl.com/runtime/temp/c48b970f7d9a96c92da5129398a8e2a2.php:12]
---------------------------------------------------------------
[ 2017-11-07T10:40:41+08:00 ] 172.17.245.113 106.11.225.24 GET /
[ info ] www.hrbkcwl.com/ [运行时间：0.021694s][吞吐率：46.10req/s] [内存消耗：777.44kb] [文件加载：56]
[ info ] [ LANG ] /data/wwwroot/www.hrbkcwl.com/think/lang/zh-cn.php
[ info ] [ ROUTE ] array (
  'type' => 'module',
  'module' => 
  array (
    0 => '',
    1 => NULL,
    2 => NULL,
  ),
)
[ info ] [ HEADER ] array (
  'accept-encoding' => 'gzip',
  'user-agent' => 'Mozilla/5.0 (iPad; CPU OS 9_1 like Mac OS X) AppleWebKit/601.1.46 (KHTML, like Gecko) Version/9.0 Mobile/13B143 Safari/601.1',
  'cache-control' => 'no-cache',
  'pragma' => 'no-cache',
  'host' => 'www.hrbkcwl.com',
  'accept' => 'text/html, image/gif, image/jpeg, *; q=.2, */*; q=.2',
  'connection' => 'keep-alive',
  'content-type' => '',
  'content-length' => '',
)
[ info ] [ PARAM ] array (
)
[ info ] [ DB ] INIT mysql
[ info ] [ CACHE ] INIT File
[ info ] [ RUN ] app\home\controller\Index->index[ /data/wwwroot/www.hrbkcwl.com/app/home/controller/Index.php ]
[ info ] [ VIEW ] /data/wwwroot/www.hrbkcwl.com/app/home/view/index_index.html [ array (
  0 => 'sys',
  1 => 'action',
  2 => 'controller',
  3 => 'title',
  4 => 'keywords',
  5 => 'description',
  6 => 'category',
  7 => 'adList',
  8 => 'linkList',
) ]
[ info ] [ LOG ] INIT File
[ sql ] [ DB ] CONNECT:[ UseTime:0.000325s ] mysql:dbname=db_cool;host=127.0.0.1;port=3306;charset=utf8
[ sql ] [ SQL ] SHOW COLUMNS FROM `cool_category` [ RunTime:0.000872s ]
[ sql ] [ SQL ] SELECT * FROM `cool_category` WHERE  `id` IS NULL LIMIT 1 [ RunTime:0.000244s ]
[ sql ] [ SQL ] SELECT * FROM `cool_category` WHERE  `parentid` = 0  AND `ismenu` = 1 ORDER BY `listorder` [ RunTime:0.000258s ]
[ sql ] [ SQL ] SELECT * FROM `cool_category` WHERE  `ismenu` = 1 ORDER BY `listorder` [ RunTime:0.000209s ]
[ sql ] [ SQL ] SHOW COLUMNS FROM `cool_ad` [ RunTime:0.000497s ]
[ sql ] [ SQL ] SELECT * FROM `cool_ad` WHERE  `type_id` = 1  AND `open` = 1 ORDER BY sort asc LIMIT 4 [ RunTime:0.000176s ]
[ sql ] [ SQL ] SHOW COLUMNS FROM `cool_link` [ RunTime:0.000475s ]
[ sql ] [ SQL ] SELECT * FROM `cool_link` WHERE  `open` = 1 ORDER BY sort asc [ RunTime:0.000212s ]
[ sql ] [ SQL ] SHOW COLUMNS FROM `cool_page` [ RunTime:0.000502s ]
[ sql ] [ SQL ] SELECT `content` FROM `cool_page` WHERE  `id` = 2 LIMIT 1 [ RunTime:0.000177s ]
[ sql ] [ SQL ] SHOW COLUMNS FROM `cool_debris` [ RunTime:0.000485s ]
[ sql ] [ SQL ] SELECT * FROM `cool_debris` WHERE  (  type_id = 6 ) LIMIT 3 [ RunTime:0.000157s ]
[ sql ] [ SQL ] SELECT * FROM `cool_debris` WHERE  (  type_id = 6 ) LIMIT 3 [ RunTime:0.000138s ]
[ sql ] [ SQL ] SELECT * FROM `cool_debris` WHERE  (  type_id = 7 ) LIMIT 3 [ RunTime:0.000153s ]
[ sql ] [ SQL ] SELECT * FROM `cool_category` WHERE  (  parentid = 10 ) LIMIT 3 [ RunTime:0.000184s ]
[ sql ] [ SQL ] SHOW COLUMNS FROM `cool_case` [ RunTime:0.000549s ]
[ sql ] [ SQL ] SELECT `a`.*,`c`.`catdir` FROM `cool_case` `a` LEFT JOIN `cool_category` `c` ON `a`.`catid`=`c`.`id` ORDER BY listorder asc,createtime desc LIMIT 8 [ RunTime:0.000203s ]
[ sql ] [ SQL ] SELECT `catname` FROM `cool_category` WHERE  `id` = 23 LIMIT 1 [ RunTime:0.000244s ]
[ sql ] [ SQL ] SELECT `catname` FROM `cool_category` WHERE  `id` = 23 LIMIT 1 [ RunTime:0.000192s ]
[ sql ] [ SQL ] SELECT `catname` FROM `cool_category` WHERE  `id` = 23 LIMIT 1 [ RunTime:0.000169s ]
[ sql ] [ SQL ] SELECT `catname` FROM `cool_category` WHERE  `id` = 23 LIMIT 1 [ RunTime:0.000146s ]
[ sql ] [ SQL ] SELECT `catname` FROM `cool_category` WHERE  `id` = 23 LIMIT 1 [ RunTime:0.000164s ]
[ sql ] [ SQL ] SELECT `catname` FROM `cool_category` WHERE  `id` = 23 LIMIT 1 [ RunTime:0.000141s ]
[ sql ] [ SQL ] SELECT `catname` FROM `cool_category` WHERE  `id` = 23 LIMIT 1 [ RunTime:0.000135s ]
[ sql ] [ SQL ] SELECT `catname` FROM `cool_category` WHERE  `id` = 23 LIMIT 1 [ RunTime:0.000144s ]
[ sql ] [ SQL ] SHOW COLUMNS FROM `cool_fuwukehu` [ RunTime:0.000515s ]
[ sql ] [ SQL ] SELECT `a`.*,`c`.`catdir` FROM `cool_fuwukehu` `a` LEFT JOIN `cool_category` `c` ON `a`.`catid`=`c`.`id` WHERE  (  catid=22  ) ORDER BY listorder
                            asc,createtime desc LIMIT 10 [ RunTime:0.000201s ]
[ sql ] [ SQL ] SHOW COLUMNS FROM `cool_blog` [ RunTime:0.000509s ]
[ sql ] [ SQL ] SELECT `a`.*,`c`.`catdir` FROM `cool_blog` `a` LEFT JOIN `cool_category` `c` ON `a`.`catid`=`c`.`id` WHERE  (  catid in(17,18,19,20,21)  ) ORDER BY listorder
                asc,createtime desc LIMIT 3 [ RunTime:0.000203s ]
[ sql ] [ SQL ] SELECT `catname` FROM `cool_category` WHERE  `id` = 18 LIMIT 1 [ RunTime:0.000138s ]
[ sql ] [ SQL ] SELECT `catname` FROM `cool_category` WHERE  `id` = 17 LIMIT 1 [ RunTime:0.000155s ]
[ sql ] [ SQL ] SELECT `catname` FROM `cool_category` WHERE  `id` = 17 LIMIT 1 [ RunTime:0.000144s ]
[ error ] [8]未定义变量: info[/data/wwwroot/www.hrbkcwl.com/runtime/temp/c48b970f7d9a96c92da5129398a8e2a2.php:10]
[ error ] [8]未定义变量: info[/data/wwwroot/www.hrbkcwl.com/runtime/temp/c48b970f7d9a96c92da5129398a8e2a2.php:11]
[ error ] [8]未定义变量: info[/data/wwwroot/www.hrbkcwl.com/runtime/temp/c48b970f7d9a96c92da5129398a8e2a2.php:12]
---------------------------------------------------------------
[ 2017-11-07T11:02:56+08:00 ] 172.17.245.113 111.206.36.137 GET /
[ info ] www.hrbkcwl.com/ [运行时间：0.019387s][吞吐率：51.58req/s] [内存消耗：773.55kb] [文件加载：55]
[ info ] [ LANG ] /data/wwwroot/www.hrbkcwl.com/think/lang/zh-cn.php
[ info ] [ ROUTE ] array (
  'type' => 'module',
  'module' => 
  array (
    0 => '',
    1 => NULL,
    2 => NULL,
  ),
)
[ info ] [ HEADER ] array (
  'user-agent' => 'Mozilla/5.0 (Macintosh; Intel Mac OS X 10_11_2) AppleWebKit/537.36 (KHTML, like Gecko) Chrome/47.0.2526.80 Safari/537.36',
  'host' => 'www.hrbkcwl.com',
  'connection' => 'close',
  'content-type' => '',
  'content-length' => '',
)
[ info ] [ PARAM ] array (
)
[ info ] [ DB ] INIT mysql
[ info ] [ CACHE ] INIT File
[ info ] [ RUN ] app\home\controller\Index->index[ /data/wwwroot/www.hrbkcwl.com/app/home/controller/Index.php ]
[ info ] [ VIEW ] /data/wwwroot/www.hrbkcwl.com/app/home/view/index_index.html [ array (
  0 => 'sys',
  1 => 'action',
  2 => 'controller',
  3 => 'title',
  4 => 'keywords',
  5 => 'description',
  6 => 'category',
  7 => 'adList',
  8 => 'linkList',
) ]
[ info ] [ LOG ] INIT File
[ sql ] [ DB ] CONNECT:[ UseTime:0.000329s ] mysql:dbname=db_cool;host=127.0.0.1;port=3306;charset=utf8
[ sql ] [ SQL ] SHOW COLUMNS FROM `cool_category` [ RunTime:0.000791s ]
[ sql ] [ SQL ] SELECT * FROM `cool_category` WHERE  `id` IS NULL LIMIT 1 [ RunTime:0.000264s ]
[ sql ] [ SQL ] SHOW COLUMNS FROM `cool_ad` [ RunTime:0.000449s ]
[ sql ] [ SQL ] SELECT * FROM `cool_ad` WHERE  `type_id` = 1  AND `open` = 1 ORDER BY sort asc LIMIT 4 [ RunTime:0.000194s ]
[ sql ] [ SQL ] SHOW COLUMNS FROM `cool_link` [ RunTime:0.000423s ]
[ sql ] [ SQL ] SELECT * FROM `cool_link` WHERE  `open` = 1 ORDER BY sort asc [ RunTime:0.000186s ]
[ sql ] [ SQL ] SHOW COLUMNS FROM `cool_page` [ RunTime:0.000512s ]
[ sql ] [ SQL ] SELECT `content` FROM `cool_page` WHERE  `id` = 2 LIMIT 1 [ RunTime:0.000214s ]
[ sql ] [ SQL ] SHOW COLUMNS FROM `cool_debris` [ RunTime:0.000477s ]
[ sql ] [ SQL ] SELECT * FROM `cool_debris` WHERE  (  type_id = 6 ) LIMIT 3 [ RunTime:0.000180s ]
[ sql ] [ SQL ] SELECT * FROM `cool_debris` WHERE  (  type_id = 6 ) LIMIT 3 [ RunTime:0.000167s ]
[ sql ] [ SQL ] SELECT * FROM `cool_debris` WHERE  (  type_id = 7 ) LIMIT 3 [ RunTime:0.000195s ]
[ sql ] [ SQL ] SELECT * FROM `cool_category` WHERE  (  parentid = 10 ) LIMIT 3 [ RunTime:0.000190s ]
[ sql ] [ SQL ] SHOW COLUMNS FROM `cool_case` [ RunTime:0.000537s ]
[ sql ] [ SQL ] SELECT `a`.*,`c`.`catdir` FROM `cool_case` `a` LEFT JOIN `cool_category` `c` ON `a`.`catid`=`c`.`id` ORDER BY listorder asc,createtime desc LIMIT 8 [ RunTime:0.000210s ]
[ sql ] [ SQL ] SELECT `catname` FROM `cool_category` WHERE  `id` = 23 LIMIT 1 [ RunTime:0.000148s ]
[ sql ] [ SQL ] SELECT `catname` FROM `cool_category` WHERE  `id` = 23 LIMIT 1 [ RunTime:0.000142s ]
[ sql ] [ SQL ] SELECT `catname` FROM `cool_category` WHERE  `id` = 23 LIMIT 1 [ RunTime:0.000132s ]
[ sql ] [ SQL ] SELECT `catname` FROM `cool_category` WHERE  `id` = 23 LIMIT 1 [ RunTime:0.000142s ]
[ sql ] [ SQL ] SELECT `catname` FROM `cool_category` WHERE  `id` = 23 LIMIT 1 [ RunTime:0.000139s ]
[ sql ] [ SQL ] SELECT `catname` FROM `cool_category` WHERE  `id` = 23 LIMIT 1 [ RunTime:0.000197s ]
[ sql ] [ SQL ] SELECT `catname` FROM `cool_category` WHERE  `id` = 23 LIMIT 1 [ RunTime:0.000261s ]
[ sql ] [ SQL ] SELECT `catname` FROM `cool_category` WHERE  `id` = 23 LIMIT 1 [ RunTime:0.000139s ]
[ sql ] [ SQL ] SHOW COLUMNS FROM `cool_fuwukehu` [ RunTime:0.000542s ]
[ sql ] [ SQL ] SELECT `a`.*,`c`.`catdir` FROM `cool_fuwukehu` `a` LEFT JOIN `cool_category` `c` ON `a`.`catid`=`c`.`id` WHERE  (  catid=22  ) ORDER BY listorder
                            asc,createtime desc LIMIT 10 [ RunTime:0.000208s ]
[ sql ] [ SQL ] SHOW COLUMNS FROM `cool_blog` [ RunTime:0.000551s ]
[ sql ] [ SQL ] SELECT `a`.*,`c`.`catdir` FROM `cool_blog` `a` LEFT JOIN `cool_category` `c` ON `a`.`catid`=`c`.`id` WHERE  (  catid in(17,18,19,20,21)  ) ORDER BY listorder
                asc,createtime desc LIMIT 3 [ RunTime:0.000210s ]
[ sql ] [ SQL ] SELECT `catname` FROM `cool_category` WHERE  `id` = 18 LIMIT 1 [ RunTime:0.000152s ]
[ sql ] [ SQL ] SELECT `catname` FROM `cool_category` WHERE  `id` = 17 LIMIT 1 [ RunTime:0.000148s ]
[ sql ] [ SQL ] SELECT `catname` FROM `cool_category` WHERE  `id` = 17 LIMIT 1 [ RunTime:0.000138s ]
[ error ] [8]未定义变量: info[/data/wwwroot/www.hrbkcwl.com/runtime/temp/c48b970f7d9a96c92da5129398a8e2a2.php:10]
[ error ] [8]未定义变量: info[/data/wwwroot/www.hrbkcwl.com/runtime/temp/c48b970f7d9a96c92da5129398a8e2a2.php:11]
[ error ] [8]未定义变量: info[/data/wwwroot/www.hrbkcwl.com/runtime/temp/c48b970f7d9a96c92da5129398a8e2a2.php:12]
---------------------------------------------------------------
[ 2017-11-07T11:02:59+08:00 ] 172.17.245.113 61.135.169.40 GET /
[ info ] www.hrbkcwl.com/ [运行时间：0.018749s][吞吐率：53.34req/s] [内存消耗：773.54kb] [文件加载：55]
[ info ] [ LANG ] /data/wwwroot/www.hrbkcwl.com/think/lang/zh-cn.php
[ info ] [ ROUTE ] array (
  'type' => 'module',
  'module' => 
  array (
    0 => '',
    1 => NULL,
    2 => NULL,
  ),
)
[ info ] [ HEADER ] array (
  'user-agent' => 'Mozilla/5.0 (Macintosh; Intel Mac OS X 10_11_2) AppleWebKit/537.36 (KHTML, like Gecko) Chrome/47.0.2526.80 Safari/537.36',
  'host' => 'www.hrbkcwl.com',
  'connection' => 'close',
  'content-type' => '',
  'content-length' => '',
)
[ info ] [ PARAM ] array (
)
[ info ] [ DB ] INIT mysql
[ info ] [ CACHE ] INIT File
[ info ] [ RUN ] app\home\controller\Index->index[ /data/wwwroot/www.hrbkcwl.com/app/home/controller/Index.php ]
[ info ] [ VIEW ] /data/wwwroot/www.hrbkcwl.com/app/home/view/index_index.html [ array (
  0 => 'sys',
  1 => 'action',
  2 => 'controller',
  3 => 'title',
  4 => 'keywords',
  5 => 'description',
  6 => 'category',
  7 => 'adList',
  8 => 'linkList',
) ]
[ info ] [ LOG ] INIT File
[ sql ] [ DB ] CONNECT:[ UseTime:0.000348s ] mysql:dbname=db_cool;host=127.0.0.1;port=3306;charset=utf8
[ sql ] [ SQL ] SHOW COLUMNS FROM `cool_category` [ RunTime:0.000826s ]
[ sql ] [ SQL ] SELECT * FROM `cool_category` WHERE  `id` IS NULL LIMIT 1 [ RunTime:0.000264s ]
[ sql ] [ SQL ] SHOW COLUMNS FROM `cool_ad` [ RunTime:0.000493s ]
[ sql ] [ SQL ] SELECT * FROM `cool_ad` WHERE  `type_id` = 1  AND `open` = 1 ORDER BY sort asc LIMIT 4 [ RunTime:0.000203s ]
[ sql ] [ SQL ] SHOW COLUMNS FROM `cool_link` [ RunTime:0.000435s ]
[ sql ] [ SQL ] SELECT * FROM `cool_link` WHERE  `open` = 1 ORDER BY sort asc [ RunTime:0.000170s ]
[ sql ] [ SQL ] SHOW COLUMNS FROM `cool_page` [ RunTime:0.000453s ]
[ sql ] [ SQL ] SELECT `content` FROM `cool_page` WHERE  `id` = 2 LIMIT 1 [ RunTime:0.000152s ]
[ sql ] [ SQL ] SHOW COLUMNS FROM `cool_debris` [ RunTime:0.000403s ]
[ sql ] [ SQL ] SELECT * FROM `cool_debris` WHERE  (  type_id = 6 ) LIMIT 3 [ RunTime:0.000157s ]
[ sql ] [ SQL ] SELECT * FROM `cool_debris` WHERE  (  type_id = 6 ) LIMIT 3 [ RunTime:0.000141s ]
[ sql ] [ SQL ] SELECT * FROM `cool_debris` WHERE  (  type_id = 7 ) LIMIT 3 [ RunTime:0.000140s ]
[ sql ] [ SQL ] SELECT * FROM `cool_category` WHERE  (  parentid = 10 ) LIMIT 3 [ RunTime:0.000192s ]
[ sql ] [ SQL ] SHOW COLUMNS FROM `cool_case` [ RunTime:0.000594s ]
[ sql ] [ SQL ] SELECT `a`.*,`c`.`catdir` FROM `cool_case` `a` LEFT JOIN `cool_category` `c` ON `a`.`catid`=`c`.`id` ORDER BY listorder asc,createtime desc LIMIT 8 [ RunTime:0.000205s ]
[ sql ] [ SQL ] SELECT `catname` FROM `cool_category` WHERE  `id` = 23 LIMIT 1 [ RunTime:0.000144s ]
[ sql ] [ SQL ] SELECT `catname` FROM `cool_category` WHERE  `id` = 23 LIMIT 1 [ RunTime:0.000135s ]
[ sql ] [ SQL ] SELECT `catname` FROM `cool_category` WHERE  `id` = 23 LIMIT 1 [ RunTime:0.000135s ]
[ sql ] [ SQL ] SELECT `catname` FROM `cool_category` WHERE  `id` = 23 LIMIT 1 [ RunTime:0.000131s ]
[ sql ] [ SQL ] SELECT `catname` FROM `cool_category` WHERE  `id` = 23 LIMIT 1 [ RunTime:0.000160s ]
[ sql ] [ SQL ] SELECT `catname` FROM `cool_category` WHERE  `id` = 23 LIMIT 1 [ RunTime:0.000131s ]
[ sql ] [ SQL ] SELECT `catname` FROM `cool_category` WHERE  `id` = 23 LIMIT 1 [ RunTime:0.000152s ]
[ sql ] [ SQL ] SELECT `catname` FROM `cool_category` WHERE  `id` = 23 LIMIT 1 [ RunTime:0.000143s ]
[ sql ] [ SQL ] SHOW COLUMNS FROM `cool_fuwukehu` [ RunTime:0.000541s ]
[ sql ] [ SQL ] SELECT `a`.*,`c`.`catdir` FROM `cool_fuwukehu` `a` LEFT JOIN `cool_category` `c` ON `a`.`catid`=`c`.`id` WHERE  (  catid=22  ) ORDER BY listorder
                            asc,createtime desc LIMIT 10 [ RunTime:0.000205s ]
[ sql ] [ SQL ] SHOW COLUMNS FROM `cool_blog` [ RunTime:0.000487s ]
[ sql ] [ SQL ] SELECT `a`.*,`c`.`catdir` FROM `cool_blog` `a` LEFT JOIN `cool_category` `c` ON `a`.`catid`=`c`.`id` WHERE  (  catid in(17,18,19,20,21)  ) ORDER BY listorder
                asc,createtime desc LIMIT 3 [ RunTime:0.000193s ]
[ sql ] [ SQL ] SELECT `catname` FROM `cool_category` WHERE  `id` = 18 LIMIT 1 [ RunTime:0.000141s ]
[ sql ] [ SQL ] SELECT `catname` FROM `cool_category` WHERE  `id` = 17 LIMIT 1 [ RunTime:0.000140s ]
[ sql ] [ SQL ] SELECT `catname` FROM `cool_category` WHERE  `id` = 17 LIMIT 1 [ RunTime:0.000149s ]
[ error ] [8]未定义变量: info[/data/wwwroot/www.hrbkcwl.com/runtime/temp/c48b970f7d9a96c92da5129398a8e2a2.php:10]
[ error ] [8]未定义变量: info[/data/wwwroot/www.hrbkcwl.com/runtime/temp/c48b970f7d9a96c92da5129398a8e2a2.php:11]
[ error ] [8]未定义变量: info[/data/wwwroot/www.hrbkcwl.com/runtime/temp/c48b970f7d9a96c92da5129398a8e2a2.php:12]
---------------------------------------------------------------
[ 2017-11-07T12:32:01+08:00 ] 172.17.245.113 123.125.67.152 GET /
[ info ] www.hrbkcwl.com/ [运行时间：0.020260s][吞吐率：49.36req/s] [内存消耗：776.90kb] [文件加载：56]
[ info ] [ LANG ] /data/wwwroot/www.hrbkcwl.com/think/lang/zh-cn.php
[ info ] [ ROUTE ] array (
  'type' => 'module',
  'module' => 
  array (
    0 => '',
    1 => NULL,
    2 => NULL,
  ),
)
[ info ] [ HEADER ] array (
  'host' => 'www.hrbkcwl.com',
  'user-agent' => 'Mozilla/5.0 (Windows NT 10.0; WOW64) AppleWebKit/537.36 (KHTML, like Gecko) Chrome/45.0.2454.93 Safari/537.36',
  'accept-language' => 'zh-cn,zh-tw',
  'accept' => '*/*',
  'content-type' => '',
  'content-length' => '',
)
[ info ] [ PARAM ] array (
)
[ info ] [ DB ] INIT mysql
[ info ] [ CACHE ] INIT File
[ info ] [ RUN ] app\home\controller\Index->index[ /data/wwwroot/www.hrbkcwl.com/app/home/controller/Index.php ]
[ info ] [ VIEW ] /data/wwwroot/www.hrbkcwl.com/app/home/view/index_index.html [ array (
  0 => 'sys',
  1 => 'action',
  2 => 'controller',
  3 => 'title',
  4 => 'keywords',
  5 => 'description',
  6 => 'category',
  7 => 'adList',
  8 => 'linkList',
) ]
[ info ] [ LOG ] INIT File
[ sql ] [ DB ] CONNECT:[ UseTime:0.000338s ] mysql:dbname=db_cool;host=127.0.0.1;port=3306;charset=utf8
[ sql ] [ SQL ] SHOW COLUMNS FROM `cool_category` [ RunTime:0.000816s ]
[ sql ] [ SQL ] SELECT * FROM `cool_category` WHERE  `id` IS NULL LIMIT 1 [ RunTime:0.000271s ]
[ sql ] [ SQL ] SELECT * FROM `cool_category` WHERE  `parentid` = 0  AND `ismenu` = 1 ORDER BY `listorder` [ RunTime:0.000269s ]
[ sql ] [ SQL ] SELECT * FROM `cool_category` WHERE  `ismenu` = 1 ORDER BY `listorder` [ RunTime:0.000207s ]
[ sql ] [ SQL ] SHOW COLUMNS FROM `cool_ad` [ RunTime:0.000492s ]
[ sql ] [ SQL ] SELECT * FROM `cool_ad` WHERE  `type_id` = 1  AND `open` = 1 ORDER BY sort asc LIMIT 4 [ RunTime:0.000179s ]
[ sql ] [ SQL ] SHOW COLUMNS FROM `cool_link` [ RunTime:0.000481s ]
[ sql ] [ SQL ] SELECT * FROM `cool_link` WHERE  `open` = 1 ORDER BY sort asc [ RunTime:0.000162s ]
[ sql ] [ SQL ] SHOW COLUMNS FROM `cool_page` [ RunTime:0.000457s ]
[ sql ] [ SQL ] SELECT `content` FROM `cool_page` WHERE  `id` = 2 LIMIT 1 [ RunTime:0.000167s ]
[ sql ] [ SQL ] SHOW COLUMNS FROM `cool_debris` [ RunTime:0.000407s ]
[ sql ] [ SQL ] SELECT * FROM `cool_debris` WHERE  (  type_id = 6 ) LIMIT 3 [ RunTime:0.000157s ]
[ sql ] [ SQL ] SELECT * FROM `cool_debris` WHERE  (  type_id = 6 ) LIMIT 3 [ RunTime:0.000164s ]
[ sql ] [ SQL ] SELECT * FROM `cool_debris` WHERE  (  type_id = 7 ) LIMIT 3 [ RunTime:0.000137s ]
[ sql ] [ SQL ] SELECT * FROM `cool_category` WHERE  (  parentid = 10 ) LIMIT 3 [ RunTime:0.000164s ]
[ sql ] [ SQL ] SHOW COLUMNS FROM `cool_case` [ RunTime:0.000486s ]
[ sql ] [ SQL ] SELECT `a`.*,`c`.`catdir` FROM `cool_case` `a` LEFT JOIN `cool_category` `c` ON `a`.`catid`=`c`.`id` ORDER BY listorder asc,createtime desc LIMIT 8 [ RunTime:0.000226s ]
[ sql ] [ SQL ] SELECT `catname` FROM `cool_category` WHERE  `id` = 23 LIMIT 1 [ RunTime:0.000153s ]
[ sql ] [ SQL ] SELECT `catname` FROM `cool_category` WHERE  `id` = 23 LIMIT 1 [ RunTime:0.000140s ]
[ sql ] [ SQL ] SELECT `catname` FROM `cool_category` WHERE  `id` = 23 LIMIT 1 [ RunTime:0.000151s ]
[ sql ] [ SQL ] SELECT `catname` FROM `cool_category` WHERE  `id` = 23 LIMIT 1 [ RunTime:0.000143s ]
[ sql ] [ SQL ] SELECT `catname` FROM `cool_category` WHERE  `id` = 23 LIMIT 1 [ RunTime:0.000148s ]
[ sql ] [ SQL ] SELECT `catname` FROM `cool_category` WHERE  `id` = 23 LIMIT 1 [ RunTime:0.000176s ]
[ sql ] [ SQL ] SELECT `catname` FROM `cool_category` WHERE  `id` = 23 LIMIT 1 [ RunTime:0.000168s ]
[ sql ] [ SQL ] SELECT `catname` FROM `cool_category` WHERE  `id` = 23 LIMIT 1 [ RunTime:0.000170s ]
[ sql ] [ SQL ] SHOW COLUMNS FROM `cool_fuwukehu` [ RunTime:0.000551s ]
[ sql ] [ SQL ] SELECT `a`.*,`c`.`catdir` FROM `cool_fuwukehu` `a` LEFT JOIN `cool_category` `c` ON `a`.`catid`=`c`.`id` WHERE  (  catid=22  ) ORDER BY listorder
                            asc,createtime desc LIMIT 10 [ RunTime:0.000211s ]
[ sql ] [ SQL ] SHOW COLUMNS FROM `cool_blog` [ RunTime:0.000522s ]
[ sql ] [ SQL ] SELECT `a`.*,`c`.`catdir` FROM `cool_blog` `a` LEFT JOIN `cool_category` `c` ON `a`.`catid`=`c`.`id` WHERE  (  catid in(17,18,19,20,21)  ) ORDER BY listorder
                asc,createtime desc LIMIT 3 [ RunTime:0.000230s ]
[ sql ] [ SQL ] SELECT `catname` FROM `cool_category` WHERE  `id` = 18 LIMIT 1 [ RunTime:0.000153s ]
[ sql ] [ SQL ] SELECT `catname` FROM `cool_category` WHERE  `id` = 17 LIMIT 1 [ RunTime:0.000168s ]
[ sql ] [ SQL ] SELECT `catname` FROM `cool_category` WHERE  `id` = 17 LIMIT 1 [ RunTime:0.000188s ]
[ error ] [8]未定义变量: info[/data/wwwroot/www.hrbkcwl.com/runtime/temp/c48b970f7d9a96c92da5129398a8e2a2.php:10]
[ error ] [8]未定义变量: info[/data/wwwroot/www.hrbkcwl.com/runtime/temp/c48b970f7d9a96c92da5129398a8e2a2.php:11]
[ error ] [8]未定义变量: info[/data/wwwroot/www.hrbkcwl.com/runtime/temp/c48b970f7d9a96c92da5129398a8e2a2.php:12]
---------------------------------------------------------------
[ 2017-11-07T13:08:10+08:00 ] 172.17.245.113 123.165.240.68 GET /
[ info ] www.hrbkcwl.com/ [运行时间：0.020454s][吞吐率：48.89req/s] [内存消耗：774.41kb] [文件加载：55]
[ info ] [ LANG ] /data/wwwroot/www.hrbkcwl.com/think/lang/zh-cn.php
[ info ] [ ROUTE ] array (
  'type' => 'module',
  'module' => 
  array (
    0 => '',
    1 => NULL,
    2 => NULL,
  ),
)
[ info ] [ HEADER ] array (
  'host' => 'www.hrbkcwl.com',
  'connection' => 'keep-alive',
  'accept' => 'text/html,application/xhtml+xml,application/xml;q=0.9,image/webp,*/*;q=0.8',
  'upgrade-insecure-requests' => '1',
  'user-agent' => 'Mozilla/5.0 (Windows NT 6.1; WOW64) AppleWebKit/537.36 (KHTML, like Gecko) Chrome/50.0.2661.102 Safari/537.36',
  'accept-encoding' => 'gzip, deflate, sdch',
  'accept-language' => 'zh-CN,zh;q=0.8',
  'content-type' => '',
  'content-length' => '',
)
[ info ] [ PARAM ] array (
)
[ info ] [ DB ] INIT mysql
[ info ] [ CACHE ] INIT File
[ info ] [ RUN ] app\home\controller\Index->index[ /data/wwwroot/www.hrbkcwl.com/app/home/controller/Index.php ]
[ info ] [ VIEW ] /data/wwwroot/www.hrbkcwl.com/app/home/view/index_index.html [ array (
  0 => 'sys',
  1 => 'action',
  2 => 'controller',
  3 => 'title',
  4 => 'keywords',
  5 => 'description',
  6 => 'category',
  7 => 'adList',
  8 => 'linkList',
) ]
[ info ] [ LOG ] INIT File
[ sql ] [ DB ] CONNECT:[ UseTime:0.000357s ] mysql:dbname=db_cool;host=127.0.0.1;port=3306;charset=utf8
[ sql ] [ SQL ] SHOW COLUMNS FROM `cool_category` [ RunTime:0.000826s ]
[ sql ] [ SQL ] SELECT * FROM `cool_category` WHERE  `id` IS NULL LIMIT 1 [ RunTime:0.000250s ]
[ sql ] [ SQL ] SHOW COLUMNS FROM `cool_ad` [ RunTime:0.000442s ]
[ sql ] [ SQL ] SELECT * FROM `cool_ad` WHERE  `type_id` = 1  AND `open` = 1 ORDER BY sort asc LIMIT 4 [ RunTime:0.000276s ]
[ sql ] [ SQL ] SHOW COLUMNS FROM `cool_link` [ RunTime:0.000447s ]
[ sql ] [ SQL ] SELECT * FROM `cool_link` WHERE  `open` = 1 ORDER BY sort asc [ RunTime:0.000173s ]
[ sql ] [ SQL ] SHOW COLUMNS FROM `cool_page` [ RunTime:0.000473s ]
[ sql ] [ SQL ] SELECT `content` FROM `cool_page` WHERE  `id` = 2 LIMIT 1 [ RunTime:0.000152s ]
[ sql ] [ SQL ] SHOW COLUMNS FROM `cool_debris` [ RunTime:0.000412s ]
[ sql ] [ SQL ] SELECT * FROM `cool_debris` WHERE  (  type_id = 6 ) LIMIT 3 [ RunTime:0.000150s ]
[ sql ] [ SQL ] SELECT * FROM `cool_debris` WHERE  (  type_id = 6 ) LIMIT 3 [ RunTime:0.000151s ]
[ sql ] [ SQL ] SELECT * FROM `cool_debris` WHERE  (  type_id = 7 ) LIMIT 3 [ RunTime:0.000139s ]
[ sql ] [ SQL ] SELECT * FROM `cool_category` WHERE  (  parentid = 10 ) LIMIT 3 [ RunTime:0.000170s ]
[ sql ] [ SQL ] SHOW COLUMNS FROM `cool_case` [ RunTime:0.000551s ]
[ sql ] [ SQL ] SELECT `a`.*,`c`.`catdir` FROM `cool_case` `a` LEFT JOIN `cool_category` `c` ON `a`.`catid`=`c`.`id` ORDER BY listorder asc,createtime desc LIMIT 8 [ RunTime:0.000215s ]
[ sql ] [ SQL ] SELECT `catname` FROM `cool_category` WHERE  `id` = 23 LIMIT 1 [ RunTime:0.000154s ]
[ sql ] [ SQL ] SELECT `catname` FROM `cool_category` WHERE  `id` = 23 LIMIT 1 [ RunTime:0.000148s ]
[ sql ] [ SQL ] SELECT `catname` FROM `cool_category` WHERE  `id` = 23 LIMIT 1 [ RunTime:0.000137s ]
[ sql ] [ SQL ] SELECT `catname` FROM `cool_category` WHERE  `id` = 23 LIMIT 1 [ RunTime:0.000135s ]
[ sql ] [ SQL ] SELECT `catname` FROM `cool_category` WHERE  `id` = 23 LIMIT 1 [ RunTime:0.000140s ]
[ sql ] [ SQL ] SELECT `catname` FROM `cool_category` WHERE  `id` = 23 LIMIT 1 [ RunTime:0.000141s ]
[ sql ] [ SQL ] SELECT `catname` FROM `cool_category` WHERE  `id` = 23 LIMIT 1 [ RunTime:0.000155s ]
[ sql ] [ SQL ] SELECT `catname` FROM `cool_category` WHERE  `id` = 23 LIMIT 1 [ RunTime:0.000136s ]
[ sql ] [ SQL ] SHOW COLUMNS FROM `cool_fuwukehu` [ RunTime:0.000532s ]
[ sql ] [ SQL ] SELECT `a`.*,`c`.`catdir` FROM `cool_fuwukehu` `a` LEFT JOIN `cool_category` `c` ON `a`.`catid`=`c`.`id` WHERE  (  catid=22  ) ORDER BY listorder
                            asc,createtime desc LIMIT 10 [ RunTime:0.000194s ]
[ sql ] [ SQL ] SHOW COLUMNS FROM `cool_blog` [ RunTime:0.000490s ]
[ sql ] [ SQL ] SELECT `a`.*,`c`.`catdir` FROM `cool_blog` `a` LEFT JOIN `cool_category` `c` ON `a`.`catid`=`c`.`id` WHERE  (  catid in(17,18,19,20,21)  ) ORDER BY listorder
                asc,createtime desc LIMIT 3 [ RunTime:0.000203s ]
[ sql ] [ SQL ] SELECT `catname` FROM `cool_category` WHERE  `id` = 18 LIMIT 1 [ RunTime:0.000144s ]
[ sql ] [ SQL ] SELECT `catname` FROM `cool_category` WHERE  `id` = 17 LIMIT 1 [ RunTime:0.000145s ]
[ sql ] [ SQL ] SELECT `catname` FROM `cool_category` WHERE  `id` = 17 LIMIT 1 [ RunTime:0.000137s ]
[ error ] [8]未定义变量: info[/data/wwwroot/www.hrbkcwl.com/runtime/temp/c48b970f7d9a96c92da5129398a8e2a2.php:10]
[ error ] [8]未定义变量: info[/data/wwwroot/www.hrbkcwl.com/runtime/temp/c48b970f7d9a96c92da5129398a8e2a2.php:11]
[ error ] [8]未定义变量: info[/data/wwwroot/www.hrbkcwl.com/runtime/temp/c48b970f7d9a96c92da5129398a8e2a2.php:12]
---------------------------------------------------------------
[ 2017-11-07T13:08:19+08:00 ] 172.17.245.113 123.165.240.68 GET /services_13.html
[ info ] www.hrbkcwl.com/services_13.html [运行时间：0.013243s][吞吐率：75.51req/s] [内存消耗：847.31kb] [文件加载：58]
[ info ] [ LANG ] /data/wwwroot/www.hrbkcwl.com/think/lang/zh-cn.php
[ info ] [ ROUTE ] array (
  'type' => 'module',
  'module' => 
  array (
    0 => 'home',
    1 => 'services',
    2 => 'index',
  ),
  'convert' => false,
)
[ info ] [ HEADER ] array (
  'host' => 'www.hrbkcwl.com',
  'connection' => 'keep-alive',
  'accept' => 'text/html,application/xhtml+xml,application/xml;q=0.9,image/webp,*/*;q=0.8',
  'upgrade-insecure-requests' => '1',
  'user-agent' => 'Mozilla/5.0 (Windows NT 6.1; WOW64) AppleWebKit/537.36 (KHTML, like Gecko) Chrome/50.0.2661.102 Safari/537.36',
  'referer' => 'http://www.hrbkcwl.com/',
  'accept-encoding' => 'gzip, deflate, sdch',
  'accept-language' => 'zh-CN,zh;q=0.8',
  'content-type' => '',
  'content-length' => '',
)
[ info ] [ PARAM ] array (
  'catId' => '13',
)
[ info ] [ DB ] INIT mysql
[ info ] [ CACHE ] INIT File
[ info ] [ RUN ] app\home\controller\EmptyController->index[ /data/wwwroot/www.hrbkcwl.com/app/home/controller/EmptyController.php ]
[ info ] [ VIEW ] /data/wwwroot/www.hrbkcwl.com/app/home/view/service_list.html [ array (
  0 => 'sys',
  1 => 'action',
  2 => 'controller',
  3 => 'title',
  4 => 'keywords',
  5 => 'description',
  6 => 'category',
  7 => 'adList',
  8 => 'linkList',
  9 => 'list',
  10 => 'page',
) ]
[ info ] [ LOG ] INIT File
[ sql ] [ DB ] CONNECT:[ UseTime:0.000329s ] mysql:dbname=db_cool;host=127.0.0.1;port=3306;charset=utf8
[ sql ] [ SQL ] SHOW COLUMNS FROM `cool_category` [ RunTime:0.000821s ]
[ sql ] [ SQL ] SELECT * FROM `cool_category` WHERE  `id` = 13 LIMIT 1 [ RunTime:0.000298s ]
[ sql ] [ SQL ] SHOW COLUMNS FROM `cool_ad` [ RunTime:0.000564s ]
[ sql ] [ SQL ] SELECT * FROM `cool_ad` WHERE  `type_id` = 1  AND `open` = 1 ORDER BY sort asc LIMIT 4 [ RunTime:0.000214s ]
[ sql ] [ SQL ] SHOW COLUMNS FROM `cool_link` [ RunTime:0.000594s ]
[ sql ] [ SQL ] SELECT * FROM `cool_link` WHERE  `open` = 1 ORDER BY sort asc [ RunTime:0.000195s ]
[ sql ] [ SQL ] SHOW COLUMNS FROM `cool_service` [ RunTime:0.000694s ]
[ sql ] [ SQL ] SELECT COUNT(*) AS tp_count FROM `cool_service` `a` LEFT JOIN `cool_category` `c` ON `a`.`catid`=`c`.`id` WHERE  `catid` = 13 LIMIT 1 [ RunTime:0.000207s ]
[ sql ] [ SQL ] SELECT `a`.*,`c`.`catdir` FROM `cool_service` `a` LEFT JOIN `cool_category` `c` ON `a`.`catid`=`c`.`id` WHERE  `catid` = 13 ORDER BY listorder asc,createtime desc LIMIT 0,15 [ RunTime:0.000265s ]
[ sql ] [ SQL ] SELECT `template_list` FROM `cool_category` WHERE  `id` = 13 LIMIT 1 [ RunTime:0.000184s ]
[ sql ] [ SQL ] SHOW COLUMNS FROM `cool_fuwukehu` [ RunTime:0.000608s ]
[ sql ] [ SQL ] SELECT `a`.*,`c`.`catdir` FROM `cool_fuwukehu` `a` LEFT JOIN `cool_category` `c` ON `a`.`catid`=`c`.`id` WHERE  (  catid=22
                             ) ORDER BY listorder asc,createtime desc LIMIT 10 [ RunTime:0.000240s ]
[ error ] [8]Use of undefined constant __HOME__ - assumed '__HOME__'[/data/wwwroot/www.hrbkcwl.com/app/home/controller/EmptyController.php:104]
[ error ] [8]Use of undefined constant __HOME__ - assumed '__HOME__'[/data/wwwroot/www.hrbkcwl.com/app/home/controller/EmptyController.php:104]
[ error ] [8]Use of undefined constant __HOME__ - assumed '__HOME__'[/data/wwwroot/www.hrbkcwl.com/app/home/controller/EmptyController.php:104]
[ error ] [8]Use of undefined constant __HOME__ - assumed '__HOME__'[/data/wwwroot/www.hrbkcwl.com/app/home/controller/EmptyController.php:104]
[ error ] [8]Use of undefined constant __HOME__ - assumed '__HOME__'[/data/wwwroot/www.hrbkcwl.com/app/home/controller/EmptyController.php:104]
[ error ] [8]Use of undefined constant __HOME__ - assumed '__HOME__'[/data/wwwroot/www.hrbkcwl.com/app/home/controller/EmptyController.php:104]
[ error ] [8]Use of undefined constant __HOME__ - assumed '__HOME__'[/data/wwwroot/www.hrbkcwl.com/app/home/controller/EmptyController.php:104]
[ error ] [8]Use of undefined constant __HOME__ - assumed '__HOME__'[/data/wwwroot/www.hrbkcwl.com/app/home/controller/EmptyController.php:104]
[ error ] [8]未定义变量: info[/data/wwwroot/www.hrbkcwl.com/runtime/temp/268b28908cbc5f44428ec80df1c64b2d.php:10]
[ error ] [8]未定义变量: info[/data/wwwroot/www.hrbkcwl.com/runtime/temp/268b28908cbc5f44428ec80df1c64b2d.php:11]
[ error ] [8]未定义变量: info[/data/wwwroot/www.hrbkcwl.com/runtime/temp/268b28908cbc5f44428ec80df1c64b2d.php:12]
---------------------------------------------------------------
[ 2017-11-07T13:08:20+08:00 ] 172.17.245.113 61.151.178.167 GET /
[ info ] www.hrbkcwl.com/ [运行时间：0.020397s][吞吐率：49.03req/s] [内存消耗：774.12kb] [文件加载：55]
[ info ] [ LANG ] /data/wwwroot/www.hrbkcwl.com/think/lang/zh-cn.php
[ info ] [ ROUTE ] array (
  'type' => 'module',
  'module' => 
  array (
    0 => '',
    1 => NULL,
    2 => NULL,
  ),
)
[ info ] [ HEADER ] array (
  'user-agent' => 'Mozilla/5.0 (Windows NT 6.1; WOW64) AppleWebKit/537.36 (KHTML, like Gecko) Chrome/53.0.2785.104 Safari/537.36 Core/1.53.2141.400 QQBrowser/9.5.10219.400',
  'accept' => '*/*',
  'accept-encoding' => 'gzip, deflate, sdch, br',
  'accept-language' => 'zh-CN,zh;q=0.8,en-US;q=0.6,en;q=0.4',
  'host' => 'www.hrbkcwl.com',
  'connection' => 'keep-alive',
  'content-type' => '',
  'content-length' => '',
)
[ info ] [ PARAM ] array (
)
[ info ] [ DB ] INIT mysql
[ info ] [ CACHE ] INIT File
[ info ] [ RUN ] app\home\controller\Index->index[ /data/wwwroot/www.hrbkcwl.com/app/home/controller/Index.php ]
[ info ] [ VIEW ] /data/wwwroot/www.hrbkcwl.com/app/home/view/index_index.html [ array (
  0 => 'sys',
  1 => 'action',
  2 => 'controller',
  3 => 'title',
  4 => 'keywords',
  5 => 'description',
  6 => 'category',
  7 => 'adList',
  8 => 'linkList',
) ]
[ info ] [ LOG ] INIT File
[ sql ] [ DB ] CONNECT:[ UseTime:0.000367s ] mysql:dbname=db_cool;host=127.0.0.1;port=3306;charset=utf8
[ sql ] [ SQL ] SHOW COLUMNS FROM `cool_category` [ RunTime:0.000799s ]
[ sql ] [ SQL ] SELECT * FROM `cool_category` WHERE  `id` IS NULL LIMIT 1 [ RunTime:0.000240s ]
[ sql ] [ SQL ] SHOW COLUMNS FROM `cool_ad` [ RunTime:0.000463s ]
[ sql ] [ SQL ] SELECT * FROM `cool_ad` WHERE  `type_id` = 1  AND `open` = 1 ORDER BY sort asc LIMIT 4 [ RunTime:0.000204s ]
[ sql ] [ SQL ] SHOW COLUMNS FROM `cool_link` [ RunTime:0.000458s ]
[ sql ] [ SQL ] SELECT * FROM `cool_link` WHERE  `open` = 1 ORDER BY sort asc [ RunTime:0.000166s ]
[ sql ] [ SQL ] SHOW COLUMNS FROM `cool_page` [ RunTime:0.000459s ]
[ sql ] [ SQL ] SELECT `content` FROM `cool_page` WHERE  `id` = 2 LIMIT 1 [ RunTime:0.000154s ]
[ sql ] [ SQL ] SHOW COLUMNS FROM `cool_debris` [ RunTime:0.000418s ]
[ sql ] [ SQL ] SELECT * FROM `cool_debris` WHERE  (  type_id = 6 ) LIMIT 3 [ RunTime:0.000157s ]
[ sql ] [ SQL ] SELECT * FROM `cool_debris` WHERE  (  type_id = 6 ) LIMIT 3 [ RunTime:0.000149s ]
[ sql ] [ SQL ] SELECT * FROM `cool_debris` WHERE  (  type_id = 7 ) LIMIT 3 [ RunTime:0.000135s ]
[ sql ] [ SQL ] SELECT * FROM `cool_category` WHERE  (  parentid = 10 ) LIMIT 3 [ RunTime:0.000169s ]
[ sql ] [ SQL ] SHOW COLUMNS FROM `cool_case` [ RunTime:0.000548s ]
[ sql ] [ SQL ] SELECT `a`.*,`c`.`catdir` FROM `cool_case` `a` LEFT JOIN `cool_category` `c` ON `a`.`catid`=`c`.`id` ORDER BY listorder asc,createtime desc LIMIT 8 [ RunTime:0.000203s ]
[ sql ] [ SQL ] SELECT `catname` FROM `cool_category` WHERE  `id` = 23 LIMIT 1 [ RunTime:0.000146s ]
[ sql ] [ SQL ] SELECT `catname` FROM `cool_category` WHERE  `id` = 23 LIMIT 1 [ RunTime:0.000144s ]
[ sql ] [ SQL ] SELECT `catname` FROM `cool_category` WHERE  `id` = 23 LIMIT 1 [ RunTime:0.000167s ]
[ sql ] [ SQL ] SELECT `catname` FROM `cool_category` WHERE  `id` = 23 LIMIT 1 [ RunTime:0.000149s ]
[ sql ] [ SQL ] SELECT `catname` FROM `cool_category` WHERE  `id` = 23 LIMIT 1 [ RunTime:0.000141s ]
[ sql ] [ SQL ] SELECT `catname` FROM `cool_category` WHERE  `id` = 23 LIMIT 1 [ RunTime:0.000135s ]
[ sql ] [ SQL ] SELECT `catname` FROM `cool_category` WHERE  `id` = 23 LIMIT 1 [ RunTime:0.000152s ]
[ sql ] [ SQL ] SELECT `catname` FROM `cool_category` WHERE  `id` = 23 LIMIT 1 [ RunTime:0.000136s ]
[ sql ] [ SQL ] SHOW COLUMNS FROM `cool_fuwukehu` [ RunTime:0.000530s ]
[ sql ] [ SQL ] SELECT `a`.*,`c`.`catdir` FROM `cool_fuwukehu` `a` LEFT JOIN `cool_category` `c` ON `a`.`catid`=`c`.`id` WHERE  (  catid=22  ) ORDER BY listorder
                            asc,createtime desc LIMIT 10 [ RunTime:0.000237s ]
[ sql ] [ SQL ] SHOW COLUMNS FROM `cool_blog` [ RunTime:0.000614s ]
[ sql ] [ SQL ] SELECT `a`.*,`c`.`catdir` FROM `cool_blog` `a` LEFT JOIN `cool_category` `c` ON `a`.`catid`=`c`.`id` WHERE  (  catid in(17,18,19,20,21)  ) ORDER BY listorder
                asc,createtime desc LIMIT 3 [ RunTime:0.000211s ]
[ sql ] [ SQL ] SELECT `catname` FROM `cool_category` WHERE  `id` = 18 LIMIT 1 [ RunTime:0.000148s ]
[ sql ] [ SQL ] SELECT `catname` FROM `cool_category` WHERE  `id` = 17 LIMIT 1 [ RunTime:0.000137s ]
[ sql ] [ SQL ] SELECT `catname` FROM `cool_category` WHERE  `id` = 17 LIMIT 1 [ RunTime:0.000162s ]
[ error ] [8]未定义变量: info[/data/wwwroot/www.hrbkcwl.com/runtime/temp/c48b970f7d9a96c92da5129398a8e2a2.php:10]
[ error ] [8]未定义变量: info[/data/wwwroot/www.hrbkcwl.com/runtime/temp/c48b970f7d9a96c92da5129398a8e2a2.php:11]
[ error ] [8]未定义变量: info[/data/wwwroot/www.hrbkcwl.com/runtime/temp/c48b970f7d9a96c92da5129398a8e2a2.php:12]
---------------------------------------------------------------
[ 2017-11-07T13:08:28+08:00 ] 172.17.245.113 123.165.240.68 GET /about_2.html
[ info ] www.hrbkcwl.com/about_2.html [运行时间：0.011675s][吞吐率：85.65req/s] [内存消耗：741.92kb] [文件加载：55]
[ info ] [ LANG ] /data/wwwroot/www.hrbkcwl.com/think/lang/zh-cn.php
[ info ] [ ROUTE ] array (
  'type' => 'module',
  'module' => 
  array (
    0 => 'home',
    1 => 'about',
    2 => 'index',
  ),
  'convert' => false,
)
[ info ] [ HEADER ] array (
  'host' => 'www.hrbkcwl.com',
  'connection' => 'keep-alive',
  'accept' => 'text/html,application/xhtml+xml,application/xml;q=0.9,image/webp,*/*;q=0.8',
  'upgrade-insecure-requests' => '1',
  'user-agent' => 'Mozilla/5.0 (Windows NT 6.1; WOW64) AppleWebKit/537.36 (KHTML, like Gecko) Chrome/50.0.2661.102 Safari/537.36',
  'referer' => 'http://www.hrbkcwl.com/services_13.html',
  'accept-encoding' => 'gzip, deflate, sdch',
  'accept-language' => 'zh-CN,zh;q=0.8',
  'content-type' => '',
  'content-length' => '',
)
[ info ] [ PARAM ] array (
  'catId' => '2',
)
[ info ] [ DB ] INIT mysql
[ info ] [ CACHE ] INIT File
[ info ] [ RUN ] app\home\controller\EmptyController->index[ /data/wwwroot/www.hrbkcwl.com/app/home/controller/EmptyController.php ]
[ info ] [ VIEW ] /data/wwwroot/www.hrbkcwl.com/app/home/view/page_show.html [ array (
  0 => 'sys',
  1 => 'action',
  2 => 'controller',
  3 => 'title',
  4 => 'keywords',
  5 => 'description',
  6 => 'category',
  7 => 'adList',
  8 => 'linkList',
  9 => 'info',
) ]
[ info ] [ LOG ] INIT File
[ sql ] [ DB ] CONNECT:[ UseTime:0.000383s ] mysql:dbname=db_cool;host=127.0.0.1;port=3306;charset=utf8
[ sql ] [ SQL ] SHOW COLUMNS FROM `cool_category` [ RunTime:0.000922s ]
[ sql ] [ SQL ] SELECT * FROM `cool_category` WHERE  `id` = 2 LIMIT 1 [ RunTime:0.000277s ]
[ sql ] [ SQL ] SHOW COLUMNS FROM `cool_ad` [ RunTime:0.000512s ]
[ sql ] [ SQL ] SELECT * FROM `cool_ad` WHERE  `type_id` = 1  AND `open` = 1 ORDER BY sort asc LIMIT 4 [ RunTime:0.000220s ]
[ sql ] [ SQL ] SHOW COLUMNS FROM `cool_link` [ RunTime:0.000496s ]
[ sql ] [ SQL ] SELECT * FROM `cool_link` WHERE  `open` = 1 ORDER BY sort asc [ RunTime:0.000163s ]
[ sql ] [ SQL ] SHOW COLUMNS FROM `cool_page` [ RunTime:0.000460s ]
[ sql ] [ SQL ] SELECT * FROM `cool_page` WHERE  `id` = 2 LIMIT 1 [ RunTime:0.000170s ]
[ sql ] [ SQL ] SELECT `template_show` FROM `cool_category` WHERE  `id` = 2 LIMIT 1 [ RunTime:0.000196s ]
[ sql ] [ SQL ] SHOW COLUMNS FROM `cool_debris` [ RunTime:0.000512s ]
[ sql ] [ SQL ] SELECT * FROM `cool_debris` WHERE  (  type_id = 6 ) LIMIT 3 [ RunTime:0.000180s ]
[ sql ] [ SQL ] SELECT * FROM `cool_debris` WHERE  (  type_id = 6 ) LIMIT 3 [ RunTime:0.000151s ]
[ sql ] [ SQL ] SELECT * FROM `cool_debris` WHERE  (  type_id = 7 ) LIMIT 3 [ RunTime:0.000176s ]
[ sql ] [ SQL ] SELECT * FROM `cool_ad` WHERE  (  type_id = 10 ) LIMIT 999 [ RunTime:0.000172s ]
[ error ] [8]未定义数组索引: template[/data/wwwroot/www.hrbkcwl.com/app/home/controller/EmptyController.php:17]
[ error ] [8]未定义数组索引: keywords[/data/wwwroot/www.hrbkcwl.com/runtime/temp/0778042751b24d660d03a6e09dc27387.php:11]
[ error ] [8]未定义数组索引: description[/data/wwwroot/www.hrbkcwl.com/runtime/temp/0778042751b24d660d03a6e09dc27387.php:12]
---------------------------------------------------------------
[ 2017-11-07T13:08:29+08:00 ] 172.17.245.113 61.151.218.119 GET /services_13.html
[ info ] www.hrbkcwl.com/services_13.html [运行时间：0.011976s][吞吐率：83.50req/s] [内存消耗：846.84kb] [文件加载：58]
[ info ] [ LANG ] /data/wwwroot/www.hrbkcwl.com/think/lang/zh-cn.php
[ info ] [ ROUTE ] array (
  'type' => 'module',
  'module' => 
  array (
    0 => 'home',
    1 => 'services',
    2 => 'index',
  ),
  'convert' => false,
)
[ info ] [ HEADER ] array (
  'user-agent' => 'Mozilla/5.0 (Windows NT 6.1; WOW64; rv:50.0) Gecko/20100101 Firefox/50.0',
  'accept' => '*/*',
  'accept-encoding' => 'gzip, deflate, sdch, br',
  'referer' => 'http://www.hrbkcwl.com/',
  'accept-language' => 'zh-CN,zh;q=0.8,en-US;q=0.6,en;q=0.4',
  'host' => 'www.hrbkcwl.com',
  'connection' => 'keep-alive',
  'content-type' => '',
  'content-length' => '',
)
[ info ] [ PARAM ] array (
  'catId' => '13',
)
[ info ] [ DB ] INIT mysql
[ info ] [ CACHE ] INIT File
[ info ] [ RUN ] app\home\controller\EmptyController->index[ /data/wwwroot/www.hrbkcwl.com/app/home/controller/EmptyController.php ]
[ info ] [ VIEW ] /data/wwwroot/www.hrbkcwl.com/app/home/view/service_list.html [ array (
  0 => 'sys',
  1 => 'action',
  2 => 'controller',
  3 => 'title',
  4 => 'keywords',
  5 => 'description',
  6 => 'category',
  7 => 'adList',
  8 => 'linkList',
  9 => 'list',
  10 => 'page',
) ]
[ info ] [ LOG ] INIT File
[ sql ] [ DB ] CONNECT:[ UseTime:0.000348s ] mysql:dbname=db_cool;host=127.0.0.1;port=3306;charset=utf8
[ sql ] [ SQL ] SHOW COLUMNS FROM `cool_category` [ RunTime:0.000925s ]
[ sql ] [ SQL ] SELECT * FROM `cool_category` WHERE  `id` = 13 LIMIT 1 [ RunTime:0.000297s ]
[ sql ] [ SQL ] SHOW COLUMNS FROM `cool_ad` [ RunTime:0.000500s ]
[ sql ] [ SQL ] SELECT * FROM `cool_ad` WHERE  `type_id` = 1  AND `open` = 1 ORDER BY sort asc LIMIT 4 [ RunTime:0.000188s ]
[ sql ] [ SQL ] SHOW COLUMNS FROM `cool_link` [ RunTime:0.000416s ]
[ sql ] [ SQL ] SELECT * FROM `cool_link` WHERE  `open` = 1 ORDER BY sort asc [ RunTime:0.000185s ]
[ sql ] [ SQL ] SHOW COLUMNS FROM `cool_service` [ RunTime:0.000569s ]
[ sql ] [ SQL ] SELECT COUNT(*) AS tp_count FROM `cool_service` `a` LEFT JOIN `cool_category` `c` ON `a`.`catid`=`c`.`id` WHERE  `catid` = 13 LIMIT 1 [ RunTime:0.000202s ]
[ sql ] [ SQL ] SELECT `a`.*,`c`.`catdir` FROM `cool_service` `a` LEFT JOIN `cool_category` `c` ON `a`.`catid`=`c`.`id` WHERE  `catid` = 13 ORDER BY listorder asc,createtime desc LIMIT 0,15 [ RunTime:0.000228s ]
[ sql ] [ SQL ] SELECT `template_list` FROM `cool_category` WHERE  `id` = 13 LIMIT 1 [ RunTime:0.000148s ]
[ sql ] [ SQL ] SHOW COLUMNS FROM `cool_fuwukehu` [ RunTime:0.000512s ]
[ sql ] [ SQL ] SELECT `a`.*,`c`.`catdir` FROM `cool_fuwukehu` `a` LEFT JOIN `cool_category` `c` ON `a`.`catid`=`c`.`id` WHERE  (  catid=22
                             ) ORDER BY listorder asc,createtime desc LIMIT 10 [ RunTime:0.000224s ]
[ error ] [8]Use of undefined constant __HOME__ - assumed '__HOME__'[/data/wwwroot/www.hrbkcwl.com/app/home/controller/EmptyController.php:104]
[ error ] [8]Use of undefined constant __HOME__ - assumed '__HOME__'[/data/wwwroot/www.hrbkcwl.com/app/home/controller/EmptyController.php:104]
[ error ] [8]Use of undefined constant __HOME__ - assumed '__HOME__'[/data/wwwroot/www.hrbkcwl.com/app/home/controller/EmptyController.php:104]
[ error ] [8]Use of undefined constant __HOME__ - assumed '__HOME__'[/data/wwwroot/www.hrbkcwl.com/app/home/controller/EmptyController.php:104]
[ error ] [8]Use of undefined constant __HOME__ - assumed '__HOME__'[/data/wwwroot/www.hrbkcwl.com/app/home/controller/EmptyController.php:104]
[ error ] [8]Use of undefined constant __HOME__ - assumed '__HOME__'[/data/wwwroot/www.hrbkcwl.com/app/home/controller/EmptyController.php:104]
[ error ] [8]Use of undefined constant __HOME__ - assumed '__HOME__'[/data/wwwroot/www.hrbkcwl.com/app/home/controller/EmptyController.php:104]
[ error ] [8]Use of undefined constant __HOME__ - assumed '__HOME__'[/data/wwwroot/www.hrbkcwl.com/app/home/controller/EmptyController.php:104]
[ error ] [8]未定义变量: info[/data/wwwroot/www.hrbkcwl.com/runtime/temp/268b28908cbc5f44428ec80df1c64b2d.php:10]
[ error ] [8]未定义变量: info[/data/wwwroot/www.hrbkcwl.com/runtime/temp/268b28908cbc5f44428ec80df1c64b2d.php:11]
[ error ] [8]未定义变量: info[/data/wwwroot/www.hrbkcwl.com/runtime/temp/268b28908cbc5f44428ec80df1c64b2d.php:12]
---------------------------------------------------------------
[ 2017-11-07T13:08:38+08:00 ] 172.17.245.113 61.151.179.27 GET /about_2.html
[ info ] www.hrbkcwl.com/about_2.html [运行时间：0.011125s][吞吐率：89.89req/s] [内存消耗：741.55kb] [文件加载：55]
[ info ] [ LANG ] /data/wwwroot/www.hrbkcwl.com/think/lang/zh-cn.php
[ info ] [ ROUTE ] array (
  'type' => 'module',
  'module' => 
  array (
    0 => 'home',
    1 => 'about',
    2 => 'index',
  ),
  'convert' => false,
)
[ info ] [ HEADER ] array (
  'user-agent' => 'Mozilla/5.0 (Macintosh; Intel Mac OS X 10_12_4) AppleWebKit/537.36 (KHTML, like Gecko) 			Chrome/55.0.2883.95 Safari/537.36',
  'accept' => '*/*',
  'accept-encoding' => 'gzip, deflate, sdch, br',
  'referer' => 'http://www.hrbkcwl.com/services_13.html',
  'accept-language' => 'zh-CN,zh;q=0.8,en-US;q=0.6,en;q=0.4',
  'host' => 'www.hrbkcwl.com',
  'connection' => 'keep-alive',
  'content-type' => '',
  'content-length' => '',
)
[ info ] [ PARAM ] array (
  'catId' => '2',
)
[ info ] [ DB ] INIT mysql
[ info ] [ CACHE ] INIT File
[ info ] [ RUN ] app\home\controller\EmptyController->index[ /data/wwwroot/www.hrbkcwl.com/app/home/controller/EmptyController.php ]
[ info ] [ VIEW ] /data/wwwroot/www.hrbkcwl.com/app/home/view/page_show.html [ array (
  0 => 'sys',
  1 => 'action',
  2 => 'controller',
  3 => 'title',
  4 => 'keywords',
  5 => 'description',
  6 => 'category',
  7 => 'adList',
  8 => 'linkList',
  9 => 'info',
) ]
[ info ] [ LOG ] INIT File
[ sql ] [ DB ] CONNECT:[ UseTime:0.000344s ] mysql:dbname=db_cool;host=127.0.0.1;port=3306;charset=utf8
[ sql ] [ SQL ] SHOW COLUMNS FROM `cool_category` [ RunTime:0.000829s ]
[ sql ] [ SQL ] SELECT * FROM `cool_category` WHERE  `id` = 2 LIMIT 1 [ RunTime:0.000255s ]
[ sql ] [ SQL ] SHOW COLUMNS FROM `cool_ad` [ RunTime:0.000442s ]
[ sql ] [ SQL ] SELECT * FROM `cool_ad` WHERE  `type_id` = 1  AND `open` = 1 ORDER BY sort asc LIMIT 4 [ RunTime:0.000181s ]
[ sql ] [ SQL ] SHOW COLUMNS FROM `cool_link` [ RunTime:0.000430s ]
[ sql ] [ SQL ] SELECT * FROM `cool_link` WHERE  `open` = 1 ORDER BY sort asc [ RunTime:0.000159s ]
[ sql ] [ SQL ] SHOW COLUMNS FROM `cool_page` [ RunTime:0.000450s ]
[ sql ] [ SQL ] SELECT * FROM `cool_page` WHERE  `id` = 2 LIMIT 1 [ RunTime:0.000167s ]
[ sql ] [ SQL ] SELECT `template_show` FROM `cool_category` WHERE  `id` = 2 LIMIT 1 [ RunTime:0.000142s ]
[ sql ] [ SQL ] SHOW COLUMNS FROM `cool_debris` [ RunTime:0.000437s ]
[ sql ] [ SQL ] SELECT * FROM `cool_debris` WHERE  (  type_id = 6 ) LIMIT 3 [ RunTime:0.000209s ]
[ sql ] [ SQL ] SELECT * FROM `cool_debris` WHERE  (  type_id = 6 ) LIMIT 3 [ RunTime:0.000162s ]
[ sql ] [ SQL ] SELECT * FROM `cool_debris` WHERE  (  type_id = 7 ) LIMIT 3 [ RunTime:0.000163s ]
[ sql ] [ SQL ] SELECT * FROM `cool_ad` WHERE  (  type_id = 10 ) LIMIT 999 [ RunTime:0.000165s ]
[ error ] [8]未定义数组索引: template[/data/wwwroot/www.hrbkcwl.com/app/home/controller/EmptyController.php:17]
[ error ] [8]未定义数组索引: keywords[/data/wwwroot/www.hrbkcwl.com/runtime/temp/0778042751b24d660d03a6e09dc27387.php:11]
[ error ] [8]未定义数组索引: description[/data/wwwroot/www.hrbkcwl.com/runtime/temp/0778042751b24d660d03a6e09dc27387.php:12]
---------------------------------------------------------------
[ 2017-11-07T13:12:28+08:00 ] 172.17.245.113 140.205.201.18 GET /
[ info ] www.hrbkcwl.com/ [运行时间：0.020246s][吞吐率：49.39req/s] [内存消耗：774.22kb] [文件加载：55]
[ info ] [ LANG ] /data/wwwroot/www.hrbkcwl.com/think/lang/zh-cn.php
[ info ] [ ROUTE ] array (
  'type' => 'module',
  'module' => 
  array (
    0 => '',
    1 => NULL,
    2 => NULL,
  ),
)
[ info ] [ HEADER ] array (
  'user-agent' => 'Mozilla/4.0 (compatible; MSIE 8.0; Trident/4.0; Windows NT 6.1; SLCC2 2.5.5231; .NET CLR 2.0.50727; .NET CLR 4.1.23457; .NET CLR 4.0.23457; Media Center PC 6.0; MS-WK 8)',
  'accept' => 'text/html,application/xhtml+xml,application/xml;q=0.9,*/*;q=0.8',
  'connection' => 'Keep-Alive',
  'accept-encoding' => 'gzip',
  'accept-language' => 'en-US,*',
  'host' => 'www.hrbkcwl.com',
  'content-type' => '',
  'content-length' => '',
)
[ info ] [ PARAM ] array (
)
[ info ] [ DB ] INIT mysql
[ info ] [ CACHE ] INIT File
[ info ] [ RUN ] app\home\controller\Index->index[ /data/wwwroot/www.hrbkcwl.com/app/home/controller/Index.php ]
[ info ] [ VIEW ] /data/wwwroot/www.hrbkcwl.com/app/home/view/index_index.html [ array (
  0 => 'sys',
  1 => 'action',
  2 => 'controller',
  3 => 'title',
  4 => 'keywords',
  5 => 'description',
  6 => 'category',
  7 => 'adList',
  8 => 'linkList',
) ]
[ info ] [ LOG ] INIT File
[ sql ] [ DB ] CONNECT:[ UseTime:0.000329s ] mysql:dbname=db_cool;host=127.0.0.1;port=3306;charset=utf8
[ sql ] [ SQL ] SHOW COLUMNS FROM `cool_category` [ RunTime:0.000859s ]
[ sql ] [ SQL ] SELECT * FROM `cool_category` WHERE  `id` IS NULL LIMIT 1 [ RunTime:0.000256s ]
[ sql ] [ SQL ] SHOW COLUMNS FROM `cool_ad` [ RunTime:0.000494s ]
[ sql ] [ SQL ] SELECT * FROM `cool_ad` WHERE  `type_id` = 1  AND `open` = 1 ORDER BY sort asc LIMIT 4 [ RunTime:0.000203s ]
[ sql ] [ SQL ] SHOW COLUMNS FROM `cool_link` [ RunTime:0.000490s ]
[ sql ] [ SQL ] SELECT * FROM `cool_link` WHERE  `open` = 1 ORDER BY sort asc [ RunTime:0.000169s ]
[ sql ] [ SQL ] SHOW COLUMNS FROM `cool_page` [ RunTime:0.000514s ]
[ sql ] [ SQL ] SELECT `content` FROM `cool_page` WHERE  `id` = 2 LIMIT 1 [ RunTime:0.000158s ]
[ sql ] [ SQL ] SHOW COLUMNS FROM `cool_debris` [ RunTime:0.000459s ]
[ sql ] [ SQL ] SELECT * FROM `cool_debris` WHERE  (  type_id = 6 ) LIMIT 3 [ RunTime:0.000163s ]
[ sql ] [ SQL ] SELECT * FROM `cool_debris` WHERE  (  type_id = 6 ) LIMIT 3 [ RunTime:0.000145s ]
[ sql ] [ SQL ] SELECT * FROM `cool_debris` WHERE  (  type_id = 7 ) LIMIT 3 [ RunTime:0.000141s ]
[ sql ] [ SQL ] SELECT * FROM `cool_category` WHERE  (  parentid = 10 ) LIMIT 3 [ RunTime:0.000183s ]
[ sql ] [ SQL ] SHOW COLUMNS FROM `cool_case` [ RunTime:0.000533s ]
[ sql ] [ SQL ] SELECT `a`.*,`c`.`catdir` FROM `cool_case` `a` LEFT JOIN `cool_category` `c` ON `a`.`catid`=`c`.`id` ORDER BY listorder asc,createtime desc LIMIT 8 [ RunTime:0.000196s ]
[ sql ] [ SQL ] SELECT `catname` FROM `cool_category` WHERE  `id` = 23 LIMIT 1 [ RunTime:0.000138s ]
[ sql ] [ SQL ] SELECT `catname` FROM `cool_category` WHERE  `id` = 23 LIMIT 1 [ RunTime:0.000150s ]
[ sql ] [ SQL ] SELECT `catname` FROM `cool_category` WHERE  `id` = 23 LIMIT 1 [ RunTime:0.000135s ]
[ sql ] [ SQL ] SELECT `catname` FROM `cool_category` WHERE  `id` = 23 LIMIT 1 [ RunTime:0.000143s ]
[ sql ] [ SQL ] SELECT `catname` FROM `cool_category` WHERE  `id` = 23 LIMIT 1 [ RunTime:0.000132s ]
[ sql ] [ SQL ] SELECT `catname` FROM `cool_category` WHERE  `id` = 23 LIMIT 1 [ RunTime:0.000130s ]
[ sql ] [ SQL ] SELECT `catname` FROM `cool_category` WHERE  `id` = 23 LIMIT 1 [ RunTime:0.000133s ]
[ sql ] [ SQL ] SELECT `catname` FROM `cool_category` WHERE  `id` = 23 LIMIT 1 [ RunTime:0.000137s ]
[ sql ] [ SQL ] SHOW COLUMNS FROM `cool_fuwukehu` [ RunTime:0.000493s ]
[ sql ] [ SQL ] SELECT `a`.*,`c`.`catdir` FROM `cool_fuwukehu` `a` LEFT JOIN `cool_category` `c` ON `a`.`catid`=`c`.`id` WHERE  (  catid=22  ) ORDER BY listorder
                            asc,createtime desc LIMIT 10 [ RunTime:0.000187s ]
[ sql ] [ SQL ] SHOW COLUMNS FROM `cool_blog` [ RunTime:0.000529s ]
[ sql ] [ SQL ] SELECT `a`.*,`c`.`catdir` FROM `cool_blog` `a` LEFT JOIN `cool_category` `c` ON `a`.`catid`=`c`.`id` WHERE  (  catid in(17,18,19,20,21)  ) ORDER BY listorder
                asc,createtime desc LIMIT 3 [ RunTime:0.000196s ]
[ sql ] [ SQL ] SELECT `catname` FROM `cool_category` WHERE  `id` = 18 LIMIT 1 [ RunTime:0.000145s ]
[ sql ] [ SQL ] SELECT `catname` FROM `cool_category` WHERE  `id` = 17 LIMIT 1 [ RunTime:0.000133s ]
[ sql ] [ SQL ] SELECT `catname` FROM `cool_category` WHERE  `id` = 17 LIMIT 1 [ RunTime:0.000143s ]
[ error ] [8]未定义变量: info[/data/wwwroot/www.hrbkcwl.com/runtime/temp/c48b970f7d9a96c92da5129398a8e2a2.php:10]
[ error ] [8]未定义变量: info[/data/wwwroot/www.hrbkcwl.com/runtime/temp/c48b970f7d9a96c92da5129398a8e2a2.php:11]
[ error ] [8]未定义变量: info[/data/wwwroot/www.hrbkcwl.com/runtime/temp/c48b970f7d9a96c92da5129398a8e2a2.php:12]
---------------------------------------------------------------
[ 2017-11-07T13:13:48+08:00 ] 172.17.245.113 140.205.201.17 GET /
[ info ] www.hrbkcwl.com/ [运行时间：0.021212s][吞吐率：47.14req/s] [内存消耗：774.22kb] [文件加载：55]
[ info ] [ LANG ] /data/wwwroot/www.hrbkcwl.com/think/lang/zh-cn.php
[ info ] [ ROUTE ] array (
  'type' => 'module',
  'module' => 
  array (
    0 => '',
    1 => NULL,
    2 => NULL,
  ),
)
[ info ] [ HEADER ] array (
  'user-agent' => 'Mozilla/4.0 (compatible; MSIE 8.0; Trident/4.0; Windows NT 6.1; SLCC2 2.5.5231; .NET CLR 2.0.50727; .NET CLR 4.1.23457; .NET CLR 4.0.23457; Media Center PC 6.0; MS-WK 8)',
  'accept' => 'text/html,application/xhtml+xml,application/xml;q=0.9,*/*;q=0.8',
  'connection' => 'Keep-Alive',
  'accept-encoding' => 'gzip',
  'accept-language' => 'en-US,*',
  'host' => 'www.hrbkcwl.com',
  'content-type' => '',
  'content-length' => '',
)
[ info ] [ PARAM ] array (
)
[ info ] [ DB ] INIT mysql
[ info ] [ CACHE ] INIT File
[ info ] [ RUN ] app\home\controller\Index->index[ /data/wwwroot/www.hrbkcwl.com/app/home/controller/Index.php ]
[ info ] [ VIEW ] /data/wwwroot/www.hrbkcwl.com/app/home/view/index_index.html [ array (
  0 => 'sys',
  1 => 'action',
  2 => 'controller',
  3 => 'title',
  4 => 'keywords',
  5 => 'description',
  6 => 'category',
  7 => 'adList',
  8 => 'linkList',
) ]
[ info ] [ LOG ] INIT File
[ sql ] [ DB ] CONNECT:[ UseTime:0.000361s ] mysql:dbname=db_cool;host=127.0.0.1;port=3306;charset=utf8
[ sql ] [ SQL ] SHOW COLUMNS FROM `cool_category` [ RunTime:0.000866s ]
[ sql ] [ SQL ] SELECT * FROM `cool_category` WHERE  `id` IS NULL LIMIT 1 [ RunTime:0.000250s ]
[ sql ] [ SQL ] SHOW COLUMNS FROM `cool_ad` [ RunTime:0.000492s ]
[ sql ] [ SQL ] SELECT * FROM `cool_ad` WHERE  `type_id` = 1  AND `open` = 1 ORDER BY sort asc LIMIT 4 [ RunTime:0.000203s ]
[ sql ] [ SQL ] SHOW COLUMNS FROM `cool_link` [ RunTime:0.000501s ]
[ sql ] [ SQL ] SELECT * FROM `cool_link` WHERE  `open` = 1 ORDER BY sort asc [ RunTime:0.000172s ]
[ sql ] [ SQL ] SHOW COLUMNS FROM `cool_page` [ RunTime:0.000492s ]
[ sql ] [ SQL ] SELECT `content` FROM `cool_page` WHERE  `id` = 2 LIMIT 1 [ RunTime:0.000172s ]
[ sql ] [ SQL ] SHOW COLUMNS FROM `cool_debris` [ RunTime:0.000444s ]
[ sql ] [ SQL ] SELECT * FROM `cool_debris` WHERE  (  type_id = 6 ) LIMIT 3 [ RunTime:0.000156s ]
[ sql ] [ SQL ] SELECT * FROM `cool_debris` WHERE  (  type_id = 6 ) LIMIT 3 [ RunTime:0.000144s ]
[ sql ] [ SQL ] SELECT * FROM `cool_debris` WHERE  (  type_id = 7 ) LIMIT 3 [ RunTime:0.000137s ]
[ sql ] [ SQL ] SELECT * FROM `cool_category` WHERE  (  parentid = 10 ) LIMIT 3 [ RunTime:0.000167s ]
[ sql ] [ SQL ] SHOW COLUMNS FROM `cool_case` [ RunTime:0.000530s ]
[ sql ] [ SQL ] SELECT `a`.*,`c`.`catdir` FROM `cool_case` `a` LEFT JOIN `cool_category` `c` ON `a`.`catid`=`c`.`id` ORDER BY listorder asc,createtime desc LIMIT 8 [ RunTime:0.000230s ]
[ sql ] [ SQL ] SELECT `catname` FROM `cool_category` WHERE  `id` = 23 LIMIT 1 [ RunTime:0.000181s ]
[ sql ] [ SQL ] SELECT `catname` FROM `cool_category` WHERE  `id` = 23 LIMIT 1 [ RunTime:0.000183s ]
[ sql ] [ SQL ] SELECT `catname` FROM `cool_category` WHERE  `id` = 23 LIMIT 1 [ RunTime:0.000179s ]
[ sql ] [ SQL ] SELECT `catname` FROM `cool_category` WHERE  `id` = 23 LIMIT 1 [ RunTime:0.000184s ]
[ sql ] [ SQL ] SELECT `catname` FROM `cool_category` WHERE  `id` = 23 LIMIT 1 [ RunTime:0.000186s ]
[ sql ] [ SQL ] SELECT `catname` FROM `cool_category` WHERE  `id` = 23 LIMIT 1 [ RunTime:0.000187s ]
[ sql ] [ SQL ] SELECT `catname` FROM `cool_category` WHERE  `id` = 23 LIMIT 1 [ RunTime:0.000155s ]
[ sql ] [ SQL ] SELECT `catname` FROM `cool_category` WHERE  `id` = 23 LIMIT 1 [ RunTime:0.000152s ]
[ sql ] [ SQL ] SHOW COLUMNS FROM `cool_fuwukehu` [ RunTime:0.000598s ]
[ sql ] [ SQL ] SELECT `a`.*,`c`.`catdir` FROM `cool_fuwukehu` `a` LEFT JOIN `cool_category` `c` ON `a`.`catid`=`c`.`id` WHERE  (  catid=22  ) ORDER BY listorder
                            asc,createtime desc LIMIT 10 [ RunTime:0.000210s ]
[ sql ] [ SQL ] SHOW COLUMNS FROM `cool_blog` [ RunTime:0.000554s ]
[ sql ] [ SQL ] SELECT `a`.*,`c`.`catdir` FROM `cool_blog` `a` LEFT JOIN `cool_category` `c` ON `a`.`catid`=`c`.`id` WHERE  (  catid in(17,18,19,20,21)  ) ORDER BY listorder
                asc,createtime desc LIMIT 3 [ RunTime:0.000210s ]
[ sql ] [ SQL ] SELECT `catname` FROM `cool_category` WHERE  `id` = 18 LIMIT 1 [ RunTime:0.000144s ]
[ sql ] [ SQL ] SELECT `catname` FROM `cool_category` WHERE  `id` = 17 LIMIT 1 [ RunTime:0.000172s ]
[ sql ] [ SQL ] SELECT `catname` FROM `cool_category` WHERE  `id` = 17 LIMIT 1 [ RunTime:0.000155s ]
[ error ] [8]未定义变量: info[/data/wwwroot/www.hrbkcwl.com/runtime/temp/c48b970f7d9a96c92da5129398a8e2a2.php:10]
[ error ] [8]未定义变量: info[/data/wwwroot/www.hrbkcwl.com/runtime/temp/c48b970f7d9a96c92da5129398a8e2a2.php:11]
[ error ] [8]未定义变量: info[/data/wwwroot/www.hrbkcwl.com/runtime/temp/c48b970f7d9a96c92da5129398a8e2a2.php:12]
---------------------------------------------------------------
[ 2017-11-07T13:37:47+08:00 ] 172.17.245.113 193.93.194.159 GET /
[ info ] www.hrbkcwl.com/ [运行时间：0.022777s][吞吐率：43.90req/s] [内存消耗：777.37kb] [文件加载：56]
[ info ] [ LANG ] /data/wwwroot/www.hrbkcwl.com/think/lang/zh-cn.php
[ info ] [ ROUTE ] array (
  'type' => 'module',
  'module' => 
  array (
    0 => '',
    1 => NULL,
    2 => NULL,
  ),
)
[ info ] [ HEADER ] array (
  'accept' => 'text/html,application/xhtml+xml,application/xml;q=0.9,*/*;q=0.8',
  'accept-encoding' => 'gzip, deflate',
  'accept-language' => 'en-US,en;q=0.8,ru;q=0.6',
  'connection' => 'keep-alive',
  'dnt' => '1',
  'host' => 'www.hrbkcwl.com',
  'user-agent' => 'Mozilla/4.0 (compatible; MSIE 6.0; Windows NT 5.1; SV1)',
  'content-type' => '',
  'content-length' => '',
)
[ info ] [ PARAM ] array (
)
[ info ] [ DB ] INIT mysql
[ info ] [ CACHE ] INIT File
[ info ] [ RUN ] app\home\controller\Index->index[ /data/wwwroot/www.hrbkcwl.com/app/home/controller/Index.php ]
[ info ] [ VIEW ] /data/wwwroot/www.hrbkcwl.com/app/home/view/index_index.html [ array (
  0 => 'sys',
  1 => 'action',
  2 => 'controller',
  3 => 'title',
  4 => 'keywords',
  5 => 'description',
  6 => 'category',
  7 => 'adList',
  8 => 'linkList',
) ]
[ info ] [ LOG ] INIT File
[ sql ] [ DB ] CONNECT:[ UseTime:0.000389s ] mysql:dbname=db_cool;host=127.0.0.1;port=3306;charset=utf8
[ sql ] [ SQL ] SHOW COLUMNS FROM `cool_category` [ RunTime:0.000928s ]
[ sql ] [ SQL ] SELECT * FROM `cool_category` WHERE  `id` IS NULL LIMIT 1 [ RunTime:0.000253s ]
[ sql ] [ SQL ] SELECT * FROM `cool_category` WHERE  `parentid` = 0  AND `ismenu` = 1 ORDER BY `listorder` [ RunTime:0.000262s ]
[ sql ] [ SQL ] SELECT * FROM `cool_category` WHERE  `ismenu` = 1 ORDER BY `listorder` [ RunTime:0.000212s ]
[ sql ] [ SQL ] SHOW COLUMNS FROM `cool_ad` [ RunTime:0.000521s ]
[ sql ] [ SQL ] SELECT * FROM `cool_ad` WHERE  `type_id` = 1  AND `open` = 1 ORDER BY sort asc LIMIT 4 [ RunTime:0.000257s ]
[ sql ] [ SQL ] SHOW COLUMNS FROM `cool_link` [ RunTime:0.000522s ]
[ sql ] [ SQL ] SELECT * FROM `cool_link` WHERE  `open` = 1 ORDER BY sort asc [ RunTime:0.000184s ]
[ sql ] [ SQL ] SHOW COLUMNS FROM `cool_page` [ RunTime:0.000523s ]
[ sql ] [ SQL ] SELECT `content` FROM `cool_page` WHERE  `id` = 2 LIMIT 1 [ RunTime:0.000181s ]
[ sql ] [ SQL ] SHOW COLUMNS FROM `cool_debris` [ RunTime:0.000481s ]
[ sql ] [ SQL ] SELECT * FROM `cool_debris` WHERE  (  type_id = 6 ) LIMIT 3 [ RunTime:0.000175s ]
[ sql ] [ SQL ] SELECT * FROM `cool_debris` WHERE  (  type_id = 6 ) LIMIT 3 [ RunTime:0.000148s ]
[ sql ] [ SQL ] SELECT * FROM `cool_debris` WHERE  (  type_id = 7 ) LIMIT 3 [ RunTime:0.000166s ]
[ sql ] [ SQL ] SELECT * FROM `cool_category` WHERE  (  parentid = 10 ) LIMIT 3 [ RunTime:0.000176s ]
[ sql ] [ SQL ] SHOW COLUMNS FROM `cool_case` [ RunTime:0.000523s ]
[ sql ] [ SQL ] SELECT `a`.*,`c`.`catdir` FROM `cool_case` `a` LEFT JOIN `cool_category` `c` ON `a`.`catid`=`c`.`id` ORDER BY listorder asc,createtime desc LIMIT 8 [ RunTime:0.000220s ]
[ sql ] [ SQL ] SELECT `catname` FROM `cool_category` WHERE  `id` = 23 LIMIT 1 [ RunTime:0.000169s ]
[ sql ] [ SQL ] SELECT `catname` FROM `cool_category` WHERE  `id` = 23 LIMIT 1 [ RunTime:0.000159s ]
[ sql ] [ SQL ] SELECT `catname` FROM `cool_category` WHERE  `id` = 23 LIMIT 1 [ RunTime:0.000151s ]
[ sql ] [ SQL ] SELECT `catname` FROM `cool_category` WHERE  `id` = 23 LIMIT 1 [ RunTime:0.000200s ]
[ sql ] [ SQL ] SELECT `catname` FROM `cool_category` WHERE  `id` = 23 LIMIT 1 [ RunTime:0.000145s ]
[ sql ] [ SQL ] SELECT `catname` FROM `cool_category` WHERE  `id` = 23 LIMIT 1 [ RunTime:0.000140s ]
[ sql ] [ SQL ] SELECT `catname` FROM `cool_category` WHERE  `id` = 23 LIMIT 1 [ RunTime:0.000151s ]
[ sql ] [ SQL ] SELECT `catname` FROM `cool_category` WHERE  `id` = 23 LIMIT 1 [ RunTime:0.000145s ]
[ sql ] [ SQL ] SHOW COLUMNS FROM `cool_fuwukehu` [ RunTime:0.000555s ]
[ sql ] [ SQL ] SELECT `a`.*,`c`.`catdir` FROM `cool_fuwukehu` `a` LEFT JOIN `cool_category` `c` ON `a`.`catid`=`c`.`id` WHERE  (  catid=22  ) ORDER BY listorder
                            asc,createtime desc LIMIT 10 [ RunTime:0.000199s ]
[ sql ] [ SQL ] SHOW COLUMNS FROM `cool_blog` [ RunTime:0.000527s ]
[ sql ] [ SQL ] SELECT `a`.*,`c`.`catdir` FROM `cool_blog` `a` LEFT JOIN `cool_category` `c` ON `a`.`catid`=`c`.`id` WHERE  (  catid in(17,18,19,20,21)  ) ORDER BY listorder
                asc,createtime desc LIMIT 3 [ RunTime:0.000226s ]
[ sql ] [ SQL ] SELECT `catname` FROM `cool_category` WHERE  `id` = 18 LIMIT 1 [ RunTime:0.000183s ]
[ sql ] [ SQL ] SELECT `catname` FROM `cool_category` WHERE  `id` = 17 LIMIT 1 [ RunTime:0.000156s ]
[ sql ] [ SQL ] SELECT `catname` FROM `cool_category` WHERE  `id` = 17 LIMIT 1 [ RunTime:0.000146s ]
[ error ] [8]未定义变量: info[/data/wwwroot/www.hrbkcwl.com/runtime/temp/c48b970f7d9a96c92da5129398a8e2a2.php:10]
[ error ] [8]未定义变量: info[/data/wwwroot/www.hrbkcwl.com/runtime/temp/c48b970f7d9a96c92da5129398a8e2a2.php:11]
[ error ] [8]未定义变量: info[/data/wwwroot/www.hrbkcwl.com/runtime/temp/c48b970f7d9a96c92da5129398a8e2a2.php:12]
---------------------------------------------------------------
[ 2017-11-07T15:30:30+08:00 ] 172.17.245.113 106.11.242.29 GET /
[ info ] www.hrbkcwl.com/ [运行时间：0.020678s][吞吐率：48.36req/s] [内存消耗：777.44kb] [文件加载：56]
[ info ] [ LANG ] /data/wwwroot/www.hrbkcwl.com/think/lang/zh-cn.php
[ info ] [ ROUTE ] array (
  'type' => 'module',
  'module' => 
  array (
    0 => '',
    1 => NULL,
    2 => NULL,
  ),
)
[ info ] [ HEADER ] array (
  'accept-encoding' => 'gzip',
  'user-agent' => 'Mozilla/5.0 (iPad; CPU OS 9_1 like Mac OS X) AppleWebKit/601.1.46 (KHTML, like Gecko) Version/9.0 Mobile/13B143 Safari/601.1',
  'cache-control' => 'no-cache',
  'pragma' => 'no-cache',
  'host' => 'www.hrbkcwl.com',
  'accept' => 'text/html, image/gif, image/jpeg, *; q=.2, */*; q=.2',
  'connection' => 'keep-alive',
  'content-type' => '',
  'content-length' => '',
)
[ info ] [ PARAM ] array (
)
[ info ] [ DB ] INIT mysql
[ info ] [ CACHE ] INIT File
[ info ] [ RUN ] app\home\controller\Index->index[ /data/wwwroot/www.hrbkcwl.com/app/home/controller/Index.php ]
[ info ] [ VIEW ] /data/wwwroot/www.hrbkcwl.com/app/home/view/index_index.html [ array (
  0 => 'sys',
  1 => 'action',
  2 => 'controller',
  3 => 'title',
  4 => 'keywords',
  5 => 'description',
  6 => 'category',
  7 => 'adList',
  8 => 'linkList',
) ]
[ info ] [ LOG ] INIT File
[ sql ] [ DB ] CONNECT:[ UseTime:0.000306s ] mysql:dbname=db_cool;host=127.0.0.1;port=3306;charset=utf8
[ sql ] [ SQL ] SHOW COLUMNS FROM `cool_category` [ RunTime:0.000759s ]
[ sql ] [ SQL ] SELECT * FROM `cool_category` WHERE  `id` IS NULL LIMIT 1 [ RunTime:0.000232s ]
[ sql ] [ SQL ] SELECT * FROM `cool_category` WHERE  `parentid` = 0  AND `ismenu` = 1 ORDER BY `listorder` [ RunTime:0.000243s ]
[ sql ] [ SQL ] SELECT * FROM `cool_category` WHERE  `ismenu` = 1 ORDER BY `listorder` [ RunTime:0.000208s ]
[ sql ] [ SQL ] SHOW COLUMNS FROM `cool_ad` [ RunTime:0.000468s ]
[ sql ] [ SQL ] SELECT * FROM `cool_ad` WHERE  `type_id` = 1  AND `open` = 1 ORDER BY sort asc LIMIT 4 [ RunTime:0.000165s ]
[ sql ] [ SQL ] SHOW COLUMNS FROM `cool_link` [ RunTime:0.000454s ]
[ sql ] [ SQL ] SELECT * FROM `cool_link` WHERE  `open` = 1 ORDER BY sort asc [ RunTime:0.000160s ]
[ sql ] [ SQL ] SHOW COLUMNS FROM `cool_page` [ RunTime:0.000449s ]
[ sql ] [ SQL ] SELECT `content` FROM `cool_page` WHERE  `id` = 2 LIMIT 1 [ RunTime:0.000155s ]
[ sql ] [ SQL ] SHOW COLUMNS FROM `cool_debris` [ RunTime:0.000392s ]
[ sql ] [ SQL ] SELECT * FROM `cool_debris` WHERE  (  type_id = 6 ) LIMIT 3 [ RunTime:0.000142s ]
[ sql ] [ SQL ] SELECT * FROM `cool_debris` WHERE  (  type_id = 6 ) LIMIT 3 [ RunTime:0.000134s ]
[ sql ] [ SQL ] SELECT * FROM `cool_debris` WHERE  (  type_id = 7 ) LIMIT 3 [ RunTime:0.000127s ]
[ sql ] [ SQL ] SELECT * FROM `cool_category` WHERE  (  parentid = 10 ) LIMIT 3 [ RunTime:0.000164s ]
[ sql ] [ SQL ] SHOW COLUMNS FROM `cool_case` [ RunTime:0.000470s ]
[ sql ] [ SQL ] SELECT `a`.*,`c`.`catdir` FROM `cool_case` `a` LEFT JOIN `cool_category` `c` ON `a`.`catid`=`c`.`id` ORDER BY listorder asc,createtime desc LIMIT 8 [ RunTime:0.000195s ]
[ sql ] [ SQL ] SELECT `catname` FROM `cool_category` WHERE  `id` = 23 LIMIT 1 [ RunTime:0.000140s ]
[ sql ] [ SQL ] SELECT `catname` FROM `cool_category` WHERE  `id` = 23 LIMIT 1 [ RunTime:0.000143s ]
[ sql ] [ SQL ] SELECT `catname` FROM `cool_category` WHERE  `id` = 23 LIMIT 1 [ RunTime:0.000138s ]
[ sql ] [ SQL ] SELECT `catname` FROM `cool_category` WHERE  `id` = 23 LIMIT 1 [ RunTime:0.000128s ]
[ sql ] [ SQL ] SELECT `catname` FROM `cool_category` WHERE  `id` = 23 LIMIT 1 [ RunTime:0.000134s ]
[ sql ] [ SQL ] SELECT `catname` FROM `cool_category` WHERE  `id` = 23 LIMIT 1 [ RunTime:0.000135s ]
[ sql ] [ SQL ] SELECT `catname` FROM `cool_category` WHERE  `id` = 23 LIMIT 1 [ RunTime:0.000126s ]
[ sql ] [ SQL ] SELECT `catname` FROM `cool_category` WHERE  `id` = 23 LIMIT 1 [ RunTime:0.000125s ]
[ sql ] [ SQL ] SHOW COLUMNS FROM `cool_fuwukehu` [ RunTime:0.000463s ]
[ sql ] [ SQL ] SELECT `a`.*,`c`.`catdir` FROM `cool_fuwukehu` `a` LEFT JOIN `cool_category` `c` ON `a`.`catid`=`c`.`id` WHERE  (  catid=22  ) ORDER BY listorder
                            asc,createtime desc LIMIT 10 [ RunTime:0.000220s ]
[ sql ] [ SQL ] SHOW COLUMNS FROM `cool_blog` [ RunTime:0.000526s ]
[ sql ] [ SQL ] SELECT `a`.*,`c`.`catdir` FROM `cool_blog` `a` LEFT JOIN `cool_category` `c` ON `a`.`catid`=`c`.`id` WHERE  (  catid in(17,18,19,20,21)  ) ORDER BY listorder
                asc,createtime desc LIMIT 3 [ RunTime:0.000294s ]
[ sql ] [ SQL ] SELECT `catname` FROM `cool_category` WHERE  `id` = 18 LIMIT 1 [ RunTime:0.000147s ]
[ sql ] [ SQL ] SELECT `catname` FROM `cool_category` WHERE  `id` = 17 LIMIT 1 [ RunTime:0.000140s ]
[ sql ] [ SQL ] SELECT `catname` FROM `cool_category` WHERE  `id` = 17 LIMIT 1 [ RunTime:0.000136s ]
[ error ] [8]未定义变量: info[/data/wwwroot/www.hrbkcwl.com/runtime/temp/c48b970f7d9a96c92da5129398a8e2a2.php:10]
[ error ] [8]未定义变量: info[/data/wwwroot/www.hrbkcwl.com/runtime/temp/c48b970f7d9a96c92da5129398a8e2a2.php:11]
[ error ] [8]未定义变量: info[/data/wwwroot/www.hrbkcwl.com/runtime/temp/c48b970f7d9a96c92da5129398a8e2a2.php:12]
---------------------------------------------------------------
[ 2017-11-07T17:10:23+08:00 ] 172.17.245.113 123.125.71.74 GET /
[ info ] www.hrbkcwl.com/ [运行时间：0.020826s][吞吐率：48.02req/s] [内存消耗：777.36kb] [文件加载：56]
[ info ] [ LANG ] /data/wwwroot/www.hrbkcwl.com/think/lang/zh-cn.php
[ info ] [ ROUTE ] array (
  'type' => 'module',
  'module' => 
  array (
    0 => '',
    1 => NULL,
    2 => NULL,
  ),
)
[ info ] [ HEADER ] array (
  'host' => 'www.hrbkcwl.com',
  'connection' => 'close',
  'user-agent' => 'Mozilla/5.0 (compatible; Baiduspider/2.0; +http://www.baidu.com/search/spider.html)',
  'accept-language' => 'zh-cn,zh-tw',
  'if-none-match' => '"@NULL@"',
  'accept-encoding' => 'gzip',
  'accept' => '*/*',
  'content-type' => '',
  'content-length' => '',
)
[ info ] [ PARAM ] array (
)
[ info ] [ DB ] INIT mysql
[ info ] [ CACHE ] INIT File
[ info ] [ RUN ] app\home\controller\Index->index[ /data/wwwroot/www.hrbkcwl.com/app/home/controller/Index.php ]
[ info ] [ VIEW ] /data/wwwroot/www.hrbkcwl.com/app/home/view/index_index.html [ array (
  0 => 'sys',
  1 => 'action',
  2 => 'controller',
  3 => 'title',
  4 => 'keywords',
  5 => 'description',
  6 => 'category',
  7 => 'adList',
  8 => 'linkList',
) ]
[ info ] [ LOG ] INIT File
[ sql ] [ DB ] CONNECT:[ UseTime:0.000340s ] mysql:dbname=db_cool;host=127.0.0.1;port=3306;charset=utf8
[ sql ] [ SQL ] SHOW COLUMNS FROM `cool_category` [ RunTime:0.000785s ]
[ sql ] [ SQL ] SELECT * FROM `cool_category` WHERE  `id` IS NULL LIMIT 1 [ RunTime:0.000236s ]
[ sql ] [ SQL ] SELECT * FROM `cool_category` WHERE  `parentid` = 0  AND `ismenu` = 1 ORDER BY `listorder` [ RunTime:0.000238s ]
[ sql ] [ SQL ] SELECT * FROM `cool_category` WHERE  `ismenu` = 1 ORDER BY `listorder` [ RunTime:0.000257s ]
[ sql ] [ SQL ] SHOW COLUMNS FROM `cool_ad` [ RunTime:0.000449s ]
[ sql ] [ SQL ] SELECT * FROM `cool_ad` WHERE  `type_id` = 1  AND `open` = 1 ORDER BY sort asc LIMIT 4 [ RunTime:0.000176s ]
[ sql ] [ SQL ] SHOW COLUMNS FROM `cool_link` [ RunTime:0.000434s ]
[ sql ] [ SQL ] SELECT * FROM `cool_link` WHERE  `open` = 1 ORDER BY sort asc [ RunTime:0.000155s ]
[ sql ] [ SQL ] SHOW COLUMNS FROM `cool_page` [ RunTime:0.000435s ]
[ sql ] [ SQL ] SELECT `content` FROM `cool_page` WHERE  `id` = 2 LIMIT 1 [ RunTime:0.000146s ]
[ sql ] [ SQL ] SHOW COLUMNS FROM `cool_debris` [ RunTime:0.000403s ]
[ sql ] [ SQL ] SELECT * FROM `cool_debris` WHERE  (  type_id = 6 ) LIMIT 3 [ RunTime:0.000142s ]
[ sql ] [ SQL ] SELECT * FROM `cool_debris` WHERE  (  type_id = 6 ) LIMIT 3 [ RunTime:0.000132s ]
[ sql ] [ SQL ] SELECT * FROM `cool_debris` WHERE  (  type_id = 7 ) LIMIT 3 [ RunTime:0.000131s ]
[ sql ] [ SQL ] SELECT * FROM `cool_category` WHERE  (  parentid = 10 ) LIMIT 3 [ RunTime:0.000190s ]
[ sql ] [ SQL ] SHOW COLUMNS FROM `cool_case` [ RunTime:0.000530s ]
[ sql ] [ SQL ] SELECT `a`.*,`c`.`catdir` FROM `cool_case` `a` LEFT JOIN `cool_category` `c` ON `a`.`catid`=`c`.`id` ORDER BY listorder asc,createtime desc LIMIT 8 [ RunTime:0.000201s ]
[ sql ] [ SQL ] SELECT `catname` FROM `cool_category` WHERE  `id` = 23 LIMIT 1 [ RunTime:0.000139s ]
[ sql ] [ SQL ] SELECT `catname` FROM `cool_category` WHERE  `id` = 23 LIMIT 1 [ RunTime:0.000137s ]
[ sql ] [ SQL ] SELECT `catname` FROM `cool_category` WHERE  `id` = 23 LIMIT 1 [ RunTime:0.000144s ]
[ sql ] [ SQL ] SELECT `catname` FROM `cool_category` WHERE  `id` = 23 LIMIT 1 [ RunTime:0.000128s ]
[ sql ] [ SQL ] SELECT `catname` FROM `cool_category` WHERE  `id` = 23 LIMIT 1 [ RunTime:0.000131s ]
[ sql ] [ SQL ] SELECT `catname` FROM `cool_category` WHERE  `id` = 23 LIMIT 1 [ RunTime:0.000139s ]
[ sql ] [ SQL ] SELECT `catname` FROM `cool_category` WHERE  `id` = 23 LIMIT 1 [ RunTime:0.000129s ]
[ sql ] [ SQL ] SELECT `catname` FROM `cool_category` WHERE  `id` = 23 LIMIT 1 [ RunTime:0.000135s ]
[ sql ] [ SQL ] SHOW COLUMNS FROM `cool_fuwukehu` [ RunTime:0.000498s ]
[ sql ] [ SQL ] SELECT `a`.*,`c`.`catdir` FROM `cool_fuwukehu` `a` LEFT JOIN `cool_category` `c` ON `a`.`catid`=`c`.`id` WHERE  (  catid=22  ) ORDER BY listorder
                            asc,createtime desc LIMIT 10 [ RunTime:0.000186s ]
[ sql ] [ SQL ] SHOW COLUMNS FROM `cool_blog` [ RunTime:0.000468s ]
[ sql ] [ SQL ] SELECT `a`.*,`c`.`catdir` FROM `cool_blog` `a` LEFT JOIN `cool_category` `c` ON `a`.`catid`=`c`.`id` WHERE  (  catid in(17,18,19,20,21)  ) ORDER BY listorder
                asc,createtime desc LIMIT 3 [ RunTime:0.000237s ]
[ sql ] [ SQL ] SELECT `catname` FROM `cool_category` WHERE  `id` = 18 LIMIT 1 [ RunTime:0.000169s ]
[ sql ] [ SQL ] SELECT `catname` FROM `cool_category` WHERE  `id` = 17 LIMIT 1 [ RunTime:0.000147s ]
[ sql ] [ SQL ] SELECT `catname` FROM `cool_category` WHERE  `id` = 17 LIMIT 1 [ RunTime:0.000139s ]
[ error ] [8]未定义变量: info[/data/wwwroot/www.hrbkcwl.com/runtime/temp/c48b970f7d9a96c92da5129398a8e2a2.php:10]
[ error ] [8]未定义变量: info[/data/wwwroot/www.hrbkcwl.com/runtime/temp/c48b970f7d9a96c92da5129398a8e2a2.php:11]
[ error ] [8]未定义变量: info[/data/wwwroot/www.hrbkcwl.com/runtime/temp/c48b970f7d9a96c92da5129398a8e2a2.php:12]
---------------------------------------------------------------
[ 2017-11-07T18:37:15+08:00 ] 172.17.245.113 66.45.243.202 HEAD /
[ info ] www.hrbkcwl.com/ [运行时间：0.020515s][吞吐率：48.74req/s] [内存消耗：776.74kb] [文件加载：56]
[ info ] [ LANG ] /data/wwwroot/www.hrbkcwl.com/think/lang/zh-cn.php
[ info ] [ ROUTE ] array (
  'type' => 'module',
  'module' => 
  array (
    0 => '',
    1 => NULL,
    2 => NULL,
  ),
)
[ info ] [ HEADER ] array (
  'host' => 'www.hrbkcwl.com',
  'user-agent' => 'Mozilla/5.0 (compatible; Uptimebot/1.0; +http://www.uptime.com/uptimebot)',
  'referer' => 'http://uptime-beta.net/www.hrbkcwl.com',
  'connection' => 'close',
  'content-type' => '',
  'content-length' => '',
)
[ info ] [ PARAM ] array (
)
[ info ] [ DB ] INIT mysql
[ info ] [ CACHE ] INIT File
[ info ] [ RUN ] app\home\controller\Index->index[ /data/wwwroot/www.hrbkcwl.com/app/home/controller/Index.php ]
[ info ] [ VIEW ] /data/wwwroot/www.hrbkcwl.com/app/home/view/index_index.html [ array (
  0 => 'sys',
  1 => 'action',
  2 => 'controller',
  3 => 'title',
  4 => 'keywords',
  5 => 'description',
  6 => 'category',
  7 => 'adList',
  8 => 'linkList',
) ]
[ info ] [ LOG ] INIT File
[ sql ] [ DB ] CONNECT:[ UseTime:0.000349s ] mysql:dbname=db_cool;host=127.0.0.1;port=3306;charset=utf8
[ sql ] [ SQL ] SHOW COLUMNS FROM `cool_category` [ RunTime:0.000849s ]
[ sql ] [ SQL ] SELECT * FROM `cool_category` WHERE  `id` IS NULL LIMIT 1 [ RunTime:0.000289s ]
[ sql ] [ SQL ] SELECT * FROM `cool_category` WHERE  `parentid` = 0  AND `ismenu` = 1 ORDER BY `listorder` [ RunTime:0.000278s ]
[ sql ] [ SQL ] SELECT * FROM `cool_category` WHERE  `ismenu` = 1 ORDER BY `listorder` [ RunTime:0.000244s ]
[ sql ] [ SQL ] SHOW COLUMNS FROM `cool_ad` [ RunTime:0.000476s ]
[ sql ] [ SQL ] SELECT * FROM `cool_ad` WHERE  `type_id` = 1  AND `open` = 1 ORDER BY sort asc LIMIT 4 [ RunTime:0.000172s ]
[ sql ] [ SQL ] SHOW COLUMNS FROM `cool_link` [ RunTime:0.000447s ]
[ sql ] [ SQL ] SELECT * FROM `cool_link` WHERE  `open` = 1 ORDER BY sort asc [ RunTime:0.000213s ]
[ sql ] [ SQL ] SHOW COLUMNS FROM `cool_page` [ RunTime:0.000543s ]
[ sql ] [ SQL ] SELECT `content` FROM `cool_page` WHERE  `id` = 2 LIMIT 1 [ RunTime:0.000157s ]
[ sql ] [ SQL ] SHOW COLUMNS FROM `cool_debris` [ RunTime:0.000458s ]
[ sql ] [ SQL ] SELECT * FROM `cool_debris` WHERE  (  type_id = 6 ) LIMIT 3 [ RunTime:0.000166s ]
[ sql ] [ SQL ] SELECT * FROM `cool_debris` WHERE  (  type_id = 6 ) LIMIT 3 [ RunTime:0.000141s ]
[ sql ] [ SQL ] SELECT * FROM `cool_debris` WHERE  (  type_id = 7 ) LIMIT 3 [ RunTime:0.000139s ]
[ sql ] [ SQL ] SELECT * FROM `cool_category` WHERE  (  parentid = 10 ) LIMIT 3 [ RunTime:0.000177s ]
[ sql ] [ SQL ] SHOW COLUMNS FROM `cool_case` [ RunTime:0.000819s ]
[ sql ] [ SQL ] SELECT `a`.*,`c`.`catdir` FROM `cool_case` `a` LEFT JOIN `cool_category` `c` ON `a`.`catid`=`c`.`id` ORDER BY listorder asc,createtime desc LIMIT 8 [ RunTime:0.000207s ]
[ sql ] [ SQL ] SELECT `catname` FROM `cool_category` WHERE  `id` = 23 LIMIT 1 [ RunTime:0.000145s ]
[ sql ] [ SQL ] SELECT `catname` FROM `cool_category` WHERE  `id` = 23 LIMIT 1 [ RunTime:0.000179s ]
[ sql ] [ SQL ] SELECT `catname` FROM `cool_category` WHERE  `id` = 23 LIMIT 1 [ RunTime:0.000147s ]
[ sql ] [ SQL ] SELECT `catname` FROM `cool_category` WHERE  `id` = 23 LIMIT 1 [ RunTime:0.000150s ]
[ sql ] [ SQL ] SELECT `catname` FROM `cool_category` WHERE  `id` = 23 LIMIT 1 [ RunTime:0.000152s ]
[ sql ] [ SQL ] SELECT `catname` FROM `cool_category` WHERE  `id` = 23 LIMIT 1 [ RunTime:0.000141s ]
[ sql ] [ SQL ] SELECT `catname` FROM `cool_category` WHERE  `id` = 23 LIMIT 1 [ RunTime:0.000161s ]
[ sql ] [ SQL ] SELECT `catname` FROM `cool_category` WHERE  `id` = 23 LIMIT 1 [ RunTime:0.000136s ]
[ sql ] [ SQL ] SHOW COLUMNS FROM `cool_fuwukehu` [ RunTime:0.000519s ]
[ sql ] [ SQL ] SELECT `a`.*,`c`.`catdir` FROM `cool_fuwukehu` `a` LEFT JOIN `cool_category` `c` ON `a`.`catid`=`c`.`id` WHERE  (  catid=22  ) ORDER BY listorder
                            asc,createtime desc LIMIT 10 [ RunTime:0.000196s ]
[ sql ] [ SQL ] SHOW COLUMNS FROM `cool_blog` [ RunTime:0.000491s ]
[ sql ] [ SQL ] SELECT `a`.*,`c`.`catdir` FROM `cool_blog` `a` LEFT JOIN `cool_category` `c` ON `a`.`catid`=`c`.`id` WHERE  (  catid in(17,18,19,20,21)  ) ORDER BY listorder
                asc,createtime desc LIMIT 3 [ RunTime:0.000204s ]
[ sql ] [ SQL ] SELECT `catname` FROM `cool_category` WHERE  `id` = 18 LIMIT 1 [ RunTime:0.000142s ]
[ sql ] [ SQL ] SELECT `catname` FROM `cool_category` WHERE  `id` = 17 LIMIT 1 [ RunTime:0.000177s ]
[ sql ] [ SQL ] SELECT `catname` FROM `cool_category` WHERE  `id` = 17 LIMIT 1 [ RunTime:0.000142s ]
[ error ] [8]未定义变量: info[/data/wwwroot/www.hrbkcwl.com/runtime/temp/c48b970f7d9a96c92da5129398a8e2a2.php:10]
[ error ] [8]未定义变量: info[/data/wwwroot/www.hrbkcwl.com/runtime/temp/c48b970f7d9a96c92da5129398a8e2a2.php:11]
[ error ] [8]未定义变量: info[/data/wwwroot/www.hrbkcwl.com/runtime/temp/c48b970f7d9a96c92da5129398a8e2a2.php:12]
---------------------------------------------------------------
[ 2017-11-07T21:43:45+08:00 ] 172.17.245.113 67.215.230.86 HEAD /
[ info ] www.hrbkcwl.com/ [运行时间：0.020772s][吞吐率：48.14req/s] [内存消耗：776.74kb] [文件加载：56]
[ info ] [ LANG ] /data/wwwroot/www.hrbkcwl.com/think/lang/zh-cn.php
[ info ] [ ROUTE ] array (
  'type' => 'module',
  'module' => 
  array (
    0 => '',
    1 => NULL,
    2 => NULL,
  ),
)
[ info ] [ HEADER ] array (
  'host' => 'www.hrbkcwl.com',
  'user-agent' => 'Mozilla/5.0 (compatible; Uptimebot/1.0; +http://www.uptime.com/uptimebot)',
  'referer' => 'http://uptime-alpha.net/www.hrbkcwl.com',
  'connection' => 'close',
  'content-type' => '',
  'content-length' => '',
)
[ info ] [ PARAM ] array (
)
[ info ] [ DB ] INIT mysql
[ info ] [ CACHE ] INIT File
[ info ] [ RUN ] app\home\controller\Index->index[ /data/wwwroot/www.hrbkcwl.com/app/home/controller/Index.php ]
[ info ] [ VIEW ] /data/wwwroot/www.hrbkcwl.com/app/home/view/index_index.html [ array (
  0 => 'sys',
  1 => 'action',
  2 => 'controller',
  3 => 'title',
  4 => 'keywords',
  5 => 'description',
  6 => 'category',
  7 => 'adList',
  8 => 'linkList',
) ]
[ info ] [ LOG ] INIT File
[ sql ] [ DB ] CONNECT:[ UseTime:0.000340s ] mysql:dbname=db_cool;host=127.0.0.1;port=3306;charset=utf8
[ sql ] [ SQL ] SHOW COLUMNS FROM `cool_category` [ RunTime:0.000794s ]
[ sql ] [ SQL ] SELECT * FROM `cool_category` WHERE  `id` IS NULL LIMIT 1 [ RunTime:0.000254s ]
[ sql ] [ SQL ] SELECT * FROM `cool_category` WHERE  `parentid` = 0  AND `ismenu` = 1 ORDER BY `listorder` [ RunTime:0.000244s ]
[ sql ] [ SQL ] SELECT * FROM `cool_category` WHERE  `ismenu` = 1 ORDER BY `listorder` [ RunTime:0.000217s ]
[ sql ] [ SQL ] SHOW COLUMNS FROM `cool_ad` [ RunTime:0.000488s ]
[ sql ] [ SQL ] SELECT * FROM `cool_ad` WHERE  `type_id` = 1  AND `open` = 1 ORDER BY sort asc LIMIT 4 [ RunTime:0.000177s ]
[ sql ] [ SQL ] SHOW COLUMNS FROM `cool_link` [ RunTime:0.000505s ]
[ sql ] [ SQL ] SELECT * FROM `cool_link` WHERE  `open` = 1 ORDER BY sort asc [ RunTime:0.000192s ]
[ sql ] [ SQL ] SHOW COLUMNS FROM `cool_page` [ RunTime:0.000477s ]
[ sql ] [ SQL ] SELECT `content` FROM `cool_page` WHERE  `id` = 2 LIMIT 1 [ RunTime:0.000161s ]
[ sql ] [ SQL ] SHOW COLUMNS FROM `cool_debris` [ RunTime:0.000428s ]
[ sql ] [ SQL ] SELECT * FROM `cool_debris` WHERE  (  type_id = 6 ) LIMIT 3 [ RunTime:0.000154s ]
[ sql ] [ SQL ] SELECT * FROM `cool_debris` WHERE  (  type_id = 6 ) LIMIT 3 [ RunTime:0.000133s ]
[ sql ] [ SQL ] SELECT * FROM `cool_debris` WHERE  (  type_id = 7 ) LIMIT 3 [ RunTime:0.000142s ]
[ sql ] [ SQL ] SELECT * FROM `cool_category` WHERE  (  parentid = 10 ) LIMIT 3 [ RunTime:0.000164s ]
[ sql ] [ SQL ] SHOW COLUMNS FROM `cool_case` [ RunTime:0.000523s ]
[ sql ] [ SQL ] SELECT `a`.*,`c`.`catdir` FROM `cool_case` `a` LEFT JOIN `cool_category` `c` ON `a`.`catid`=`c`.`id` ORDER BY listorder asc,createtime desc LIMIT 8 [ RunTime:0.000259s ]
[ sql ] [ SQL ] SELECT `catname` FROM `cool_category` WHERE  `id` = 23 LIMIT 1 [ RunTime:0.000168s ]
[ sql ] [ SQL ] SELECT `catname` FROM `cool_category` WHERE  `id` = 23 LIMIT 1 [ RunTime:0.000163s ]
[ sql ] [ SQL ] SELECT `catname` FROM `cool_category` WHERE  `id` = 23 LIMIT 1 [ RunTime:0.000158s ]
[ sql ] [ SQL ] SELECT `catname` FROM `cool_category` WHERE  `id` = 23 LIMIT 1 [ RunTime:0.000150s ]
[ sql ] [ SQL ] SELECT `catname` FROM `cool_category` WHERE  `id` = 23 LIMIT 1 [ RunTime:0.000139s ]
[ sql ] [ SQL ] SELECT `catname` FROM `cool_category` WHERE  `id` = 23 LIMIT 1 [ RunTime:0.000138s ]
[ sql ] [ SQL ] SELECT `catname` FROM `cool_category` WHERE  `id` = 23 LIMIT 1 [ RunTime:0.000164s ]
[ sql ] [ SQL ] SELECT `catname` FROM `cool_category` WHERE  `id` = 23 LIMIT 1 [ RunTime:0.000202s ]
[ sql ] [ SQL ] SHOW COLUMNS FROM `cool_fuwukehu` [ RunTime:0.000537s ]
[ sql ] [ SQL ] SELECT `a`.*,`c`.`catdir` FROM `cool_fuwukehu` `a` LEFT JOIN `cool_category` `c` ON `a`.`catid`=`c`.`id` WHERE  (  catid=22  ) ORDER BY listorder
                            asc,createtime desc LIMIT 10 [ RunTime:0.000200s ]
[ sql ] [ SQL ] SHOW COLUMNS FROM `cool_blog` [ RunTime:0.000569s ]
[ sql ] [ SQL ] SELECT `a`.*,`c`.`catdir` FROM `cool_blog` `a` LEFT JOIN `cool_category` `c` ON `a`.`catid`=`c`.`id` WHERE  (  catid in(17,18,19,20,21)  ) ORDER BY listorder
                asc,createtime desc LIMIT 3 [ RunTime:0.000235s ]
[ sql ] [ SQL ] SELECT `catname` FROM `cool_category` WHERE  `id` = 18 LIMIT 1 [ RunTime:0.000155s ]
[ sql ] [ SQL ] SELECT `catname` FROM `cool_category` WHERE  `id` = 17 LIMIT 1 [ RunTime:0.000176s ]
[ sql ] [ SQL ] SELECT `catname` FROM `cool_category` WHERE  `id` = 17 LIMIT 1 [ RunTime:0.000140s ]
[ error ] [8]未定义变量: info[/data/wwwroot/www.hrbkcwl.com/runtime/temp/c48b970f7d9a96c92da5129398a8e2a2.php:10]
[ error ] [8]未定义变量: info[/data/wwwroot/www.hrbkcwl.com/runtime/temp/c48b970f7d9a96c92da5129398a8e2a2.php:11]
[ error ] [8]未定义变量: info[/data/wwwroot/www.hrbkcwl.com/runtime/temp/c48b970f7d9a96c92da5129398a8e2a2.php:12]
---------------------------------------------------------------
[ 2017-11-07T22:04:47+08:00 ] 172.17.245.113 183.136.190.62 GET /
[ info ] www.hrbkcwl.com/ [运行时间：0.018895s][吞吐率：52.92req/s] [内存消耗：774.31kb] [文件加载：55]
[ info ] [ LANG ] /data/wwwroot/www.hrbkcwl.com/think/lang/zh-cn.php
[ info ] [ ROUTE ] array (
  'type' => 'module',
  'module' => 
  array (
    0 => '',
    1 => NULL,
    2 => NULL,
  ),
)
[ info ] [ HEADER ] array (
  'host' => 'www.hrbkcwl.com',
  'user-agent' => 'Mozilla/5.0 (Windows NT 6.1) AppleWebKit/537.36 (KHTML, like Gecko) Chrome/35.0.1916.153 Safari/537.36',
  'accept' => 'text/html,application/xhtml+xml,application/xml;q=0.9,image/webp,*/*;q=0.8',
  'accept-encoding' => '',
  'accept-language' => 'zh-CN,zh;q=0.8',
  'cache-control' => 'max-age=0',
  'connection' => 'close',
  'content-type' => '',
  'content-length' => '',
)
[ info ] [ PARAM ] array (
)
[ info ] [ DB ] INIT mysql
[ info ] [ CACHE ] INIT File
[ info ] [ RUN ] app\home\controller\Index->index[ /data/wwwroot/www.hrbkcwl.com/app/home/controller/Index.php ]
[ info ] [ VIEW ] /data/wwwroot/www.hrbkcwl.com/app/home/view/index_index.html [ array (
  0 => 'sys',
  1 => 'action',
  2 => 'controller',
  3 => 'title',
  4 => 'keywords',
  5 => 'description',
  6 => 'category',
  7 => 'adList',
  8 => 'linkList',
) ]
[ info ] [ LOG ] INIT File
[ sql ] [ DB ] CONNECT:[ UseTime:0.000335s ] mysql:dbname=db_cool;host=127.0.0.1;port=3306;charset=utf8
[ sql ] [ SQL ] SHOW COLUMNS FROM `cool_category` [ RunTime:0.000798s ]
[ sql ] [ SQL ] SELECT * FROM `cool_category` WHERE  `id` IS NULL LIMIT 1 [ RunTime:0.000239s ]
[ sql ] [ SQL ] SHOW COLUMNS FROM `cool_ad` [ RunTime:0.000437s ]
[ sql ] [ SQL ] SELECT * FROM `cool_ad` WHERE  `type_id` = 1  AND `open` = 1 ORDER BY sort asc LIMIT 4 [ RunTime:0.000202s ]
[ sql ] [ SQL ] SHOW COLUMNS FROM `cool_link` [ RunTime:0.000426s ]
[ sql ] [ SQL ] SELECT * FROM `cool_link` WHERE  `open` = 1 ORDER BY sort asc [ RunTime:0.000156s ]
[ sql ] [ SQL ] SHOW COLUMNS FROM `cool_page` [ RunTime:0.000456s ]
[ sql ] [ SQL ] SELECT `content` FROM `cool_page` WHERE  `id` = 2 LIMIT 1 [ RunTime:0.000144s ]
[ sql ] [ SQL ] SHOW COLUMNS FROM `cool_debris` [ RunTime:0.000418s ]
[ sql ] [ SQL ] SELECT * FROM `cool_debris` WHERE  (  type_id = 6 ) LIMIT 3 [ RunTime:0.000166s ]
[ sql ] [ SQL ] SELECT * FROM `cool_debris` WHERE  (  type_id = 6 ) LIMIT 3 [ RunTime:0.000171s ]
[ sql ] [ SQL ] SELECT * FROM `cool_debris` WHERE  (  type_id = 7 ) LIMIT 3 [ RunTime:0.000171s ]
[ sql ] [ SQL ] SELECT * FROM `cool_category` WHERE  (  parentid = 10 ) LIMIT 3 [ RunTime:0.000171s ]
[ sql ] [ SQL ] SHOW COLUMNS FROM `cool_case` [ RunTime:0.000586s ]
[ sql ] [ SQL ] SELECT `a`.*,`c`.`catdir` FROM `cool_case` `a` LEFT JOIN `cool_category` `c` ON `a`.`catid`=`c`.`id` ORDER BY listorder asc,createtime desc LIMIT 8 [ RunTime:0.000210s ]
[ sql ] [ SQL ] SELECT `catname` FROM `cool_category` WHERE  `id` = 23 LIMIT 1 [ RunTime:0.000154s ]
[ sql ] [ SQL ] SELECT `catname` FROM `cool_category` WHERE  `id` = 23 LIMIT 1 [ RunTime:0.000131s ]
[ sql ] [ SQL ] SELECT `catname` FROM `cool_category` WHERE  `id` = 23 LIMIT 1 [ RunTime:0.000158s ]
[ sql ] [ SQL ] SELECT `catname` FROM `cool_category` WHERE  `id` = 23 LIMIT 1 [ RunTime:0.000180s ]
[ sql ] [ SQL ] SELECT `catname` FROM `cool_category` WHERE  `id` = 23 LIMIT 1 [ RunTime:0.000180s ]
[ sql ] [ SQL ] SELECT `catname` FROM `cool_category` WHERE  `id` = 23 LIMIT 1 [ RunTime:0.000171s ]
[ sql ] [ SQL ] SELECT `catname` FROM `cool_category` WHERE  `id` = 23 LIMIT 1 [ RunTime:0.000133s ]
[ sql ] [ SQL ] SELECT `catname` FROM `cool_category` WHERE  `id` = 23 LIMIT 1 [ RunTime:0.000149s ]
[ sql ] [ SQL ] SHOW COLUMNS FROM `cool_fuwukehu` [ RunTime:0.000586s ]
[ sql ] [ SQL ] SELECT `a`.*,`c`.`catdir` FROM `cool_fuwukehu` `a` LEFT JOIN `cool_category` `c` ON `a`.`catid`=`c`.`id` WHERE  (  catid=22  ) ORDER BY listorder
                            asc,createtime desc LIMIT 10 [ RunTime:0.000210s ]
[ sql ] [ SQL ] SHOW COLUMNS FROM `cool_blog` [ RunTime:0.000572s ]
[ sql ] [ SQL ] SELECT `a`.*,`c`.`catdir` FROM `cool_blog` `a` LEFT JOIN `cool_category` `c` ON `a`.`catid`=`c`.`id` WHERE  (  catid in(17,18,19,20,21)  ) ORDER BY listorder
                asc,createtime desc LIMIT 3 [ RunTime:0.000236s ]
[ sql ] [ SQL ] SELECT `catname` FROM `cool_category` WHERE  `id` = 18 LIMIT 1 [ RunTime:0.000165s ]
[ sql ] [ SQL ] SELECT `catname` FROM `cool_category` WHERE  `id` = 17 LIMIT 1 [ RunTime:0.000183s ]
[ sql ] [ SQL ] SELECT `catname` FROM `cool_category` WHERE  `id` = 17 LIMIT 1 [ RunTime:0.000147s ]
[ error ] [8]未定义变量: info[/data/wwwroot/www.hrbkcwl.com/runtime/temp/c48b970f7d9a96c92da5129398a8e2a2.php:10]
[ error ] [8]未定义变量: info[/data/wwwroot/www.hrbkcwl.com/runtime/temp/c48b970f7d9a96c92da5129398a8e2a2.php:11]
[ error ] [8]未定义变量: info[/data/wwwroot/www.hrbkcwl.com/runtime/temp/c48b970f7d9a96c92da5129398a8e2a2.php:12]
