---------------------------------------------------------------
[ 2017-11-08T01:15:04+08:00 ] 172.17.245.113 123.125.71.52 GET /
[ info ] www.hrbkcwl.com/ [运行时间：0.020564s][吞吐率：48.63req/s] [内存消耗：777.36kb] [文件加载：56]
[ info ] [ LANG ] /data/wwwroot/www.hrbkcwl.com/think/lang/zh-cn.php
[ info ] [ ROUTE ] array (
  'type' => 'module',
  'module' => 
  array (
    0 => '',
    1 => NULL,
    2 => NULL,
  ),
)
[ info ] [ HEADER ] array (
  'host' => 'www.hrbkcwl.com',
  'connection' => 'close',
  'user-agent' => 'Mozilla/5.0 (compatible; Baiduspider/2.0; +http://www.baidu.com/search/spider.html)',
  'accept-language' => 'zh-cn,zh-tw',
  'if-none-match' => '"@NULL@"',
  'accept-encoding' => 'gzip',
  'accept' => '*/*',
  'content-type' => '',
  'content-length' => '',
)
[ info ] [ PARAM ] array (
)
[ info ] [ DB ] INIT mysql
[ info ] [ CACHE ] INIT File
[ info ] [ RUN ] app\home\controller\Index->index[ /data/wwwroot/www.hrbkcwl.com/app/home/controller/Index.php ]
[ info ] [ VIEW ] /data/wwwroot/www.hrbkcwl.com/app/home/view/index_index.html [ array (
  0 => 'sys',
  1 => 'action',
  2 => 'controller',
  3 => 'title',
  4 => 'keywords',
  5 => 'description',
  6 => 'category',
  7 => 'adList',
  8 => 'linkList',
) ]
[ info ] [ LOG ] INIT File
[ sql ] [ DB ] CONNECT:[ UseTime:0.000321s ] mysql:dbname=db_cool;host=127.0.0.1;port=3306;charset=utf8
[ sql ] [ SQL ] SHOW COLUMNS FROM `cool_category` [ RunTime:0.000796s ]
[ sql ] [ SQL ] SELECT * FROM `cool_category` WHERE  `id` IS NULL LIMIT 1 [ RunTime:0.000240s ]
[ sql ] [ SQL ] SELECT * FROM `cool_category` WHERE  `parentid` = 0  AND `ismenu` = 1 ORDER BY `listorder` [ RunTime:0.000244s ]
[ sql ] [ SQL ] SELECT * FROM `cool_category` WHERE  `ismenu` = 1 ORDER BY `listorder` [ RunTime:0.000204s ]
[ sql ] [ SQL ] SHOW COLUMNS FROM `cool_ad` [ RunTime:0.000464s ]
[ sql ] [ SQL ] SELECT * FROM `cool_ad` WHERE  `type_id` = 1  AND `open` = 1 ORDER BY sort asc LIMIT 4 [ RunTime:0.000168s ]
[ sql ] [ SQL ] SHOW COLUMNS FROM `cool_link` [ RunTime:0.000445s ]
[ sql ] [ SQL ] SELECT * FROM `cool_link` WHERE  `open` = 1 ORDER BY sort asc [ RunTime:0.000154s ]
[ sql ] [ SQL ] SHOW COLUMNS FROM `cool_page` [ RunTime:0.000435s ]
[ sql ] [ SQL ] SELECT `content` FROM `cool_page` WHERE  `id` = 2 LIMIT 1 [ RunTime:0.000146s ]
[ sql ] [ SQL ] SHOW COLUMNS FROM `cool_debris` [ RunTime:0.000402s ]
[ sql ] [ SQL ] SELECT * FROM `cool_debris` WHERE  (  type_id = 6 ) LIMIT 3 [ RunTime:0.000144s ]
[ sql ] [ SQL ] SELECT * FROM `cool_debris` WHERE  (  type_id = 6 ) LIMIT 3 [ RunTime:0.000142s ]
[ sql ] [ SQL ] SELECT * FROM `cool_debris` WHERE  (  type_id = 7 ) LIMIT 3 [ RunTime:0.000130s ]
[ sql ] [ SQL ] SELECT * FROM `cool_category` WHERE  (  parentid = 10 ) LIMIT 3 [ RunTime:0.000156s ]
[ sql ] [ SQL ] SHOW COLUMNS FROM `cool_case` [ RunTime:0.000489s ]
[ sql ] [ SQL ] SELECT `a`.*,`c`.`catdir` FROM `cool_case` `a` LEFT JOIN `cool_category` `c` ON `a`.`catid`=`c`.`id` ORDER BY listorder asc,createtime desc LIMIT 8 [ RunTime:0.000195s ]
[ sql ] [ SQL ] SELECT `catname` FROM `cool_category` WHERE  `id` = 23 LIMIT 1 [ RunTime:0.000140s ]
[ sql ] [ SQL ] SELECT `catname` FROM `cool_category` WHERE  `id` = 23 LIMIT 1 [ RunTime:0.000126s ]
[ sql ] [ SQL ] SELECT `catname` FROM `cool_category` WHERE  `id` = 23 LIMIT 1 [ RunTime:0.000126s ]
[ sql ] [ SQL ] SELECT `catname` FROM `cool_category` WHERE  `id` = 23 LIMIT 1 [ RunTime:0.000132s ]
[ sql ] [ SQL ] SELECT `catname` FROM `cool_category` WHERE  `id` = 23 LIMIT 1 [ RunTime:0.000129s ]
[ sql ] [ SQL ] SELECT `catname` FROM `cool_category` WHERE  `id` = 23 LIMIT 1 [ RunTime:0.000135s ]
[ sql ] [ SQL ] SELECT `catname` FROM `cool_category` WHERE  `id` = 23 LIMIT 1 [ RunTime:0.000129s ]
[ sql ] [ SQL ] SELECT `catname` FROM `cool_category` WHERE  `id` = 23 LIMIT 1 [ RunTime:0.000128s ]
[ sql ] [ SQL ] SHOW COLUMNS FROM `cool_fuwukehu` [ RunTime:0.000490s ]
[ sql ] [ SQL ] SELECT `a`.*,`c`.`catdir` FROM `cool_fuwukehu` `a` LEFT JOIN `cool_category` `c` ON `a`.`catid`=`c`.`id` WHERE  (  catid=22  ) ORDER BY listorder
                            asc,createtime desc LIMIT 10 [ RunTime:0.000194s ]
[ sql ] [ SQL ] SHOW COLUMNS FROM `cool_blog` [ RunTime:0.000468s ]
[ sql ] [ SQL ] SELECT `a`.*,`c`.`catdir` FROM `cool_blog` `a` LEFT JOIN `cool_category` `c` ON `a`.`catid`=`c`.`id` WHERE  (  catid in(17,18,19,20,21)  ) ORDER BY listorder
                asc,createtime desc LIMIT 3 [ RunTime:0.000205s ]
[ sql ] [ SQL ] SELECT `catname` FROM `cool_category` WHERE  `id` = 18 LIMIT 1 [ RunTime:0.000137s ]
[ sql ] [ SQL ] SELECT `catname` FROM `cool_category` WHERE  `id` = 17 LIMIT 1 [ RunTime:0.000145s ]
[ sql ] [ SQL ] SELECT `catname` FROM `cool_category` WHERE  `id` = 17 LIMIT 1 [ RunTime:0.000134s ]
[ error ] [8]未定义变量: info[/data/wwwroot/www.hrbkcwl.com/runtime/temp/c48b970f7d9a96c92da5129398a8e2a2.php:10]
[ error ] [8]未定义变量: info[/data/wwwroot/www.hrbkcwl.com/runtime/temp/c48b970f7d9a96c92da5129398a8e2a2.php:11]
[ error ] [8]未定义变量: info[/data/wwwroot/www.hrbkcwl.com/runtime/temp/c48b970f7d9a96c92da5129398a8e2a2.php:12]
---------------------------------------------------------------
[ 2017-11-08T01:16:59+08:00 ] 172.17.245.113 123.125.67.219 GET /robots.txt
[ info ] www.hrbkcwl.com/robots.txt [运行时间：0.003096s][吞吐率：323.01req/s] [内存消耗：315.41kb] [文件加载：33]
[ info ] [ LANG ] /data/wwwroot/www.hrbkcwl.com/think/lang/zh-cn.php
[ info ] [ ROUTE ] array (
  'type' => 'module',
  'module' => 
  array (
    0 => 'robots.txt',
    1 => NULL,
    2 => NULL,
  ),
)
[ info ] [ HEADER ] array (
  'host' => 'www.hrbkcwl.com',
  'connection' => 'close',
  'user-agent' => 'Mozilla/5.0 (compatible; Baiduspider/2.0; +http://www.baidu.com/search/spider.html)',
  'accept-encoding' => 'gzip',
  'accept-language' => 'zh-cn,zh-tw',
  'accept' => '*/*',
  'content-type' => '',
  'content-length' => '',
)
[ info ] [ PARAM ] array (
)
[ info ] [ LOG ] INIT File
---------------------------------------------------------------
[ 2017-11-08T02:11:47+08:00 ] 172.17.245.113 61.146.178.36 GET /
[ info ] www.hrbkcwl.com/ [运行时间：0.019278s][吞吐率：51.87req/s] [内存消耗：773.59kb] [文件加载：55]
[ info ] [ LANG ] /data/wwwroot/www.hrbkcwl.com/think/lang/zh-cn.php
[ info ] [ ROUTE ] array (
  'type' => 'module',
  'module' => 
  array (
    0 => '',
    1 => NULL,
    2 => NULL,
  ),
)
[ info ] [ HEADER ] array (
  'user-agent' => 'Mozilla/4.0 (compatible; MSIE 7.0; Windows NT 6.1; Trident/4.0; Maxthon; SLCC2; .NET CLR 2.0.50727; .NET CLR 3.5.30729; .NET CLR 3.0.30729; Media Center PC 6.0; .NET4.0C)',
  'host' => 'www.hrbkcwl.com',
  'accept' => '*/*',
  'content-type' => '',
  'content-length' => '',
)
[ info ] [ PARAM ] array (
)
[ info ] [ DB ] INIT mysql
[ info ] [ CACHE ] INIT File
[ info ] [ RUN ] app\home\controller\Index->index[ /data/wwwroot/www.hrbkcwl.com/app/home/controller/Index.php ]
[ info ] [ VIEW ] /data/wwwroot/www.hrbkcwl.com/app/home/view/index_index.html [ array (
  0 => 'sys',
  1 => 'action',
  2 => 'controller',
  3 => 'title',
  4 => 'keywords',
  5 => 'description',
  6 => 'category',
  7 => 'adList',
  8 => 'linkList',
) ]
[ info ] [ LOG ] INIT File
[ sql ] [ DB ] CONNECT:[ UseTime:0.000347s ] mysql:dbname=db_cool;host=127.0.0.1;port=3306;charset=utf8
[ sql ] [ SQL ] SHOW COLUMNS FROM `cool_category` [ RunTime:0.000761s ]
[ sql ] [ SQL ] SELECT * FROM `cool_category` WHERE  `id` IS NULL LIMIT 1 [ RunTime:0.000228s ]
[ sql ] [ SQL ] SHOW COLUMNS FROM `cool_ad` [ RunTime:0.000447s ]
[ sql ] [ SQL ] SELECT * FROM `cool_ad` WHERE  `type_id` = 1  AND `open` = 1 ORDER BY sort asc LIMIT 4 [ RunTime:0.000192s ]
[ sql ] [ SQL ] SHOW COLUMNS FROM `cool_link` [ RunTime:0.000437s ]
[ sql ] [ SQL ] SELECT * FROM `cool_link` WHERE  `open` = 1 ORDER BY sort asc [ RunTime:0.000169s ]
[ sql ] [ SQL ] SHOW COLUMNS FROM `cool_page` [ RunTime:0.000462s ]
[ sql ] [ SQL ] SELECT `content` FROM `cool_page` WHERE  `id` = 2 LIMIT 1 [ RunTime:0.000150s ]
[ sql ] [ SQL ] SHOW COLUMNS FROM `cool_debris` [ RunTime:0.000430s ]
[ sql ] [ SQL ] SELECT * FROM `cool_debris` WHERE  (  type_id = 6 ) LIMIT 3 [ RunTime:0.000148s ]
[ sql ] [ SQL ] SELECT * FROM `cool_debris` WHERE  (  type_id = 6 ) LIMIT 3 [ RunTime:0.000163s ]
[ sql ] [ SQL ] SELECT * FROM `cool_debris` WHERE  (  type_id = 7 ) LIMIT 3 [ RunTime:0.000141s ]
[ sql ] [ SQL ] SELECT * FROM `cool_category` WHERE  (  parentid = 10 ) LIMIT 3 [ RunTime:0.000179s ]
[ sql ] [ SQL ] SHOW COLUMNS FROM `cool_case` [ RunTime:0.000526s ]
[ sql ] [ SQL ] SELECT `a`.*,`c`.`catdir` FROM `cool_case` `a` LEFT JOIN `cool_category` `c` ON `a`.`catid`=`c`.`id` ORDER BY listorder asc,createtime desc LIMIT 8 [ RunTime:0.000231s ]
[ sql ] [ SQL ] SELECT `catname` FROM `cool_category` WHERE  `id` = 23 LIMIT 1 [ RunTime:0.000157s ]
[ sql ] [ SQL ] SELECT `catname` FROM `cool_category` WHERE  `id` = 23 LIMIT 1 [ RunTime:0.000148s ]
[ sql ] [ SQL ] SELECT `catname` FROM `cool_category` WHERE  `id` = 23 LIMIT 1 [ RunTime:0.000140s ]
[ sql ] [ SQL ] SELECT `catname` FROM `cool_category` WHERE  `id` = 23 LIMIT 1 [ RunTime:0.000133s ]
[ sql ] [ SQL ] SELECT `catname` FROM `cool_category` WHERE  `id` = 23 LIMIT 1 [ RunTime:0.000132s ]
[ sql ] [ SQL ] SELECT `catname` FROM `cool_category` WHERE  `id` = 23 LIMIT 1 [ RunTime:0.000134s ]
[ sql ] [ SQL ] SELECT `catname` FROM `cool_category` WHERE  `id` = 23 LIMIT 1 [ RunTime:0.000187s ]
[ sql ] [ SQL ] SELECT `catname` FROM `cool_category` WHERE  `id` = 23 LIMIT 1 [ RunTime:0.000146s ]
[ sql ] [ SQL ] SHOW COLUMNS FROM `cool_fuwukehu` [ RunTime:0.000519s ]
[ sql ] [ SQL ] SELECT `a`.*,`c`.`catdir` FROM `cool_fuwukehu` `a` LEFT JOIN `cool_category` `c` ON `a`.`catid`=`c`.`id` WHERE  (  catid=22  ) ORDER BY listorder
                            asc,createtime desc LIMIT 10 [ RunTime:0.000243s ]
[ sql ] [ SQL ] SHOW COLUMNS FROM `cool_blog` [ RunTime:0.000506s ]
[ sql ] [ SQL ] SELECT `a`.*,`c`.`catdir` FROM `cool_blog` `a` LEFT JOIN `cool_category` `c` ON `a`.`catid`=`c`.`id` WHERE  (  catid in(17,18,19,20,21)  ) ORDER BY listorder
                asc,createtime desc LIMIT 3 [ RunTime:0.000254s ]
[ sql ] [ SQL ] SELECT `catname` FROM `cool_category` WHERE  `id` = 18 LIMIT 1 [ RunTime:0.000155s ]
[ sql ] [ SQL ] SELECT `catname` FROM `cool_category` WHERE  `id` = 17 LIMIT 1 [ RunTime:0.000192s ]
[ sql ] [ SQL ] SELECT `catname` FROM `cool_category` WHERE  `id` = 17 LIMIT 1 [ RunTime:0.000153s ]
[ error ] [8]未定义变量: info[/data/wwwroot/www.hrbkcwl.com/runtime/temp/c48b970f7d9a96c92da5129398a8e2a2.php:10]
[ error ] [8]未定义变量: info[/data/wwwroot/www.hrbkcwl.com/runtime/temp/c48b970f7d9a96c92da5129398a8e2a2.php:11]
[ error ] [8]未定义变量: info[/data/wwwroot/www.hrbkcwl.com/runtime/temp/c48b970f7d9a96c92da5129398a8e2a2.php:12]
---------------------------------------------------------------
[ 2017-11-08T02:11:47+08:00 ] 172.17.245.113 61.146.178.32 GET /
[ info ] www.hrbkcwl.com/ [运行时间：0.020252s][吞吐率：49.38req/s] [内存消耗：773.63kb] [文件加载：55]
[ info ] [ LANG ] /data/wwwroot/www.hrbkcwl.com/think/lang/zh-cn.php
[ info ] [ ROUTE ] array (
  'type' => 'module',
  'module' => 
  array (
    0 => '',
    1 => NULL,
    2 => NULL,
  ),
)
[ info ] [ HEADER ] array (
  'user-agent' => 'Mozilla/5.0 (compatible; Baiduspider/2.0; +http://www.baidu.com/search/spider.html)',
  'host' => 'www.hrbkcwl.com',
  'accept' => '*/*',
  'accept-encoding' => 'gzip, deflate',
  'content-type' => '',
  'content-length' => '',
)
[ info ] [ PARAM ] array (
)
[ info ] [ DB ] INIT mysql
[ info ] [ CACHE ] INIT File
[ info ] [ RUN ] app\home\controller\Index->index[ /data/wwwroot/www.hrbkcwl.com/app/home/controller/Index.php ]
[ info ] [ VIEW ] /data/wwwroot/www.hrbkcwl.com/app/home/view/index_index.html [ array (
  0 => 'sys',
  1 => 'action',
  2 => 'controller',
  3 => 'title',
  4 => 'keywords',
  5 => 'description',
  6 => 'category',
  7 => 'adList',
  8 => 'linkList',
) ]
[ info ] [ LOG ] INIT File
[ sql ] [ DB ] CONNECT:[ UseTime:0.000345s ] mysql:dbname=db_cool;host=127.0.0.1;port=3306;charset=utf8
[ sql ] [ SQL ] SHOW COLUMNS FROM `cool_category` [ RunTime:0.000805s ]
[ sql ] [ SQL ] SELECT * FROM `cool_category` WHERE  `id` IS NULL LIMIT 1 [ RunTime:0.000295s ]
[ sql ] [ SQL ] SHOW COLUMNS FROM `cool_ad` [ RunTime:0.000486s ]
[ sql ] [ SQL ] SELECT * FROM `cool_ad` WHERE  `type_id` = 1  AND `open` = 1 ORDER BY sort asc LIMIT 4 [ RunTime:0.000204s ]
[ sql ] [ SQL ] SHOW COLUMNS FROM `cool_link` [ RunTime:0.000457s ]
[ sql ] [ SQL ] SELECT * FROM `cool_link` WHERE  `open` = 1 ORDER BY sort asc [ RunTime:0.000173s ]
[ sql ] [ SQL ] SHOW COLUMNS FROM `cool_page` [ RunTime:0.000477s ]
[ sql ] [ SQL ] SELECT `content` FROM `cool_page` WHERE  `id` = 2 LIMIT 1 [ RunTime:0.000159s ]
[ sql ] [ SQL ] SHOW COLUMNS FROM `cool_debris` [ RunTime:0.000425s ]
[ sql ] [ SQL ] SELECT * FROM `cool_debris` WHERE  (  type_id = 6 ) LIMIT 3 [ RunTime:0.000164s ]
[ sql ] [ SQL ] SELECT * FROM `cool_debris` WHERE  (  type_id = 6 ) LIMIT 3 [ RunTime:0.000142s ]
[ sql ] [ SQL ] SELECT * FROM `cool_debris` WHERE  (  type_id = 7 ) LIMIT 3 [ RunTime:0.000152s ]
[ sql ] [ SQL ] SELECT * FROM `cool_category` WHERE  (  parentid = 10 ) LIMIT 3 [ RunTime:0.000190s ]
[ sql ] [ SQL ] SHOW COLUMNS FROM `cool_case` [ RunTime:0.000569s ]
[ sql ] [ SQL ] SELECT `a`.*,`c`.`catdir` FROM `cool_case` `a` LEFT JOIN `cool_category` `c` ON `a`.`catid`=`c`.`id` ORDER BY listorder asc,createtime desc LIMIT 8 [ RunTime:0.000205s ]
[ sql ] [ SQL ] SELECT `catname` FROM `cool_category` WHERE  `id` = 23 LIMIT 1 [ RunTime:0.000140s ]
[ sql ] [ SQL ] SELECT `catname` FROM `cool_category` WHERE  `id` = 23 LIMIT 1 [ RunTime:0.000145s ]
[ sql ] [ SQL ] SELECT `catname` FROM `cool_category` WHERE  `id` = 23 LIMIT 1 [ RunTime:0.000131s ]
[ sql ] [ SQL ] SELECT `catname` FROM `cool_category` WHERE  `id` = 23 LIMIT 1 [ RunTime:0.000143s ]
[ sql ] [ SQL ] SELECT `catname` FROM `cool_category` WHERE  `id` = 23 LIMIT 1 [ RunTime:0.000140s ]
[ sql ] [ SQL ] SELECT `catname` FROM `cool_category` WHERE  `id` = 23 LIMIT 1 [ RunTime:0.000148s ]
[ sql ] [ SQL ] SELECT `catname` FROM `cool_category` WHERE  `id` = 23 LIMIT 1 [ RunTime:0.000169s ]
[ sql ] [ SQL ] SELECT `catname` FROM `cool_category` WHERE  `id` = 23 LIMIT 1 [ RunTime:0.000142s ]
[ sql ] [ SQL ] SHOW COLUMNS FROM `cool_fuwukehu` [ RunTime:0.000536s ]
[ sql ] [ SQL ] SELECT `a`.*,`c`.`catdir` FROM `cool_fuwukehu` `a` LEFT JOIN `cool_category` `c` ON `a`.`catid`=`c`.`id` WHERE  (  catid=22  ) ORDER BY listorder
                            asc,createtime desc LIMIT 10 [ RunTime:0.000196s ]
[ sql ] [ SQL ] SHOW COLUMNS FROM `cool_blog` [ RunTime:0.000481s ]
[ sql ] [ SQL ] SELECT `a`.*,`c`.`catdir` FROM `cool_blog` `a` LEFT JOIN `cool_category` `c` ON `a`.`catid`=`c`.`id` WHERE  (  catid in(17,18,19,20,21)  ) ORDER BY listorder
                asc,createtime desc LIMIT 3 [ RunTime:0.000208s ]
[ sql ] [ SQL ] SELECT `catname` FROM `cool_category` WHERE  `id` = 18 LIMIT 1 [ RunTime:0.000141s ]
[ sql ] [ SQL ] SELECT `catname` FROM `cool_category` WHERE  `id` = 17 LIMIT 1 [ RunTime:0.000137s ]
[ sql ] [ SQL ] SELECT `catname` FROM `cool_category` WHERE  `id` = 17 LIMIT 1 [ RunTime:0.000134s ]
[ error ] [8]未定义变量: info[/data/wwwroot/www.hrbkcwl.com/runtime/temp/c48b970f7d9a96c92da5129398a8e2a2.php:10]
[ error ] [8]未定义变量: info[/data/wwwroot/www.hrbkcwl.com/runtime/temp/c48b970f7d9a96c92da5129398a8e2a2.php:11]
[ error ] [8]未定义变量: info[/data/wwwroot/www.hrbkcwl.com/runtime/temp/c48b970f7d9a96c92da5129398a8e2a2.php:12]
---------------------------------------------------------------
[ 2017-11-08T09:14:46+08:00 ] 172.17.245.113 123.125.71.99 GET /
[ info ] www.hrbkcwl.com/ [运行时间：0.024727s][吞吐率：40.44req/s] [内存消耗：777.36kb] [文件加载：56]
[ info ] [ LANG ] /data/wwwroot/www.hrbkcwl.com/think/lang/zh-cn.php
[ info ] [ ROUTE ] array (
  'type' => 'module',
  'module' => 
  array (
    0 => '',
    1 => NULL,
    2 => NULL,
  ),
)
[ info ] [ HEADER ] array (
  'host' => 'www.hrbkcwl.com',
  'connection' => 'close',
  'user-agent' => 'Mozilla/5.0 (compatible; Baiduspider/2.0; +http://www.baidu.com/search/spider.html)',
  'accept-language' => 'zh-cn,zh-tw',
  'if-none-match' => '"@NULL@"',
  'accept-encoding' => 'gzip',
  'accept' => '*/*',
  'content-type' => '',
  'content-length' => '',
)
[ info ] [ PARAM ] array (
)
[ info ] [ DB ] INIT mysql
[ info ] [ CACHE ] INIT File
[ info ] [ RUN ] app\home\controller\Index->index[ /data/wwwroot/www.hrbkcwl.com/app/home/controller/Index.php ]
[ info ] [ VIEW ] /data/wwwroot/www.hrbkcwl.com/app/home/view/index_index.html [ array (
  0 => 'sys',
  1 => 'action',
  2 => 'controller',
  3 => 'title',
  4 => 'keywords',
  5 => 'description',
  6 => 'category',
  7 => 'adList',
  8 => 'linkList',
) ]
[ info ] [ LOG ] INIT File
[ sql ] [ DB ] CONNECT:[ UseTime:0.000333s ] mysql:dbname=db_cool;host=127.0.0.1;port=3306;charset=utf8
[ sql ] [ SQL ] SHOW COLUMNS FROM `cool_category` [ RunTime:0.000837s ]
[ sql ] [ SQL ] SELECT * FROM `cool_category` WHERE  `id` IS NULL LIMIT 1 [ RunTime:0.000239s ]
[ sql ] [ SQL ] SELECT * FROM `cool_category` WHERE  `parentid` = 0  AND `ismenu` = 1 ORDER BY `listorder` [ RunTime:0.000260s ]
[ sql ] [ SQL ] SELECT * FROM `cool_category` WHERE  `ismenu` = 1 ORDER BY `listorder` [ RunTime:0.000203s ]
[ sql ] [ SQL ] SHOW COLUMNS FROM `cool_ad` [ RunTime:0.000492s ]
[ sql ] [ SQL ] SELECT * FROM `cool_ad` WHERE  `type_id` = 1  AND `open` = 1 ORDER BY sort asc LIMIT 4 [ RunTime:0.000178s ]
[ sql ] [ SQL ] SHOW COLUMNS FROM `cool_link` [ RunTime:0.000545s ]
[ sql ] [ SQL ] SELECT * FROM `cool_link` WHERE  `open` = 1 ORDER BY sort asc [ RunTime:0.000228s ]
[ sql ] [ SQL ] SHOW COLUMNS FROM `cool_page` [ RunTime:0.000538s ]
[ sql ] [ SQL ] SELECT `content` FROM `cool_page` WHERE  `id` = 2 LIMIT 1 [ RunTime:0.000160s ]
[ sql ] [ SQL ] SHOW COLUMNS FROM `cool_debris` [ RunTime:0.000566s ]
[ sql ] [ SQL ] SELECT * FROM `cool_debris` WHERE  (  type_id = 6 ) LIMIT 3 [ RunTime:0.000257s ]
[ sql ] [ SQL ] SELECT * FROM `cool_debris` WHERE  (  type_id = 6 ) LIMIT 3 [ RunTime:0.000155s ]
[ sql ] [ SQL ] SELECT * FROM `cool_debris` WHERE  (  type_id = 7 ) LIMIT 3 [ RunTime:0.000132s ]
[ sql ] [ SQL ] SELECT * FROM `cool_category` WHERE  (  parentid = 10 ) LIMIT 3 [ RunTime:0.000184s ]
[ sql ] [ SQL ] SHOW COLUMNS FROM `cool_case` [ RunTime:0.000731s ]
[ sql ] [ SQL ] SELECT `a`.*,`c`.`catdir` FROM `cool_case` `a` LEFT JOIN `cool_category` `c` ON `a`.`catid`=`c`.`id` ORDER BY listorder asc,createtime desc LIMIT 8 [ RunTime:0.000255s ]
[ sql ] [ SQL ] SELECT `catname` FROM `cool_category` WHERE  `id` = 23 LIMIT 1 [ RunTime:0.000167s ]
[ sql ] [ SQL ] SELECT `catname` FROM `cool_category` WHERE  `id` = 23 LIMIT 1 [ RunTime:0.000162s ]
[ sql ] [ SQL ] SELECT `catname` FROM `cool_category` WHERE  `id` = 23 LIMIT 1 [ RunTime:0.000156s ]
[ sql ] [ SQL ] SELECT `catname` FROM `cool_category` WHERE  `id` = 23 LIMIT 1 [ RunTime:0.000164s ]
[ sql ] [ SQL ] SELECT `catname` FROM `cool_category` WHERE  `id` = 23 LIMIT 1 [ RunTime:0.000161s ]
[ sql ] [ SQL ] SELECT `catname` FROM `cool_category` WHERE  `id` = 23 LIMIT 1 [ RunTime:0.000181s ]
[ sql ] [ SQL ] SELECT `catname` FROM `cool_category` WHERE  `id` = 23 LIMIT 1 [ RunTime:0.000227s ]
[ sql ] [ SQL ] SELECT `catname` FROM `cool_category` WHERE  `id` = 23 LIMIT 1 [ RunTime:0.000166s ]
[ sql ] [ SQL ] SHOW COLUMNS FROM `cool_fuwukehu` [ RunTime:0.000561s ]
[ sql ] [ SQL ] SELECT `a`.*,`c`.`catdir` FROM `cool_fuwukehu` `a` LEFT JOIN `cool_category` `c` ON `a`.`catid`=`c`.`id` WHERE  (  catid=22  ) ORDER BY listorder
                            asc,createtime desc LIMIT 10 [ RunTime:0.000242s ]
[ sql ] [ SQL ] SHOW COLUMNS FROM `cool_blog` [ RunTime:0.000550s ]
[ sql ] [ SQL ] SELECT `a`.*,`c`.`catdir` FROM `cool_blog` `a` LEFT JOIN `cool_category` `c` ON `a`.`catid`=`c`.`id` WHERE  (  catid in(17,18,19,20,21)  ) ORDER BY listorder
                asc,createtime desc LIMIT 3 [ RunTime:0.000244s ]
[ sql ] [ SQL ] SELECT `catname` FROM `cool_category` WHERE  `id` = 18 LIMIT 1 [ RunTime:0.000189s ]
[ sql ] [ SQL ] SELECT `catname` FROM `cool_category` WHERE  `id` = 17 LIMIT 1 [ RunTime:0.000174s ]
[ sql ] [ SQL ] SELECT `catname` FROM `cool_category` WHERE  `id` = 17 LIMIT 1 [ RunTime:0.000168s ]
[ error ] [8]未定义变量: info[/data/wwwroot/www.hrbkcwl.com/runtime/temp/c48b970f7d9a96c92da5129398a8e2a2.php:10]
[ error ] [8]未定义变量: info[/data/wwwroot/www.hrbkcwl.com/runtime/temp/c48b970f7d9a96c92da5129398a8e2a2.php:11]
[ error ] [8]未定义变量: info[/data/wwwroot/www.hrbkcwl.com/runtime/temp/c48b970f7d9a96c92da5129398a8e2a2.php:12]
---------------------------------------------------------------
[ 2017-11-08T09:32:10+08:00 ] 172.17.245.113 120.92.11.170 GET /
[ info ] www.hrbkcwl.com/ [运行时间：0.021221s][吞吐率：47.12req/s] [内存消耗：774.08kb] [文件加载：55]
[ info ] [ LANG ] /data/wwwroot/www.hrbkcwl.com/think/lang/zh-cn.php
[ info ] [ ROUTE ] array (
  'type' => 'module',
  'module' => 
  array (
    0 => '',
    1 => NULL,
    2 => NULL,
  ),
)
[ info ] [ HEADER ] array (
  'host' => 'www.hrbkcwl.com',
  'user-agent' => 'Mozilla/5.0 (Windows NT 10.0; Win64; x64) AppleWebKit/537.36 (KHTML, like Gecko) Chrome/59.0.3071.115 Safari/537.36Connect Us: webauth@cmcm.com',
  'accept-encoding' => 'gzip, deflate',
  'accept' => '*/*',
  'connection' => 'keep-alive',
  'range' => 'bytes=0-513024',
  'content-type' => '',
  'content-length' => '',
)
[ info ] [ PARAM ] array (
)
[ info ] [ DB ] INIT mysql
[ info ] [ CACHE ] INIT File
[ info ] [ RUN ] app\home\controller\Index->index[ /data/wwwroot/www.hrbkcwl.com/app/home/controller/Index.php ]
[ info ] [ VIEW ] /data/wwwroot/www.hrbkcwl.com/app/home/view/index_index.html [ array (
  0 => 'sys',
  1 => 'action',
  2 => 'controller',
  3 => 'title',
  4 => 'keywords',
  5 => 'description',
  6 => 'category',
  7 => 'adList',
  8 => 'linkList',
) ]
[ info ] [ LOG ] INIT File
[ sql ] [ DB ] CONNECT:[ UseTime:0.000353s ] mysql:dbname=db_cool;host=127.0.0.1;port=3306;charset=utf8
[ sql ] [ SQL ] SHOW COLUMNS FROM `cool_category` [ RunTime:0.000798s ]
[ sql ] [ SQL ] SELECT * FROM `cool_category` WHERE  `id` IS NULL LIMIT 1 [ RunTime:0.000234s ]
[ sql ] [ SQL ] SHOW COLUMNS FROM `cool_ad` [ RunTime:0.000458s ]
[ sql ] [ SQL ] SELECT * FROM `cool_ad` WHERE  `type_id` = 1  AND `open` = 1 ORDER BY sort asc LIMIT 4 [ RunTime:0.000227s ]
[ sql ] [ SQL ] SHOW COLUMNS FROM `cool_link` [ RunTime:0.000507s ]
[ sql ] [ SQL ] SELECT * FROM `cool_link` WHERE  `open` = 1 ORDER BY sort asc [ RunTime:0.000172s ]
[ sql ] [ SQL ] SHOW COLUMNS FROM `cool_page` [ RunTime:0.000469s ]
[ sql ] [ SQL ] SELECT `content` FROM `cool_page` WHERE  `id` = 2 LIMIT 1 [ RunTime:0.000152s ]
[ sql ] [ SQL ] SHOW COLUMNS FROM `cool_debris` [ RunTime:0.000434s ]
[ sql ] [ SQL ] SELECT * FROM `cool_debris` WHERE  (  type_id = 6 ) LIMIT 3 [ RunTime:0.000156s ]
[ sql ] [ SQL ] SELECT * FROM `cool_debris` WHERE  (  type_id = 6 ) LIMIT 3 [ RunTime:0.000167s ]
[ sql ] [ SQL ] SELECT * FROM `cool_debris` WHERE  (  type_id = 7 ) LIMIT 3 [ RunTime:0.000157s ]
[ sql ] [ SQL ] SELECT * FROM `cool_category` WHERE  (  parentid = 10 ) LIMIT 3 [ RunTime:0.000173s ]
[ sql ] [ SQL ] SHOW COLUMNS FROM `cool_case` [ RunTime:0.000562s ]
[ sql ] [ SQL ] SELECT `a`.*,`c`.`catdir` FROM `cool_case` `a` LEFT JOIN `cool_category` `c` ON `a`.`catid`=`c`.`id` ORDER BY listorder asc,createtime desc LIMIT 8 [ RunTime:0.000234s ]
[ sql ] [ SQL ] SELECT `catname` FROM `cool_category` WHERE  `id` = 23 LIMIT 1 [ RunTime:0.000156s ]
[ sql ] [ SQL ] SELECT `catname` FROM `cool_category` WHERE  `id` = 23 LIMIT 1 [ RunTime:0.000182s ]
[ sql ] [ SQL ] SELECT `catname` FROM `cool_category` WHERE  `id` = 23 LIMIT 1 [ RunTime:0.000149s ]
[ sql ] [ SQL ] SELECT `catname` FROM `cool_category` WHERE  `id` = 23 LIMIT 1 [ RunTime:0.000143s ]
[ sql ] [ SQL ] SELECT `catname` FROM `cool_category` WHERE  `id` = 23 LIMIT 1 [ RunTime:0.000144s ]
[ sql ] [ SQL ] SELECT `catname` FROM `cool_category` WHERE  `id` = 23 LIMIT 1 [ RunTime:0.000139s ]
[ sql ] [ SQL ] SELECT `catname` FROM `cool_category` WHERE  `id` = 23 LIMIT 1 [ RunTime:0.000143s ]
[ sql ] [ SQL ] SELECT `catname` FROM `cool_category` WHERE  `id` = 23 LIMIT 1 [ RunTime:0.000149s ]
[ sql ] [ SQL ] SHOW COLUMNS FROM `cool_fuwukehu` [ RunTime:0.000558s ]
[ sql ] [ SQL ] SELECT `a`.*,`c`.`catdir` FROM `cool_fuwukehu` `a` LEFT JOIN `cool_category` `c` ON `a`.`catid`=`c`.`id` WHERE  (  catid=22  ) ORDER BY listorder
                            asc,createtime desc LIMIT 10 [ RunTime:0.000197s ]
[ sql ] [ SQL ] SHOW COLUMNS FROM `cool_blog` [ RunTime:0.000539s ]
[ sql ] [ SQL ] SELECT `a`.*,`c`.`catdir` FROM `cool_blog` `a` LEFT JOIN `cool_category` `c` ON `a`.`catid`=`c`.`id` WHERE  (  catid in(17,18,19,20,21)  ) ORDER BY listorder
                asc,createtime desc LIMIT 3 [ RunTime:0.000214s ]
[ sql ] [ SQL ] SELECT `catname` FROM `cool_category` WHERE  `id` = 18 LIMIT 1 [ RunTime:0.000142s ]
[ sql ] [ SQL ] SELECT `catname` FROM `cool_category` WHERE  `id` = 17 LIMIT 1 [ RunTime:0.000134s ]
[ sql ] [ SQL ] SELECT `catname` FROM `cool_category` WHERE  `id` = 17 LIMIT 1 [ RunTime:0.000143s ]
[ error ] [8]未定义变量: info[/data/wwwroot/www.hrbkcwl.com/runtime/temp/c48b970f7d9a96c92da5129398a8e2a2.php:10]
[ error ] [8]未定义变量: info[/data/wwwroot/www.hrbkcwl.com/runtime/temp/c48b970f7d9a96c92da5129398a8e2a2.php:11]
[ error ] [8]未定义变量: info[/data/wwwroot/www.hrbkcwl.com/runtime/temp/c48b970f7d9a96c92da5129398a8e2a2.php:12]
---------------------------------------------------------------
[ 2017-11-08T09:32:11+08:00 ] 172.17.245.113 120.92.11.205 GET /contact_16.html
[ info ] www.hrbkcwl.com/contact_16.html [运行时间：0.010093s][吞吐率：99.08req/s] [内存消耗：721.56kb] [文件加载：55]
[ info ] [ LANG ] /data/wwwroot/www.hrbkcwl.com/think/lang/zh-cn.php
[ info ] [ ROUTE ] array (
  'type' => 'module',
  'module' => 
  array (
    0 => 'home',
    1 => 'contact',
    2 => 'index',
  ),
  'convert' => false,
)
[ info ] [ HEADER ] array (
  'host' => 'www.hrbkcwl.com',
  'user-agent' => 'Mozilla/5.0 (Windows NT 10.0; Win64; x64) AppleWebKit/537.36 (KHTML, like Gecko) Chrome/59.0.3071.115 Safari/537.36Connect Us: webauth@cmcm.com',
  'accept-encoding' => 'gzip, deflate',
  'accept' => '*/*',
  'connection' => 'keep-alive',
  'range' => 'bytes=0-513024',
  'referer' => 'http://www.hrbkcwl.com/',
  'cookie' => '',
  'content-type' => '',
  'content-length' => '',
)
[ info ] [ PARAM ] array (
  'catId' => '16',
)
[ info ] [ DB ] INIT mysql
[ info ] [ CACHE ] INIT File
[ info ] [ RUN ] app\home\controller\EmptyController->index[ /data/wwwroot/www.hrbkcwl.com/app/home/controller/EmptyController.php ]
[ info ] [ VIEW ] /data/wwwroot/www.hrbkcwl.com/app/home/view/page_show_contace.html [ array (
  0 => 'sys',
  1 => 'action',
  2 => 'controller',
  3 => 'title',
  4 => 'keywords',
  5 => 'description',
  6 => 'category',
  7 => 'adList',
  8 => 'linkList',
  9 => 'info',
) ]
[ info ] [ LOG ] INIT File
[ sql ] [ DB ] CONNECT:[ UseTime:0.000364s ] mysql:dbname=db_cool;host=127.0.0.1;port=3306;charset=utf8
[ sql ] [ SQL ] SHOW COLUMNS FROM `cool_category` [ RunTime:0.000893s ]
[ sql ] [ SQL ] SELECT * FROM `cool_category` WHERE  `id` = 16 LIMIT 1 [ RunTime:0.000277s ]
[ sql ] [ SQL ] SHOW COLUMNS FROM `cool_ad` [ RunTime:0.000606s ]
[ sql ] [ SQL ] SELECT * FROM `cool_ad` WHERE  `type_id` = 1  AND `open` = 1 ORDER BY sort asc LIMIT 4 [ RunTime:0.000206s ]
[ sql ] [ SQL ] SHOW COLUMNS FROM `cool_link` [ RunTime:0.000585s ]
[ sql ] [ SQL ] SELECT * FROM `cool_link` WHERE  `open` = 1 ORDER BY sort asc [ RunTime:0.000173s ]
[ sql ] [ SQL ] SHOW COLUMNS FROM `cool_page` [ RunTime:0.000504s ]
[ sql ] [ SQL ] SELECT * FROM `cool_page` WHERE  `id` = 16 LIMIT 1 [ RunTime:0.000177s ]
[ sql ] [ SQL ] SELECT `template_show` FROM `cool_category` WHERE  `id` = 16 LIMIT 1 [ RunTime:0.000155s ]
[ error ] [8]未定义数组索引: template[/data/wwwroot/www.hrbkcwl.com/app/home/controller/EmptyController.php:17]
[ error ] [8]未定义数组索引: keywords[/data/wwwroot/www.hrbkcwl.com/runtime/temp/03a3d2717ffe0bf33c41812fd06a3f69.php:11]
[ error ] [8]未定义数组索引: description[/data/wwwroot/www.hrbkcwl.com/runtime/temp/03a3d2717ffe0bf33c41812fd06a3f69.php:12]
---------------------------------------------------------------
[ 2017-11-08T09:35:08+08:00 ] 172.17.245.113 120.204.17.67 GET /
[ info ] www.hrbkcwl.com/ [运行时间：0.021284s][吞吐率：46.98req/s] [内存消耗：774.25kb] [文件加载：55]
[ info ] [ LANG ] /data/wwwroot/www.hrbkcwl.com/think/lang/zh-cn.php
[ info ] [ ROUTE ] array (
  'type' => 'module',
  'module' => 
  array (
    0 => '',
    1 => NULL,
    2 => NULL,
  ),
)
[ info ] [ HEADER ] array (
  'user-agent' => 'Mozilla/5.0 (Windows NT 6.1; WOW64; rv:50.0) Gecko/20100101 Firefox/50.0',
  'accept' => '*/*',
  'accept-encoding' => 'gzip, deflate, sdch, br',
  'referer' => 'http://hrbkcwl.com/',
  'accept-language' => 'zh-CN,zh;q=0.8,en-US;q=0.6,en;q=0.4',
  'host' => 'www.hrbkcwl.com',
  'connection' => 'keep-alive',
  'content-type' => '',
  'content-length' => '',
)
[ info ] [ PARAM ] array (
)
[ info ] [ DB ] INIT mysql
[ info ] [ CACHE ] INIT File
[ info ] [ RUN ] app\home\controller\Index->index[ /data/wwwroot/www.hrbkcwl.com/app/home/controller/Index.php ]
[ info ] [ VIEW ] /data/wwwroot/www.hrbkcwl.com/app/home/view/index_index.html [ array (
  0 => 'sys',
  1 => 'action',
  2 => 'controller',
  3 => 'title',
  4 => 'keywords',
  5 => 'description',
  6 => 'category',
  7 => 'adList',
  8 => 'linkList',
) ]
[ info ] [ LOG ] INIT File
[ sql ] [ DB ] CONNECT:[ UseTime:0.000390s ] mysql:dbname=db_cool;host=127.0.0.1;port=3306;charset=utf8
[ sql ] [ SQL ] SHOW COLUMNS FROM `cool_category` [ RunTime:0.000846s ]
[ sql ] [ SQL ] SELECT * FROM `cool_category` WHERE  `id` IS NULL LIMIT 1 [ RunTime:0.000252s ]
[ sql ] [ SQL ] SHOW COLUMNS FROM `cool_ad` [ RunTime:0.000487s ]
[ sql ] [ SQL ] SELECT * FROM `cool_ad` WHERE  `type_id` = 1  AND `open` = 1 ORDER BY sort asc LIMIT 4 [ RunTime:0.000199s ]
[ sql ] [ SQL ] SHOW COLUMNS FROM `cool_link` [ RunTime:0.000443s ]
[ sql ] [ SQL ] SELECT * FROM `cool_link` WHERE  `open` = 1 ORDER BY sort asc [ RunTime:0.000174s ]
[ sql ] [ SQL ] SHOW COLUMNS FROM `cool_page` [ RunTime:0.000491s ]
[ sql ] [ SQL ] SELECT `content` FROM `cool_page` WHERE  `id` = 2 LIMIT 1 [ RunTime:0.000165s ]
[ sql ] [ SQL ] SHOW COLUMNS FROM `cool_debris` [ RunTime:0.000411s ]
[ sql ] [ SQL ] SELECT * FROM `cool_debris` WHERE  (  type_id = 6 ) LIMIT 3 [ RunTime:0.000148s ]
[ sql ] [ SQL ] SELECT * FROM `cool_debris` WHERE  (  type_id = 6 ) LIMIT 3 [ RunTime:0.000146s ]
[ sql ] [ SQL ] SELECT * FROM `cool_debris` WHERE  (  type_id = 7 ) LIMIT 3 [ RunTime:0.000135s ]
[ sql ] [ SQL ] SELECT * FROM `cool_category` WHERE  (  parentid = 10 ) LIMIT 3 [ RunTime:0.000163s ]
[ sql ] [ SQL ] SHOW COLUMNS FROM `cool_case` [ RunTime:0.000495s ]
[ sql ] [ SQL ] SELECT `a`.*,`c`.`catdir` FROM `cool_case` `a` LEFT JOIN `cool_category` `c` ON `a`.`catid`=`c`.`id` ORDER BY listorder asc,createtime desc LIMIT 8 [ RunTime:0.000242s ]
[ sql ] [ SQL ] SELECT `catname` FROM `cool_category` WHERE  `id` = 23 LIMIT 1 [ RunTime:0.000166s ]
[ sql ] [ SQL ] SELECT `catname` FROM `cool_category` WHERE  `id` = 23 LIMIT 1 [ RunTime:0.000137s ]
[ sql ] [ SQL ] SELECT `catname` FROM `cool_category` WHERE  `id` = 23 LIMIT 1 [ RunTime:0.000142s ]
[ sql ] [ SQL ] SELECT `catname` FROM `cool_category` WHERE  `id` = 23 LIMIT 1 [ RunTime:0.000169s ]
[ sql ] [ SQL ] SELECT `catname` FROM `cool_category` WHERE  `id` = 23 LIMIT 1 [ RunTime:0.000164s ]
[ sql ] [ SQL ] SELECT `catname` FROM `cool_category` WHERE  `id` = 23 LIMIT 1 [ RunTime:0.000191s ]
[ sql ] [ SQL ] SELECT `catname` FROM `cool_category` WHERE  `id` = 23 LIMIT 1 [ RunTime:0.000153s ]
[ sql ] [ SQL ] SELECT `catname` FROM `cool_category` WHERE  `id` = 23 LIMIT 1 [ RunTime:0.000152s ]
[ sql ] [ SQL ] SHOW COLUMNS FROM `cool_fuwukehu` [ RunTime:0.000525s ]
[ sql ] [ SQL ] SELECT `a`.*,`c`.`catdir` FROM `cool_fuwukehu` `a` LEFT JOIN `cool_category` `c` ON `a`.`catid`=`c`.`id` WHERE  (  catid=22  ) ORDER BY listorder
                            asc,createtime desc LIMIT 10 [ RunTime:0.000201s ]
[ sql ] [ SQL ] SHOW COLUMNS FROM `cool_blog` [ RunTime:0.000488s ]
[ sql ] [ SQL ] SELECT `a`.*,`c`.`catdir` FROM `cool_blog` `a` LEFT JOIN `cool_category` `c` ON `a`.`catid`=`c`.`id` WHERE  (  catid in(17,18,19,20,21)  ) ORDER BY listorder
                asc,createtime desc LIMIT 3 [ RunTime:0.000203s ]
[ sql ] [ SQL ] SELECT `catname` FROM `cool_category` WHERE  `id` = 18 LIMIT 1 [ RunTime:0.000147s ]
[ sql ] [ SQL ] SELECT `catname` FROM `cool_category` WHERE  `id` = 17 LIMIT 1 [ RunTime:0.000175s ]
[ sql ] [ SQL ] SELECT `catname` FROM `cool_category` WHERE  `id` = 17 LIMIT 1 [ RunTime:0.000154s ]
[ error ] [8]未定义变量: info[/data/wwwroot/www.hrbkcwl.com/runtime/temp/c48b970f7d9a96c92da5129398a8e2a2.php:10]
[ error ] [8]未定义变量: info[/data/wwwroot/www.hrbkcwl.com/runtime/temp/c48b970f7d9a96c92da5129398a8e2a2.php:11]
[ error ] [8]未定义变量: info[/data/wwwroot/www.hrbkcwl.com/runtime/temp/c48b970f7d9a96c92da5129398a8e2a2.php:12]
---------------------------------------------------------------
[ 2017-11-08T10:49:48+08:00 ] 172.17.245.113 106.11.226.66 GET /
[ info ] www.hrbkcwl.com/ [运行时间：0.021840s][吞吐率：45.79req/s] [内存消耗：777.44kb] [文件加载：56]
[ info ] [ LANG ] /data/wwwroot/www.hrbkcwl.com/think/lang/zh-cn.php
[ info ] [ ROUTE ] array (
  'type' => 'module',
  'module' => 
  array (
    0 => '',
    1 => NULL,
    2 => NULL,
  ),
)
[ info ] [ HEADER ] array (
  'accept-encoding' => 'gzip',
  'user-agent' => 'Mozilla/5.0 (iPad; CPU OS 9_1 like Mac OS X) AppleWebKit/601.1.46 (KHTML, like Gecko) Version/9.0 Mobile/13B143 Safari/601.1',
  'cache-control' => 'no-cache',
  'pragma' => 'no-cache',
  'host' => 'www.hrbkcwl.com',
  'accept' => 'text/html, image/gif, image/jpeg, *; q=.2, */*; q=.2',
  'connection' => 'keep-alive',
  'content-type' => '',
  'content-length' => '',
)
[ info ] [ PARAM ] array (
)
[ info ] [ DB ] INIT mysql
[ info ] [ CACHE ] INIT File
[ info ] [ RUN ] app\home\controller\Index->index[ /data/wwwroot/www.hrbkcwl.com/app/home/controller/Index.php ]
[ info ] [ VIEW ] /data/wwwroot/www.hrbkcwl.com/app/home/view/index_index.html [ array (
  0 => 'sys',
  1 => 'action',
  2 => 'controller',
  3 => 'title',
  4 => 'keywords',
  5 => 'description',
  6 => 'category',
  7 => 'adList',
  8 => 'linkList',
) ]
[ info ] [ LOG ] INIT File
[ sql ] [ DB ] CONNECT:[ UseTime:0.000352s ] mysql:dbname=db_cool;host=127.0.0.1;port=3306;charset=utf8
[ sql ] [ SQL ] SHOW COLUMNS FROM `cool_category` [ RunTime:0.000850s ]
[ sql ] [ SQL ] SELECT * FROM `cool_category` WHERE  `id` IS NULL LIMIT 1 [ RunTime:0.000380s ]
[ sql ] [ SQL ] SELECT * FROM `cool_category` WHERE  `parentid` = 0  AND `ismenu` = 1 ORDER BY `listorder` [ RunTime:0.000267s ]
[ sql ] [ SQL ] SELECT * FROM `cool_category` WHERE  `ismenu` = 1 ORDER BY `listorder` [ RunTime:0.000207s ]
[ sql ] [ SQL ] SHOW COLUMNS FROM `cool_ad` [ RunTime:0.000469s ]
[ sql ] [ SQL ] SELECT * FROM `cool_ad` WHERE  `type_id` = 1  AND `open` = 1 ORDER BY sort asc LIMIT 4 [ RunTime:0.000178s ]
[ sql ] [ SQL ] SHOW COLUMNS FROM `cool_link` [ RunTime:0.000440s ]
[ sql ] [ SQL ] SELECT * FROM `cool_link` WHERE  `open` = 1 ORDER BY sort asc [ RunTime:0.000162s ]
[ sql ] [ SQL ] SHOW COLUMNS FROM `cool_page` [ RunTime:0.000474s ]
[ sql ] [ SQL ] SELECT `content` FROM `cool_page` WHERE  `id` = 2 LIMIT 1 [ RunTime:0.000177s ]
[ sql ] [ SQL ] SHOW COLUMNS FROM `cool_debris` [ RunTime:0.000492s ]
[ sql ] [ SQL ] SELECT * FROM `cool_debris` WHERE  (  type_id = 6 ) LIMIT 3 [ RunTime:0.000167s ]
[ sql ] [ SQL ] SELECT * FROM `cool_debris` WHERE  (  type_id = 6 ) LIMIT 3 [ RunTime:0.000162s ]
[ sql ] [ SQL ] SELECT * FROM `cool_debris` WHERE  (  type_id = 7 ) LIMIT 3 [ RunTime:0.000155s ]
[ sql ] [ SQL ] SELECT * FROM `cool_category` WHERE  (  parentid = 10 ) LIMIT 3 [ RunTime:0.000208s ]
[ sql ] [ SQL ] SHOW COLUMNS FROM `cool_case` [ RunTime:0.000567s ]
[ sql ] [ SQL ] SELECT `a`.*,`c`.`catdir` FROM `cool_case` `a` LEFT JOIN `cool_category` `c` ON `a`.`catid`=`c`.`id` ORDER BY listorder asc,createtime desc LIMIT 8 [ RunTime:0.000205s ]
[ sql ] [ SQL ] SELECT `catname` FROM `cool_category` WHERE  `id` = 23 LIMIT 1 [ RunTime:0.000147s ]
[ sql ] [ SQL ] SELECT `catname` FROM `cool_category` WHERE  `id` = 23 LIMIT 1 [ RunTime:0.000142s ]
[ sql ] [ SQL ] SELECT `catname` FROM `cool_category` WHERE  `id` = 23 LIMIT 1 [ RunTime:0.000145s ]
[ sql ] [ SQL ] SELECT `catname` FROM `cool_category` WHERE  `id` = 23 LIMIT 1 [ RunTime:0.000145s ]
[ sql ] [ SQL ] SELECT `catname` FROM `cool_category` WHERE  `id` = 23 LIMIT 1 [ RunTime:0.000135s ]
[ sql ] [ SQL ] SELECT `catname` FROM `cool_category` WHERE  `id` = 23 LIMIT 1 [ RunTime:0.000188s ]
[ sql ] [ SQL ] SELECT `catname` FROM `cool_category` WHERE  `id` = 23 LIMIT 1 [ RunTime:0.000133s ]
[ sql ] [ SQL ] SELECT `catname` FROM `cool_category` WHERE  `id` = 23 LIMIT 1 [ RunTime:0.000135s ]
[ sql ] [ SQL ] SHOW COLUMNS FROM `cool_fuwukehu` [ RunTime:0.000494s ]
[ sql ] [ SQL ] SELECT `a`.*,`c`.`catdir` FROM `cool_fuwukehu` `a` LEFT JOIN `cool_category` `c` ON `a`.`catid`=`c`.`id` WHERE  (  catid=22  ) ORDER BY listorder
                            asc,createtime desc LIMIT 10 [ RunTime:0.000208s ]
[ sql ] [ SQL ] SHOW COLUMNS FROM `cool_blog` [ RunTime:0.000484s ]
[ sql ] [ SQL ] SELECT `a`.*,`c`.`catdir` FROM `cool_blog` `a` LEFT JOIN `cool_category` `c` ON `a`.`catid`=`c`.`id` WHERE  (  catid in(17,18,19,20,21)  ) ORDER BY listorder
                asc,createtime desc LIMIT 3 [ RunTime:0.000203s ]
[ sql ] [ SQL ] SELECT `catname` FROM `cool_category` WHERE  `id` = 18 LIMIT 1 [ RunTime:0.000159s ]
[ sql ] [ SQL ] SELECT `catname` FROM `cool_category` WHERE  `id` = 17 LIMIT 1 [ RunTime:0.000142s ]
[ sql ] [ SQL ] SELECT `catname` FROM `cool_category` WHERE  `id` = 17 LIMIT 1 [ RunTime:0.000136s ]
[ error ] [8]未定义变量: info[/data/wwwroot/www.hrbkcwl.com/runtime/temp/c48b970f7d9a96c92da5129398a8e2a2.php:10]
[ error ] [8]未定义变量: info[/data/wwwroot/www.hrbkcwl.com/runtime/temp/c48b970f7d9a96c92da5129398a8e2a2.php:11]
[ error ] [8]未定义变量: info[/data/wwwroot/www.hrbkcwl.com/runtime/temp/c48b970f7d9a96c92da5129398a8e2a2.php:12]
---------------------------------------------------------------
[ 2017-11-08T11:02:56+08:00 ] 172.17.245.113 61.135.165.9 GET /
[ info ] www.hrbkcwl.com/ [运行时间：0.018826s][吞吐率：53.12req/s] [内存消耗：773.55kb] [文件加载：55]
[ info ] [ LANG ] /data/wwwroot/www.hrbkcwl.com/think/lang/zh-cn.php
[ info ] [ ROUTE ] array (
  'type' => 'module',
  'module' => 
  array (
    0 => '',
    1 => NULL,
    2 => NULL,
  ),
)
[ info ] [ HEADER ] array (
  'user-agent' => 'Mozilla/5.0 (Macintosh; Intel Mac OS X 10_11_2) AppleWebKit/537.36 (KHTML, like Gecko) Chrome/47.0.2526.80 Safari/537.36',
  'host' => 'www.hrbkcwl.com',
  'connection' => 'close',
  'content-type' => '',
  'content-length' => '',
)
[ info ] [ PARAM ] array (
)
[ info ] [ DB ] INIT mysql
[ info ] [ CACHE ] INIT File
[ info ] [ RUN ] app\home\controller\Index->index[ /data/wwwroot/www.hrbkcwl.com/app/home/controller/Index.php ]
[ info ] [ VIEW ] /data/wwwroot/www.hrbkcwl.com/app/home/view/index_index.html [ array (
  0 => 'sys',
  1 => 'action',
  2 => 'controller',
  3 => 'title',
  4 => 'keywords',
  5 => 'description',
  6 => 'category',
  7 => 'adList',
  8 => 'linkList',
) ]
[ info ] [ LOG ] INIT File
[ sql ] [ DB ] CONNECT:[ UseTime:0.000336s ] mysql:dbname=db_cool;host=127.0.0.1;port=3306;charset=utf8
[ sql ] [ SQL ] SHOW COLUMNS FROM `cool_category` [ RunTime:0.000821s ]
[ sql ] [ SQL ] SELECT * FROM `cool_category` WHERE  `id` IS NULL LIMIT 1 [ RunTime:0.000246s ]
[ sql ] [ SQL ] SHOW COLUMNS FROM `cool_ad` [ RunTime:0.000516s ]
[ sql ] [ SQL ] SELECT * FROM `cool_ad` WHERE  `type_id` = 1  AND `open` = 1 ORDER BY sort asc LIMIT 4 [ RunTime:0.000239s ]
[ sql ] [ SQL ] SHOW COLUMNS FROM `cool_link` [ RunTime:0.000532s ]
[ sql ] [ SQL ] SELECT * FROM `cool_link` WHERE  `open` = 1 ORDER BY sort asc [ RunTime:0.000186s ]
[ sql ] [ SQL ] SHOW COLUMNS FROM `cool_page` [ RunTime:0.000526s ]
[ sql ] [ SQL ] SELECT `content` FROM `cool_page` WHERE  `id` = 2 LIMIT 1 [ RunTime:0.000159s ]
[ sql ] [ SQL ] SHOW COLUMNS FROM `cool_debris` [ RunTime:0.000440s ]
[ sql ] [ SQL ] SELECT * FROM `cool_debris` WHERE  (  type_id = 6 ) LIMIT 3 [ RunTime:0.000165s ]
[ sql ] [ SQL ] SELECT * FROM `cool_debris` WHERE  (  type_id = 6 ) LIMIT 3 [ RunTime:0.000151s ]
[ sql ] [ SQL ] SELECT * FROM `cool_debris` WHERE  (  type_id = 7 ) LIMIT 3 [ RunTime:0.000133s ]
[ sql ] [ SQL ] SELECT * FROM `cool_category` WHERE  (  parentid = 10 ) LIMIT 3 [ RunTime:0.000166s ]
[ sql ] [ SQL ] SHOW COLUMNS FROM `cool_case` [ RunTime:0.000529s ]
[ sql ] [ SQL ] SELECT `a`.*,`c`.`catdir` FROM `cool_case` `a` LEFT JOIN `cool_category` `c` ON `a`.`catid`=`c`.`id` ORDER BY listorder asc,createtime desc LIMIT 8 [ RunTime:0.000202s ]
[ sql ] [ SQL ] SELECT `catname` FROM `cool_category` WHERE  `id` = 23 LIMIT 1 [ RunTime:0.000144s ]
[ sql ] [ SQL ] SELECT `catname` FROM `cool_category` WHERE  `id` = 23 LIMIT 1 [ RunTime:0.000139s ]
[ sql ] [ SQL ] SELECT `catname` FROM `cool_category` WHERE  `id` = 23 LIMIT 1 [ RunTime:0.000145s ]
[ sql ] [ SQL ] SELECT `catname` FROM `cool_category` WHERE  `id` = 23 LIMIT 1 [ RunTime:0.000134s ]
[ sql ] [ SQL ] SELECT `catname` FROM `cool_category` WHERE  `id` = 23 LIMIT 1 [ RunTime:0.000134s ]
[ sql ] [ SQL ] SELECT `catname` FROM `cool_category` WHERE  `id` = 23 LIMIT 1 [ RunTime:0.000130s ]
[ sql ] [ SQL ] SELECT `catname` FROM `cool_category` WHERE  `id` = 23 LIMIT 1 [ RunTime:0.000130s ]
[ sql ] [ SQL ] SELECT `catname` FROM `cool_category` WHERE  `id` = 23 LIMIT 1 [ RunTime:0.000133s ]
[ sql ] [ SQL ] SHOW COLUMNS FROM `cool_fuwukehu` [ RunTime:0.000510s ]
[ sql ] [ SQL ] SELECT `a`.*,`c`.`catdir` FROM `cool_fuwukehu` `a` LEFT JOIN `cool_category` `c` ON `a`.`catid`=`c`.`id` WHERE  (  catid=22  ) ORDER BY listorder
                            asc,createtime desc LIMIT 10 [ RunTime:0.000205s ]
[ sql ] [ SQL ] SHOW COLUMNS FROM `cool_blog` [ RunTime:0.000492s ]
[ sql ] [ SQL ] SELECT `a`.*,`c`.`catdir` FROM `cool_blog` `a` LEFT JOIN `cool_category` `c` ON `a`.`catid`=`c`.`id` WHERE  (  catid in(17,18,19,20,21)  ) ORDER BY listorder
                asc,createtime desc LIMIT 3 [ RunTime:0.000213s ]
[ sql ] [ SQL ] SELECT `catname` FROM `cool_category` WHERE  `id` = 18 LIMIT 1 [ RunTime:0.000155s ]
[ sql ] [ SQL ] SELECT `catname` FROM `cool_category` WHERE  `id` = 17 LIMIT 1 [ RunTime:0.000145s ]
[ sql ] [ SQL ] SELECT `catname` FROM `cool_category` WHERE  `id` = 17 LIMIT 1 [ RunTime:0.000142s ]
[ error ] [8]未定义变量: info[/data/wwwroot/www.hrbkcwl.com/runtime/temp/c48b970f7d9a96c92da5129398a8e2a2.php:10]
[ error ] [8]未定义变量: info[/data/wwwroot/www.hrbkcwl.com/runtime/temp/c48b970f7d9a96c92da5129398a8e2a2.php:11]
[ error ] [8]未定义变量: info[/data/wwwroot/www.hrbkcwl.com/runtime/temp/c48b970f7d9a96c92da5129398a8e2a2.php:12]
---------------------------------------------------------------
[ 2017-11-08T11:02:59+08:00 ] 172.17.245.113 61.135.169.42 GET /
[ info ] www.hrbkcwl.com/ [运行时间：0.021180s][吞吐率：47.21req/s] [内存消耗：773.54kb] [文件加载：55]
[ info ] [ LANG ] /data/wwwroot/www.hrbkcwl.com/think/lang/zh-cn.php
[ info ] [ ROUTE ] array (
  'type' => 'module',
  'module' => 
  array (
    0 => '',
    1 => NULL,
    2 => NULL,
  ),
)
[ info ] [ HEADER ] array (
  'user-agent' => 'Mozilla/5.0 (Macintosh; Intel Mac OS X 10_11_2) AppleWebKit/537.36 (KHTML, like Gecko) Chrome/47.0.2526.80 Safari/537.36',
  'host' => 'www.hrbkcwl.com',
  'connection' => 'close',
  'content-type' => '',
  'content-length' => '',
)
[ info ] [ PARAM ] array (
)
[ info ] [ DB ] INIT mysql
[ info ] [ CACHE ] INIT File
[ info ] [ RUN ] app\home\controller\Index->index[ /data/wwwroot/www.hrbkcwl.com/app/home/controller/Index.php ]
[ info ] [ VIEW ] /data/wwwroot/www.hrbkcwl.com/app/home/view/index_index.html [ array (
  0 => 'sys',
  1 => 'action',
  2 => 'controller',
  3 => 'title',
  4 => 'keywords',
  5 => 'description',
  6 => 'category',
  7 => 'adList',
  8 => 'linkList',
) ]
[ info ] [ LOG ] INIT File
[ sql ] [ DB ] CONNECT:[ UseTime:0.002763s ] mysql:dbname=db_cool;host=127.0.0.1;port=3306;charset=utf8
[ sql ] [ SQL ] SHOW COLUMNS FROM `cool_category` [ RunTime:0.000780s ]
[ sql ] [ SQL ] SELECT * FROM `cool_category` WHERE  `id` IS NULL LIMIT 1 [ RunTime:0.000278s ]
[ sql ] [ SQL ] SHOW COLUMNS FROM `cool_ad` [ RunTime:0.000485s ]
[ sql ] [ SQL ] SELECT * FROM `cool_ad` WHERE  `type_id` = 1  AND `open` = 1 ORDER BY sort asc LIMIT 4 [ RunTime:0.000242s ]
[ sql ] [ SQL ] SHOW COLUMNS FROM `cool_link` [ RunTime:0.000513s ]
[ sql ] [ SQL ] SELECT * FROM `cool_link` WHERE  `open` = 1 ORDER BY sort asc [ RunTime:0.000180s ]
[ sql ] [ SQL ] SHOW COLUMNS FROM `cool_page` [ RunTime:0.000468s ]
[ sql ] [ SQL ] SELECT `content` FROM `cool_page` WHERE  `id` = 2 LIMIT 1 [ RunTime:0.000148s ]
[ sql ] [ SQL ] SHOW COLUMNS FROM `cool_debris` [ RunTime:0.000419s ]
[ sql ] [ SQL ] SELECT * FROM `cool_debris` WHERE  (  type_id = 6 ) LIMIT 3 [ RunTime:0.000145s ]
[ sql ] [ SQL ] SELECT * FROM `cool_debris` WHERE  (  type_id = 6 ) LIMIT 3 [ RunTime:0.000134s ]
[ sql ] [ SQL ] SELECT * FROM `cool_debris` WHERE  (  type_id = 7 ) LIMIT 3 [ RunTime:0.000136s ]
[ sql ] [ SQL ] SELECT * FROM `cool_category` WHERE  (  parentid = 10 ) LIMIT 3 [ RunTime:0.000164s ]
[ sql ] [ SQL ] SHOW COLUMNS FROM `cool_case` [ RunTime:0.000499s ]
[ sql ] [ SQL ] SELECT `a`.*,`c`.`catdir` FROM `cool_case` `a` LEFT JOIN `cool_category` `c` ON `a`.`catid`=`c`.`id` ORDER BY listorder asc,createtime desc LIMIT 8 [ RunTime:0.000244s ]
[ sql ] [ SQL ] SELECT `catname` FROM `cool_category` WHERE  `id` = 23 LIMIT 1 [ RunTime:0.000179s ]
[ sql ] [ SQL ] SELECT `catname` FROM `cool_category` WHERE  `id` = 23 LIMIT 1 [ RunTime:0.000173s ]
[ sql ] [ SQL ] SELECT `catname` FROM `cool_category` WHERE  `id` = 23 LIMIT 1 [ RunTime:0.000159s ]
[ sql ] [ SQL ] SELECT `catname` FROM `cool_category` WHERE  `id` = 23 LIMIT 1 [ RunTime:0.000143s ]
[ sql ] [ SQL ] SELECT `catname` FROM `cool_category` WHERE  `id` = 23 LIMIT 1 [ RunTime:0.000135s ]
[ sql ] [ SQL ] SELECT `catname` FROM `cool_category` WHERE  `id` = 23 LIMIT 1 [ RunTime:0.000137s ]
[ sql ] [ SQL ] SELECT `catname` FROM `cool_category` WHERE  `id` = 23 LIMIT 1 [ RunTime:0.000134s ]
[ sql ] [ SQL ] SELECT `catname` FROM `cool_category` WHERE  `id` = 23 LIMIT 1 [ RunTime:0.000129s ]
[ sql ] [ SQL ] SHOW COLUMNS FROM `cool_fuwukehu` [ RunTime:0.000575s ]
[ sql ] [ SQL ] SELECT `a`.*,`c`.`catdir` FROM `cool_fuwukehu` `a` LEFT JOIN `cool_category` `c` ON `a`.`catid`=`c`.`id` WHERE  (  catid=22  ) ORDER BY listorder
                            asc,createtime desc LIMIT 10 [ RunTime:0.000198s ]
[ sql ] [ SQL ] SHOW COLUMNS FROM `cool_blog` [ RunTime:0.000476s ]
[ sql ] [ SQL ] SELECT `a`.*,`c`.`catdir` FROM `cool_blog` `a` LEFT JOIN `cool_category` `c` ON `a`.`catid`=`c`.`id` WHERE  (  catid in(17,18,19,20,21)  ) ORDER BY listorder
                asc,createtime desc LIMIT 3 [ RunTime:0.000190s ]
[ sql ] [ SQL ] SELECT `catname` FROM `cool_category` WHERE  `id` = 18 LIMIT 1 [ RunTime:0.000140s ]
[ sql ] [ SQL ] SELECT `catname` FROM `cool_category` WHERE  `id` = 17 LIMIT 1 [ RunTime:0.000179s ]
[ sql ] [ SQL ] SELECT `catname` FROM `cool_category` WHERE  `id` = 17 LIMIT 1 [ RunTime:0.000156s ]
[ error ] [8]未定义变量: info[/data/wwwroot/www.hrbkcwl.com/runtime/temp/c48b970f7d9a96c92da5129398a8e2a2.php:10]
[ error ] [8]未定义变量: info[/data/wwwroot/www.hrbkcwl.com/runtime/temp/c48b970f7d9a96c92da5129398a8e2a2.php:11]
[ error ] [8]未定义变量: info[/data/wwwroot/www.hrbkcwl.com/runtime/temp/c48b970f7d9a96c92da5129398a8e2a2.php:12]
---------------------------------------------------------------
[ 2017-11-08T11:11:26+08:00 ] 172.17.245.113 37.9.41.184 GET /
[ info ] www.hrbkcwl.com/ [运行时间：0.020517s][吞吐率：48.74req/s] [内存消耗：774.26kb] [文件加载：55]
[ info ] [ LANG ] /data/wwwroot/www.hrbkcwl.com/think/lang/zh-cn.php
[ info ] [ ROUTE ] array (
  'type' => 'module',
  'module' => 
  array (
    0 => '',
    1 => NULL,
    2 => NULL,
  ),
)
[ info ] [ HEADER ] array (
  'accept' => 'text/html,application/xhtml+xml,application/xml;q=0.9,*/*;q=0.8',
  'accept-encoding' => 'gzip, deflate',
  'accept-language' => 'en-US,en;q=0.8,ru;q=0.6',
  'connection' => 'keep-alive',
  'dnt' => '1',
  'host' => 'www.hrbkcwl.com',
  'user-agent' => 'Mozilla/4.0 (compatible; MSIE 6.0; Windows NT 5.1; SV1)',
  'content-type' => '',
  'content-length' => '',
)
[ info ] [ PARAM ] array (
)
[ info ] [ DB ] INIT mysql
[ info ] [ CACHE ] INIT File
[ info ] [ RUN ] app\home\controller\Index->index[ /data/wwwroot/www.hrbkcwl.com/app/home/controller/Index.php ]
[ info ] [ VIEW ] /data/wwwroot/www.hrbkcwl.com/app/home/view/index_index.html [ array (
  0 => 'sys',
  1 => 'action',
  2 => 'controller',
  3 => 'title',
  4 => 'keywords',
  5 => 'description',
  6 => 'category',
  7 => 'adList',
  8 => 'linkList',
) ]
[ info ] [ LOG ] INIT File
[ sql ] [ DB ] CONNECT:[ UseTime:0.000321s ] mysql:dbname=db_cool;host=127.0.0.1;port=3306;charset=utf8
[ sql ] [ SQL ] SHOW COLUMNS FROM `cool_category` [ RunTime:0.000781s ]
[ sql ] [ SQL ] SELECT * FROM `cool_category` WHERE  `id` IS NULL LIMIT 1 [ RunTime:0.000239s ]
[ sql ] [ SQL ] SHOW COLUMNS FROM `cool_ad` [ RunTime:0.000453s ]
[ sql ] [ SQL ] SELECT * FROM `cool_ad` WHERE  `type_id` = 1  AND `open` = 1 ORDER BY sort asc LIMIT 4 [ RunTime:0.000191s ]
[ sql ] [ SQL ] SHOW COLUMNS FROM `cool_link` [ RunTime:0.000440s ]
[ sql ] [ SQL ] SELECT * FROM `cool_link` WHERE  `open` = 1 ORDER BY sort asc [ RunTime:0.000158s ]
[ sql ] [ SQL ] SHOW COLUMNS FROM `cool_page` [ RunTime:0.000459s ]
[ sql ] [ SQL ] SELECT `content` FROM `cool_page` WHERE  `id` = 2 LIMIT 1 [ RunTime:0.000157s ]
[ sql ] [ SQL ] SHOW COLUMNS FROM `cool_debris` [ RunTime:0.000396s ]
[ sql ] [ SQL ] SELECT * FROM `cool_debris` WHERE  (  type_id = 6 ) LIMIT 3 [ RunTime:0.000148s ]
[ sql ] [ SQL ] SELECT * FROM `cool_debris` WHERE  (  type_id = 6 ) LIMIT 3 [ RunTime:0.000138s ]
[ sql ] [ SQL ] SELECT * FROM `cool_debris` WHERE  (  type_id = 7 ) LIMIT 3 [ RunTime:0.000220s ]
[ sql ] [ SQL ] SELECT * FROM `cool_category` WHERE  (  parentid = 10 ) LIMIT 3 [ RunTime:0.000215s ]
[ sql ] [ SQL ] SHOW COLUMNS FROM `cool_case` [ RunTime:0.000553s ]
[ sql ] [ SQL ] SELECT `a`.*,`c`.`catdir` FROM `cool_case` `a` LEFT JOIN `cool_category` `c` ON `a`.`catid`=`c`.`id` ORDER BY listorder asc,createtime desc LIMIT 8 [ RunTime:0.000318s ]
[ sql ] [ SQL ] SELECT `catname` FROM `cool_category` WHERE  `id` = 23 LIMIT 1 [ RunTime:0.000147s ]
[ sql ] [ SQL ] SELECT `catname` FROM `cool_category` WHERE  `id` = 23 LIMIT 1 [ RunTime:0.000143s ]
[ sql ] [ SQL ] SELECT `catname` FROM `cool_category` WHERE  `id` = 23 LIMIT 1 [ RunTime:0.000128s ]
[ sql ] [ SQL ] SELECT `catname` FROM `cool_category` WHERE  `id` = 23 LIMIT 1 [ RunTime:0.000178s ]
[ sql ] [ SQL ] SELECT `catname` FROM `cool_category` WHERE  `id` = 23 LIMIT 1 [ RunTime:0.000152s ]
[ sql ] [ SQL ] SELECT `catname` FROM `cool_category` WHERE  `id` = 23 LIMIT 1 [ RunTime:0.000141s ]
[ sql ] [ SQL ] SELECT `catname` FROM `cool_category` WHERE  `id` = 23 LIMIT 1 [ RunTime:0.000163s ]
[ sql ] [ SQL ] SELECT `catname` FROM `cool_category` WHERE  `id` = 23 LIMIT 1 [ RunTime:0.000149s ]
[ sql ] [ SQL ] SHOW COLUMNS FROM `cool_fuwukehu` [ RunTime:0.000539s ]
[ sql ] [ SQL ] SELECT `a`.*,`c`.`catdir` FROM `cool_fuwukehu` `a` LEFT JOIN `cool_category` `c` ON `a`.`catid`=`c`.`id` WHERE  (  catid=22  ) ORDER BY listorder
                            asc,createtime desc LIMIT 10 [ RunTime:0.000212s ]
[ sql ] [ SQL ] SHOW COLUMNS FROM `cool_blog` [ RunTime:0.000496s ]
[ sql ] [ SQL ] SELECT `a`.*,`c`.`catdir` FROM `cool_blog` `a` LEFT JOIN `cool_category` `c` ON `a`.`catid`=`c`.`id` WHERE  (  catid in(17,18,19,20,21)  ) ORDER BY listorder
                asc,createtime desc LIMIT 3 [ RunTime:0.000209s ]
[ sql ] [ SQL ] SELECT `catname` FROM `cool_category` WHERE  `id` = 18 LIMIT 1 [ RunTime:0.000152s ]
[ sql ] [ SQL ] SELECT `catname` FROM `cool_category` WHERE  `id` = 17 LIMIT 1 [ RunTime:0.000158s ]
[ sql ] [ SQL ] SELECT `catname` FROM `cool_category` WHERE  `id` = 17 LIMIT 1 [ RunTime:0.000141s ]
[ error ] [8]未定义变量: info[/data/wwwroot/www.hrbkcwl.com/runtime/temp/c48b970f7d9a96c92da5129398a8e2a2.php:10]
[ error ] [8]未定义变量: info[/data/wwwroot/www.hrbkcwl.com/runtime/temp/c48b970f7d9a96c92da5129398a8e2a2.php:11]
[ error ] [8]未定义变量: info[/data/wwwroot/www.hrbkcwl.com/runtime/temp/c48b970f7d9a96c92da5129398a8e2a2.php:12]
---------------------------------------------------------------
[ 2017-11-08T13:37:35+08:00 ] 172.17.245.113 219.234.81.35 GET /about_2.html
[ info ] www.hrbkcwl.com/about_2.html [运行时间：0.011738s][吞吐率：85.19req/s] [内存消耗：743.05kb] [文件加载：56]
[ info ] [ LANG ] /data/wwwroot/www.hrbkcwl.com/think/lang/zh-cn.php
[ info ] [ ROUTE ] array (
  'type' => 'module',
  'module' => 
  array (
    0 => 'home',
    1 => 'about',
    2 => 'index',
  ),
  'convert' => false,
)
[ info ] [ HEADER ] array (
  'host' => 'www.hrbkcwl.com',
  'user-agent' => 'Apache-HttpClient/4.3.2 (java 1.5)',
  'content-type' => '',
  'content-length' => '',
)
[ info ] [ PARAM ] array (
  'catId' => '2',
)
[ info ] [ DB ] INIT mysql
[ info ] [ CACHE ] INIT File
[ info ] [ RUN ] app\home\controller\EmptyController->index[ /data/wwwroot/www.hrbkcwl.com/app/home/controller/EmptyController.php ]
[ info ] [ VIEW ] /data/wwwroot/www.hrbkcwl.com/app/home/view/page_show.html [ array (
  0 => 'sys',
  1 => 'action',
  2 => 'controller',
  3 => 'title',
  4 => 'keywords',
  5 => 'description',
  6 => 'category',
  7 => 'adList',
  8 => 'linkList',
  9 => 'info',
) ]
[ info ] [ LOG ] INIT File
[ sql ] [ DB ] CONNECT:[ UseTime:0.000275s ] mysql:dbname=db_cool;host=127.0.0.1;port=3306;charset=utf8
[ sql ] [ SQL ] SHOW COLUMNS FROM `cool_category` [ RunTime:0.000834s ]
[ sql ] [ SQL ] SELECT * FROM `cool_category` WHERE  `id` = 2 LIMIT 1 [ RunTime:0.000249s ]
[ sql ] [ SQL ] SELECT * FROM `cool_category` WHERE  `parentid` = 0  AND `ismenu` = 1 ORDER BY `listorder` [ RunTime:0.000203s ]
[ sql ] [ SQL ] SELECT * FROM `cool_category` WHERE  `ismenu` = 1 ORDER BY `listorder` [ RunTime:0.000203s ]
[ sql ] [ SQL ] SHOW COLUMNS FROM `cool_ad` [ RunTime:0.000502s ]
[ sql ] [ SQL ] SELECT * FROM `cool_ad` WHERE  `type_id` = 1  AND `open` = 1 ORDER BY sort asc LIMIT 4 [ RunTime:0.000180s ]
[ sql ] [ SQL ] SHOW COLUMNS FROM `cool_link` [ RunTime:0.000494s ]
[ sql ] [ SQL ] SELECT * FROM `cool_link` WHERE  `open` = 1 ORDER BY sort asc [ RunTime:0.000145s ]
[ sql ] [ SQL ] SHOW COLUMNS FROM `cool_page` [ RunTime:0.000533s ]
[ sql ] [ SQL ] SELECT * FROM `cool_page` WHERE  `id` = 2 LIMIT 1 [ RunTime:0.000161s ]
[ sql ] [ SQL ] SELECT `template_show` FROM `cool_category` WHERE  `id` = 2 LIMIT 1 [ RunTime:0.000131s ]
[ sql ] [ SQL ] SHOW COLUMNS FROM `cool_debris` [ RunTime:0.000483s ]
[ sql ] [ SQL ] SELECT * FROM `cool_debris` WHERE  (  type_id = 6 ) LIMIT 3 [ RunTime:0.000146s ]
[ sql ] [ SQL ] SELECT * FROM `cool_debris` WHERE  (  type_id = 6 ) LIMIT 3 [ RunTime:0.000125s ]
[ sql ] [ SQL ] SELECT * FROM `cool_debris` WHERE  (  type_id = 7 ) LIMIT 3 [ RunTime:0.000137s ]
[ sql ] [ SQL ] SELECT * FROM `cool_ad` WHERE  (  type_id = 10 ) LIMIT 999 [ RunTime:0.000131s ]
[ error ] [8]未定义数组索引: template[/data/wwwroot/www.hrbkcwl.com/app/home/controller/EmptyController.php:17]
[ error ] [8]未定义数组索引: keywords[/data/wwwroot/www.hrbkcwl.com/runtime/temp/0778042751b24d660d03a6e09dc27387.php:11]
[ error ] [8]未定义数组索引: description[/data/wwwroot/www.hrbkcwl.com/runtime/temp/0778042751b24d660d03a6e09dc27387.php:12]
---------------------------------------------------------------
[ 2017-11-08T13:37:35+08:00 ] 172.17.245.113 219.234.81.36 GET /contact_16.html
[ info ] www.hrbkcwl.com/contact_16.html [运行时间：0.011491s][吞吐率：87.02req/s] [内存消耗：719.47kb] [文件加载：55]
[ info ] [ LANG ] /data/wwwroot/www.hrbkcwl.com/think/lang/zh-cn.php
[ info ] [ ROUTE ] array (
  'type' => 'module',
  'module' => 
  array (
    0 => 'home',
    1 => 'contact',
    2 => 'index',
  ),
  'convert' => false,
)
[ info ] [ HEADER ] array (
  'host' => 'www.hrbkcwl.com',
  'user-agent' => 'Apache-HttpClient/4.3.2 (java 1.5)',
  'content-type' => '',
  'content-length' => '',
)
[ info ] [ PARAM ] array (
  'catId' => '16',
)
[ info ] [ DB ] INIT mysql
[ info ] [ CACHE ] INIT File
[ info ] [ RUN ] app\home\controller\EmptyController->index[ /data/wwwroot/www.hrbkcwl.com/app/home/controller/EmptyController.php ]
[ info ] [ VIEW ] /data/wwwroot/www.hrbkcwl.com/app/home/view/page_show_contace.html [ array (
  0 => 'sys',
  1 => 'action',
  2 => 'controller',
  3 => 'title',
  4 => 'keywords',
  5 => 'description',
  6 => 'category',
  7 => 'adList',
  8 => 'linkList',
  9 => 'info',
) ]
[ info ] [ LOG ] INIT File
[ sql ] [ DB ] CONNECT:[ UseTime:0.000252s ] mysql:dbname=db_cool;host=127.0.0.1;port=3306;charset=utf8
[ sql ] [ SQL ] SHOW COLUMNS FROM `cool_category` [ RunTime:0.000917s ]
[ sql ] [ SQL ] SELECT * FROM `cool_category` WHERE  `id` = 16 LIMIT 1 [ RunTime:0.000307s ]
[ sql ] [ SQL ] SHOW COLUMNS FROM `cool_ad` [ RunTime:0.000690s ]
[ sql ] [ SQL ] SELECT * FROM `cool_ad` WHERE  `type_id` = 1  AND `open` = 1 ORDER BY sort asc LIMIT 4 [ RunTime:0.000219s ]
[ sql ] [ SQL ] SHOW COLUMNS FROM `cool_link` [ RunTime:0.000676s ]
[ sql ] [ SQL ] SELECT * FROM `cool_link` WHERE  `open` = 1 ORDER BY sort asc [ RunTime:0.000212s ]
[ sql ] [ SQL ] SHOW COLUMNS FROM `cool_page` [ RunTime:0.000682s ]
[ sql ] [ SQL ] SELECT * FROM `cool_page` WHERE  `id` = 16 LIMIT 1 [ RunTime:0.000235s ]
[ sql ] [ SQL ] SELECT `template_show` FROM `cool_category` WHERE  `id` = 16 LIMIT 1 [ RunTime:0.000169s ]
[ error ] [8]未定义数组索引: template[/data/wwwroot/www.hrbkcwl.com/app/home/controller/EmptyController.php:17]
[ error ] [8]未定义数组索引: keywords[/data/wwwroot/www.hrbkcwl.com/runtime/temp/03a3d2717ffe0bf33c41812fd06a3f69.php:11]
[ error ] [8]未定义数组索引: description[/data/wwwroot/www.hrbkcwl.com/runtime/temp/03a3d2717ffe0bf33c41812fd06a3f69.php:12]
---------------------------------------------------------------
[ 2017-11-08T16:41:56+08:00 ] 172.17.245.113 120.92.32.178 GET /
[ info ] www.hrbkcwl.com/ [运行时间：0.021305s][吞吐率：46.94req/s] [内存消耗：778.05kb] [文件加载：56]
[ info ] [ LANG ] /data/wwwroot/www.hrbkcwl.com/think/lang/zh-cn.php
[ info ] [ ROUTE ] array (
  'type' => 'module',
  'module' => 
  array (
    0 => '',
    1 => NULL,
    2 => NULL,
  ),
)
[ info ] [ HEADER ] array (
  'host' => 'www.hrbkcwl.com',
  'accept-language' => 'zh,zh-CN;q=0.8,zh-TW;q=0.6,en;q=0.4',
  'accept-encoding' => 'gzip,deflate,sdch',
  'accept' => 'text/html,application/xhtml+xml,application/xml;q=0.9,image/webp,*/*;q=0.8',
  'user-agent' => 'Mozilla/5.0 (Windows NT 6.1; WOW64) AppleWebKit/537.36 (KHTML, like Gecko) Chrome/39.0.2171.95  Safari/537.36',
  'accept-charset' => 'UTF-8,*;q=0.5',
  'cookie' => 'ASPSESSIONIDQASBQDRC=HJNCEIDDOOKIJECJODIJEKMD;ASPSESSIONIDQSCCTADB=ACDBJAOCGNMMIABENILOEENF;',
  'content-type' => '',
  'content-length' => '',
)
[ info ] [ PARAM ] array (
)
[ info ] [ DB ] INIT mysql
[ info ] [ CACHE ] INIT File
[ info ] [ RUN ] app\home\controller\Index->index[ /data/wwwroot/www.hrbkcwl.com/app/home/controller/Index.php ]
[ info ] [ VIEW ] /data/wwwroot/www.hrbkcwl.com/app/home/view/index_index.html [ array (
  0 => 'sys',
  1 => 'action',
  2 => 'controller',
  3 => 'title',
  4 => 'keywords',
  5 => 'description',
  6 => 'category',
  7 => 'adList',
  8 => 'linkList',
) ]
[ info ] [ LOG ] INIT File
[ sql ] [ DB ] CONNECT:[ UseTime:0.000359s ] mysql:dbname=db_cool;host=127.0.0.1;port=3306;charset=utf8
[ sql ] [ SQL ] SHOW COLUMNS FROM `cool_category` [ RunTime:0.000812s ]
[ sql ] [ SQL ] SELECT * FROM `cool_category` WHERE  `id` IS NULL LIMIT 1 [ RunTime:0.000243s ]
[ sql ] [ SQL ] SELECT * FROM `cool_category` WHERE  `parentid` = 0  AND `ismenu` = 1 ORDER BY `listorder` [ RunTime:0.000241s ]
[ sql ] [ SQL ] SELECT * FROM `cool_category` WHERE  `ismenu` = 1 ORDER BY `listorder` [ RunTime:0.000237s ]
[ sql ] [ SQL ] SHOW COLUMNS FROM `cool_ad` [ RunTime:0.000479s ]
[ sql ] [ SQL ] SELECT * FROM `cool_ad` WHERE  `type_id` = 1  AND `open` = 1 ORDER BY sort asc LIMIT 4 [ RunTime:0.000196s ]
[ sql ] [ SQL ] SHOW COLUMNS FROM `cool_link` [ RunTime:0.000439s ]
[ sql ] [ SQL ] SELECT * FROM `cool_link` WHERE  `open` = 1 ORDER BY sort asc [ RunTime:0.000169s ]
[ sql ] [ SQL ] SHOW COLUMNS FROM `cool_page` [ RunTime:0.000458s ]
[ sql ] [ SQL ] SELECT `content` FROM `cool_page` WHERE  `id` = 2 LIMIT 1 [ RunTime:0.000147s ]
[ sql ] [ SQL ] SHOW COLUMNS FROM `cool_debris` [ RunTime:0.000449s ]
[ sql ] [ SQL ] SELECT * FROM `cool_debris` WHERE  (  type_id = 6 ) LIMIT 3 [ RunTime:0.000174s ]
[ sql ] [ SQL ] SELECT * FROM `cool_debris` WHERE  (  type_id = 6 ) LIMIT 3 [ RunTime:0.000164s ]
[ sql ] [ SQL ] SELECT * FROM `cool_debris` WHERE  (  type_id = 7 ) LIMIT 3 [ RunTime:0.000142s ]
[ sql ] [ SQL ] SELECT * FROM `cool_category` WHERE  (  parentid = 10 ) LIMIT 3 [ RunTime:0.000166s ]
[ sql ] [ SQL ] SHOW COLUMNS FROM `cool_case` [ RunTime:0.000486s ]
[ sql ] [ SQL ] SELECT `a`.*,`c`.`catdir` FROM `cool_case` `a` LEFT JOIN `cool_category` `c` ON `a`.`catid`=`c`.`id` ORDER BY listorder asc,createtime desc LIMIT 8 [ RunTime:0.000197s ]
[ sql ] [ SQL ] SELECT `catname` FROM `cool_category` WHERE  `id` = 23 LIMIT 1 [ RunTime:0.000142s ]
[ sql ] [ SQL ] SELECT `catname` FROM `cool_category` WHERE  `id` = 23 LIMIT 1 [ RunTime:0.000136s ]
[ sql ] [ SQL ] SELECT `catname` FROM `cool_category` WHERE  `id` = 23 LIMIT 1 [ RunTime:0.000134s ]
[ sql ] [ SQL ] SELECT `catname` FROM `cool_category` WHERE  `id` = 23 LIMIT 1 [ RunTime:0.000160s ]
[ sql ] [ SQL ] SELECT `catname` FROM `cool_category` WHERE  `id` = 23 LIMIT 1 [ RunTime:0.000146s ]
[ sql ] [ SQL ] SELECT `catname` FROM `cool_category` WHERE  `id` = 23 LIMIT 1 [ RunTime:0.000130s ]
[ sql ] [ SQL ] SELECT `catname` FROM `cool_category` WHERE  `id` = 23 LIMIT 1 [ RunTime:0.000137s ]
[ sql ] [ SQL ] SELECT `catname` FROM `cool_category` WHERE  `id` = 23 LIMIT 1 [ RunTime:0.000130s ]
[ sql ] [ SQL ] SHOW COLUMNS FROM `cool_fuwukehu` [ RunTime:0.000498s ]
[ sql ] [ SQL ] SELECT `a`.*,`c`.`catdir` FROM `cool_fuwukehu` `a` LEFT JOIN `cool_category` `c` ON `a`.`catid`=`c`.`id` WHERE  (  catid=22  ) ORDER BY listorder
                            asc,createtime desc LIMIT 10 [ RunTime:0.000194s ]
[ sql ] [ SQL ] SHOW COLUMNS FROM `cool_blog` [ RunTime:0.000476s ]
[ sql ] [ SQL ] SELECT `a`.*,`c`.`catdir` FROM `cool_blog` `a` LEFT JOIN `cool_category` `c` ON `a`.`catid`=`c`.`id` WHERE  (  catid in(17,18,19,20,21)  ) ORDER BY listorder
                asc,createtime desc LIMIT 3 [ RunTime:0.000236s ]
[ sql ] [ SQL ] SELECT `catname` FROM `cool_category` WHERE  `id` = 18 LIMIT 1 [ RunTime:0.000144s ]
[ sql ] [ SQL ] SELECT `catname` FROM `cool_category` WHERE  `id` = 17 LIMIT 1 [ RunTime:0.000143s ]
[ sql ] [ SQL ] SELECT `catname` FROM `cool_category` WHERE  `id` = 17 LIMIT 1 [ RunTime:0.000132s ]
[ error ] [8]未定义变量: info[/data/wwwroot/www.hrbkcwl.com/runtime/temp/c48b970f7d9a96c92da5129398a8e2a2.php:10]
[ error ] [8]未定义变量: info[/data/wwwroot/www.hrbkcwl.com/runtime/temp/c48b970f7d9a96c92da5129398a8e2a2.php:11]
[ error ] [8]未定义变量: info[/data/wwwroot/www.hrbkcwl.com/runtime/temp/c48b970f7d9a96c92da5129398a8e2a2.php:12]
---------------------------------------------------------------
[ 2017-11-08T16:41:56+08:00 ] 172.17.245.113 120.92.32.178 GET /
[ info ] www.hrbkcwl.com/ [运行时间：0.019160s][吞吐率：52.19req/s] [内存消耗：774.89kb] [文件加载：55]
[ info ] [ LANG ] /data/wwwroot/www.hrbkcwl.com/think/lang/zh-cn.php
[ info ] [ ROUTE ] array (
  'type' => 'module',
  'module' => 
  array (
    0 => '',
    1 => NULL,
    2 => NULL,
  ),
)
[ info ] [ HEADER ] array (
  'host' => 'www.hrbkcwl.com',
  'accept-language' => 'zh,zh-CN;q=0.8,zh-TW;q=0.6,en;q=0.4',
  'accept-encoding' => 'gzip,deflate,sdch',
  'accept' => 'text/html,application/xhtml+xml,application/xml;q=0.9,image/webp,*/*;q=0.8',
  'user-agent' => 'Mozilla/5.0 (Windows NT 6.1; WOW64) AppleWebKit/537.36 (KHTML, like Gecko) Chrome/39.0.2171.95  Safari/537.36',
  'accept-charset' => 'UTF-8,*;q=0.5',
  'cookie' => 'ASPSESSIONIDQASBQDRC=HJNCEIDDOOKIJECJODIJEKMD;ASPSESSIONIDQSCCTADB=ACDBJAOCGNMMIABENILOEENF;',
  'content-type' => '',
  'content-length' => '',
)
[ info ] [ PARAM ] array (
)
[ info ] [ DB ] INIT mysql
[ info ] [ CACHE ] INIT File
[ info ] [ RUN ] app\home\controller\Index->index[ /data/wwwroot/www.hrbkcwl.com/app/home/controller/Index.php ]
[ info ] [ VIEW ] /data/wwwroot/www.hrbkcwl.com/app/home/view/index_index.html [ array (
  0 => 'sys',
  1 => 'action',
  2 => 'controller',
  3 => 'title',
  4 => 'keywords',
  5 => 'description',
  6 => 'category',
  7 => 'adList',
  8 => 'linkList',
) ]
[ info ] [ LOG ] INIT File
[ sql ] [ DB ] CONNECT:[ UseTime:0.000251s ] mysql:dbname=db_cool;host=127.0.0.1;port=3306;charset=utf8
[ sql ] [ SQL ] SHOW COLUMNS FROM `cool_category` [ RunTime:0.000701s ]
[ sql ] [ SQL ] SELECT * FROM `cool_category` WHERE  `id` IS NULL LIMIT 1 [ RunTime:0.000223s ]
[ sql ] [ SQL ] SHOW COLUMNS FROM `cool_ad` [ RunTime:0.000440s ]
[ sql ] [ SQL ] SELECT * FROM `cool_ad` WHERE  `type_id` = 1  AND `open` = 1 ORDER BY sort asc LIMIT 4 [ RunTime:0.000173s ]
[ sql ] [ SQL ] SHOW COLUMNS FROM `cool_link` [ RunTime:0.000418s ]
[ sql ] [ SQL ] SELECT * FROM `cool_link` WHERE  `open` = 1 ORDER BY sort asc [ RunTime:0.000158s ]
[ sql ] [ SQL ] SHOW COLUMNS FROM `cool_page` [ RunTime:0.000468s ]
[ sql ] [ SQL ] SELECT `content` FROM `cool_page` WHERE  `id` = 2 LIMIT 1 [ RunTime:0.000145s ]
[ sql ] [ SQL ] SHOW COLUMNS FROM `cool_debris` [ RunTime:0.000409s ]
[ sql ] [ SQL ] SELECT * FROM `cool_debris` WHERE  (  type_id = 6 ) LIMIT 3 [ RunTime:0.000203s ]
[ sql ] [ SQL ] SELECT * FROM `cool_debris` WHERE  (  type_id = 6 ) LIMIT 3 [ RunTime:0.000182s ]
[ sql ] [ SQL ] SELECT * FROM `cool_debris` WHERE  (  type_id = 7 ) LIMIT 3 [ RunTime:0.000149s ]
[ sql ] [ SQL ] SELECT * FROM `cool_category` WHERE  (  parentid = 10 ) LIMIT 3 [ RunTime:0.000171s ]
[ sql ] [ SQL ] SHOW COLUMNS FROM `cool_case` [ RunTime:0.000559s ]
[ sql ] [ SQL ] SELECT `a`.*,`c`.`catdir` FROM `cool_case` `a` LEFT JOIN `cool_category` `c` ON `a`.`catid`=`c`.`id` ORDER BY listorder asc,createtime desc LIMIT 8 [ RunTime:0.000197s ]
[ sql ] [ SQL ] SELECT `catname` FROM `cool_category` WHERE  `id` = 23 LIMIT 1 [ RunTime:0.000159s ]
[ sql ] [ SQL ] SELECT `catname` FROM `cool_category` WHERE  `id` = 23 LIMIT 1 [ RunTime:0.000149s ]
[ sql ] [ SQL ] SELECT `catname` FROM `cool_category` WHERE  `id` = 23 LIMIT 1 [ RunTime:0.000145s ]
[ sql ] [ SQL ] SELECT `catname` FROM `cool_category` WHERE  `id` = 23 LIMIT 1 [ RunTime:0.000136s ]
[ sql ] [ SQL ] SELECT `catname` FROM `cool_category` WHERE  `id` = 23 LIMIT 1 [ RunTime:0.000134s ]
[ sql ] [ SQL ] SELECT `catname` FROM `cool_category` WHERE  `id` = 23 LIMIT 1 [ RunTime:0.000125s ]
[ sql ] [ SQL ] SELECT `catname` FROM `cool_category` WHERE  `id` = 23 LIMIT 1 [ RunTime:0.000131s ]
[ sql ] [ SQL ] SELECT `catname` FROM `cool_category` WHERE  `id` = 23 LIMIT 1 [ RunTime:0.000138s ]
[ sql ] [ SQL ] SHOW COLUMNS FROM `cool_fuwukehu` [ RunTime:0.000512s ]
[ sql ] [ SQL ] SELECT `a`.*,`c`.`catdir` FROM `cool_fuwukehu` `a` LEFT JOIN `cool_category` `c` ON `a`.`catid`=`c`.`id` WHERE  (  catid=22  ) ORDER BY listorder
                            asc,createtime desc LIMIT 10 [ RunTime:0.000198s ]
[ sql ] [ SQL ] SHOW COLUMNS FROM `cool_blog` [ RunTime:0.000470s ]
[ sql ] [ SQL ] SELECT `a`.*,`c`.`catdir` FROM `cool_blog` `a` LEFT JOIN `cool_category` `c` ON `a`.`catid`=`c`.`id` WHERE  (  catid in(17,18,19,20,21)  ) ORDER BY listorder
                asc,createtime desc LIMIT 3 [ RunTime:0.000191s ]
[ sql ] [ SQL ] SELECT `catname` FROM `cool_category` WHERE  `id` = 18 LIMIT 1 [ RunTime:0.000182s ]
[ sql ] [ SQL ] SELECT `catname` FROM `cool_category` WHERE  `id` = 17 LIMIT 1 [ RunTime:0.000159s ]
[ sql ] [ SQL ] SELECT `catname` FROM `cool_category` WHERE  `id` = 17 LIMIT 1 [ RunTime:0.000138s ]
[ error ] [8]未定义变量: info[/data/wwwroot/www.hrbkcwl.com/runtime/temp/c48b970f7d9a96c92da5129398a8e2a2.php:10]
[ error ] [8]未定义变量: info[/data/wwwroot/www.hrbkcwl.com/runtime/temp/c48b970f7d9a96c92da5129398a8e2a2.php:11]
[ error ] [8]未定义变量: info[/data/wwwroot/www.hrbkcwl.com/runtime/temp/c48b970f7d9a96c92da5129398a8e2a2.php:12]
---------------------------------------------------------------
[ 2017-11-08T17:11:28+08:00 ] 172.17.245.113 220.181.108.123 GET /
[ info ] www.hrbkcwl.com/ [运行时间：0.020159s][吞吐率：49.61req/s] [内存消耗：774.19kb] [文件加载：55]
[ info ] [ LANG ] /data/wwwroot/www.hrbkcwl.com/think/lang/zh-cn.php
[ info ] [ ROUTE ] array (
  'type' => 'module',
  'module' => 
  array (
    0 => '',
    1 => NULL,
    2 => NULL,
  ),
)
[ info ] [ HEADER ] array (
  'host' => 'www.hrbkcwl.com',
  'connection' => 'close',
  'user-agent' => 'Mozilla/5.0 (compatible; Baiduspider/2.0; +http://www.baidu.com/search/spider.html)',
  'accept-language' => 'zh-cn,zh-tw',
  'if-none-match' => '"@NULL@"',
  'accept-encoding' => 'gzip',
  'accept' => '*/*',
  'content-type' => '',
  'content-length' => '',
)
[ info ] [ PARAM ] array (
)
[ info ] [ DB ] INIT mysql
[ info ] [ CACHE ] INIT File
[ info ] [ RUN ] app\home\controller\Index->index[ /data/wwwroot/www.hrbkcwl.com/app/home/controller/Index.php ]
[ info ] [ VIEW ] /data/wwwroot/www.hrbkcwl.com/app/home/view/index_index.html [ array (
  0 => 'sys',
  1 => 'action',
  2 => 'controller',
  3 => 'title',
  4 => 'keywords',
  5 => 'description',
  6 => 'category',
  7 => 'adList',
  8 => 'linkList',
) ]
[ info ] [ LOG ] INIT File
[ sql ] [ DB ] CONNECT:[ UseTime:0.000341s ] mysql:dbname=db_cool;host=127.0.0.1;port=3306;charset=utf8
[ sql ] [ SQL ] SHOW COLUMNS FROM `cool_category` [ RunTime:0.000828s ]
[ sql ] [ SQL ] SELECT * FROM `cool_category` WHERE  `id` IS NULL LIMIT 1 [ RunTime:0.000266s ]
[ sql ] [ SQL ] SHOW COLUMNS FROM `cool_ad` [ RunTime:0.000457s ]
[ sql ] [ SQL ] SELECT * FROM `cool_ad` WHERE  `type_id` = 1  AND `open` = 1 ORDER BY sort asc LIMIT 4 [ RunTime:0.000200s ]
[ sql ] [ SQL ] SHOW COLUMNS FROM `cool_link` [ RunTime:0.000446s ]
[ sql ] [ SQL ] SELECT * FROM `cool_link` WHERE  `open` = 1 ORDER BY sort asc [ RunTime:0.000164s ]
[ sql ] [ SQL ] SHOW COLUMNS FROM `cool_page` [ RunTime:0.000443s ]
[ sql ] [ SQL ] SELECT `content` FROM `cool_page` WHERE  `id` = 2 LIMIT 1 [ RunTime:0.000152s ]
[ sql ] [ SQL ] SHOW COLUMNS FROM `cool_debris` [ RunTime:0.000411s ]
[ sql ] [ SQL ] SELECT * FROM `cool_debris` WHERE  (  type_id = 6 ) LIMIT 3 [ RunTime:0.000156s ]
[ sql ] [ SQL ] SELECT * FROM `cool_debris` WHERE  (  type_id = 6 ) LIMIT 3 [ RunTime:0.000162s ]
[ sql ] [ SQL ] SELECT * FROM `cool_debris` WHERE  (  type_id = 7 ) LIMIT 3 [ RunTime:0.000163s ]
[ sql ] [ SQL ] SELECT * FROM `cool_category` WHERE  (  parentid = 10 ) LIMIT 3 [ RunTime:0.000176s ]
[ sql ] [ SQL ] SHOW COLUMNS FROM `cool_case` [ RunTime:0.000527s ]
[ sql ] [ SQL ] SELECT `a`.*,`c`.`catdir` FROM `cool_case` `a` LEFT JOIN `cool_category` `c` ON `a`.`catid`=`c`.`id` ORDER BY listorder asc,createtime desc LIMIT 8 [ RunTime:0.000216s ]
[ sql ] [ SQL ] SELECT `catname` FROM `cool_category` WHERE  `id` = 23 LIMIT 1 [ RunTime:0.000149s ]
[ sql ] [ SQL ] SELECT `catname` FROM `cool_category` WHERE  `id` = 23 LIMIT 1 [ RunTime:0.000145s ]
[ sql ] [ SQL ] SELECT `catname` FROM `cool_category` WHERE  `id` = 23 LIMIT 1 [ RunTime:0.000138s ]
[ sql ] [ SQL ] SELECT `catname` FROM `cool_category` WHERE  `id` = 23 LIMIT 1 [ RunTime:0.000135s ]
[ sql ] [ SQL ] SELECT `catname` FROM `cool_category` WHERE  `id` = 23 LIMIT 1 [ RunTime:0.000140s ]
[ sql ] [ SQL ] SELECT `catname` FROM `cool_category` WHERE  `id` = 23 LIMIT 1 [ RunTime:0.000144s ]
[ sql ] [ SQL ] SELECT `catname` FROM `cool_category` WHERE  `id` = 23 LIMIT 1 [ RunTime:0.000137s ]
[ sql ] [ SQL ] SELECT `catname` FROM `cool_category` WHERE  `id` = 23 LIMIT 1 [ RunTime:0.000180s ]
[ sql ] [ SQL ] SHOW COLUMNS FROM `cool_fuwukehu` [ RunTime:0.000516s ]
[ sql ] [ SQL ] SELECT `a`.*,`c`.`catdir` FROM `cool_fuwukehu` `a` LEFT JOIN `cool_category` `c` ON `a`.`catid`=`c`.`id` WHERE  (  catid=22  ) ORDER BY listorder
                            asc,createtime desc LIMIT 10 [ RunTime:0.000200s ]
[ sql ] [ SQL ] SHOW COLUMNS FROM `cool_blog` [ RunTime:0.000504s ]
[ sql ] [ SQL ] SELECT `a`.*,`c`.`catdir` FROM `cool_blog` `a` LEFT JOIN `cool_category` `c` ON `a`.`catid`=`c`.`id` WHERE  (  catid in(17,18,19,20,21)  ) ORDER BY listorder
                asc,createtime desc LIMIT 3 [ RunTime:0.000207s ]
[ sql ] [ SQL ] SELECT `catname` FROM `cool_category` WHERE  `id` = 18 LIMIT 1 [ RunTime:0.000160s ]
[ sql ] [ SQL ] SELECT `catname` FROM `cool_category` WHERE  `id` = 17 LIMIT 1 [ RunTime:0.000150s ]
[ sql ] [ SQL ] SELECT `catname` FROM `cool_category` WHERE  `id` = 17 LIMIT 1 [ RunTime:0.000145s ]
[ error ] [8]未定义变量: info[/data/wwwroot/www.hrbkcwl.com/runtime/temp/c48b970f7d9a96c92da5129398a8e2a2.php:10]
[ error ] [8]未定义变量: info[/data/wwwroot/www.hrbkcwl.com/runtime/temp/c48b970f7d9a96c92da5129398a8e2a2.php:11]
[ error ] [8]未定义变量: info[/data/wwwroot/www.hrbkcwl.com/runtime/temp/c48b970f7d9a96c92da5129398a8e2a2.php:12]
---------------------------------------------------------------
[ 2017-11-08T17:43:46+08:00 ] 172.17.245.113 106.11.226.253 GET /
[ info ] www.hrbkcwl.com/ [运行时间：0.021676s][吞吐率：46.13req/s] [内存消耗：777.45kb] [文件加载：56]
[ info ] [ LANG ] /data/wwwroot/www.hrbkcwl.com/think/lang/zh-cn.php
[ info ] [ ROUTE ] array (
  'type' => 'module',
  'module' => 
  array (
    0 => '',
    1 => NULL,
    2 => NULL,
  ),
)
[ info ] [ HEADER ] array (
  'accept-encoding' => 'gzip',
  'user-agent' => 'Mozilla/5.0 (iPad; CPU OS 9_1 like Mac OS X) AppleWebKit/601.1.46 (KHTML, like Gecko) Version/9.0 Mobile/13B143 Safari/601.1',
  'cache-control' => 'no-cache',
  'pragma' => 'no-cache',
  'host' => 'www.hrbkcwl.com',
  'accept' => 'text/html, image/gif, image/jpeg, *; q=.2, */*; q=.2',
  'connection' => 'keep-alive',
  'content-type' => '',
  'content-length' => '',
)
[ info ] [ PARAM ] array (
)
[ info ] [ DB ] INIT mysql
[ info ] [ CACHE ] INIT File
[ info ] [ RUN ] app\home\controller\Index->index[ /data/wwwroot/www.hrbkcwl.com/app/home/controller/Index.php ]
[ info ] [ VIEW ] /data/wwwroot/www.hrbkcwl.com/app/home/view/index_index.html [ array (
  0 => 'sys',
  1 => 'action',
  2 => 'controller',
  3 => 'title',
  4 => 'keywords',
  5 => 'description',
  6 => 'category',
  7 => 'adList',
  8 => 'linkList',
) ]
[ info ] [ LOG ] INIT File
[ sql ] [ DB ] CONNECT:[ UseTime:0.000326s ] mysql:dbname=db_cool;host=127.0.0.1;port=3306;charset=utf8
[ sql ] [ SQL ] SHOW COLUMNS FROM `cool_category` [ RunTime:0.000804s ]
[ sql ] [ SQL ] SELECT * FROM `cool_category` WHERE  `id` IS NULL LIMIT 1 [ RunTime:0.000259s ]
[ sql ] [ SQL ] SELECT * FROM `cool_category` WHERE  `parentid` = 0  AND `ismenu` = 1 ORDER BY `listorder` [ RunTime:0.000289s ]
[ sql ] [ SQL ] SELECT * FROM `cool_category` WHERE  `ismenu` = 1 ORDER BY `listorder` [ RunTime:0.000247s ]
[ sql ] [ SQL ] SHOW COLUMNS FROM `cool_ad` [ RunTime:0.000453s ]
[ sql ] [ SQL ] SELECT * FROM `cool_ad` WHERE  `type_id` = 1  AND `open` = 1 ORDER BY sort asc LIMIT 4 [ RunTime:0.000188s ]
[ sql ] [ SQL ] SHOW COLUMNS FROM `cool_link` [ RunTime:0.000428s ]
[ sql ] [ SQL ] SELECT * FROM `cool_link` WHERE  `open` = 1 ORDER BY sort asc [ RunTime:0.000165s ]
[ sql ] [ SQL ] SHOW COLUMNS FROM `cool_page` [ RunTime:0.000521s ]
[ sql ] [ SQL ] SELECT `content` FROM `cool_page` WHERE  `id` = 2 LIMIT 1 [ RunTime:0.000163s ]
[ sql ] [ SQL ] SHOW COLUMNS FROM `cool_debris` [ RunTime:0.000418s ]
[ sql ] [ SQL ] SELECT * FROM `cool_debris` WHERE  (  type_id = 6 ) LIMIT 3 [ RunTime:0.000156s ]
[ sql ] [ SQL ] SELECT * FROM `cool_debris` WHERE  (  type_id = 6 ) LIMIT 3 [ RunTime:0.000143s ]
[ sql ] [ SQL ] SELECT * FROM `cool_debris` WHERE  (  type_id = 7 ) LIMIT 3 [ RunTime:0.000151s ]
[ sql ] [ SQL ] SELECT * FROM `cool_category` WHERE  (  parentid = 10 ) LIMIT 3 [ RunTime:0.000159s ]
[ sql ] [ SQL ] SHOW COLUMNS FROM `cool_case` [ RunTime:0.000493s ]
[ sql ] [ SQL ] SELECT `a`.*,`c`.`catdir` FROM `cool_case` `a` LEFT JOIN `cool_category` `c` ON `a`.`catid`=`c`.`id` ORDER BY listorder asc,createtime desc LIMIT 8 [ RunTime:0.000208s ]
[ sql ] [ SQL ] SELECT `catname` FROM `cool_category` WHERE  `id` = 23 LIMIT 1 [ RunTime:0.000146s ]
[ sql ] [ SQL ] SELECT `catname` FROM `cool_category` WHERE  `id` = 23 LIMIT 1 [ RunTime:0.000134s ]
[ sql ] [ SQL ] SELECT `catname` FROM `cool_category` WHERE  `id` = 23 LIMIT 1 [ RunTime:0.000146s ]
[ sql ] [ SQL ] SELECT `catname` FROM `cool_category` WHERE  `id` = 23 LIMIT 1 [ RunTime:0.000136s ]
[ sql ] [ SQL ] SELECT `catname` FROM `cool_category` WHERE  `id` = 23 LIMIT 1 [ RunTime:0.000132s ]
[ sql ] [ SQL ] SELECT `catname` FROM `cool_category` WHERE  `id` = 23 LIMIT 1 [ RunTime:0.000143s ]
[ sql ] [ SQL ] SELECT `catname` FROM `cool_category` WHERE  `id` = 23 LIMIT 1 [ RunTime:0.000142s ]
[ sql ] [ SQL ] SELECT `catname` FROM `cool_category` WHERE  `id` = 23 LIMIT 1 [ RunTime:0.000142s ]
[ sql ] [ SQL ] SHOW COLUMNS FROM `cool_fuwukehu` [ RunTime:0.000480s ]
[ sql ] [ SQL ] SELECT `a`.*,`c`.`catdir` FROM `cool_fuwukehu` `a` LEFT JOIN `cool_category` `c` ON `a`.`catid`=`c`.`id` WHERE  (  catid=22  ) ORDER BY listorder
                            asc,createtime desc LIMIT 10 [ RunTime:0.000189s ]
[ sql ] [ SQL ] SHOW COLUMNS FROM `cool_blog` [ RunTime:0.000466s ]
[ sql ] [ SQL ] SELECT `a`.*,`c`.`catdir` FROM `cool_blog` `a` LEFT JOIN `cool_category` `c` ON `a`.`catid`=`c`.`id` WHERE  (  catid in(17,18,19,20,21)  ) ORDER BY listorder
                asc,createtime desc LIMIT 3 [ RunTime:0.000210s ]
[ sql ] [ SQL ] SELECT `catname` FROM `cool_category` WHERE  `id` = 18 LIMIT 1 [ RunTime:0.000141s ]
[ sql ] [ SQL ] SELECT `catname` FROM `cool_category` WHERE  `id` = 17 LIMIT 1 [ RunTime:0.000163s ]
[ sql ] [ SQL ] SELECT `catname` FROM `cool_category` WHERE  `id` = 17 LIMIT 1 [ RunTime:0.000136s ]
[ error ] [8]未定义变量: info[/data/wwwroot/www.hrbkcwl.com/runtime/temp/c48b970f7d9a96c92da5129398a8e2a2.php:10]
[ error ] [8]未定义变量: info[/data/wwwroot/www.hrbkcwl.com/runtime/temp/c48b970f7d9a96c92da5129398a8e2a2.php:11]
[ error ] [8]未定义变量: info[/data/wwwroot/www.hrbkcwl.com/runtime/temp/c48b970f7d9a96c92da5129398a8e2a2.php:12]
---------------------------------------------------------------
[ 2017-11-08T20:50:00+08:00 ] 172.17.245.113 183.136.190.62 GET /
[ info ] www.hrbkcwl.com/ [运行时间：0.020164s][吞吐率：49.59req/s] [内存消耗：777.52kb] [文件加载：56]
[ info ] [ LANG ] /data/wwwroot/www.hrbkcwl.com/think/lang/zh-cn.php
[ info ] [ ROUTE ] array (
  'type' => 'module',
  'module' => 
  array (
    0 => '',
    1 => NULL,
    2 => NULL,
  ),
)
[ info ] [ HEADER ] array (
  'host' => 'www.hrbkcwl.com',
  'user-agent' => 'Mozilla/5.0 (Windows NT 6.1) AppleWebKit/537.36 (KHTML, like Gecko) Chrome/35.0.1916.153 Safari/537.36',
  'accept' => 'text/html,application/xhtml+xml,application/xml;q=0.9,image/webp,*/*;q=0.8',
  'accept-encoding' => '',
  'accept-language' => 'zh-CN,zh;q=0.8',
  'cache-control' => 'max-age=0',
  'connection' => 'close',
  'content-type' => '',
  'content-length' => '',
)
[ info ] [ PARAM ] array (
)
[ info ] [ DB ] INIT mysql
[ info ] [ CACHE ] INIT File
[ info ] [ RUN ] app\home\controller\Index->index[ /data/wwwroot/www.hrbkcwl.com/app/home/controller/Index.php ]
[ info ] [ VIEW ] /data/wwwroot/www.hrbkcwl.com/app/home/view/index_index.html [ array (
  0 => 'sys',
  1 => 'action',
  2 => 'controller',
  3 => 'title',
  4 => 'keywords',
  5 => 'description',
  6 => 'category',
  7 => 'adList',
  8 => 'linkList',
) ]
[ info ] [ LOG ] INIT File
[ sql ] [ DB ] CONNECT:[ UseTime:0.000326s ] mysql:dbname=db_cool;host=127.0.0.1;port=3306;charset=utf8
[ sql ] [ SQL ] SHOW COLUMNS FROM `cool_category` [ RunTime:0.000793s ]
[ sql ] [ SQL ] SELECT * FROM `cool_category` WHERE  `id` IS NULL LIMIT 1 [ RunTime:0.000239s ]
[ sql ] [ SQL ] SELECT * FROM `cool_category` WHERE  `parentid` = 0  AND `ismenu` = 1 ORDER BY `listorder` [ RunTime:0.000248s ]
[ sql ] [ SQL ] SELECT * FROM `cool_category` WHERE  `ismenu` = 1 ORDER BY `listorder` [ RunTime:0.000210s ]
[ sql ] [ SQL ] SHOW COLUMNS FROM `cool_ad` [ RunTime:0.000503s ]
[ sql ] [ SQL ] SELECT * FROM `cool_ad` WHERE  `type_id` = 1  AND `open` = 1 ORDER BY sort asc LIMIT 4 [ RunTime:0.000210s ]
[ sql ] [ SQL ] SHOW COLUMNS FROM `cool_link` [ RunTime:0.000498s ]
[ sql ] [ SQL ] SELECT * FROM `cool_link` WHERE  `open` = 1 ORDER BY sort asc [ RunTime:0.000168s ]
[ sql ] [ SQL ] SHOW COLUMNS FROM `cool_page` [ RunTime:0.000516s ]
[ sql ] [ SQL ] SELECT `content` FROM `cool_page` WHERE  `id` = 2 LIMIT 1 [ RunTime:0.000153s ]
[ sql ] [ SQL ] SHOW COLUMNS FROM `cool_debris` [ RunTime:0.000480s ]
[ sql ] [ SQL ] SELECT * FROM `cool_debris` WHERE  (  type_id = 6 ) LIMIT 3 [ RunTime:0.000152s ]
[ sql ] [ SQL ] SELECT * FROM `cool_debris` WHERE  (  type_id = 6 ) LIMIT 3 [ RunTime:0.000145s ]
[ sql ] [ SQL ] SELECT * FROM `cool_debris` WHERE  (  type_id = 7 ) LIMIT 3 [ RunTime:0.000156s ]
[ sql ] [ SQL ] SELECT * FROM `cool_category` WHERE  (  parentid = 10 ) LIMIT 3 [ RunTime:0.000185s ]
[ sql ] [ SQL ] SHOW COLUMNS FROM `cool_case` [ RunTime:0.000572s ]
[ sql ] [ SQL ] SELECT `a`.*,`c`.`catdir` FROM `cool_case` `a` LEFT JOIN `cool_category` `c` ON `a`.`catid`=`c`.`id` ORDER BY listorder asc,createtime desc LIMIT 8 [ RunTime:0.000202s ]
[ sql ] [ SQL ] SELECT `catname` FROM `cool_category` WHERE  `id` = 23 LIMIT 1 [ RunTime:0.000141s ]
[ sql ] [ SQL ] SELECT `catname` FROM `cool_category` WHERE  `id` = 23 LIMIT 1 [ RunTime:0.000139s ]
[ sql ] [ SQL ] SELECT `catname` FROM `cool_category` WHERE  `id` = 23 LIMIT 1 [ RunTime:0.000156s ]
[ sql ] [ SQL ] SELECT `catname` FROM `cool_category` WHERE  `id` = 23 LIMIT 1 [ RunTime:0.000153s ]
[ sql ] [ SQL ] SELECT `catname` FROM `cool_category` WHERE  `id` = 23 LIMIT 1 [ RunTime:0.000134s ]
[ sql ] [ SQL ] SELECT `catname` FROM `cool_category` WHERE  `id` = 23 LIMIT 1 [ RunTime:0.000178s ]
[ sql ] [ SQL ] SELECT `catname` FROM `cool_category` WHERE  `id` = 23 LIMIT 1 [ RunTime:0.000151s ]
[ sql ] [ SQL ] SELECT `catname` FROM `cool_category` WHERE  `id` = 23 LIMIT 1 [ RunTime:0.000145s ]
[ sql ] [ SQL ] SHOW COLUMNS FROM `cool_fuwukehu` [ RunTime:0.000500s ]
[ sql ] [ SQL ] SELECT `a`.*,`c`.`catdir` FROM `cool_fuwukehu` `a` LEFT JOIN `cool_category` `c` ON `a`.`catid`=`c`.`id` WHERE  (  catid=22  ) ORDER BY listorder
                            asc,createtime desc LIMIT 10 [ RunTime:0.000204s ]
[ sql ] [ SQL ] SHOW COLUMNS FROM `cool_blog` [ RunTime:0.000480s ]
[ sql ] [ SQL ] SELECT `a`.*,`c`.`catdir` FROM `cool_blog` `a` LEFT JOIN `cool_category` `c` ON `a`.`catid`=`c`.`id` WHERE  (  catid in(17,18,19,20,21)  ) ORDER BY listorder
                asc,createtime desc LIMIT 3 [ RunTime:0.000211s ]
[ sql ] [ SQL ] SELECT `catname` FROM `cool_category` WHERE  `id` = 18 LIMIT 1 [ RunTime:0.000150s ]
[ sql ] [ SQL ] SELECT `catname` FROM `cool_category` WHERE  `id` = 17 LIMIT 1 [ RunTime:0.000146s ]
[ sql ] [ SQL ] SELECT `catname` FROM `cool_category` WHERE  `id` = 17 LIMIT 1 [ RunTime:0.000140s ]
[ error ] [8]未定义变量: info[/data/wwwroot/www.hrbkcwl.com/runtime/temp/c48b970f7d9a96c92da5129398a8e2a2.php:10]
[ error ] [8]未定义变量: info[/data/wwwroot/www.hrbkcwl.com/runtime/temp/c48b970f7d9a96c92da5129398a8e2a2.php:11]
[ error ] [8]未定义变量: info[/data/wwwroot/www.hrbkcwl.com/runtime/temp/c48b970f7d9a96c92da5129398a8e2a2.php:12]
---------------------------------------------------------------
[ 2017-11-08T20:55:55+08:00 ] 172.17.245.113 104.236.246.204 HEAD /
[ info ] www.hrbkcwl.com/ [运行时间：0.019742s][吞吐率：50.65req/s] [内存消耗：773.53kb] [文件加载：55]
[ info ] [ LANG ] /data/wwwroot/www.hrbkcwl.com/think/lang/zh-cn.php
[ info ] [ ROUTE ] array (
  'type' => 'module',
  'module' => 
  array (
    0 => '',
    1 => NULL,
    2 => NULL,
  ),
)
[ info ] [ HEADER ] array (
  'host' => 'www.hrbkcwl.com',
  'referer' => 'http://www.netcraft.com/survey/',
  'user-agent' => 'Mozilla/4.0 (compatible; Netcraft Web Server Survey)',
  'connection' => 'close',
  'content-type' => '',
  'content-length' => '',
)
[ info ] [ PARAM ] array (
)
[ info ] [ DB ] INIT mysql
[ info ] [ CACHE ] INIT File
[ info ] [ RUN ] app\home\controller\Index->index[ /data/wwwroot/www.hrbkcwl.com/app/home/controller/Index.php ]
[ info ] [ VIEW ] /data/wwwroot/www.hrbkcwl.com/app/home/view/index_index.html [ array (
  0 => 'sys',
  1 => 'action',
  2 => 'controller',
  3 => 'title',
  4 => 'keywords',
  5 => 'description',
  6 => 'category',
  7 => 'adList',
  8 => 'linkList',
) ]
[ info ] [ LOG ] INIT File
[ sql ] [ DB ] CONNECT:[ UseTime:0.000356s ] mysql:dbname=db_cool;host=127.0.0.1;port=3306;charset=utf8
[ sql ] [ SQL ] SHOW COLUMNS FROM `cool_category` [ RunTime:0.000839s ]
[ sql ] [ SQL ] SELECT * FROM `cool_category` WHERE  `id` IS NULL LIMIT 1 [ RunTime:0.000266s ]
[ sql ] [ SQL ] SHOW COLUMNS FROM `cool_ad` [ RunTime:0.000496s ]
[ sql ] [ SQL ] SELECT * FROM `cool_ad` WHERE  `type_id` = 1  AND `open` = 1 ORDER BY sort asc LIMIT 4 [ RunTime:0.000219s ]
[ sql ] [ SQL ] SHOW COLUMNS FROM `cool_link` [ RunTime:0.000496s ]
[ sql ] [ SQL ] SELECT * FROM `cool_link` WHERE  `open` = 1 ORDER BY sort asc [ RunTime:0.000168s ]
[ sql ] [ SQL ] SHOW COLUMNS FROM `cool_page` [ RunTime:0.000473s ]
[ sql ] [ SQL ] SELECT `content` FROM `cool_page` WHERE  `id` = 2 LIMIT 1 [ RunTime:0.000146s ]
[ sql ] [ SQL ] SHOW COLUMNS FROM `cool_debris` [ RunTime:0.000401s ]
[ sql ] [ SQL ] SELECT * FROM `cool_debris` WHERE  (  type_id = 6 ) LIMIT 3 [ RunTime:0.000143s ]
[ sql ] [ SQL ] SELECT * FROM `cool_debris` WHERE  (  type_id = 6 ) LIMIT 3 [ RunTime:0.000219s ]
[ sql ] [ SQL ] SELECT * FROM `cool_debris` WHERE  (  type_id = 7 ) LIMIT 3 [ RunTime:0.000154s ]
[ sql ] [ SQL ] SELECT * FROM `cool_category` WHERE  (  parentid = 10 ) LIMIT 3 [ RunTime:0.000168s ]
[ sql ] [ SQL ] SHOW COLUMNS FROM `cool_case` [ RunTime:0.000624s ]
[ sql ] [ SQL ] SELECT `a`.*,`c`.`catdir` FROM `cool_case` `a` LEFT JOIN `cool_category` `c` ON `a`.`catid`=`c`.`id` ORDER BY listorder asc,createtime desc LIMIT 8 [ RunTime:0.000233s ]
[ sql ] [ SQL ] SELECT `catname` FROM `cool_category` WHERE  `id` = 23 LIMIT 1 [ RunTime:0.000169s ]
[ sql ] [ SQL ] SELECT `catname` FROM `cool_category` WHERE  `id` = 23 LIMIT 1 [ RunTime:0.000147s ]
[ sql ] [ SQL ] SELECT `catname` FROM `cool_category` WHERE  `id` = 23 LIMIT 1 [ RunTime:0.000152s ]
[ sql ] [ SQL ] SELECT `catname` FROM `cool_category` WHERE  `id` = 23 LIMIT 1 [ RunTime:0.000141s ]
[ sql ] [ SQL ] SELECT `catname` FROM `cool_category` WHERE  `id` = 23 LIMIT 1 [ RunTime:0.000144s ]
[ sql ] [ SQL ] SELECT `catname` FROM `cool_category` WHERE  `id` = 23 LIMIT 1 [ RunTime:0.000180s ]
[ sql ] [ SQL ] SELECT `catname` FROM `cool_category` WHERE  `id` = 23 LIMIT 1 [ RunTime:0.000147s ]
[ sql ] [ SQL ] SELECT `catname` FROM `cool_category` WHERE  `id` = 23 LIMIT 1 [ RunTime:0.000157s ]
[ sql ] [ SQL ] SHOW COLUMNS FROM `cool_fuwukehu` [ RunTime:0.000528s ]
[ sql ] [ SQL ] SELECT `a`.*,`c`.`catdir` FROM `cool_fuwukehu` `a` LEFT JOIN `cool_category` `c` ON `a`.`catid`=`c`.`id` WHERE  (  catid=22  ) ORDER BY listorder
                            asc,createtime desc LIMIT 10 [ RunTime:0.000266s ]
[ sql ] [ SQL ] SHOW COLUMNS FROM `cool_blog` [ RunTime:0.000571s ]
[ sql ] [ SQL ] SELECT `a`.*,`c`.`catdir` FROM `cool_blog` `a` LEFT JOIN `cool_category` `c` ON `a`.`catid`=`c`.`id` WHERE  (  catid in(17,18,19,20,21)  ) ORDER BY listorder
                asc,createtime desc LIMIT 3 [ RunTime:0.000290s ]
[ sql ] [ SQL ] SELECT `catname` FROM `cool_category` WHERE  `id` = 18 LIMIT 1 [ RunTime:0.000157s ]
[ sql ] [ SQL ] SELECT `catname` FROM `cool_category` WHERE  `id` = 17 LIMIT 1 [ RunTime:0.000142s ]
[ sql ] [ SQL ] SELECT `catname` FROM `cool_category` WHERE  `id` = 17 LIMIT 1 [ RunTime:0.000139s ]
[ error ] [8]未定义变量: info[/data/wwwroot/www.hrbkcwl.com/runtime/temp/c48b970f7d9a96c92da5129398a8e2a2.php:10]
[ error ] [8]未定义变量: info[/data/wwwroot/www.hrbkcwl.com/runtime/temp/c48b970f7d9a96c92da5129398a8e2a2.php:11]
[ error ] [8]未定义变量: info[/data/wwwroot/www.hrbkcwl.com/runtime/temp/c48b970f7d9a96c92da5129398a8e2a2.php:12]
---------------------------------------------------------------
[ 2017-11-08T22:40:39+08:00 ] 172.17.245.113 202.108.211.56 GET /
[ info ] www.hrbkcwl.com/ [运行时间：0.021219s][吞吐率：47.13req/s] [内存消耗：777.91kb] [文件加载：56]
[ info ] [ LANG ] /data/wwwroot/www.hrbkcwl.com/think/lang/zh-cn.php
[ info ] [ ROUTE ] array (
  'type' => 'module',
  'module' => 
  array (
    0 => '',
    1 => NULL,
    2 => NULL,
  ),
)
[ info ] [ HEADER ] array (
  'user-agent' => 'Mozilla/5.0 (X11; Linux x86_64) AppleWebKit/535.21 (KHTML, like Gecko) Chrome/19.0.1042.0 Safari/535.21',
  'accept' => 'text/html,application/xhtml+xml,application/xml;q=0.9,image/webp,*/*;q=0.8',
  'accept-encoding' => 'gzip, deflate, sdch',
  'accept-language' => 'zh-CN,zh;q=0.8,en-US;q=0.6,en;q=0.4',
  'cache-control' => 'no-cache',
  'pragma' => 'no-cache',
  'upgrade-insecure-requests' => '1',
  'host' => 'www.hrbkcwl.com',
  'connection' => 'keep-alive',
  'content-type' => '',
  'content-length' => '',
)
[ info ] [ PARAM ] array (
)
[ info ] [ DB ] INIT mysql
[ info ] [ CACHE ] INIT File
[ info ] [ RUN ] app\home\controller\Index->index[ /data/wwwroot/www.hrbkcwl.com/app/home/controller/Index.php ]
[ info ] [ VIEW ] /data/wwwroot/www.hrbkcwl.com/app/home/view/index_index.html [ array (
  0 => 'sys',
  1 => 'action',
  2 => 'controller',
  3 => 'title',
  4 => 'keywords',
  5 => 'description',
  6 => 'category',
  7 => 'adList',
  8 => 'linkList',
) ]
[ info ] [ LOG ] INIT File
[ sql ] [ DB ] CONNECT:[ UseTime:0.000319s ] mysql:dbname=db_cool;host=127.0.0.1;port=3306;charset=utf8
[ sql ] [ SQL ] SHOW COLUMNS FROM `cool_category` [ RunTime:0.000784s ]
[ sql ] [ SQL ] SELECT * FROM `cool_category` WHERE  `id` IS NULL LIMIT 1 [ RunTime:0.000227s ]
[ sql ] [ SQL ] SELECT * FROM `cool_category` WHERE  `parentid` = 0  AND `ismenu` = 1 ORDER BY `listorder` [ RunTime:0.000266s ]
[ sql ] [ SQL ] SELECT * FROM `cool_category` WHERE  `ismenu` = 1 ORDER BY `listorder` [ RunTime:0.000205s ]
[ sql ] [ SQL ] SHOW COLUMNS FROM `cool_ad` [ RunTime:0.000447s ]
[ sql ] [ SQL ] SELECT * FROM `cool_ad` WHERE  `type_id` = 1  AND `open` = 1 ORDER BY sort asc LIMIT 4 [ RunTime:0.000165s ]
[ sql ] [ SQL ] SHOW COLUMNS FROM `cool_link` [ RunTime:0.000439s ]
[ sql ] [ SQL ] SELECT * FROM `cool_link` WHERE  `open` = 1 ORDER BY sort asc [ RunTime:0.000153s ]
[ sql ] [ SQL ] SHOW COLUMNS FROM `cool_page` [ RunTime:0.000446s ]
[ sql ] [ SQL ] SELECT `content` FROM `cool_page` WHERE  `id` = 2 LIMIT 1 [ RunTime:0.000155s ]
[ sql ] [ SQL ] SHOW COLUMNS FROM `cool_debris` [ RunTime:0.000402s ]
[ sql ] [ SQL ] SELECT * FROM `cool_debris` WHERE  (  type_id = 6 ) LIMIT 3 [ RunTime:0.000139s ]
[ sql ] [ SQL ] SELECT * FROM `cool_debris` WHERE  (  type_id = 6 ) LIMIT 3 [ RunTime:0.000151s ]
[ sql ] [ SQL ] SELECT * FROM `cool_debris` WHERE  (  type_id = 7 ) LIMIT 3 [ RunTime:0.000149s ]
[ sql ] [ SQL ] SELECT * FROM `cool_category` WHERE  (  parentid = 10 ) LIMIT 3 [ RunTime:0.000160s ]
[ sql ] [ SQL ] SHOW COLUMNS FROM `cool_case` [ RunTime:0.000533s ]
[ sql ] [ SQL ] SELECT `a`.*,`c`.`catdir` FROM `cool_case` `a` LEFT JOIN `cool_category` `c` ON `a`.`catid`=`c`.`id` ORDER BY listorder asc,createtime desc LIMIT 8 [ RunTime:0.000202s ]
[ sql ] [ SQL ] SELECT `catname` FROM `cool_category` WHERE  `id` = 23 LIMIT 1 [ RunTime:0.000138s ]
[ sql ] [ SQL ] SELECT `catname` FROM `cool_category` WHERE  `id` = 23 LIMIT 1 [ RunTime:0.000191s ]
[ sql ] [ SQL ] SELECT `catname` FROM `cool_category` WHERE  `id` = 23 LIMIT 1 [ RunTime:0.000170s ]
[ sql ] [ SQL ] SELECT `catname` FROM `cool_category` WHERE  `id` = 23 LIMIT 1 [ RunTime:0.000147s ]
[ sql ] [ SQL ] SELECT `catname` FROM `cool_category` WHERE  `id` = 23 LIMIT 1 [ RunTime:0.000140s ]
[ sql ] [ SQL ] SELECT `catname` FROM `cool_category` WHERE  `id` = 23 LIMIT 1 [ RunTime:0.000160s ]
[ sql ] [ SQL ] SELECT `catname` FROM `cool_category` WHERE  `id` = 23 LIMIT 1 [ RunTime:0.000142s ]
[ sql ] [ SQL ] SELECT `catname` FROM `cool_category` WHERE  `id` = 23 LIMIT 1 [ RunTime:0.000185s ]
[ sql ] [ SQL ] SHOW COLUMNS FROM `cool_fuwukehu` [ RunTime:0.000532s ]
[ sql ] [ SQL ] SELECT `a`.*,`c`.`catdir` FROM `cool_fuwukehu` `a` LEFT JOIN `cool_category` `c` ON `a`.`catid`=`c`.`id` WHERE  (  catid=22  ) ORDER BY listorder
                            asc,createtime desc LIMIT 10 [ RunTime:0.000236s ]
[ sql ] [ SQL ] SHOW COLUMNS FROM `cool_blog` [ RunTime:0.000529s ]
[ sql ] [ SQL ] SELECT `a`.*,`c`.`catdir` FROM `cool_blog` `a` LEFT JOIN `cool_category` `c` ON `a`.`catid`=`c`.`id` WHERE  (  catid in(17,18,19,20,21)  ) ORDER BY listorder
                asc,createtime desc LIMIT 3 [ RunTime:0.000237s ]
[ sql ] [ SQL ] SELECT `catname` FROM `cool_category` WHERE  `id` = 18 LIMIT 1 [ RunTime:0.000196s ]
[ sql ] [ SQL ] SELECT `catname` FROM `cool_category` WHERE  `id` = 17 LIMIT 1 [ RunTime:0.000173s ]
[ sql ] [ SQL ] SELECT `catname` FROM `cool_category` WHERE  `id` = 17 LIMIT 1 [ RunTime:0.000146s ]
[ error ] [8]未定义变量: info[/data/wwwroot/www.hrbkcwl.com/runtime/temp/c48b970f7d9a96c92da5129398a8e2a2.php:10]
[ error ] [8]未定义变量: info[/data/wwwroot/www.hrbkcwl.com/runtime/temp/c48b970f7d9a96c92da5129398a8e2a2.php:11]
[ error ] [8]未定义变量: info[/data/wwwroot/www.hrbkcwl.com/runtime/temp/c48b970f7d9a96c92da5129398a8e2a2.php:12]
