---------------------------------------------------------------
[ 2017-11-11T01:15:56+08:00 ] 172.17.245.113 123.125.71.109 GET /
[ info ] www.hrbkcwl.com/ [运行时间：0.022855s][吞吐率：43.75req/s] [内存消耗：777.36kb] [文件加载：56]
[ info ] [ LANG ] /data/wwwroot/www.hrbkcwl.com/think/lang/zh-cn.php
[ info ] [ ROUTE ] array (
  'type' => 'module',
  'module' => 
  array (
    0 => '',
    1 => NULL,
    2 => NULL,
  ),
)
[ info ] [ HEADER ] array (
  'host' => 'www.hrbkcwl.com',
  'connection' => 'close',
  'user-agent' => 'Mozilla/5.0 (compatible; Baiduspider/2.0; +http://www.baidu.com/search/spider.html)',
  'accept-language' => 'zh-cn,zh-tw',
  'if-none-match' => '"@NULL@"',
  'accept-encoding' => 'gzip',
  'accept' => '*/*',
  'content-type' => '',
  'content-length' => '',
)
[ info ] [ PARAM ] array (
)
[ info ] [ DB ] INIT mysql
[ info ] [ CACHE ] INIT File
[ info ] [ RUN ] app\home\controller\Index->index[ /data/wwwroot/www.hrbkcwl.com/app/home/controller/Index.php ]
[ info ] [ VIEW ] /data/wwwroot/www.hrbkcwl.com/app/home/view/index_index.html [ array (
  0 => 'sys',
  1 => 'action',
  2 => 'controller',
  3 => 'title',
  4 => 'keywords',
  5 => 'description',
  6 => 'category',
  7 => 'adList',
  8 => 'linkList',
) ]
[ info ] [ LOG ] INIT File
[ sql ] [ DB ] CONNECT:[ UseTime:0.000386s ] mysql:dbname=db_cool;host=127.0.0.1;port=3306;charset=utf8
[ sql ] [ SQL ] SHOW COLUMNS FROM `cool_category` [ RunTime:0.000863s ]
[ sql ] [ SQL ] SELECT * FROM `cool_category` WHERE  `id` IS NULL LIMIT 1 [ RunTime:0.000267s ]
[ sql ] [ SQL ] SELECT * FROM `cool_category` WHERE  `parentid` = 0  AND `ismenu` = 1 ORDER BY `listorder` [ RunTime:0.000248s ]
[ sql ] [ SQL ] SELECT * FROM `cool_category` WHERE  `ismenu` = 1 ORDER BY `listorder` [ RunTime:0.000227s ]
[ sql ] [ SQL ] SHOW COLUMNS FROM `cool_ad` [ RunTime:0.000462s ]
[ sql ] [ SQL ] SELECT * FROM `cool_ad` WHERE  `type_id` = 1  AND `open` = 1 ORDER BY sort asc LIMIT 4 [ RunTime:0.000248s ]
[ sql ] [ SQL ] SHOW COLUMNS FROM `cool_link` [ RunTime:0.000451s ]
[ sql ] [ SQL ] SELECT * FROM `cool_link` WHERE  `open` = 1 ORDER BY sort asc [ RunTime:0.000167s ]
[ sql ] [ SQL ] SHOW COLUMNS FROM `cool_page` [ RunTime:0.000556s ]
[ sql ] [ SQL ] SELECT `content` FROM `cool_page` WHERE  `id` = 2 LIMIT 1 [ RunTime:0.000171s ]
[ sql ] [ SQL ] SHOW COLUMNS FROM `cool_debris` [ RunTime:0.000491s ]
[ sql ] [ SQL ] SELECT * FROM `cool_debris` WHERE  (  type_id = 6 ) LIMIT 3 [ RunTime:0.000156s ]
[ sql ] [ SQL ] SELECT * FROM `cool_debris` WHERE  (  type_id = 6 ) LIMIT 3 [ RunTime:0.000153s ]
[ sql ] [ SQL ] SELECT * FROM `cool_debris` WHERE  (  type_id = 7 ) LIMIT 3 [ RunTime:0.000147s ]
[ sql ] [ SQL ] SELECT * FROM `cool_category` WHERE  (  parentid = 10 ) LIMIT 3 [ RunTime:0.000213s ]
[ sql ] [ SQL ] SHOW COLUMNS FROM `cool_case` [ RunTime:0.000733s ]
[ sql ] [ SQL ] SELECT `a`.*,`c`.`catdir` FROM `cool_case` `a` LEFT JOIN `cool_category` `c` ON `a`.`catid`=`c`.`id` ORDER BY listorder asc,createtime desc LIMIT 8 [ RunTime:0.000276s ]
[ sql ] [ SQL ] SELECT `catname` FROM `cool_category` WHERE  `id` = 23 LIMIT 1 [ RunTime:0.000174s ]
[ sql ] [ SQL ] SELECT `catname` FROM `cool_category` WHERE  `id` = 23 LIMIT 1 [ RunTime:0.000182s ]
[ sql ] [ SQL ] SELECT `catname` FROM `cool_category` WHERE  `id` = 23 LIMIT 1 [ RunTime:0.000168s ]
[ sql ] [ SQL ] SELECT `catname` FROM `cool_category` WHERE  `id` = 23 LIMIT 1 [ RunTime:0.000281s ]
[ sql ] [ SQL ] SELECT `catname` FROM `cool_category` WHERE  `id` = 23 LIMIT 1 [ RunTime:0.000212s ]
[ sql ] [ SQL ] SELECT `catname` FROM `cool_category` WHERE  `id` = 23 LIMIT 1 [ RunTime:0.000177s ]
[ sql ] [ SQL ] SELECT `catname` FROM `cool_category` WHERE  `id` = 23 LIMIT 1 [ RunTime:0.000149s ]
[ sql ] [ SQL ] SELECT `catname` FROM `cool_category` WHERE  `id` = 23 LIMIT 1 [ RunTime:0.000139s ]
[ sql ] [ SQL ] SHOW COLUMNS FROM `cool_fuwukehu` [ RunTime:0.000514s ]
[ sql ] [ SQL ] SELECT `a`.*,`c`.`catdir` FROM `cool_fuwukehu` `a` LEFT JOIN `cool_category` `c` ON `a`.`catid`=`c`.`id` WHERE  (  catid=22  ) ORDER BY listorder
                            asc,createtime desc LIMIT 10 [ RunTime:0.000232s ]
[ sql ] [ SQL ] SHOW COLUMNS FROM `cool_blog` [ RunTime:0.000615s ]
[ sql ] [ SQL ] SELECT `a`.*,`c`.`catdir` FROM `cool_blog` `a` LEFT JOIN `cool_category` `c` ON `a`.`catid`=`c`.`id` WHERE  (  catid in(17,18,19,20,21)  ) ORDER BY listorder
                asc,createtime desc LIMIT 3 [ RunTime:0.000230s ]
[ sql ] [ SQL ] SELECT `catname` FROM `cool_category` WHERE  `id` = 18 LIMIT 1 [ RunTime:0.000141s ]
[ sql ] [ SQL ] SELECT `catname` FROM `cool_category` WHERE  `id` = 17 LIMIT 1 [ RunTime:0.000172s ]
[ sql ] [ SQL ] SELECT `catname` FROM `cool_category` WHERE  `id` = 17 LIMIT 1 [ RunTime:0.000157s ]
[ error ] [8]未定义变量: info[/data/wwwroot/www.hrbkcwl.com/runtime/temp/c48b970f7d9a96c92da5129398a8e2a2.php:10]
[ error ] [8]未定义变量: info[/data/wwwroot/www.hrbkcwl.com/runtime/temp/c48b970f7d9a96c92da5129398a8e2a2.php:11]
[ error ] [8]未定义变量: info[/data/wwwroot/www.hrbkcwl.com/runtime/temp/c48b970f7d9a96c92da5129398a8e2a2.php:12]
---------------------------------------------------------------
[ 2017-11-11T01:24:45+08:00 ] 172.17.245.113 123.125.67.163 GET /robots.txt
[ info ] www.hrbkcwl.com/robots.txt [运行时间：0.003046s][吞吐率：328.32req/s] [内存消耗：315.41kb] [文件加载：33]
[ info ] [ LANG ] /data/wwwroot/www.hrbkcwl.com/think/lang/zh-cn.php
[ info ] [ ROUTE ] array (
  'type' => 'module',
  'module' => 
  array (
    0 => 'robots.txt',
    1 => NULL,
    2 => NULL,
  ),
)
[ info ] [ HEADER ] array (
  'host' => 'www.hrbkcwl.com',
  'connection' => 'close',
  'user-agent' => 'Mozilla/5.0 (compatible; Baiduspider/2.0; +http://www.baidu.com/search/spider.html)',
  'accept-encoding' => 'gzip',
  'accept-language' => 'zh-cn,zh-tw',
  'accept' => '*/*',
  'content-type' => '',
  'content-length' => '',
)
[ info ] [ PARAM ] array (
)
[ info ] [ LOG ] INIT File
---------------------------------------------------------------
[ 2017-11-11T02:37:14+08:00 ] 172.17.245.113 174.138.61.171 GET /
[ info ] www.hrbkcwl.com/ [运行时间：0.021133s][吞吐率：47.32req/s] [内存消耗：777.51kb] [文件加载：56]
[ info ] [ LANG ] /data/wwwroot/www.hrbkcwl.com/think/lang/zh-cn.php
[ info ] [ ROUTE ] array (
  'type' => 'module',
  'module' => 
  array (
    0 => '',
    1 => NULL,
    2 => NULL,
  ),
)
[ info ] [ HEADER ] array (
  'host' => 'www.hrbkcwl.com',
  'accept-charset' => 'ISO-8859-1,utf-8;q=0.7,*;q=0.7',
  'user-agent' => 'Mozilla/5.0 (compatible; NetcraftSurveyAgent/1.0; +info@netcraft.com)',
  'accept-encoding' => 'identity',
  'accept' => 'text/xml,application/xml,application/xhtml+xml,text/html;q=0.9,text/plain;q=0.8,image/png,*/*;q=0.5',
  'accept-language' => 'en-gb,en;q=0.5',
  'connection' => 'close',
  'content-type' => '',
  'content-length' => '',
)
[ info ] [ PARAM ] array (
)
[ info ] [ DB ] INIT mysql
[ info ] [ CACHE ] INIT File
[ info ] [ RUN ] app\home\controller\Index->index[ /data/wwwroot/www.hrbkcwl.com/app/home/controller/Index.php ]
[ info ] [ VIEW ] /data/wwwroot/www.hrbkcwl.com/app/home/view/index_index.html [ array (
  0 => 'sys',
  1 => 'action',
  2 => 'controller',
  3 => 'title',
  4 => 'keywords',
  5 => 'description',
  6 => 'category',
  7 => 'adList',
  8 => 'linkList',
) ]
[ info ] [ LOG ] INIT File
[ sql ] [ DB ] CONNECT:[ UseTime:0.000375s ] mysql:dbname=db_cool;host=127.0.0.1;port=3306;charset=utf8
[ sql ] [ SQL ] SHOW COLUMNS FROM `cool_category` [ RunTime:0.000895s ]
[ sql ] [ SQL ] SELECT * FROM `cool_category` WHERE  `id` IS NULL LIMIT 1 [ RunTime:0.000267s ]
[ sql ] [ SQL ] SELECT * FROM `cool_category` WHERE  `parentid` = 0  AND `ismenu` = 1 ORDER BY `listorder` [ RunTime:0.000287s ]
[ sql ] [ SQL ] SELECT * FROM `cool_category` WHERE  `ismenu` = 1 ORDER BY `listorder` [ RunTime:0.000232s ]
[ sql ] [ SQL ] SHOW COLUMNS FROM `cool_ad` [ RunTime:0.000546s ]
[ sql ] [ SQL ] SELECT * FROM `cool_ad` WHERE  `type_id` = 1  AND `open` = 1 ORDER BY sort asc LIMIT 4 [ RunTime:0.000185s ]
[ sql ] [ SQL ] SHOW COLUMNS FROM `cool_link` [ RunTime:0.000506s ]
[ sql ] [ SQL ] SELECT * FROM `cool_link` WHERE  `open` = 1 ORDER BY sort asc [ RunTime:0.000165s ]
[ sql ] [ SQL ] SHOW COLUMNS FROM `cool_page` [ RunTime:0.000484s ]
[ sql ] [ SQL ] SELECT `content` FROM `cool_page` WHERE  `id` = 2 LIMIT 1 [ RunTime:0.000152s ]
[ sql ] [ SQL ] SHOW COLUMNS FROM `cool_debris` [ RunTime:0.000574s ]
[ sql ] [ SQL ] SELECT * FROM `cool_debris` WHERE  (  type_id = 6 ) LIMIT 3 [ RunTime:0.000165s ]
[ sql ] [ SQL ] SELECT * FROM `cool_debris` WHERE  (  type_id = 6 ) LIMIT 3 [ RunTime:0.000159s ]
[ sql ] [ SQL ] SELECT * FROM `cool_debris` WHERE  (  type_id = 7 ) LIMIT 3 [ RunTime:0.000135s ]
[ sql ] [ SQL ] SELECT * FROM `cool_category` WHERE  (  parentid = 10 ) LIMIT 3 [ RunTime:0.000191s ]
[ sql ] [ SQL ] SHOW COLUMNS FROM `cool_case` [ RunTime:0.000551s ]
[ sql ] [ SQL ] SELECT `a`.*,`c`.`catdir` FROM `cool_case` `a` LEFT JOIN `cool_category` `c` ON `a`.`catid`=`c`.`id` ORDER BY listorder asc,createtime desc LIMIT 8 [ RunTime:0.000235s ]
[ sql ] [ SQL ] SELECT `catname` FROM `cool_category` WHERE  `id` = 23 LIMIT 1 [ RunTime:0.000166s ]
[ sql ] [ SQL ] SELECT `catname` FROM `cool_category` WHERE  `id` = 23 LIMIT 1 [ RunTime:0.000150s ]
[ sql ] [ SQL ] SELECT `catname` FROM `cool_category` WHERE  `id` = 23 LIMIT 1 [ RunTime:0.000157s ]
[ sql ] [ SQL ] SELECT `catname` FROM `cool_category` WHERE  `id` = 23 LIMIT 1 [ RunTime:0.000134s ]
[ sql ] [ SQL ] SELECT `catname` FROM `cool_category` WHERE  `id` = 23 LIMIT 1 [ RunTime:0.000132s ]
[ sql ] [ SQL ] SELECT `catname` FROM `cool_category` WHERE  `id` = 23 LIMIT 1 [ RunTime:0.000128s ]
[ sql ] [ SQL ] SELECT `catname` FROM `cool_category` WHERE  `id` = 23 LIMIT 1 [ RunTime:0.000131s ]
[ sql ] [ SQL ] SELECT `catname` FROM `cool_category` WHERE  `id` = 23 LIMIT 1 [ RunTime:0.000132s ]
[ sql ] [ SQL ] SHOW COLUMNS FROM `cool_fuwukehu` [ RunTime:0.000543s ]
[ sql ] [ SQL ] SELECT `a`.*,`c`.`catdir` FROM `cool_fuwukehu` `a` LEFT JOIN `cool_category` `c` ON `a`.`catid`=`c`.`id` WHERE  (  catid=22  ) ORDER BY listorder
                            asc,createtime desc LIMIT 10 [ RunTime:0.000206s ]
[ sql ] [ SQL ] SHOW COLUMNS FROM `cool_blog` [ RunTime:0.000473s ]
[ sql ] [ SQL ] SELECT `a`.*,`c`.`catdir` FROM `cool_blog` `a` LEFT JOIN `cool_category` `c` ON `a`.`catid`=`c`.`id` WHERE  (  catid in(17,18,19,20,21)  ) ORDER BY listorder
                asc,createtime desc LIMIT 3 [ RunTime:0.000205s ]
[ sql ] [ SQL ] SELECT `catname` FROM `cool_category` WHERE  `id` = 18 LIMIT 1 [ RunTime:0.000141s ]
[ sql ] [ SQL ] SELECT `catname` FROM `cool_category` WHERE  `id` = 17 LIMIT 1 [ RunTime:0.000136s ]
[ sql ] [ SQL ] SELECT `catname` FROM `cool_category` WHERE  `id` = 17 LIMIT 1 [ RunTime:0.000135s ]
[ error ] [8]未定义变量: info[/data/wwwroot/www.hrbkcwl.com/runtime/temp/c48b970f7d9a96c92da5129398a8e2a2.php:10]
[ error ] [8]未定义变量: info[/data/wwwroot/www.hrbkcwl.com/runtime/temp/c48b970f7d9a96c92da5129398a8e2a2.php:11]
[ error ] [8]未定义变量: info[/data/wwwroot/www.hrbkcwl.com/runtime/temp/c48b970f7d9a96c92da5129398a8e2a2.php:12]
---------------------------------------------------------------
[ 2017-11-11T03:00:45+08:00 ] 172.17.245.113 191.96.170.72 GET /about_2.html
[ info ] www.hrbkcwl.com/about_2.html [运行时间：0.011365s][吞吐率：87.99req/s] [内存消耗：741.43kb] [文件加载：55]
[ info ] [ LANG ] /data/wwwroot/www.hrbkcwl.com/think/lang/zh-cn.php
[ info ] [ ROUTE ] array (
  'type' => 'module',
  'module' => 
  array (
    0 => 'home',
    1 => 'about',
    2 => 'index',
  ),
  'convert' => false,
)
[ info ] [ HEADER ] array (
  'accept' => 'text/html,application/xhtml+xml,application/xml;q=0.9,*/*;q=0.8',
  'accept-encoding' => 'gzip, deflate',
  'accept-language' => 'en-US,en;q=0.8,ru;q=0.6',
  'connection' => 'keep-alive',
  'dnt' => '1',
  'host' => 'www.hrbkcwl.com',
  'user-agent' => 'Mozilla/4.0 (compatible; MSIE 6.0; Windows NT 5.1; SV1)',
  'content-type' => '',
  'content-length' => '',
)
[ info ] [ PARAM ] array (
  'catId' => '2',
)
[ info ] [ DB ] INIT mysql
[ info ] [ CACHE ] INIT File
[ info ] [ RUN ] app\home\controller\EmptyController->index[ /data/wwwroot/www.hrbkcwl.com/app/home/controller/EmptyController.php ]
[ info ] [ VIEW ] /data/wwwroot/www.hrbkcwl.com/app/home/view/page_show.html [ array (
  0 => 'sys',
  1 => 'action',
  2 => 'controller',
  3 => 'title',
  4 => 'keywords',
  5 => 'description',
  6 => 'category',
  7 => 'adList',
  8 => 'linkList',
  9 => 'info',
) ]
[ info ] [ LOG ] INIT File
[ sql ] [ DB ] CONNECT:[ UseTime:0.000337s ] mysql:dbname=db_cool;host=127.0.0.1;port=3306;charset=utf8
[ sql ] [ SQL ] SHOW COLUMNS FROM `cool_category` [ RunTime:0.000794s ]
[ sql ] [ SQL ] SELECT * FROM `cool_category` WHERE  `id` = 2 LIMIT 1 [ RunTime:0.000255s ]
[ sql ] [ SQL ] SHOW COLUMNS FROM `cool_ad` [ RunTime:0.000530s ]
[ sql ] [ SQL ] SELECT * FROM `cool_ad` WHERE  `type_id` = 1  AND `open` = 1 ORDER BY sort asc LIMIT 4 [ RunTime:0.000191s ]
[ sql ] [ SQL ] SHOW COLUMNS FROM `cool_link` [ RunTime:0.000485s ]
[ sql ] [ SQL ] SELECT * FROM `cool_link` WHERE  `open` = 1 ORDER BY sort asc [ RunTime:0.000173s ]
[ sql ] [ SQL ] SHOW COLUMNS FROM `cool_page` [ RunTime:0.000455s ]
[ sql ] [ SQL ] SELECT * FROM `cool_page` WHERE  `id` = 2 LIMIT 1 [ RunTime:0.000176s ]
[ sql ] [ SQL ] SELECT `template_show` FROM `cool_category` WHERE  `id` = 2 LIMIT 1 [ RunTime:0.000138s ]
[ sql ] [ SQL ] SHOW COLUMNS FROM `cool_debris` [ RunTime:0.000525s ]
[ sql ] [ SQL ] SELECT * FROM `cool_debris` WHERE  (  type_id = 6 ) LIMIT 3 [ RunTime:0.000150s ]
[ sql ] [ SQL ] SELECT * FROM `cool_debris` WHERE  (  type_id = 6 ) LIMIT 3 [ RunTime:0.000161s ]
[ sql ] [ SQL ] SELECT * FROM `cool_debris` WHERE  (  type_id = 7 ) LIMIT 3 [ RunTime:0.000135s ]
[ sql ] [ SQL ] SELECT * FROM `cool_ad` WHERE  (  type_id = 10 ) LIMIT 999 [ RunTime:0.000145s ]
[ error ] [8]未定义数组索引: template[/data/wwwroot/www.hrbkcwl.com/app/home/controller/EmptyController.php:17]
[ error ] [8]未定义数组索引: keywords[/data/wwwroot/www.hrbkcwl.com/runtime/temp/0778042751b24d660d03a6e09dc27387.php:11]
[ error ] [8]未定义数组索引: description[/data/wwwroot/www.hrbkcwl.com/runtime/temp/0778042751b24d660d03a6e09dc27387.php:12]
---------------------------------------------------------------
[ 2017-11-11T05:45:11+08:00 ] 172.17.245.113 220.181.51.81 GET /
[ info ] www.hrbkcwl.com/ [运行时间：0.019643s][吞吐率：50.91req/s] [内存消耗：776.90kb] [文件加载：56]
[ info ] [ LANG ] /data/wwwroot/www.hrbkcwl.com/think/lang/zh-cn.php
[ info ] [ ROUTE ] array (
  'type' => 'module',
  'module' => 
  array (
    0 => '',
    1 => NULL,
    2 => NULL,
  ),
)
[ info ] [ HEADER ] array (
  'host' => 'www.hrbkcwl.com',
  'user-agent' => 'Mozilla/5.0 (Windows NT 10.0; WOW64) AppleWebKit/537.36 (KHTML, like Gecko) Chrome/45.0.2454.93 Safari/537.36',
  'accept-language' => 'zh-cn,zh-tw',
  'accept' => '*/*',
  'content-type' => '',
  'content-length' => '',
)
[ info ] [ PARAM ] array (
)
[ info ] [ DB ] INIT mysql
[ info ] [ CACHE ] INIT File
[ info ] [ RUN ] app\home\controller\Index->index[ /data/wwwroot/www.hrbkcwl.com/app/home/controller/Index.php ]
[ info ] [ VIEW ] /data/wwwroot/www.hrbkcwl.com/app/home/view/index_index.html [ array (
  0 => 'sys',
  1 => 'action',
  2 => 'controller',
  3 => 'title',
  4 => 'keywords',
  5 => 'description',
  6 => 'category',
  7 => 'adList',
  8 => 'linkList',
) ]
[ info ] [ LOG ] INIT File
[ sql ] [ DB ] CONNECT:[ UseTime:0.000333s ] mysql:dbname=db_cool;host=127.0.0.1;port=3306;charset=utf8
[ sql ] [ SQL ] SHOW COLUMNS FROM `cool_category` [ RunTime:0.000809s ]
[ sql ] [ SQL ] SELECT * FROM `cool_category` WHERE  `id` IS NULL LIMIT 1 [ RunTime:0.000237s ]
[ sql ] [ SQL ] SELECT * FROM `cool_category` WHERE  `parentid` = 0  AND `ismenu` = 1 ORDER BY `listorder` [ RunTime:0.000239s ]
[ sql ] [ SQL ] SELECT * FROM `cool_category` WHERE  `ismenu` = 1 ORDER BY `listorder` [ RunTime:0.000203s ]
[ sql ] [ SQL ] SHOW COLUMNS FROM `cool_ad` [ RunTime:0.000485s ]
[ sql ] [ SQL ] SELECT * FROM `cool_ad` WHERE  `type_id` = 1  AND `open` = 1 ORDER BY sort asc LIMIT 4 [ RunTime:0.000177s ]
[ sql ] [ SQL ] SHOW COLUMNS FROM `cool_link` [ RunTime:0.000432s ]
[ sql ] [ SQL ] SELECT * FROM `cool_link` WHERE  `open` = 1 ORDER BY sort asc [ RunTime:0.000157s ]
[ sql ] [ SQL ] SHOW COLUMNS FROM `cool_page` [ RunTime:0.000464s ]
[ sql ] [ SQL ] SELECT `content` FROM `cool_page` WHERE  `id` = 2 LIMIT 1 [ RunTime:0.000151s ]
[ sql ] [ SQL ] SHOW COLUMNS FROM `cool_debris` [ RunTime:0.000415s ]
[ sql ] [ SQL ] SELECT * FROM `cool_debris` WHERE  (  type_id = 6 ) LIMIT 3 [ RunTime:0.000150s ]
[ sql ] [ SQL ] SELECT * FROM `cool_debris` WHERE  (  type_id = 6 ) LIMIT 3 [ RunTime:0.000136s ]
[ sql ] [ SQL ] SELECT * FROM `cool_debris` WHERE  (  type_id = 7 ) LIMIT 3 [ RunTime:0.000132s ]
[ sql ] [ SQL ] SELECT * FROM `cool_category` WHERE  (  parentid = 10 ) LIMIT 3 [ RunTime:0.000164s ]
[ sql ] [ SQL ] SHOW COLUMNS FROM `cool_case` [ RunTime:0.000489s ]
[ sql ] [ SQL ] SELECT `a`.*,`c`.`catdir` FROM `cool_case` `a` LEFT JOIN `cool_category` `c` ON `a`.`catid`=`c`.`id` ORDER BY listorder asc,createtime desc LIMIT 8 [ RunTime:0.000199s ]
[ sql ] [ SQL ] SELECT `catname` FROM `cool_category` WHERE  `id` = 23 LIMIT 1 [ RunTime:0.000154s ]
[ sql ] [ SQL ] SELECT `catname` FROM `cool_category` WHERE  `id` = 23 LIMIT 1 [ RunTime:0.000140s ]
[ sql ] [ SQL ] SELECT `catname` FROM `cool_category` WHERE  `id` = 23 LIMIT 1 [ RunTime:0.000135s ]
[ sql ] [ SQL ] SELECT `catname` FROM `cool_category` WHERE  `id` = 23 LIMIT 1 [ RunTime:0.000133s ]
[ sql ] [ SQL ] SELECT `catname` FROM `cool_category` WHERE  `id` = 23 LIMIT 1 [ RunTime:0.000138s ]
[ sql ] [ SQL ] SELECT `catname` FROM `cool_category` WHERE  `id` = 23 LIMIT 1 [ RunTime:0.000139s ]
[ sql ] [ SQL ] SELECT `catname` FROM `cool_category` WHERE  `id` = 23 LIMIT 1 [ RunTime:0.000144s ]
[ sql ] [ SQL ] SELECT `catname` FROM `cool_category` WHERE  `id` = 23 LIMIT 1 [ RunTime:0.000132s ]
[ sql ] [ SQL ] SHOW COLUMNS FROM `cool_fuwukehu` [ RunTime:0.000499s ]
[ sql ] [ SQL ] SELECT `a`.*,`c`.`catdir` FROM `cool_fuwukehu` `a` LEFT JOIN `cool_category` `c` ON `a`.`catid`=`c`.`id` WHERE  (  catid=22  ) ORDER BY listorder
                            asc,createtime desc LIMIT 10 [ RunTime:0.000190s ]
[ sql ] [ SQL ] SHOW COLUMNS FROM `cool_blog` [ RunTime:0.000479s ]
[ sql ] [ SQL ] SELECT `a`.*,`c`.`catdir` FROM `cool_blog` `a` LEFT JOIN `cool_category` `c` ON `a`.`catid`=`c`.`id` WHERE  (  catid in(17,18,19,20,21)  ) ORDER BY listorder
                asc,createtime desc LIMIT 3 [ RunTime:0.000207s ]
[ sql ] [ SQL ] SELECT `catname` FROM `cool_category` WHERE  `id` = 18 LIMIT 1 [ RunTime:0.000152s ]
[ sql ] [ SQL ] SELECT `catname` FROM `cool_category` WHERE  `id` = 17 LIMIT 1 [ RunTime:0.000138s ]
[ sql ] [ SQL ] SELECT `catname` FROM `cool_category` WHERE  `id` = 17 LIMIT 1 [ RunTime:0.000146s ]
[ error ] [8]未定义变量: info[/data/wwwroot/www.hrbkcwl.com/runtime/temp/c48b970f7d9a96c92da5129398a8e2a2.php:10]
[ error ] [8]未定义变量: info[/data/wwwroot/www.hrbkcwl.com/runtime/temp/c48b970f7d9a96c92da5129398a8e2a2.php:11]
[ error ] [8]未定义变量: info[/data/wwwroot/www.hrbkcwl.com/runtime/temp/c48b970f7d9a96c92da5129398a8e2a2.php:12]
---------------------------------------------------------------
[ 2017-11-11T09:12:26+08:00 ] 172.17.245.113 123.125.71.30 GET /
[ info ] www.hrbkcwl.com/ [运行时间：0.022965s][吞吐率：43.54req/s] [内存消耗：777.36kb] [文件加载：56]
[ info ] [ LANG ] /data/wwwroot/www.hrbkcwl.com/think/lang/zh-cn.php
[ info ] [ ROUTE ] array (
  'type' => 'module',
  'module' => 
  array (
    0 => '',
    1 => NULL,
    2 => NULL,
  ),
)
[ info ] [ HEADER ] array (
  'host' => 'www.hrbkcwl.com',
  'connection' => 'close',
  'user-agent' => 'Mozilla/5.0 (compatible; Baiduspider/2.0; +http://www.baidu.com/search/spider.html)',
  'accept-language' => 'zh-cn,zh-tw',
  'if-none-match' => '"@NULL@"',
  'accept-encoding' => 'gzip',
  'accept' => '*/*',
  'content-type' => '',
  'content-length' => '',
)
[ info ] [ PARAM ] array (
)
[ info ] [ DB ] INIT mysql
[ info ] [ CACHE ] INIT File
[ info ] [ RUN ] app\home\controller\Index->index[ /data/wwwroot/www.hrbkcwl.com/app/home/controller/Index.php ]
[ info ] [ VIEW ] /data/wwwroot/www.hrbkcwl.com/app/home/view/index_index.html [ array (
  0 => 'sys',
  1 => 'action',
  2 => 'controller',
  3 => 'title',
  4 => 'keywords',
  5 => 'description',
  6 => 'category',
  7 => 'adList',
  8 => 'linkList',
) ]
[ info ] [ LOG ] INIT File
[ sql ] [ DB ] CONNECT:[ UseTime:0.000339s ] mysql:dbname=db_cool;host=127.0.0.1;port=3306;charset=utf8
[ sql ] [ SQL ] SHOW COLUMNS FROM `cool_category` [ RunTime:0.000877s ]
[ sql ] [ SQL ] SELECT * FROM `cool_category` WHERE  `id` IS NULL LIMIT 1 [ RunTime:0.000272s ]
[ sql ] [ SQL ] SELECT * FROM `cool_category` WHERE  `parentid` = 0  AND `ismenu` = 1 ORDER BY `listorder` [ RunTime:0.000266s ]
[ sql ] [ SQL ] SELECT * FROM `cool_category` WHERE  `ismenu` = 1 ORDER BY `listorder` [ RunTime:0.000242s ]
[ sql ] [ SQL ] SHOW COLUMNS FROM `cool_ad` [ RunTime:0.000535s ]
[ sql ] [ SQL ] SELECT * FROM `cool_ad` WHERE  `type_id` = 1  AND `open` = 1 ORDER BY sort asc LIMIT 4 [ RunTime:0.000229s ]
[ sql ] [ SQL ] SHOW COLUMNS FROM `cool_link` [ RunTime:0.000497s ]
[ sql ] [ SQL ] SELECT * FROM `cool_link` WHERE  `open` = 1 ORDER BY sort asc [ RunTime:0.000185s ]
[ sql ] [ SQL ] SHOW COLUMNS FROM `cool_page` [ RunTime:0.000490s ]
[ sql ] [ SQL ] SELECT `content` FROM `cool_page` WHERE  `id` = 2 LIMIT 1 [ RunTime:0.000154s ]
[ sql ] [ SQL ] SHOW COLUMNS FROM `cool_debris` [ RunTime:0.000468s ]
[ sql ] [ SQL ] SELECT * FROM `cool_debris` WHERE  (  type_id = 6 ) LIMIT 3 [ RunTime:0.000185s ]
[ sql ] [ SQL ] SELECT * FROM `cool_debris` WHERE  (  type_id = 6 ) LIMIT 3 [ RunTime:0.000183s ]
[ sql ] [ SQL ] SELECT * FROM `cool_debris` WHERE  (  type_id = 7 ) LIMIT 3 [ RunTime:0.000182s ]
[ sql ] [ SQL ] SELECT * FROM `cool_category` WHERE  (  parentid = 10 ) LIMIT 3 [ RunTime:0.000184s ]
[ sql ] [ SQL ] SHOW COLUMNS FROM `cool_case` [ RunTime:0.000526s ]
[ sql ] [ SQL ] SELECT `a`.*,`c`.`catdir` FROM `cool_case` `a` LEFT JOIN `cool_category` `c` ON `a`.`catid`=`c`.`id` ORDER BY listorder asc,createtime desc LIMIT 8 [ RunTime:0.000220s ]
[ sql ] [ SQL ] SELECT `catname` FROM `cool_category` WHERE  `id` = 23 LIMIT 1 [ RunTime:0.000157s ]
[ sql ] [ SQL ] SELECT `catname` FROM `cool_category` WHERE  `id` = 23 LIMIT 1 [ RunTime:0.000160s ]
[ sql ] [ SQL ] SELECT `catname` FROM `cool_category` WHERE  `id` = 23 LIMIT 1 [ RunTime:0.000157s ]
[ sql ] [ SQL ] SELECT `catname` FROM `cool_category` WHERE  `id` = 23 LIMIT 1 [ RunTime:0.000149s ]
[ sql ] [ SQL ] SELECT `catname` FROM `cool_category` WHERE  `id` = 23 LIMIT 1 [ RunTime:0.000160s ]
[ sql ] [ SQL ] SELECT `catname` FROM `cool_category` WHERE  `id` = 23 LIMIT 1 [ RunTime:0.000145s ]
[ sql ] [ SQL ] SELECT `catname` FROM `cool_category` WHERE  `id` = 23 LIMIT 1 [ RunTime:0.000198s ]
[ sql ] [ SQL ] SELECT `catname` FROM `cool_category` WHERE  `id` = 23 LIMIT 1 [ RunTime:0.000147s ]
[ sql ] [ SQL ] SHOW COLUMNS FROM `cool_fuwukehu` [ RunTime:0.000554s ]
[ sql ] [ SQL ] SELECT `a`.*,`c`.`catdir` FROM `cool_fuwukehu` `a` LEFT JOIN `cool_category` `c` ON `a`.`catid`=`c`.`id` WHERE  (  catid=22  ) ORDER BY listorder
                            asc,createtime desc LIMIT 10 [ RunTime:0.000221s ]
[ sql ] [ SQL ] SHOW COLUMNS FROM `cool_blog` [ RunTime:0.000521s ]
[ sql ] [ SQL ] SELECT `a`.*,`c`.`catdir` FROM `cool_blog` `a` LEFT JOIN `cool_category` `c` ON `a`.`catid`=`c`.`id` WHERE  (  catid in(17,18,19,20,21)  ) ORDER BY listorder
                asc,createtime desc LIMIT 3 [ RunTime:0.000223s ]
[ sql ] [ SQL ] SELECT `catname` FROM `cool_category` WHERE  `id` = 18 LIMIT 1 [ RunTime:0.000151s ]
[ sql ] [ SQL ] SELECT `catname` FROM `cool_category` WHERE  `id` = 17 LIMIT 1 [ RunTime:0.000179s ]
[ sql ] [ SQL ] SELECT `catname` FROM `cool_category` WHERE  `id` = 17 LIMIT 1 [ RunTime:0.000170s ]
[ error ] [8]未定义变量: info[/data/wwwroot/www.hrbkcwl.com/runtime/temp/c48b970f7d9a96c92da5129398a8e2a2.php:10]
[ error ] [8]未定义变量: info[/data/wwwroot/www.hrbkcwl.com/runtime/temp/c48b970f7d9a96c92da5129398a8e2a2.php:11]
[ error ] [8]未定义变量: info[/data/wwwroot/www.hrbkcwl.com/runtime/temp/c48b970f7d9a96c92da5129398a8e2a2.php:12]
---------------------------------------------------------------
[ 2017-11-11T11:02:56+08:00 ] 172.17.245.113 61.135.165.9 GET /
[ info ] www.hrbkcwl.com/ [运行时间：0.020681s][吞吐率：48.35req/s] [内存消耗：776.72kb] [文件加载：56]
[ info ] [ LANG ] /data/wwwroot/www.hrbkcwl.com/think/lang/zh-cn.php
[ info ] [ ROUTE ] array (
  'type' => 'module',
  'module' => 
  array (
    0 => '',
    1 => NULL,
    2 => NULL,
  ),
)
[ info ] [ HEADER ] array (
  'user-agent' => 'Mozilla/5.0 (Macintosh; Intel Mac OS X 10_11_2) AppleWebKit/537.36 (KHTML, like Gecko) Chrome/47.0.2526.80 Safari/537.36',
  'host' => 'www.hrbkcwl.com',
  'connection' => 'close',
  'content-type' => '',
  'content-length' => '',
)
[ info ] [ PARAM ] array (
)
[ info ] [ DB ] INIT mysql
[ info ] [ CACHE ] INIT File
[ info ] [ RUN ] app\home\controller\Index->index[ /data/wwwroot/www.hrbkcwl.com/app/home/controller/Index.php ]
[ info ] [ VIEW ] /data/wwwroot/www.hrbkcwl.com/app/home/view/index_index.html [ array (
  0 => 'sys',
  1 => 'action',
  2 => 'controller',
  3 => 'title',
  4 => 'keywords',
  5 => 'description',
  6 => 'category',
  7 => 'adList',
  8 => 'linkList',
) ]
[ info ] [ LOG ] INIT File
[ sql ] [ DB ] CONNECT:[ UseTime:0.000351s ] mysql:dbname=db_cool;host=127.0.0.1;port=3306;charset=utf8
[ sql ] [ SQL ] SHOW COLUMNS FROM `cool_category` [ RunTime:0.000912s ]
[ sql ] [ SQL ] SELECT * FROM `cool_category` WHERE  `id` IS NULL LIMIT 1 [ RunTime:0.000265s ]
[ sql ] [ SQL ] SELECT * FROM `cool_category` WHERE  `parentid` = 0  AND `ismenu` = 1 ORDER BY `listorder` [ RunTime:0.000295s ]
[ sql ] [ SQL ] SELECT * FROM `cool_category` WHERE  `ismenu` = 1 ORDER BY `listorder` [ RunTime:0.000231s ]
[ sql ] [ SQL ] SHOW COLUMNS FROM `cool_ad` [ RunTime:0.000553s ]
[ sql ] [ SQL ] SELECT * FROM `cool_ad` WHERE  `type_id` = 1  AND `open` = 1 ORDER BY sort asc LIMIT 4 [ RunTime:0.000195s ]
[ sql ] [ SQL ] SHOW COLUMNS FROM `cool_link` [ RunTime:0.000484s ]
[ sql ] [ SQL ] SELECT * FROM `cool_link` WHERE  `open` = 1 ORDER BY sort asc [ RunTime:0.000183s ]
[ sql ] [ SQL ] SHOW COLUMNS FROM `cool_page` [ RunTime:0.000524s ]
[ sql ] [ SQL ] SELECT `content` FROM `cool_page` WHERE  `id` = 2 LIMIT 1 [ RunTime:0.000159s ]
[ sql ] [ SQL ] SHOW COLUMNS FROM `cool_debris` [ RunTime:0.000465s ]
[ sql ] [ SQL ] SELECT * FROM `cool_debris` WHERE  (  type_id = 6 ) LIMIT 3 [ RunTime:0.000158s ]
[ sql ] [ SQL ] SELECT * FROM `cool_debris` WHERE  (  type_id = 6 ) LIMIT 3 [ RunTime:0.000153s ]
[ sql ] [ SQL ] SELECT * FROM `cool_debris` WHERE  (  type_id = 7 ) LIMIT 3 [ RunTime:0.000141s ]
[ sql ] [ SQL ] SELECT * FROM `cool_category` WHERE  (  parentid = 10 ) LIMIT 3 [ RunTime:0.000253s ]
[ sql ] [ SQL ] SHOW COLUMNS FROM `cool_case` [ RunTime:0.000557s ]
[ sql ] [ SQL ] SELECT `a`.*,`c`.`catdir` FROM `cool_case` `a` LEFT JOIN `cool_category` `c` ON `a`.`catid`=`c`.`id` ORDER BY listorder asc,createtime desc LIMIT 8 [ RunTime:0.000236s ]
[ sql ] [ SQL ] SELECT `catname` FROM `cool_category` WHERE  `id` = 23 LIMIT 1 [ RunTime:0.000151s ]
[ sql ] [ SQL ] SELECT `catname` FROM `cool_category` WHERE  `id` = 23 LIMIT 1 [ RunTime:0.000138s ]
[ sql ] [ SQL ] SELECT `catname` FROM `cool_category` WHERE  `id` = 23 LIMIT 1 [ RunTime:0.000137s ]
[ sql ] [ SQL ] SELECT `catname` FROM `cool_category` WHERE  `id` = 23 LIMIT 1 [ RunTime:0.000131s ]
[ sql ] [ SQL ] SELECT `catname` FROM `cool_category` WHERE  `id` = 23 LIMIT 1 [ RunTime:0.000148s ]
[ sql ] [ SQL ] SELECT `catname` FROM `cool_category` WHERE  `id` = 23 LIMIT 1 [ RunTime:0.000134s ]
[ sql ] [ SQL ] SELECT `catname` FROM `cool_category` WHERE  `id` = 23 LIMIT 1 [ RunTime:0.000132s ]
[ sql ] [ SQL ] SELECT `catname` FROM `cool_category` WHERE  `id` = 23 LIMIT 1 [ RunTime:0.000146s ]
[ sql ] [ SQL ] SHOW COLUMNS FROM `cool_fuwukehu` [ RunTime:0.000477s ]
[ sql ] [ SQL ] SELECT `a`.*,`c`.`catdir` FROM `cool_fuwukehu` `a` LEFT JOIN `cool_category` `c` ON `a`.`catid`=`c`.`id` WHERE  (  catid=22  ) ORDER BY listorder
                            asc,createtime desc LIMIT 10 [ RunTime:0.000193s ]
[ sql ] [ SQL ] SHOW COLUMNS FROM `cool_blog` [ RunTime:0.000512s ]
[ sql ] [ SQL ] SELECT `a`.*,`c`.`catdir` FROM `cool_blog` `a` LEFT JOIN `cool_category` `c` ON `a`.`catid`=`c`.`id` WHERE  (  catid in(17,18,19,20,21)  ) ORDER BY listorder
                asc,createtime desc LIMIT 3 [ RunTime:0.000199s ]
[ sql ] [ SQL ] SELECT `catname` FROM `cool_category` WHERE  `id` = 18 LIMIT 1 [ RunTime:0.000144s ]
[ sql ] [ SQL ] SELECT `catname` FROM `cool_category` WHERE  `id` = 17 LIMIT 1 [ RunTime:0.000139s ]
[ sql ] [ SQL ] SELECT `catname` FROM `cool_category` WHERE  `id` = 17 LIMIT 1 [ RunTime:0.000134s ]
[ error ] [8]未定义变量: info[/data/wwwroot/www.hrbkcwl.com/runtime/temp/c48b970f7d9a96c92da5129398a8e2a2.php:10]
[ error ] [8]未定义变量: info[/data/wwwroot/www.hrbkcwl.com/runtime/temp/c48b970f7d9a96c92da5129398a8e2a2.php:11]
[ error ] [8]未定义变量: info[/data/wwwroot/www.hrbkcwl.com/runtime/temp/c48b970f7d9a96c92da5129398a8e2a2.php:12]
---------------------------------------------------------------
[ 2017-11-11T11:02:59+08:00 ] 172.17.245.113 111.206.36.134 GET /
[ info ] www.hrbkcwl.com/ [运行时间：0.018301s][吞吐率：54.64req/s] [内存消耗：773.54kb] [文件加载：55]
[ info ] [ LANG ] /data/wwwroot/www.hrbkcwl.com/think/lang/zh-cn.php
[ info ] [ ROUTE ] array (
  'type' => 'module',
  'module' => 
  array (
    0 => '',
    1 => NULL,
    2 => NULL,
  ),
)
[ info ] [ HEADER ] array (
  'user-agent' => 'Mozilla/5.0 (Macintosh; Intel Mac OS X 10_11_2) AppleWebKit/537.36 (KHTML, like Gecko) Chrome/47.0.2526.80 Safari/537.36',
  'host' => 'www.hrbkcwl.com',
  'connection' => 'close',
  'content-type' => '',
  'content-length' => '',
)
[ info ] [ PARAM ] array (
)
[ info ] [ DB ] INIT mysql
[ info ] [ CACHE ] INIT File
[ info ] [ RUN ] app\home\controller\Index->index[ /data/wwwroot/www.hrbkcwl.com/app/home/controller/Index.php ]
[ info ] [ VIEW ] /data/wwwroot/www.hrbkcwl.com/app/home/view/index_index.html [ array (
  0 => 'sys',
  1 => 'action',
  2 => 'controller',
  3 => 'title',
  4 => 'keywords',
  5 => 'description',
  6 => 'category',
  7 => 'adList',
  8 => 'linkList',
) ]
[ info ] [ LOG ] INIT File
[ sql ] [ DB ] CONNECT:[ UseTime:0.000325s ] mysql:dbname=db_cool;host=127.0.0.1;port=3306;charset=utf8
[ sql ] [ SQL ] SHOW COLUMNS FROM `cool_category` [ RunTime:0.000806s ]
[ sql ] [ SQL ] SELECT * FROM `cool_category` WHERE  `id` IS NULL LIMIT 1 [ RunTime:0.000246s ]
[ sql ] [ SQL ] SHOW COLUMNS FROM `cool_ad` [ RunTime:0.000544s ]
[ sql ] [ SQL ] SELECT * FROM `cool_ad` WHERE  `type_id` = 1  AND `open` = 1 ORDER BY sort asc LIMIT 4 [ RunTime:0.000202s ]
[ sql ] [ SQL ] SHOW COLUMNS FROM `cool_link` [ RunTime:0.000474s ]
[ sql ] [ SQL ] SELECT * FROM `cool_link` WHERE  `open` = 1 ORDER BY sort asc [ RunTime:0.000165s ]
[ sql ] [ SQL ] SHOW COLUMNS FROM `cool_page` [ RunTime:0.000512s ]
[ sql ] [ SQL ] SELECT `content` FROM `cool_page` WHERE  `id` = 2 LIMIT 1 [ RunTime:0.000154s ]
[ sql ] [ SQL ] SHOW COLUMNS FROM `cool_debris` [ RunTime:0.000419s ]
[ sql ] [ SQL ] SELECT * FROM `cool_debris` WHERE  (  type_id = 6 ) LIMIT 3 [ RunTime:0.000157s ]
[ sql ] [ SQL ] SELECT * FROM `cool_debris` WHERE  (  type_id = 6 ) LIMIT 3 [ RunTime:0.000132s ]
[ sql ] [ SQL ] SELECT * FROM `cool_debris` WHERE  (  type_id = 7 ) LIMIT 3 [ RunTime:0.000132s ]
[ sql ] [ SQL ] SELECT * FROM `cool_category` WHERE  (  parentid = 10 ) LIMIT 3 [ RunTime:0.000194s ]
[ sql ] [ SQL ] SHOW COLUMNS FROM `cool_case` [ RunTime:0.000531s ]
[ sql ] [ SQL ] SELECT `a`.*,`c`.`catdir` FROM `cool_case` `a` LEFT JOIN `cool_category` `c` ON `a`.`catid`=`c`.`id` ORDER BY listorder asc,createtime desc LIMIT 8 [ RunTime:0.000206s ]
[ sql ] [ SQL ] SELECT `catname` FROM `cool_category` WHERE  `id` = 23 LIMIT 1 [ RunTime:0.000135s ]
[ sql ] [ SQL ] SELECT `catname` FROM `cool_category` WHERE  `id` = 23 LIMIT 1 [ RunTime:0.000136s ]
[ sql ] [ SQL ] SELECT `catname` FROM `cool_category` WHERE  `id` = 23 LIMIT 1 [ RunTime:0.000128s ]
[ sql ] [ SQL ] SELECT `catname` FROM `cool_category` WHERE  `id` = 23 LIMIT 1 [ RunTime:0.000125s ]
[ sql ] [ SQL ] SELECT `catname` FROM `cool_category` WHERE  `id` = 23 LIMIT 1 [ RunTime:0.000133s ]
[ sql ] [ SQL ] SELECT `catname` FROM `cool_category` WHERE  `id` = 23 LIMIT 1 [ RunTime:0.000131s ]
[ sql ] [ SQL ] SELECT `catname` FROM `cool_category` WHERE  `id` = 23 LIMIT 1 [ RunTime:0.000127s ]
[ sql ] [ SQL ] SELECT `catname` FROM `cool_category` WHERE  `id` = 23 LIMIT 1 [ RunTime:0.000138s ]
[ sql ] [ SQL ] SHOW COLUMNS FROM `cool_fuwukehu` [ RunTime:0.000491s ]
[ sql ] [ SQL ] SELECT `a`.*,`c`.`catdir` FROM `cool_fuwukehu` `a` LEFT JOIN `cool_category` `c` ON `a`.`catid`=`c`.`id` WHERE  (  catid=22  ) ORDER BY listorder
                            asc,createtime desc LIMIT 10 [ RunTime:0.000195s ]
[ sql ] [ SQL ] SHOW COLUMNS FROM `cool_blog` [ RunTime:0.000494s ]
[ sql ] [ SQL ] SELECT `a`.*,`c`.`catdir` FROM `cool_blog` `a` LEFT JOIN `cool_category` `c` ON `a`.`catid`=`c`.`id` WHERE  (  catid in(17,18,19,20,21)  ) ORDER BY listorder
                asc,createtime desc LIMIT 3 [ RunTime:0.000193s ]
[ sql ] [ SQL ] SELECT `catname` FROM `cool_category` WHERE  `id` = 18 LIMIT 1 [ RunTime:0.000137s ]
[ sql ] [ SQL ] SELECT `catname` FROM `cool_category` WHERE  `id` = 17 LIMIT 1 [ RunTime:0.000139s ]
[ sql ] [ SQL ] SELECT `catname` FROM `cool_category` WHERE  `id` = 17 LIMIT 1 [ RunTime:0.000164s ]
[ error ] [8]未定义变量: info[/data/wwwroot/www.hrbkcwl.com/runtime/temp/c48b970f7d9a96c92da5129398a8e2a2.php:10]
[ error ] [8]未定义变量: info[/data/wwwroot/www.hrbkcwl.com/runtime/temp/c48b970f7d9a96c92da5129398a8e2a2.php:11]
[ error ] [8]未定义变量: info[/data/wwwroot/www.hrbkcwl.com/runtime/temp/c48b970f7d9a96c92da5129398a8e2a2.php:12]
---------------------------------------------------------------
[ 2017-11-11T12:54:40+08:00 ] 172.17.245.113 106.11.242.180 GET /
[ info ] www.hrbkcwl.com/ [运行时间：0.022051s][吞吐率：45.35req/s] [内存消耗：777.44kb] [文件加载：56]
[ info ] [ LANG ] /data/wwwroot/www.hrbkcwl.com/think/lang/zh-cn.php
[ info ] [ ROUTE ] array (
  'type' => 'module',
  'module' => 
  array (
    0 => '',
    1 => NULL,
    2 => NULL,
  ),
)
[ info ] [ HEADER ] array (
  'accept-encoding' => 'gzip',
  'user-agent' => 'Mozilla/5.0 (iPad; CPU OS 9_1 like Mac OS X) AppleWebKit/601.1.46 (KHTML, like Gecko) Version/9.0 Mobile/13B143 Safari/601.1',
  'cache-control' => 'no-cache',
  'pragma' => 'no-cache',
  'host' => 'www.hrbkcwl.com',
  'accept' => 'text/html, image/gif, image/jpeg, *; q=.2, */*; q=.2',
  'connection' => 'keep-alive',
  'content-type' => '',
  'content-length' => '',
)
[ info ] [ PARAM ] array (
)
[ info ] [ DB ] INIT mysql
[ info ] [ CACHE ] INIT File
[ info ] [ RUN ] app\home\controller\Index->index[ /data/wwwroot/www.hrbkcwl.com/app/home/controller/Index.php ]
[ info ] [ VIEW ] /data/wwwroot/www.hrbkcwl.com/app/home/view/index_index.html [ array (
  0 => 'sys',
  1 => 'action',
  2 => 'controller',
  3 => 'title',
  4 => 'keywords',
  5 => 'description',
  6 => 'category',
  7 => 'adList',
  8 => 'linkList',
) ]
[ info ] [ LOG ] INIT File
[ sql ] [ DB ] CONNECT:[ UseTime:0.000348s ] mysql:dbname=db_cool;host=127.0.0.1;port=3306;charset=utf8
[ sql ] [ SQL ] SHOW COLUMNS FROM `cool_category` [ RunTime:0.000789s ]
[ sql ] [ SQL ] SELECT * FROM `cool_category` WHERE  `id` IS NULL LIMIT 1 [ RunTime:0.000239s ]
[ sql ] [ SQL ] SELECT * FROM `cool_category` WHERE  `parentid` = 0  AND `ismenu` = 1 ORDER BY `listorder` [ RunTime:0.000262s ]
[ sql ] [ SQL ] SELECT * FROM `cool_category` WHERE  `ismenu` = 1 ORDER BY `listorder` [ RunTime:0.000213s ]
[ sql ] [ SQL ] SHOW COLUMNS FROM `cool_ad` [ RunTime:0.000526s ]
[ sql ] [ SQL ] SELECT * FROM `cool_ad` WHERE  `type_id` = 1  AND `open` = 1 ORDER BY sort asc LIMIT 4 [ RunTime:0.000238s ]
[ sql ] [ SQL ] SHOW COLUMNS FROM `cool_link` [ RunTime:0.000547s ]
[ sql ] [ SQL ] SELECT * FROM `cool_link` WHERE  `open` = 1 ORDER BY sort asc [ RunTime:0.000191s ]
[ sql ] [ SQL ] SHOW COLUMNS FROM `cool_page` [ RunTime:0.000603s ]
[ sql ] [ SQL ] SELECT `content` FROM `cool_page` WHERE  `id` = 2 LIMIT 1 [ RunTime:0.000165s ]
[ sql ] [ SQL ] SHOW COLUMNS FROM `cool_debris` [ RunTime:0.000476s ]
[ sql ] [ SQL ] SELECT * FROM `cool_debris` WHERE  (  type_id = 6 ) LIMIT 3 [ RunTime:0.000152s ]
[ sql ] [ SQL ] SELECT * FROM `cool_debris` WHERE  (  type_id = 6 ) LIMIT 3 [ RunTime:0.000143s ]
[ sql ] [ SQL ] SELECT * FROM `cool_debris` WHERE  (  type_id = 7 ) LIMIT 3 [ RunTime:0.000172s ]
[ sql ] [ SQL ] SELECT * FROM `cool_category` WHERE  (  parentid = 10 ) LIMIT 3 [ RunTime:0.000186s ]
[ sql ] [ SQL ] SHOW COLUMNS FROM `cool_case` [ RunTime:0.000578s ]
[ sql ] [ SQL ] SELECT `a`.*,`c`.`catdir` FROM `cool_case` `a` LEFT JOIN `cool_category` `c` ON `a`.`catid`=`c`.`id` ORDER BY listorder asc,createtime desc LIMIT 8 [ RunTime:0.000219s ]
[ sql ] [ SQL ] SELECT `catname` FROM `cool_category` WHERE  `id` = 23 LIMIT 1 [ RunTime:0.000148s ]
[ sql ] [ SQL ] SELECT `catname` FROM `cool_category` WHERE  `id` = 23 LIMIT 1 [ RunTime:0.000168s ]
[ sql ] [ SQL ] SELECT `catname` FROM `cool_category` WHERE  `id` = 23 LIMIT 1 [ RunTime:0.000144s ]
[ sql ] [ SQL ] SELECT `catname` FROM `cool_category` WHERE  `id` = 23 LIMIT 1 [ RunTime:0.000182s ]
[ sql ] [ SQL ] SELECT `catname` FROM `cool_category` WHERE  `id` = 23 LIMIT 1 [ RunTime:0.000142s ]
[ sql ] [ SQL ] SELECT `catname` FROM `cool_category` WHERE  `id` = 23 LIMIT 1 [ RunTime:0.000181s ]
[ sql ] [ SQL ] SELECT `catname` FROM `cool_category` WHERE  `id` = 23 LIMIT 1 [ RunTime:0.000161s ]
[ sql ] [ SQL ] SELECT `catname` FROM `cool_category` WHERE  `id` = 23 LIMIT 1 [ RunTime:0.000158s ]
[ sql ] [ SQL ] SHOW COLUMNS FROM `cool_fuwukehu` [ RunTime:0.000522s ]
[ sql ] [ SQL ] SELECT `a`.*,`c`.`catdir` FROM `cool_fuwukehu` `a` LEFT JOIN `cool_category` `c` ON `a`.`catid`=`c`.`id` WHERE  (  catid=22  ) ORDER BY listorder
                            asc,createtime desc LIMIT 10 [ RunTime:0.000194s ]
[ sql ] [ SQL ] SHOW COLUMNS FROM `cool_blog` [ RunTime:0.000466s ]
[ sql ] [ SQL ] SELECT `a`.*,`c`.`catdir` FROM `cool_blog` `a` LEFT JOIN `cool_category` `c` ON `a`.`catid`=`c`.`id` WHERE  (  catid in(17,18,19,20,21)  ) ORDER BY listorder
                asc,createtime desc LIMIT 3 [ RunTime:0.000241s ]
[ sql ] [ SQL ] SELECT `catname` FROM `cool_category` WHERE  `id` = 18 LIMIT 1 [ RunTime:0.000150s ]
[ sql ] [ SQL ] SELECT `catname` FROM `cool_category` WHERE  `id` = 17 LIMIT 1 [ RunTime:0.000153s ]
[ sql ] [ SQL ] SELECT `catname` FROM `cool_category` WHERE  `id` = 17 LIMIT 1 [ RunTime:0.000193s ]
[ error ] [8]未定义变量: info[/data/wwwroot/www.hrbkcwl.com/runtime/temp/c48b970f7d9a96c92da5129398a8e2a2.php:10]
[ error ] [8]未定义变量: info[/data/wwwroot/www.hrbkcwl.com/runtime/temp/c48b970f7d9a96c92da5129398a8e2a2.php:11]
[ error ] [8]未定义变量: info[/data/wwwroot/www.hrbkcwl.com/runtime/temp/c48b970f7d9a96c92da5129398a8e2a2.php:12]
---------------------------------------------------------------
[ 2017-11-11T13:17:00+08:00 ] 172.17.245.113 38.100.21.64 GET /
[ info ] www.hrbkcwl.com/ [运行时间：0.019603s][吞吐率：51.01req/s] [内存消耗：773.41kb] [文件加载：55]
[ info ] [ LANG ] /data/wwwroot/www.hrbkcwl.com/think/lang/zh-cn.php
[ info ] [ ROUTE ] array (
  'type' => 'module',
  'module' => 
  array (
    0 => '',
    1 => NULL,
    2 => NULL,
  ),
)
[ info ] [ HEADER ] array (
  'host' => 'www.hrbkcwl.com',
  'connection' => 'Keep-Alive',
  'user-agent' => 'Mozilla/4.0 (compatible; MSIE 7.0; Windows NT 5.2)',
  'content-type' => '',
  'content-length' => '',
)
[ info ] [ PARAM ] array (
)
[ info ] [ DB ] INIT mysql
[ info ] [ CACHE ] INIT File
[ info ] [ RUN ] app\home\controller\Index->index[ /data/wwwroot/www.hrbkcwl.com/app/home/controller/Index.php ]
[ info ] [ VIEW ] /data/wwwroot/www.hrbkcwl.com/app/home/view/index_index.html [ array (
  0 => 'sys',
  1 => 'action',
  2 => 'controller',
  3 => 'title',
  4 => 'keywords',
  5 => 'description',
  6 => 'category',
  7 => 'adList',
  8 => 'linkList',
) ]
[ info ] [ LOG ] INIT File
[ sql ] [ DB ] CONNECT:[ UseTime:0.000360s ] mysql:dbname=db_cool;host=127.0.0.1;port=3306;charset=utf8
[ sql ] [ SQL ] SHOW COLUMNS FROM `cool_category` [ RunTime:0.000796s ]
[ sql ] [ SQL ] SELECT * FROM `cool_category` WHERE  `id` IS NULL LIMIT 1 [ RunTime:0.000241s ]
[ sql ] [ SQL ] SHOW COLUMNS FROM `cool_ad` [ RunTime:0.000460s ]
[ sql ] [ SQL ] SELECT * FROM `cool_ad` WHERE  `type_id` = 1  AND `open` = 1 ORDER BY sort asc LIMIT 4 [ RunTime:0.000232s ]
[ sql ] [ SQL ] SHOW COLUMNS FROM `cool_link` [ RunTime:0.000437s ]
[ sql ] [ SQL ] SELECT * FROM `cool_link` WHERE  `open` = 1 ORDER BY sort asc [ RunTime:0.000168s ]
[ sql ] [ SQL ] SHOW COLUMNS FROM `cool_page` [ RunTime:0.000467s ]
[ sql ] [ SQL ] SELECT `content` FROM `cool_page` WHERE  `id` = 2 LIMIT 1 [ RunTime:0.000150s ]
[ sql ] [ SQL ] SHOW COLUMNS FROM `cool_debris` [ RunTime:0.000400s ]
[ sql ] [ SQL ] SELECT * FROM `cool_debris` WHERE  (  type_id = 6 ) LIMIT 3 [ RunTime:0.000154s ]
[ sql ] [ SQL ] SELECT * FROM `cool_debris` WHERE  (  type_id = 6 ) LIMIT 3 [ RunTime:0.000152s ]
[ sql ] [ SQL ] SELECT * FROM `cool_debris` WHERE  (  type_id = 7 ) LIMIT 3 [ RunTime:0.000135s ]
[ sql ] [ SQL ] SELECT * FROM `cool_category` WHERE  (  parentid = 10 ) LIMIT 3 [ RunTime:0.000169s ]
[ sql ] [ SQL ] SHOW COLUMNS FROM `cool_case` [ RunTime:0.000491s ]
[ sql ] [ SQL ] SELECT `a`.*,`c`.`catdir` FROM `cool_case` `a` LEFT JOIN `cool_category` `c` ON `a`.`catid`=`c`.`id` ORDER BY listorder asc,createtime desc LIMIT 8 [ RunTime:0.000201s ]
[ sql ] [ SQL ] SELECT `catname` FROM `cool_category` WHERE  `id` = 23 LIMIT 1 [ RunTime:0.000184s ]
[ sql ] [ SQL ] SELECT `catname` FROM `cool_category` WHERE  `id` = 23 LIMIT 1 [ RunTime:0.000158s ]
[ sql ] [ SQL ] SELECT `catname` FROM `cool_category` WHERE  `id` = 23 LIMIT 1 [ RunTime:0.000140s ]
[ sql ] [ SQL ] SELECT `catname` FROM `cool_category` WHERE  `id` = 23 LIMIT 1 [ RunTime:0.000165s ]
[ sql ] [ SQL ] SELECT `catname` FROM `cool_category` WHERE  `id` = 23 LIMIT 1 [ RunTime:0.000183s ]
[ sql ] [ SQL ] SELECT `catname` FROM `cool_category` WHERE  `id` = 23 LIMIT 1 [ RunTime:0.000185s ]
[ sql ] [ SQL ] SELECT `catname` FROM `cool_category` WHERE  `id` = 23 LIMIT 1 [ RunTime:0.000193s ]
[ sql ] [ SQL ] SELECT `catname` FROM `cool_category` WHERE  `id` = 23 LIMIT 1 [ RunTime:0.000160s ]
[ sql ] [ SQL ] SHOW COLUMNS FROM `cool_fuwukehu` [ RunTime:0.000601s ]
[ sql ] [ SQL ] SELECT `a`.*,`c`.`catdir` FROM `cool_fuwukehu` `a` LEFT JOIN `cool_category` `c` ON `a`.`catid`=`c`.`id` WHERE  (  catid=22  ) ORDER BY listorder
                            asc,createtime desc LIMIT 10 [ RunTime:0.000208s ]
[ sql ] [ SQL ] SHOW COLUMNS FROM `cool_blog` [ RunTime:0.000522s ]
[ sql ] [ SQL ] SELECT `a`.*,`c`.`catdir` FROM `cool_blog` `a` LEFT JOIN `cool_category` `c` ON `a`.`catid`=`c`.`id` WHERE  (  catid in(17,18,19,20,21)  ) ORDER BY listorder
                asc,createtime desc LIMIT 3 [ RunTime:0.000206s ]
[ sql ] [ SQL ] SELECT `catname` FROM `cool_category` WHERE  `id` = 18 LIMIT 1 [ RunTime:0.000150s ]
[ sql ] [ SQL ] SELECT `catname` FROM `cool_category` WHERE  `id` = 17 LIMIT 1 [ RunTime:0.000181s ]
[ sql ] [ SQL ] SELECT `catname` FROM `cool_category` WHERE  `id` = 17 LIMIT 1 [ RunTime:0.000167s ]
[ error ] [8]未定义变量: info[/data/wwwroot/www.hrbkcwl.com/runtime/temp/c48b970f7d9a96c92da5129398a8e2a2.php:10]
[ error ] [8]未定义变量: info[/data/wwwroot/www.hrbkcwl.com/runtime/temp/c48b970f7d9a96c92da5129398a8e2a2.php:11]
[ error ] [8]未定义变量: info[/data/wwwroot/www.hrbkcwl.com/runtime/temp/c48b970f7d9a96c92da5129398a8e2a2.php:12]
---------------------------------------------------------------
[ 2017-11-11T13:17:02+08:00 ] 172.17.245.113 38.100.21.64 GET /case_10.html
[ info ] www.hrbkcwl.com/case_10.html [运行时间：0.016096s][吞吐率：62.13req/s] [内存消耗：843.77kb] [文件加载：58]
[ info ] [ LANG ] /data/wwwroot/www.hrbkcwl.com/think/lang/zh-cn.php
[ info ] [ ROUTE ] array (
  'type' => 'module',
  'module' => 
  array (
    0 => 'home',
    1 => 'case',
    2 => 'index',
  ),
  'convert' => false,
)
[ info ] [ HEADER ] array (
  'host' => 'www.hrbkcwl.com',
  'connection' => 'Keep-Alive',
  'user-agent' => 'Mozilla/4.0 (compatible; MSIE 7.0; Windows NT 5.2)',
  'content-type' => '',
  'content-length' => '',
)
[ info ] [ PARAM ] array (
  'catId' => '10',
)
[ info ] [ DB ] INIT mysql
[ info ] [ CACHE ] INIT File
[ info ] [ RUN ] app\home\controller\EmptyController->index[ /data/wwwroot/www.hrbkcwl.com/app/home/controller/EmptyController.php ]
[ info ] [ VIEW ] /data/wwwroot/www.hrbkcwl.com/app/home/view/case_list.html [ array (
  0 => 'sys',
  1 => 'action',
  2 => 'controller',
  3 => 'title',
  4 => 'keywords',
  5 => 'description',
  6 => 'category',
  7 => 'adList',
  8 => 'linkList',
  9 => 'listnav',
  10 => 'list',
  11 => 'page',
) ]
[ info ] [ LOG ] INIT File
[ sql ] [ DB ] CONNECT:[ UseTime:0.000342s ] mysql:dbname=db_cool;host=127.0.0.1;port=3306;charset=utf8
[ sql ] [ SQL ] SHOW COLUMNS FROM `cool_category` [ RunTime:0.000806s ]
[ sql ] [ SQL ] SELECT * FROM `cool_category` WHERE  `id` = 10 LIMIT 1 [ RunTime:0.000269s ]
[ sql ] [ SQL ] SHOW COLUMNS FROM `cool_ad` [ RunTime:0.000600s ]
[ sql ] [ SQL ] SELECT * FROM `cool_ad` WHERE  `type_id` = 1  AND `open` = 1 ORDER BY sort asc LIMIT 4 [ RunTime:0.000197s ]
[ sql ] [ SQL ] SHOW COLUMNS FROM `cool_link` [ RunTime:0.000491s ]
[ sql ] [ SQL ] SELECT * FROM `cool_link` WHERE  `open` = 1 ORDER BY sort asc [ RunTime:0.000203s ]
[ sql ] [ SQL ] SELECT `id`,`catname` FROM `cool_category` WHERE  `parentid` = 10 [ RunTime:0.000155s ]
[ sql ] [ SQL ] SHOW COLUMNS FROM `cool_blog` [ RunTime:0.000531s ]
[ sql ] [ SQL ] SELECT COUNT(*) AS tp_count FROM `cool_blog` WHERE  `catid` = 23 LIMIT 1 [ RunTime:0.000157s ]
[ sql ] [ SQL ] SELECT COUNT(*) AS tp_count FROM `cool_blog` WHERE  `catid` = 27 LIMIT 1 [ RunTime:0.000159s ]
[ sql ] [ SQL ] SELECT COUNT(*) AS tp_count FROM `cool_blog` WHERE  `catid` = 28 LIMIT 1 [ RunTime:0.000138s ]
[ sql ] [ SQL ] SELECT COUNT(*) AS tp_count FROM `cool_blog` WHERE  `catid` = 29 LIMIT 1 [ RunTime:0.000147s ]
[ sql ] [ SQL ] SHOW COLUMNS FROM `cool_case` [ RunTime:0.000489s ]
[ sql ] [ SQL ] SELECT COUNT(*) AS tp_count FROM `cool_case` `a` LEFT JOIN `cool_category` `c` ON `a`.`catid`=`c`.`id` WHERE  (  catid in(23,27,28,29) ) LIMIT 1 [ RunTime:0.000171s ]
[ sql ] [ SQL ] SELECT `a`.*,`c`.`catdir` FROM `cool_case` `a` LEFT JOIN `cool_category` `c` ON `a`.`catid`=`c`.`id` WHERE  (  catid in(23,27,28,29) ) ORDER BY listorder asc,createtime desc LIMIT 0,8 [ RunTime:0.000208s ]
[ sql ] [ SQL ] SELECT `template_list` FROM `cool_category` WHERE  `id` = 10 LIMIT 1 [ RunTime:0.000200s ]
[ sql ] [ SQL ] SELECT `catname` FROM `cool_category` WHERE  `id` = 23 LIMIT 1 [ RunTime:0.000167s ]
[ sql ] [ SQL ] SELECT `catname` FROM `cool_category` WHERE  `id` = 23 LIMIT 1 [ RunTime:0.000162s ]
[ sql ] [ SQL ] SELECT `catname` FROM `cool_category` WHERE  `id` = 23 LIMIT 1 [ RunTime:0.000168s ]
[ sql ] [ SQL ] SELECT `catname` FROM `cool_category` WHERE  `id` = 23 LIMIT 1 [ RunTime:0.000167s ]
[ sql ] [ SQL ] SELECT `catname` FROM `cool_category` WHERE  `id` = 23 LIMIT 1 [ RunTime:0.000170s ]
[ sql ] [ SQL ] SELECT `catname` FROM `cool_category` WHERE  `id` = 23 LIMIT 1 [ RunTime:0.000174s ]
[ sql ] [ SQL ] SELECT `catname` FROM `cool_category` WHERE  `id` = 23 LIMIT 1 [ RunTime:0.000165s ]
[ sql ] [ SQL ] SELECT `catname` FROM `cool_category` WHERE  `id` = 23 LIMIT 1 [ RunTime:0.000149s ]
[ error ] [8]未定义变量: str[/data/wwwroot/www.hrbkcwl.com/app/home/controller/EmptyController.php:64]
[ error ] [8]未定义变量: info[/data/wwwroot/www.hrbkcwl.com/runtime/temp/a4721e64df5215d1b22cb8dec25f2d21.php:10]
[ error ] [8]未定义变量: info[/data/wwwroot/www.hrbkcwl.com/runtime/temp/a4721e64df5215d1b22cb8dec25f2d21.php:11]
[ error ] [8]未定义变量: info[/data/wwwroot/www.hrbkcwl.com/runtime/temp/a4721e64df5215d1b22cb8dec25f2d21.php:12]
---------------------------------------------------------------
[ 2017-11-11T13:17:02+08:00 ] 172.17.245.113 38.100.21.64 GET /blogInfo_4_18.html
[ info ] www.hrbkcwl.com/blogInfo_4_18.html [运行时间：0.016001s][吞吐率：62.50req/s] [内存消耗：843.89kb] [文件加载：58]
[ info ] [ LANG ] /data/wwwroot/www.hrbkcwl.com/think/lang/zh-cn.php
[ info ] [ ROUTE ] array (
  'type' => 'module',
  'module' => 
  array (
    0 => 'home',
    1 => 'blog',
    2 => 'info',
  ),
  'convert' => false,
)
[ info ] [ HEADER ] array (
  'host' => 'www.hrbkcwl.com',
  'connection' => 'Keep-Alive',
  'user-agent' => 'Mozilla/4.0 (compatible; MSIE 7.0; Windows NT 5.2)',
  'content-type' => '',
  'content-length' => '',
)
[ info ] [ PARAM ] array (
  'id' => '4',
  'catId' => '18',
)
[ info ] [ DB ] INIT mysql
[ info ] [ CACHE ] INIT File
[ info ] [ RUN ] app\home\controller\EmptyController->info[ /data/wwwroot/www.hrbkcwl.com/app/home/controller/EmptyController.php ]
[ info ] [ VIEW ] /data/wwwroot/www.hrbkcwl.com/app/home/view/blog_show.html [ array (
  0 => 'sys',
  1 => 'action',
  2 => 'controller',
  3 => 'title',
  4 => 'keywords',
  5 => 'description',
  6 => 'category',
  7 => 'adList',
  8 => 'linkList',
  9 => 'info',
  10 => 'listnav',
) ]
[ info ] [ LOG ] INIT File
[ sql ] [ DB ] CONNECT:[ UseTime:0.000366s ] mysql:dbname=db_cool;host=127.0.0.1;port=3306;charset=utf8
[ sql ] [ SQL ] SHOW COLUMNS FROM `cool_category` [ RunTime:0.000835s ]
[ sql ] [ SQL ] SELECT * FROM `cool_category` WHERE  `id` = 18 LIMIT 1 [ RunTime:0.000269s ]
[ sql ] [ SQL ] SHOW COLUMNS FROM `cool_ad` [ RunTime:0.000447s ]
[ sql ] [ SQL ] SELECT * FROM `cool_ad` WHERE  `type_id` = 1  AND `open` = 1 ORDER BY sort asc LIMIT 4 [ RunTime:0.000182s ]
[ sql ] [ SQL ] SHOW COLUMNS FROM `cool_link` [ RunTime:0.000497s ]
[ sql ] [ SQL ] SELECT * FROM `cool_link` WHERE  `open` = 1 ORDER BY sort asc [ RunTime:0.000186s ]
[ sql ] [ SQL ] SHOW COLUMNS FROM `cool_blog` [ RunTime:0.000556s ]
[ sql ] [ SQL ] UPDATE `cool_blog`  SET `hits`=hits+1  WHERE  `id` = 4 [ RunTime:0.000385s ]
[ sql ] [ SQL ] SELECT * FROM `cool_blog` WHERE  `id` = 4 LIMIT 1 [ RunTime:0.000283s ]
[ sql ] [ SQL ] SELECT `template_show` FROM `cool_category` WHERE  `id` = 18 LIMIT 1 [ RunTime:0.000191s ]
[ sql ] [ SQL ] SELECT `id`,`catname` FROM `cool_category` WHERE  `parentid` = 14 [ RunTime:0.000154s ]
[ sql ] [ SQL ] SELECT COUNT(*) AS tp_count FROM `cool_blog` WHERE  `catid` = 17 LIMIT 1 [ RunTime:0.000228s ]
[ sql ] [ SQL ] SELECT COUNT(*) AS tp_count FROM `cool_blog` WHERE  `catid` = 18 LIMIT 1 [ RunTime:0.000194s ]
[ sql ] [ SQL ] SELECT COUNT(*) AS tp_count FROM `cool_blog` WHERE  `catid` = 19 LIMIT 1 [ RunTime:0.000202s ]
[ sql ] [ SQL ] SELECT COUNT(*) AS tp_count FROM `cool_blog` WHERE  `catid` = 20 LIMIT 1 [ RunTime:0.000194s ]
[ sql ] [ SQL ] SELECT COUNT(*) AS tp_count FROM `cool_blog` WHERE  `catid` = 21 LIMIT 1 [ RunTime:0.000192s ]
[ sql ] [ SQL ] SELECT `catname` FROM `cool_category` WHERE  `id` = 18 LIMIT 1 [ RunTime:0.000143s ]
[ sql ] [ SQL ] SELECT `a`.*,`c`.`catdir` FROM `cool_blog` `a` LEFT JOIN `cool_category` `c` ON `a`.`catid`=`c`.`id` WHERE  (  posid = 2  ) ORDER BY listorder asc,createtime
                            desc LIMIT 3 [ RunTime:0.000323s ]
[ error ] [8]未定义数组索引: pic[/data/wwwroot/www.hrbkcwl.com/app/home/controller/EmptyController.php:117]
[ error ] [8]Use of undefined constant __HOME__ - assumed '__HOME__'[/data/wwwroot/www.hrbkcwl.com/app/home/controller/EmptyController.php:117]
[ error ] [8]未定义变量: str[/data/wwwroot/www.hrbkcwl.com/app/home/controller/EmptyController.php:144]
[ error ] [8]未定义数组索引: key[/data/wwwroot/www.hrbkcwl.com/app/common/taglib/Clt.php:29]
[ error ] [8]未定义数组索引: controller[/data/wwwroot/www.hrbkcwl.com/runtime/temp/0fc0f3cf5f960547c240fbefc4c2d0f4.php:167]
[ error ] [8]未定义数组索引: controller[/data/wwwroot/www.hrbkcwl.com/runtime/temp/0fc0f3cf5f960547c240fbefc4c2d0f4.php:168]
[ error ] [8]未定义数组索引: controller[/data/wwwroot/www.hrbkcwl.com/runtime/temp/0fc0f3cf5f960547c240fbefc4c2d0f4.php:167]
[ error ] [8]未定义数组索引: controller[/data/wwwroot/www.hrbkcwl.com/runtime/temp/0fc0f3cf5f960547c240fbefc4c2d0f4.php:168]
---------------------------------------------------------------
[ 2017-11-11T13:17:02+08:00 ] 172.17.245.113 38.100.21.64 GET /caseInfo_13_23.html
[ info ] www.hrbkcwl.com/caseInfo_13_23.html [运行时间：0.009483s][吞吐率：105.45req/s] [内存消耗：724.78kb] [文件加载：54]
[ info ] [ LANG ] /data/wwwroot/www.hrbkcwl.com/think/lang/zh-cn.php
[ info ] [ ROUTE ] array (
  'type' => 'module',
  'module' => 
  array (
    0 => 'home',
    1 => 'case',
    2 => 'info',
  ),
  'convert' => false,
)
[ info ] [ HEADER ] array (
  'host' => 'www.hrbkcwl.com',
  'connection' => 'Keep-Alive',
  'user-agent' => 'Mozilla/4.0 (compatible; MSIE 7.0; Windows NT 5.2)',
  'content-type' => '',
  'content-length' => '',
)
[ info ] [ PARAM ] array (
  'id' => '13',
  'catId' => '23',
)
[ info ] [ DB ] INIT mysql
[ info ] [ CACHE ] INIT File
[ info ] [ RUN ] app\home\controller\EmptyController->info[ /data/wwwroot/www.hrbkcwl.com/app/home/controller/EmptyController.php ]
[ info ] [ VIEW ] /data/wwwroot/www.hrbkcwl.com/app/home/view/case_show.html [ array (
  0 => 'sys',
  1 => 'action',
  2 => 'controller',
  3 => 'title',
  4 => 'keywords',
  5 => 'description',
  6 => 'category',
  7 => 'adList',
  8 => 'linkList',
  9 => 'info',
) ]
[ info ] [ LOG ] INIT File
[ sql ] [ DB ] CONNECT:[ UseTime:0.000333s ] mysql:dbname=db_cool;host=127.0.0.1;port=3306;charset=utf8
[ sql ] [ SQL ] SHOW COLUMNS FROM `cool_category` [ RunTime:0.000780s ]
[ sql ] [ SQL ] SELECT * FROM `cool_category` WHERE  `id` = 23 LIMIT 1 [ RunTime:0.000263s ]
[ sql ] [ SQL ] SHOW COLUMNS FROM `cool_ad` [ RunTime:0.000447s ]
[ sql ] [ SQL ] SELECT * FROM `cool_ad` WHERE  `type_id` = 1  AND `open` = 1 ORDER BY sort asc LIMIT 4 [ RunTime:0.000180s ]
[ sql ] [ SQL ] SHOW COLUMNS FROM `cool_link` [ RunTime:0.000463s ]
[ sql ] [ SQL ] SELECT * FROM `cool_link` WHERE  `open` = 1 ORDER BY sort asc [ RunTime:0.000163s ]
[ sql ] [ SQL ] SHOW COLUMNS FROM `cool_case` [ RunTime:0.000569s ]
[ sql ] [ SQL ] UPDATE `cool_case`  SET `hits`=hits+1  WHERE  `id` = 13 [ RunTime:0.000372s ]
[ sql ] [ SQL ] SELECT * FROM `cool_case` WHERE  `id` = 13 LIMIT 1 [ RunTime:0.000283s ]
[ sql ] [ SQL ] SELECT `template_show` FROM `cool_category` WHERE  `id` = 23 LIMIT 1 [ RunTime:0.000159s ]
[ error ] [8]未定义数组索引: pic[/data/wwwroot/www.hrbkcwl.com/app/home/controller/EmptyController.php:117]
[ error ] [8]Use of undefined constant __HOME__ - assumed '__HOME__'[/data/wwwroot/www.hrbkcwl.com/app/home/controller/EmptyController.php:117]
---------------------------------------------------------------
[ 2017-11-11T13:17:03+08:00 ] 172.17.245.113 38.100.21.64 GET /contact_16.html
[ info ] www.hrbkcwl.com/contact_16.html [运行时间：0.009306s][吞吐率：107.46req/s] [内存消耗：720.00kb] [文件加载：55]
[ info ] [ LANG ] /data/wwwroot/www.hrbkcwl.com/think/lang/zh-cn.php
[ info ] [ ROUTE ] array (
  'type' => 'module',
  'module' => 
  array (
    0 => 'home',
    1 => 'contact',
    2 => 'index',
  ),
  'convert' => false,
)
[ info ] [ HEADER ] array (
  'host' => 'www.hrbkcwl.com',
  'connection' => 'Keep-Alive',
  'user-agent' => 'Mozilla/4.0 (compatible; MSIE 7.0; Windows NT 5.2)',
  'content-type' => '',
  'content-length' => '',
)
[ info ] [ PARAM ] array (
  'catId' => '16',
)
[ info ] [ DB ] INIT mysql
[ info ] [ CACHE ] INIT File
[ info ] [ RUN ] app\home\controller\EmptyController->index[ /data/wwwroot/www.hrbkcwl.com/app/home/controller/EmptyController.php ]
[ info ] [ VIEW ] /data/wwwroot/www.hrbkcwl.com/app/home/view/page_show_contace.html [ array (
  0 => 'sys',
  1 => 'action',
  2 => 'controller',
  3 => 'title',
  4 => 'keywords',
  5 => 'description',
  6 => 'category',
  7 => 'adList',
  8 => 'linkList',
  9 => 'info',
) ]
[ info ] [ LOG ] INIT File
[ sql ] [ DB ] CONNECT:[ UseTime:0.000368s ] mysql:dbname=db_cool;host=127.0.0.1;port=3306;charset=utf8
[ sql ] [ SQL ] SHOW COLUMNS FROM `cool_category` [ RunTime:0.000864s ]
[ sql ] [ SQL ] SELECT * FROM `cool_category` WHERE  `id` = 16 LIMIT 1 [ RunTime:0.000307s ]
[ sql ] [ SQL ] SHOW COLUMNS FROM `cool_ad` [ RunTime:0.000540s ]
[ sql ] [ SQL ] SELECT * FROM `cool_ad` WHERE  `type_id` = 1  AND `open` = 1 ORDER BY sort asc LIMIT 4 [ RunTime:0.000203s ]
[ sql ] [ SQL ] SHOW COLUMNS FROM `cool_link` [ RunTime:0.000420s ]
[ sql ] [ SQL ] SELECT * FROM `cool_link` WHERE  `open` = 1 ORDER BY sort asc [ RunTime:0.000162s ]
[ sql ] [ SQL ] SHOW COLUMNS FROM `cool_page` [ RunTime:0.000440s ]
[ sql ] [ SQL ] SELECT * FROM `cool_page` WHERE  `id` = 16 LIMIT 1 [ RunTime:0.000171s ]
[ sql ] [ SQL ] SELECT `template_show` FROM `cool_category` WHERE  `id` = 16 LIMIT 1 [ RunTime:0.000150s ]
[ error ] [8]未定义数组索引: template[/data/wwwroot/www.hrbkcwl.com/app/home/controller/EmptyController.php:17]
[ error ] [8]未定义数组索引: keywords[/data/wwwroot/www.hrbkcwl.com/runtime/temp/03a3d2717ffe0bf33c41812fd06a3f69.php:11]
[ error ] [8]未定义数组索引: description[/data/wwwroot/www.hrbkcwl.com/runtime/temp/03a3d2717ffe0bf33c41812fd06a3f69.php:12]
---------------------------------------------------------------
[ 2017-11-11T13:17:03+08:00 ] 172.17.245.113 38.100.21.64 GET /about.html
[ info ] www.hrbkcwl.com/about.html [运行时间：0.002592s][吞吐率：385.83req/s] [内存消耗：314.43kb] [文件加载：33]
[ info ] [ LANG ] /data/wwwroot/www.hrbkcwl.com/think/lang/zh-cn.php
[ info ] [ ROUTE ] array (
  'type' => 'module',
  'module' => 
  array (
    0 => 'about',
    1 => NULL,
    2 => NULL,
  ),
)
[ info ] [ HEADER ] array (
  'host' => 'www.hrbkcwl.com',
  'connection' => 'Keep-Alive',
  'user-agent' => 'Mozilla/4.0 (compatible; MSIE 7.0; Windows NT 5.2)',
  'content-type' => '',
  'content-length' => '',
)
[ info ] [ PARAM ] array (
)
[ info ] [ LOG ] INIT File
---------------------------------------------------------------
[ 2017-11-11T13:17:04+08:00 ] 172.17.245.113 38.100.21.64 GET /blogInfo_2_17.html
[ info ] www.hrbkcwl.com/blogInfo_2_17.html [运行时间：0.014693s][吞吐率：68.06req/s] [内存消耗：767.61kb] [文件加载：55]
[ info ] [ LANG ] /data/wwwroot/www.hrbkcwl.com/think/lang/zh-cn.php
[ info ] [ ROUTE ] array (
  'type' => 'module',
  'module' => 
  array (
    0 => 'home',
    1 => 'blog',
    2 => 'info',
  ),
  'convert' => false,
)
[ info ] [ HEADER ] array (
  'host' => 'www.hrbkcwl.com',
  'connection' => 'Keep-Alive',
  'user-agent' => 'Mozilla/4.0 (compatible; MSIE 7.0; Windows NT 5.2)',
  'content-type' => '',
  'content-length' => '',
)
[ info ] [ PARAM ] array (
  'id' => '2',
  'catId' => '17',
)
[ info ] [ DB ] INIT mysql
[ info ] [ CACHE ] INIT File
[ info ] [ RUN ] app\home\controller\EmptyController->info[ /data/wwwroot/www.hrbkcwl.com/app/home/controller/EmptyController.php ]
[ info ] [ VIEW ] /data/wwwroot/www.hrbkcwl.com/app/home/view/blog_show.html [ array (
  0 => 'sys',
  1 => 'action',
  2 => 'controller',
  3 => 'title',
  4 => 'keywords',
  5 => 'description',
  6 => 'category',
  7 => 'adList',
  8 => 'linkList',
  9 => 'info',
  10 => 'listnav',
) ]
[ info ] [ LOG ] INIT File
[ sql ] [ DB ] CONNECT:[ UseTime:0.000356s ] mysql:dbname=db_cool;host=127.0.0.1;port=3306;charset=utf8
[ sql ] [ SQL ] SHOW COLUMNS FROM `cool_category` [ RunTime:0.000788s ]
[ sql ] [ SQL ] SELECT * FROM `cool_category` WHERE  `id` = 17 LIMIT 1 [ RunTime:0.000267s ]
[ sql ] [ SQL ] SHOW COLUMNS FROM `cool_ad` [ RunTime:0.000442s ]
[ sql ] [ SQL ] SELECT * FROM `cool_ad` WHERE  `type_id` = 1  AND `open` = 1 ORDER BY sort asc LIMIT 4 [ RunTime:0.000199s ]
[ sql ] [ SQL ] SHOW COLUMNS FROM `cool_link` [ RunTime:0.000426s ]
[ sql ] [ SQL ] SELECT * FROM `cool_link` WHERE  `open` = 1 ORDER BY sort asc [ RunTime:0.000164s ]
[ sql ] [ SQL ] SHOW COLUMNS FROM `cool_blog` [ RunTime:0.000484s ]
[ sql ] [ SQL ] UPDATE `cool_blog`  SET `hits`=hits+1  WHERE  `id` = 2 [ RunTime:0.000319s ]
[ sql ] [ SQL ] SELECT * FROM `cool_blog` WHERE  `id` = 2 LIMIT 1 [ RunTime:0.000274s ]
[ sql ] [ SQL ] SELECT `template_show` FROM `cool_category` WHERE  `id` = 17 LIMIT 1 [ RunTime:0.000155s ]
[ sql ] [ SQL ] SELECT `id`,`catname` FROM `cool_category` WHERE  `parentid` = 14 [ RunTime:0.000142s ]
[ sql ] [ SQL ] SELECT COUNT(*) AS tp_count FROM `cool_blog` WHERE  `catid` = 17 LIMIT 1 [ RunTime:0.000255s ]
[ sql ] [ SQL ] SELECT COUNT(*) AS tp_count FROM `cool_blog` WHERE  `catid` = 18 LIMIT 1 [ RunTime:0.000236s ]
[ sql ] [ SQL ] SELECT COUNT(*) AS tp_count FROM `cool_blog` WHERE  `catid` = 19 LIMIT 1 [ RunTime:0.000197s ]
[ sql ] [ SQL ] SELECT COUNT(*) AS tp_count FROM `cool_blog` WHERE  `catid` = 20 LIMIT 1 [ RunTime:0.000226s ]
[ sql ] [ SQL ] SELECT COUNT(*) AS tp_count FROM `cool_blog` WHERE  `catid` = 21 LIMIT 1 [ RunTime:0.000210s ]
[ sql ] [ SQL ] SELECT `catname` FROM `cool_category` WHERE  `id` = 17 LIMIT 1 [ RunTime:0.000162s ]
[ sql ] [ SQL ] SELECT `a`.*,`c`.`catdir` FROM `cool_blog` `a` LEFT JOIN `cool_category` `c` ON `a`.`catid`=`c`.`id` WHERE  (  posid = 2  ) ORDER BY listorder asc,createtime
                            desc LIMIT 3 [ RunTime:0.000321s ]
[ error ] [8]未定义数组索引: pic[/data/wwwroot/www.hrbkcwl.com/app/home/controller/EmptyController.php:117]
[ error ] [8]Use of undefined constant __HOME__ - assumed '__HOME__'[/data/wwwroot/www.hrbkcwl.com/app/home/controller/EmptyController.php:117]
[ error ] [8]未定义变量: str[/data/wwwroot/www.hrbkcwl.com/app/home/controller/EmptyController.php:144]
[ error ] [8]未定义数组索引: controller[/data/wwwroot/www.hrbkcwl.com/runtime/temp/0fc0f3cf5f960547c240fbefc4c2d0f4.php:167]
[ error ] [8]未定义数组索引: controller[/data/wwwroot/www.hrbkcwl.com/runtime/temp/0fc0f3cf5f960547c240fbefc4c2d0f4.php:168]
[ error ] [8]未定义数组索引: controller[/data/wwwroot/www.hrbkcwl.com/runtime/temp/0fc0f3cf5f960547c240fbefc4c2d0f4.php:167]
[ error ] [8]未定义数组索引: controller[/data/wwwroot/www.hrbkcwl.com/runtime/temp/0fc0f3cf5f960547c240fbefc4c2d0f4.php:168]
---------------------------------------------------------------
[ 2017-11-11T13:17:05+08:00 ] 172.17.245.113 38.100.21.64 GET /products_9.html
[ info ] www.hrbkcwl.com/products_9.html [运行时间：0.009671s][吞吐率：103.40req/s] [内存消耗：770.09kb] [文件加载：58]
[ info ] [ LANG ] /data/wwwroot/www.hrbkcwl.com/think/lang/zh-cn.php
[ info ] [ ROUTE ] array (
  'type' => 'module',
  'module' => 
  array (
    0 => 'home',
    1 => 'products',
    2 => 'index',
  ),
  'convert' => false,
)
[ info ] [ HEADER ] array (
  'host' => 'www.hrbkcwl.com',
  'connection' => 'Keep-Alive',
  'user-agent' => 'Mozilla/4.0 (compatible; MSIE 7.0; Windows NT 5.2)',
  'content-type' => '',
  'content-length' => '',
)
[ info ] [ PARAM ] array (
  'catId' => '9',
)
[ info ] [ DB ] INIT mysql
[ info ] [ CACHE ] INIT File
[ info ] [ RUN ] app\home\controller\EmptyController->index[ /data/wwwroot/www.hrbkcwl.com/app/home/controller/EmptyController.php ]
[ info ] [ VIEW ] /data/wwwroot/www.hrbkcwl.com/app/home/view/product_list.html [ array (
  0 => 'sys',
  1 => 'action',
  2 => 'controller',
  3 => 'title',
  4 => 'keywords',
  5 => 'description',
  6 => 'category',
  7 => 'adList',
  8 => 'linkList',
  9 => 'list',
  10 => 'page',
) ]
[ info ] [ LOG ] INIT File
[ sql ] [ DB ] CONNECT:[ UseTime:0.000328s ] mysql:dbname=db_cool;host=127.0.0.1;port=3306;charset=utf8
[ sql ] [ SQL ] SHOW COLUMNS FROM `cool_category` [ RunTime:0.000791s ]
[ sql ] [ SQL ] SELECT * FROM `cool_category` WHERE  `id` = 9 LIMIT 1 [ RunTime:0.000275s ]
[ sql ] [ SQL ] SHOW COLUMNS FROM `cool_ad` [ RunTime:0.000483s ]
[ sql ] [ SQL ] SELECT * FROM `cool_ad` WHERE  `type_id` = 1  AND `open` = 1 ORDER BY sort asc LIMIT 4 [ RunTime:0.000183s ]
[ sql ] [ SQL ] SHOW COLUMNS FROM `cool_link` [ RunTime:0.000441s ]
[ sql ] [ SQL ] SELECT * FROM `cool_link` WHERE  `open` = 1 ORDER BY sort asc [ RunTime:0.000191s ]
[ sql ] [ SQL ] SHOW COLUMNS FROM `cool_product` [ RunTime:0.000556s ]
[ sql ] [ SQL ] SELECT COUNT(*) AS tp_count FROM `cool_product` `a` LEFT JOIN `cool_category` `c` ON `a`.`catid`=`c`.`id` WHERE  `catid` = 9 LIMIT 1 [ RunTime:0.000185s ]
[ sql ] [ SQL ] SELECT `a`.*,`c`.`catdir` FROM `cool_product` `a` LEFT JOIN `cool_category` `c` ON `a`.`catid`=`c`.`id` WHERE  `catid` = 9 ORDER BY listorder asc,createtime desc LIMIT 0,15 [ RunTime:0.000198s ]
[ sql ] [ SQL ] SELECT `template_list` FROM `cool_category` WHERE  `id` = 9 LIMIT 1 [ RunTime:0.000157s ]
[ error ] [8]未定义变量: info[/data/wwwroot/www.hrbkcwl.com/runtime/temp/ecb062a6e05f6fb4a7787b84cb089d3a.php:10]
[ error ] [8]未定义变量: info[/data/wwwroot/www.hrbkcwl.com/runtime/temp/ecb062a6e05f6fb4a7787b84cb089d3a.php:11]
[ error ] [8]未定义变量: info[/data/wwwroot/www.hrbkcwl.com/runtime/temp/ecb062a6e05f6fb4a7787b84cb089d3a.php:12]
---------------------------------------------------------------
[ 2017-11-11T14:48:27+08:00 ] 172.17.245.113 222.171.139.210 GET /
[ info ] www.hrbkcwl.com/ [运行时间：0.021412s][吞吐率：46.70req/s] [内存消耗：777.54kb] [文件加载：56]
[ info ] [ LANG ] /data/wwwroot/www.hrbkcwl.com/think/lang/zh-cn.php
[ info ] [ ROUTE ] array (
  'type' => 'module',
  'module' => 
  array (
    0 => '',
    1 => NULL,
    2 => NULL,
  ),
)
[ info ] [ HEADER ] array (
  'host' => 'www.hrbkcwl.com',
  'user-agent' => 'Mozilla/5.0 (Windows NT 5.1; rv:52.0) Gecko/20100101 Firefox/52.0',
  'accept' => 'text/html,application/xhtml+xml,application/xml;q=0.9,*/*;q=0.8',
  'accept-language' => 'zh-CN,zh;q=0.8,en-US;q=0.5,en;q=0.3',
  'accept-encoding' => 'gzip, deflate',
  'connection' => 'keep-alive',
  'upgrade-insecure-requests' => '1',
  'content-type' => '',
  'content-length' => '',
)
[ info ] [ PARAM ] array (
)
[ info ] [ DB ] INIT mysql
[ info ] [ CACHE ] INIT File
[ info ] [ RUN ] app\home\controller\Index->index[ /data/wwwroot/www.hrbkcwl.com/app/home/controller/Index.php ]
[ info ] [ VIEW ] /data/wwwroot/www.hrbkcwl.com/app/home/view/index_index.html [ array (
  0 => 'sys',
  1 => 'action',
  2 => 'controller',
  3 => 'title',
  4 => 'keywords',
  5 => 'description',
  6 => 'category',
  7 => 'adList',
  8 => 'linkList',
) ]
[ info ] [ LOG ] INIT File
[ sql ] [ DB ] CONNECT:[ UseTime:0.000332s ] mysql:dbname=db_cool;host=127.0.0.1;port=3306;charset=utf8
[ sql ] [ SQL ] SHOW COLUMNS FROM `cool_category` [ RunTime:0.000799s ]
[ sql ] [ SQL ] SELECT * FROM `cool_category` WHERE  `id` IS NULL LIMIT 1 [ RunTime:0.000230s ]
[ sql ] [ SQL ] SELECT * FROM `cool_category` WHERE  `parentid` = 0  AND `ismenu` = 1 ORDER BY `listorder` [ RunTime:0.000247s ]
[ sql ] [ SQL ] SELECT * FROM `cool_category` WHERE  `ismenu` = 1 ORDER BY `listorder` [ RunTime:0.000201s ]
[ sql ] [ SQL ] SHOW COLUMNS FROM `cool_ad` [ RunTime:0.000492s ]
[ sql ] [ SQL ] SELECT * FROM `cool_ad` WHERE  `type_id` = 1  AND `open` = 1 ORDER BY sort asc LIMIT 4 [ RunTime:0.000179s ]
[ sql ] [ SQL ] SHOW COLUMNS FROM `cool_link` [ RunTime:0.000449s ]
[ sql ] [ SQL ] SELECT * FROM `cool_link` WHERE  `open` = 1 ORDER BY sort asc [ RunTime:0.000182s ]
[ sql ] [ SQL ] SHOW COLUMNS FROM `cool_page` [ RunTime:0.000539s ]
[ sql ] [ SQL ] SELECT `content` FROM `cool_page` WHERE  `id` = 2 LIMIT 1 [ RunTime:0.000153s ]
[ sql ] [ SQL ] SHOW COLUMNS FROM `cool_debris` [ RunTime:0.000442s ]
[ sql ] [ SQL ] SELECT * FROM `cool_debris` WHERE  (  type_id = 6 ) LIMIT 3 [ RunTime:0.000152s ]
[ sql ] [ SQL ] SELECT * FROM `cool_debris` WHERE  (  type_id = 6 ) LIMIT 3 [ RunTime:0.000136s ]
[ sql ] [ SQL ] SELECT * FROM `cool_debris` WHERE  (  type_id = 7 ) LIMIT 3 [ RunTime:0.000137s ]
[ sql ] [ SQL ] SELECT * FROM `cool_category` WHERE  (  parentid = 10 ) LIMIT 3 [ RunTime:0.000161s ]
[ sql ] [ SQL ] SHOW COLUMNS FROM `cool_case` [ RunTime:0.000495s ]
[ sql ] [ SQL ] SELECT `a`.*,`c`.`catdir` FROM `cool_case` `a` LEFT JOIN `cool_category` `c` ON `a`.`catid`=`c`.`id` ORDER BY listorder asc,createtime desc LIMIT 8 [ RunTime:0.000375s ]
[ sql ] [ SQL ] SELECT `catname` FROM `cool_category` WHERE  `id` = 23 LIMIT 1 [ RunTime:0.000156s ]
[ sql ] [ SQL ] SELECT `catname` FROM `cool_category` WHERE  `id` = 23 LIMIT 1 [ RunTime:0.000151s ]
[ sql ] [ SQL ] SELECT `catname` FROM `cool_category` WHERE  `id` = 23 LIMIT 1 [ RunTime:0.000136s ]
[ sql ] [ SQL ] SELECT `catname` FROM `cool_category` WHERE  `id` = 23 LIMIT 1 [ RunTime:0.000136s ]
[ sql ] [ SQL ] SELECT `catname` FROM `cool_category` WHERE  `id` = 23 LIMIT 1 [ RunTime:0.000136s ]
[ sql ] [ SQL ] SELECT `catname` FROM `cool_category` WHERE  `id` = 23 LIMIT 1 [ RunTime:0.000129s ]
[ sql ] [ SQL ] SELECT `catname` FROM `cool_category` WHERE  `id` = 23 LIMIT 1 [ RunTime:0.000147s ]
[ sql ] [ SQL ] SELECT `catname` FROM `cool_category` WHERE  `id` = 23 LIMIT 1 [ RunTime:0.000130s ]
[ sql ] [ SQL ] SHOW COLUMNS FROM `cool_fuwukehu` [ RunTime:0.000527s ]
[ sql ] [ SQL ] SELECT `a`.*,`c`.`catdir` FROM `cool_fuwukehu` `a` LEFT JOIN `cool_category` `c` ON `a`.`catid`=`c`.`id` WHERE  (  catid=22  ) ORDER BY listorder
                            asc,createtime desc LIMIT 10 [ RunTime:0.000197s ]
[ sql ] [ SQL ] SHOW COLUMNS FROM `cool_blog` [ RunTime:0.000493s ]
[ sql ] [ SQL ] SELECT `a`.*,`c`.`catdir` FROM `cool_blog` `a` LEFT JOIN `cool_category` `c` ON `a`.`catid`=`c`.`id` WHERE  (  catid in(17,18,19,20,21)  ) ORDER BY listorder
                asc,createtime desc LIMIT 3 [ RunTime:0.000320s ]
[ sql ] [ SQL ] SELECT `catname` FROM `cool_category` WHERE  `id` = 18 LIMIT 1 [ RunTime:0.000145s ]
[ sql ] [ SQL ] SELECT `catname` FROM `cool_category` WHERE  `id` = 17 LIMIT 1 [ RunTime:0.000135s ]
[ sql ] [ SQL ] SELECT `catname` FROM `cool_category` WHERE  `id` = 17 LIMIT 1 [ RunTime:0.000135s ]
[ error ] [8]未定义变量: info[/data/wwwroot/www.hrbkcwl.com/runtime/temp/c48b970f7d9a96c92da5129398a8e2a2.php:10]
[ error ] [8]未定义变量: info[/data/wwwroot/www.hrbkcwl.com/runtime/temp/c48b970f7d9a96c92da5129398a8e2a2.php:11]
[ error ] [8]未定义变量: info[/data/wwwroot/www.hrbkcwl.com/runtime/temp/c48b970f7d9a96c92da5129398a8e2a2.php:12]
---------------------------------------------------------------
[ 2017-11-11T14:48:38+08:00 ] 172.17.245.113 222.171.139.210 GET /contact_16.html
[ info ] www.hrbkcwl.com/contact_16.html [运行时间：0.009904s][吞吐率：100.97req/s] [内存消耗：721.66kb] [文件加载：55]
[ info ] [ LANG ] /data/wwwroot/www.hrbkcwl.com/think/lang/zh-cn.php
[ info ] [ ROUTE ] array (
  'type' => 'module',
  'module' => 
  array (
    0 => 'home',
    1 => 'contact',
    2 => 'index',
  ),
  'convert' => false,
)
[ info ] [ HEADER ] array (
  'host' => 'www.hrbkcwl.com',
  'user-agent' => 'Mozilla/5.0 (Windows NT 5.1; rv:52.0) Gecko/20100101 Firefox/52.0',
  'accept' => 'text/html,application/xhtml+xml,application/xml;q=0.9,*/*;q=0.8',
  'accept-language' => 'zh-CN,zh;q=0.8,en-US;q=0.5,en;q=0.3',
  'accept-encoding' => 'gzip, deflate',
  'referer' => 'http://www.hrbkcwl.com/',
  'connection' => 'keep-alive',
  'upgrade-insecure-requests' => '1',
  'content-type' => '',
  'content-length' => '',
)
[ info ] [ PARAM ] array (
  'catId' => '16',
)
[ info ] [ DB ] INIT mysql
[ info ] [ CACHE ] INIT File
[ info ] [ RUN ] app\home\controller\EmptyController->index[ /data/wwwroot/www.hrbkcwl.com/app/home/controller/EmptyController.php ]
[ info ] [ VIEW ] /data/wwwroot/www.hrbkcwl.com/app/home/view/page_show_contace.html [ array (
  0 => 'sys',
  1 => 'action',
  2 => 'controller',
  3 => 'title',
  4 => 'keywords',
  5 => 'description',
  6 => 'category',
  7 => 'adList',
  8 => 'linkList',
  9 => 'info',
) ]
[ info ] [ LOG ] INIT File
[ sql ] [ DB ] CONNECT:[ UseTime:0.000455s ] mysql:dbname=db_cool;host=127.0.0.1;port=3306;charset=utf8
[ sql ] [ SQL ] SHOW COLUMNS FROM `cool_category` [ RunTime:0.000857s ]
[ sql ] [ SQL ] SELECT * FROM `cool_category` WHERE  `id` = 16 LIMIT 1 [ RunTime:0.000296s ]
[ sql ] [ SQL ] SHOW COLUMNS FROM `cool_ad` [ RunTime:0.000533s ]
[ sql ] [ SQL ] SELECT * FROM `cool_ad` WHERE  `type_id` = 1  AND `open` = 1 ORDER BY sort asc LIMIT 4 [ RunTime:0.000194s ]
[ sql ] [ SQL ] SHOW COLUMNS FROM `cool_link` [ RunTime:0.000483s ]
[ sql ] [ SQL ] SELECT * FROM `cool_link` WHERE  `open` = 1 ORDER BY sort asc [ RunTime:0.000170s ]
[ sql ] [ SQL ] SHOW COLUMNS FROM `cool_page` [ RunTime:0.000497s ]
[ sql ] [ SQL ] SELECT * FROM `cool_page` WHERE  `id` = 16 LIMIT 1 [ RunTime:0.000178s ]
[ sql ] [ SQL ] SELECT `template_show` FROM `cool_category` WHERE  `id` = 16 LIMIT 1 [ RunTime:0.000193s ]
[ error ] [8]未定义数组索引: template[/data/wwwroot/www.hrbkcwl.com/app/home/controller/EmptyController.php:17]
[ error ] [8]未定义数组索引: keywords[/data/wwwroot/www.hrbkcwl.com/runtime/temp/03a3d2717ffe0bf33c41812fd06a3f69.php:11]
[ error ] [8]未定义数组索引: description[/data/wwwroot/www.hrbkcwl.com/runtime/temp/03a3d2717ffe0bf33c41812fd06a3f69.php:12]
---------------------------------------------------------------
[ 2017-11-11T17:12:50+08:00 ] 172.17.245.113 123.125.71.52 GET /
[ info ] www.hrbkcwl.com/ [运行时间：0.021180s][吞吐率：47.21req/s] [内存消耗：777.36kb] [文件加载：56]
[ info ] [ LANG ] /data/wwwroot/www.hrbkcwl.com/think/lang/zh-cn.php
[ info ] [ ROUTE ] array (
  'type' => 'module',
  'module' => 
  array (
    0 => '',
    1 => NULL,
    2 => NULL,
  ),
)
[ info ] [ HEADER ] array (
  'host' => 'www.hrbkcwl.com',
  'connection' => 'close',
  'user-agent' => 'Mozilla/5.0 (compatible; Baiduspider/2.0; +http://www.baidu.com/search/spider.html)',
  'accept-language' => 'zh-cn,zh-tw',
  'if-none-match' => '"@NULL@"',
  'accept-encoding' => 'gzip',
  'accept' => '*/*',
  'content-type' => '',
  'content-length' => '',
)
[ info ] [ PARAM ] array (
)
[ info ] [ DB ] INIT mysql
[ info ] [ CACHE ] INIT File
[ info ] [ RUN ] app\home\controller\Index->index[ /data/wwwroot/www.hrbkcwl.com/app/home/controller/Index.php ]
[ info ] [ VIEW ] /data/wwwroot/www.hrbkcwl.com/app/home/view/index_index.html [ array (
  0 => 'sys',
  1 => 'action',
  2 => 'controller',
  3 => 'title',
  4 => 'keywords',
  5 => 'description',
  6 => 'category',
  7 => 'adList',
  8 => 'linkList',
) ]
[ info ] [ LOG ] INIT File
[ sql ] [ DB ] CONNECT:[ UseTime:0.000328s ] mysql:dbname=db_cool;host=127.0.0.1;port=3306;charset=utf8
[ sql ] [ SQL ] SHOW COLUMNS FROM `cool_category` [ RunTime:0.000790s ]
[ sql ] [ SQL ] SELECT * FROM `cool_category` WHERE  `id` IS NULL LIMIT 1 [ RunTime:0.000277s ]
[ sql ] [ SQL ] SELECT * FROM `cool_category` WHERE  `parentid` = 0  AND `ismenu` = 1 ORDER BY `listorder` [ RunTime:0.000250s ]
[ sql ] [ SQL ] SELECT * FROM `cool_category` WHERE  `ismenu` = 1 ORDER BY `listorder` [ RunTime:0.000202s ]
[ sql ] [ SQL ] SHOW COLUMNS FROM `cool_ad` [ RunTime:0.000465s ]
[ sql ] [ SQL ] SELECT * FROM `cool_ad` WHERE  `type_id` = 1  AND `open` = 1 ORDER BY sort asc LIMIT 4 [ RunTime:0.000173s ]
[ sql ] [ SQL ] SHOW COLUMNS FROM `cool_link` [ RunTime:0.000436s ]
[ sql ] [ SQL ] SELECT * FROM `cool_link` WHERE  `open` = 1 ORDER BY sort asc [ RunTime:0.000158s ]
[ sql ] [ SQL ] SHOW COLUMNS FROM `cool_page` [ RunTime:0.000473s ]
[ sql ] [ SQL ] SELECT `content` FROM `cool_page` WHERE  `id` = 2 LIMIT 1 [ RunTime:0.000156s ]
[ sql ] [ SQL ] SHOW COLUMNS FROM `cool_debris` [ RunTime:0.000428s ]
[ sql ] [ SQL ] SELECT * FROM `cool_debris` WHERE  (  type_id = 6 ) LIMIT 3 [ RunTime:0.000147s ]
[ sql ] [ SQL ] SELECT * FROM `cool_debris` WHERE  (  type_id = 6 ) LIMIT 3 [ RunTime:0.000135s ]
[ sql ] [ SQL ] SELECT * FROM `cool_debris` WHERE  (  type_id = 7 ) LIMIT 3 [ RunTime:0.000155s ]
[ sql ] [ SQL ] SELECT * FROM `cool_category` WHERE  (  parentid = 10 ) LIMIT 3 [ RunTime:0.000157s ]
[ sql ] [ SQL ] SHOW COLUMNS FROM `cool_case` [ RunTime:0.000557s ]
[ sql ] [ SQL ] SELECT `a`.*,`c`.`catdir` FROM `cool_case` `a` LEFT JOIN `cool_category` `c` ON `a`.`catid`=`c`.`id` ORDER BY listorder asc,createtime desc LIMIT 8 [ RunTime:0.000201s ]
[ sql ] [ SQL ] SELECT `catname` FROM `cool_category` WHERE  `id` = 23 LIMIT 1 [ RunTime:0.000144s ]
[ sql ] [ SQL ] SELECT `catname` FROM `cool_category` WHERE  `id` = 23 LIMIT 1 [ RunTime:0.000134s ]
[ sql ] [ SQL ] SELECT `catname` FROM `cool_category` WHERE  `id` = 23 LIMIT 1 [ RunTime:0.000143s ]
[ sql ] [ SQL ] SELECT `catname` FROM `cool_category` WHERE  `id` = 23 LIMIT 1 [ RunTime:0.000172s ]
[ sql ] [ SQL ] SELECT `catname` FROM `cool_category` WHERE  `id` = 23 LIMIT 1 [ RunTime:0.000156s ]
[ sql ] [ SQL ] SELECT `catname` FROM `cool_category` WHERE  `id` = 23 LIMIT 1 [ RunTime:0.000142s ]
[ sql ] [ SQL ] SELECT `catname` FROM `cool_category` WHERE  `id` = 23 LIMIT 1 [ RunTime:0.000128s ]
[ sql ] [ SQL ] SELECT `catname` FROM `cool_category` WHERE  `id` = 23 LIMIT 1 [ RunTime:0.000158s ]
[ sql ] [ SQL ] SHOW COLUMNS FROM `cool_fuwukehu` [ RunTime:0.000525s ]
[ sql ] [ SQL ] SELECT `a`.*,`c`.`catdir` FROM `cool_fuwukehu` `a` LEFT JOIN `cool_category` `c` ON `a`.`catid`=`c`.`id` WHERE  (  catid=22  ) ORDER BY listorder
                            asc,createtime desc LIMIT 10 [ RunTime:0.000208s ]
[ sql ] [ SQL ] SHOW COLUMNS FROM `cool_blog` [ RunTime:0.000518s ]
[ sql ] [ SQL ] SELECT `a`.*,`c`.`catdir` FROM `cool_blog` `a` LEFT JOIN `cool_category` `c` ON `a`.`catid`=`c`.`id` WHERE  (  catid in(17,18,19,20,21)  ) ORDER BY listorder
                asc,createtime desc LIMIT 3 [ RunTime:0.000198s ]
[ sql ] [ SQL ] SELECT `catname` FROM `cool_category` WHERE  `id` = 18 LIMIT 1 [ RunTime:0.000142s ]
[ sql ] [ SQL ] SELECT `catname` FROM `cool_category` WHERE  `id` = 17 LIMIT 1 [ RunTime:0.000134s ]
[ sql ] [ SQL ] SELECT `catname` FROM `cool_category` WHERE  `id` = 17 LIMIT 1 [ RunTime:0.000130s ]
[ error ] [8]未定义变量: info[/data/wwwroot/www.hrbkcwl.com/runtime/temp/c48b970f7d9a96c92da5129398a8e2a2.php:10]
[ error ] [8]未定义变量: info[/data/wwwroot/www.hrbkcwl.com/runtime/temp/c48b970f7d9a96c92da5129398a8e2a2.php:11]
[ error ] [8]未定义变量: info[/data/wwwroot/www.hrbkcwl.com/runtime/temp/c48b970f7d9a96c92da5129398a8e2a2.php:12]
---------------------------------------------------------------
[ 2017-11-11T20:48:05+08:00 ] 172.17.245.113 183.136.190.62 GET /
[ info ] www.hrbkcwl.com/ [运行时间：0.024601s][吞吐率：40.65req/s] [内存消耗：777.52kb] [文件加载：56]
[ info ] [ LANG ] /data/wwwroot/www.hrbkcwl.com/think/lang/zh-cn.php
[ info ] [ ROUTE ] array (
  'type' => 'module',
  'module' => 
  array (
    0 => '',
    1 => NULL,
    2 => NULL,
  ),
)
[ info ] [ HEADER ] array (
  'host' => 'www.hrbkcwl.com',
  'user-agent' => 'Mozilla/5.0 (Windows NT 6.1) AppleWebKit/537.36 (KHTML, like Gecko) Chrome/35.0.1916.153 Safari/537.36',
  'accept' => 'text/html,application/xhtml+xml,application/xml;q=0.9,image/webp,*/*;q=0.8',
  'accept-encoding' => '',
  'accept-language' => 'zh-CN,zh;q=0.8',
  'cache-control' => 'max-age=0',
  'connection' => 'close',
  'content-type' => '',
  'content-length' => '',
)
[ info ] [ PARAM ] array (
)
[ info ] [ DB ] INIT mysql
[ info ] [ CACHE ] INIT File
[ info ] [ RUN ] app\home\controller\Index->index[ /data/wwwroot/www.hrbkcwl.com/app/home/controller/Index.php ]
[ info ] [ VIEW ] /data/wwwroot/www.hrbkcwl.com/app/home/view/index_index.html [ array (
  0 => 'sys',
  1 => 'action',
  2 => 'controller',
  3 => 'title',
  4 => 'keywords',
  5 => 'description',
  6 => 'category',
  7 => 'adList',
  8 => 'linkList',
) ]
[ info ] [ LOG ] INIT File
[ sql ] [ DB ] CONNECT:[ UseTime:0.000339s ] mysql:dbname=db_cool;host=127.0.0.1;port=3306;charset=utf8
[ sql ] [ SQL ] SHOW COLUMNS FROM `cool_category` [ RunTime:0.000801s ]
[ sql ] [ SQL ] SELECT * FROM `cool_category` WHERE  `id` IS NULL LIMIT 1 [ RunTime:0.000252s ]
[ sql ] [ SQL ] SELECT * FROM `cool_category` WHERE  `parentid` = 0  AND `ismenu` = 1 ORDER BY `listorder` [ RunTime:0.000286s ]
[ sql ] [ SQL ] SELECT * FROM `cool_category` WHERE  `ismenu` = 1 ORDER BY `listorder` [ RunTime:0.000238s ]
[ sql ] [ SQL ] SHOW COLUMNS FROM `cool_ad` [ RunTime:0.000495s ]
[ sql ] [ SQL ] SELECT * FROM `cool_ad` WHERE  `type_id` = 1  AND `open` = 1 ORDER BY sort asc LIMIT 4 [ RunTime:0.000210s ]
[ sql ] [ SQL ] SHOW COLUMNS FROM `cool_link` [ RunTime:0.000548s ]
[ sql ] [ SQL ] SELECT * FROM `cool_link` WHERE  `open` = 1 ORDER BY sort asc [ RunTime:0.000233s ]
[ sql ] [ SQL ] SHOW COLUMNS FROM `cool_page` [ RunTime:0.000574s ]
[ sql ] [ SQL ] SELECT `content` FROM `cool_page` WHERE  `id` = 2 LIMIT 1 [ RunTime:0.000191s ]
[ sql ] [ SQL ] SHOW COLUMNS FROM `cool_debris` [ RunTime:0.000480s ]
[ sql ] [ SQL ] SELECT * FROM `cool_debris` WHERE  (  type_id = 6 ) LIMIT 3 [ RunTime:0.000183s ]
[ sql ] [ SQL ] SELECT * FROM `cool_debris` WHERE  (  type_id = 6 ) LIMIT 3 [ RunTime:0.000159s ]
[ sql ] [ SQL ] SELECT * FROM `cool_debris` WHERE  (  type_id = 7 ) LIMIT 3 [ RunTime:0.000181s ]
[ sql ] [ SQL ] SELECT * FROM `cool_category` WHERE  (  parentid = 10 ) LIMIT 3 [ RunTime:0.000209s ]
[ sql ] [ SQL ] SHOW COLUMNS FROM `cool_case` [ RunTime:0.000568s ]
[ sql ] [ SQL ] SELECT `a`.*,`c`.`catdir` FROM `cool_case` `a` LEFT JOIN `cool_category` `c` ON `a`.`catid`=`c`.`id` ORDER BY listorder asc,createtime desc LIMIT 8 [ RunTime:0.000259s ]
[ sql ] [ SQL ] SELECT `catname` FROM `cool_category` WHERE  `id` = 23 LIMIT 1 [ RunTime:0.000185s ]
[ sql ] [ SQL ] SELECT `catname` FROM `cool_category` WHERE  `id` = 23 LIMIT 1 [ RunTime:0.000242s ]
[ sql ] [ SQL ] SELECT `catname` FROM `cool_category` WHERE  `id` = 23 LIMIT 1 [ RunTime:0.000197s ]
[ sql ] [ SQL ] SELECT `catname` FROM `cool_category` WHERE  `id` = 23 LIMIT 1 [ RunTime:0.000165s ]
[ sql ] [ SQL ] SELECT `catname` FROM `cool_category` WHERE  `id` = 23 LIMIT 1 [ RunTime:0.000160s ]
[ sql ] [ SQL ] SELECT `catname` FROM `cool_category` WHERE  `id` = 23 LIMIT 1 [ RunTime:0.000160s ]
[ sql ] [ SQL ] SELECT `catname` FROM `cool_category` WHERE  `id` = 23 LIMIT 1 [ RunTime:0.000159s ]
[ sql ] [ SQL ] SELECT `catname` FROM `cool_category` WHERE  `id` = 23 LIMIT 1 [ RunTime:0.000159s ]
[ sql ] [ SQL ] SHOW COLUMNS FROM `cool_fuwukehu` [ RunTime:0.000572s ]
[ sql ] [ SQL ] SELECT `a`.*,`c`.`catdir` FROM `cool_fuwukehu` `a` LEFT JOIN `cool_category` `c` ON `a`.`catid`=`c`.`id` WHERE  (  catid=22  ) ORDER BY listorder
                            asc,createtime desc LIMIT 10 [ RunTime:0.000231s ]
[ sql ] [ SQL ] SHOW COLUMNS FROM `cool_blog` [ RunTime:0.000527s ]
[ sql ] [ SQL ] SELECT `a`.*,`c`.`catdir` FROM `cool_blog` `a` LEFT JOIN `cool_category` `c` ON `a`.`catid`=`c`.`id` WHERE  (  catid in(17,18,19,20,21)  ) ORDER BY listorder
                asc,createtime desc LIMIT 3 [ RunTime:0.000228s ]
[ sql ] [ SQL ] SELECT `catname` FROM `cool_category` WHERE  `id` = 18 LIMIT 1 [ RunTime:0.000166s ]
[ sql ] [ SQL ] SELECT `catname` FROM `cool_category` WHERE  `id` = 17 LIMIT 1 [ RunTime:0.000163s ]
[ sql ] [ SQL ] SELECT `catname` FROM `cool_category` WHERE  `id` = 17 LIMIT 1 [ RunTime:0.000162s ]
[ error ] [8]未定义变量: info[/data/wwwroot/www.hrbkcwl.com/runtime/temp/c48b970f7d9a96c92da5129398a8e2a2.php:10]
[ error ] [8]未定义变量: info[/data/wwwroot/www.hrbkcwl.com/runtime/temp/c48b970f7d9a96c92da5129398a8e2a2.php:11]
[ error ] [8]未定义变量: info[/data/wwwroot/www.hrbkcwl.com/runtime/temp/c48b970f7d9a96c92da5129398a8e2a2.php:12]
